GameOfLifeForward_1N.load(): reinitializing weights

GameOfLifeForward_1N
GameOfLifeForward_1N(
  (criterion): MSELoss()
  (layers): ModuleList(
    (0): Conv2d(1, 1, kernel_size=(3, 3), stride=(1, 1), padding=(1, 1), padding_mode=circular)
    (1): Conv2d(1, 2, kernel_size=(1, 1), stride=(1, 1))
    (2): Conv2d(2, 1, kernel_size=(1, 1), stride=(1, 1))
  )
  (dropout): Dropout(p=0.0, inplace=False)
  (activation): PReLU(num_parameters=1)
)
activation.weight
[0.25]

layers.0.weight
[[[[ 0.7103778  -0.8373577  -0.07000552]
   [ 0.4773494   0.7723872   0.08052129]
   [ 0.01092432  0.05415354  0.32407188]]]]

layers.0.bias
[0.1]

layers.1.weight
[[[[ 0.46320525]]]
 [[[-0.10578449]]]]

layers.1.bias
[0.1 0.1]

layers.2.weight
[[[[ 0.7018702 ]]
  [[-0.01958826]]]]

layers.2.bias
[0.1]

--------------------
Training: GameOfLifeForward_1N
GameOfLifeForward_1N.load(): model file not found, reinitializing weights

GameOfLifeForward_1N(
  (criterion): MSELoss()
  (layers): ModuleList(
    (0): Conv2d(1, 1, kernel_size=(3, 3), stride=(1, 1), padding=(1, 1), padding_mode=circular)
    (1): Conv2d(1, 2, kernel_size=(1, 1), stride=(1, 1))
    (2): Conv2d(2, 1, kernel_size=(1, 1), stride=(1, 1))
  )
  (dropout): Dropout(p=0.0, inplace=False)
  (activation): PReLU(num_parameters=1)
)
epoch:    1 | board_count:     500 | loss: 0.2800735533 | accuracy = 0.2084800000 | time: 11.501ms/board |   0m 01s 
epoch:    2 | board_count:    1000 | loss: 0.2736535609 | accuracy = 0.2469600000 | time: 0.889ms/board |   0m 01s 
epoch:    3 | board_count:    1500 | loss: 0.2788322210 | accuracy = 0.1916800000 | time: 0.948ms/board |   0m 01s 
epoch:    4 | board_count:    2000 | loss: 0.2752085865 | accuracy = 0.2273600000 | time: 0.805ms/board |   0m 01s 
epoch:    5 | board_count:    2500 | loss: 0.2729860246 | accuracy = 0.2366400000 | time: 0.619ms/board |   0m 01s 
epoch:    6 | board_count:    3000 | loss: 0.2713505208 | accuracy = 0.2454400000 | time: 0.720ms/board |   0m 02s 
epoch:    7 | board_count:    3500 | loss: 0.2693318844 | accuracy = 0.2660000000 | time: 0.913ms/board |   0m 02s 
epoch:    8 | board_count:    4000 | loss: 0.2720643759 | accuracy = 0.2284000000 | time: 0.849ms/board |   0m 02s 
epoch:    9 | board_count:    4500 | loss: 0.2736637175 | accuracy = 0.2108000000 | time: 0.699ms/board |   0m 02s 
epoch:   10 | board_count:    5000 | loss: 0.2739947319 | accuracy = 0.2022400000 | time: 0.744ms/board |   0m 02s 
epoch:   20 | board_count:   10000 | loss: 0.2667629331 | accuracy = 0.2657200000 | time: 0.658ms/board |   0m 03s 
epoch:   30 | board_count:   15000 | loss: 0.2634779131 | accuracy = 0.2816080000 | time: 0.866ms/board |   0m 03s 
epoch:   40 | board_count:   20000 | loss: 0.2595048511 | accuracy = 0.3085600000 | time: 0.892ms/board |   0m 04s 
epoch:   50 | board_count:   25000 | loss: 0.2568452299 | accuracy = 0.3139840000 | time: 0.903ms/board |   0m 05s 
epoch:   60 | board_count:   30000 | loss: 0.2539943606 | accuracy = 0.3197200000 | time: 0.884ms/board |   0m 06s 
epoch:   70 | board_count:   35000 | loss: 0.2512031272 | accuracy = 0.3226640000 | time: 0.889ms/board |   0m 07s 
epoch:   80 | board_count:   40000 | loss: 0.2492087427 | accuracy = 0.3532080000 | time: 0.870ms/board |   0m 07s 
epoch:   90 | board_count:   45000 | loss: 0.2471454880 | accuracy = 0.3340800000 | time: 0.854ms/board |   0m 08s 
epoch:  100 | board_count:   50000 | loss: 0.2460858557 | accuracy = 0.3455600000 | time: 0.733ms/board |   0m 09s 
epoch:  200 | board_count:  100000 | loss: 0.2348798515 | accuracy = 0.7610320000 | time: 0.891ms/board |   0m 17s 
epoch:  300 | board_count:  150000 | loss: 0.2147076906 | accuracy = 0.8409584000 | time: 0.894ms/board |   0m 25s 
epoch:  400 | board_count:  200000 | loss: 0.1963376684 | accuracy = 0.8425680000 | time: 0.900ms/board |   0m 33s 
epoch:  500 | board_count:  250000 | loss: 0.1782919285 | accuracy = 0.8461360000 | time: 0.605ms/board |   0m 40s 
epoch:  600 | board_count:  300000 | loss: 0.1599477368 | accuracy = 0.8502520000 | time: 0.610ms/board |   0m 48s 
epoch:  700 | board_count:  350000 | loss: 0.1468702967 | accuracy = 0.8479992000 | time: 0.711ms/board |   0m 56s 
epoch:  800 | board_count:  400000 | loss: 0.1352537512 | accuracy = 0.8503576000 | time: 0.933ms/board |   1m 04s 
epoch:  900 | board_count:  450000 | loss: 0.1273349463 | accuracy = 0.8478520000 | time: 0.586ms/board |   1m 12s 
epoch: 1000 | board_count:  500000 | loss: 0.1220812684 | accuracy = 0.8502240000 | time: 0.915ms/board |   1m 20s 
epoch: 1100 | board_count:  550000 | loss: 0.1184020257 | accuracy = 0.8513112000 | time: 0.856ms/board |   1m 27s 
epoch: 1200 | board_count:  600000 | loss: 0.1159756486 | accuracy = 0.8486112000 | time: 0.832ms/board |   1m 35s 
epoch: 1300 | board_count:  650000 | loss: 0.1099322582 | accuracy = 0.8545672000 | time: 0.598ms/board |   1m 43s 
epoch: 1400 | board_count:  700000 | loss: 0.1069931246 | accuracy = 0.8525496000 | time: 0.887ms/board |   1m 51s 
epoch: 1500 | board_count:  750000 | loss: 0.1055200410 | accuracy = 0.8504352000 | time: 0.655ms/board |   1m 59s 
epoch: 1600 | board_count:  800000 | loss: 0.1055423007 | accuracy = 0.8499736000 | time: 0.621ms/board |   2m 07s 
epoch: 1700 | board_count:  850000 | loss: 0.1055092873 | accuracy = 0.8489984000 | time: 0.639ms/board |   2m 15s 
epoch: 1800 | board_count:  900000 | loss: 0.1045207556 | accuracy = 0.8476256000 | time: 0.813ms/board |   2m 22s 
epoch: 1900 | board_count:  950000 | loss: 0.1027060006 | accuracy = 0.8530928000 | time: 0.573ms/board |   2m 30s 
epoch: 2000 | board_count: 1000000 | loss: 0.1031356321 | accuracy = 0.8525024000 | time: 0.883ms/board |   2m 38s 
epoch: 2100 | board_count: 1050000 | loss: 0.1018832389 | accuracy = 0.8537176000 | time: 0.681ms/board |   2m 46s 
epoch: 2200 | board_count: 1100000 | loss: 0.1021133679 | accuracy = 0.8485064000 | time: 0.883ms/board |   2m 53s 
epoch: 2300 | board_count: 1150000 | loss: 0.1023683102 | accuracy = 0.8481800000 | time: 0.905ms/board |   3m 01s 
epoch: 2400 | board_count: 1200000 | loss: 0.1003078790 | accuracy = 0.8480416000 | time: 0.841ms/board |   3m 08s 
epoch: 2500 | board_count: 1250000 | loss: 0.1024164254 | accuracy = 0.8422160000 | time: 0.897ms/board |   3m 16s 
epoch: 2600 | board_count: 1300000 | loss: 0.1017626965 | accuracy = 0.8343120000 | time: 0.849ms/board |   3m 24s 
epoch: 2700 | board_count: 1350000 | loss: 0.1016529564 | accuracy = 0.8438344000 | time: 0.596ms/board |   3m 31s 
epoch: 2800 | board_count: 1400000 | loss: 0.1019698174 | accuracy = 0.8426880000 | time: 0.882ms/board |   3m 39s 
epoch: 2900 | board_count: 1450000 | loss: 0.0990906482 | accuracy = 0.8470520000 | time: 0.548ms/board |   3m 47s 
epoch: 3000 | board_count: 1500000 | loss: 0.1002052574 | accuracy = 0.8450200000 | time: 0.603ms/board |   3m 55s 
epoch: 3100 | board_count: 1550000 | loss: 0.0995031790 | accuracy = 0.8450776000 | time: 0.619ms/board |   4m 03s 
epoch: 3200 | board_count: 1600000 | loss: 0.0993210622 | accuracy = 0.8445592000 | time: 0.613ms/board |   4m 11s 
epoch: 3300 | board_count: 1650000 | loss: 0.0995932760 | accuracy = 0.8435600000 | time: 0.731ms/board |   4m 18s 
epoch: 3400 | board_count: 1700000 | loss: 0.0987661591 | accuracy = 0.8454440000 | time: 0.865ms/board |   4m 26s 
epoch: 3500 | board_count: 1750000 | loss: 0.0989412773 | accuracy = 0.8446480000 | time: 0.880ms/board |   4m 34s 
epoch: 3600 | board_count: 1800000 | loss: 0.0970400131 | accuracy = 0.8475160000 | time: 0.836ms/board |   4m 41s 
epoch: 3700 | board_count: 1850000 | loss: 0.0959094962 | accuracy = 0.8495520000 | time: 0.862ms/board |   4m 49s 
epoch: 3800 | board_count: 1900000 | loss: 0.0967288440 | accuracy = 0.8473280000 | time: 0.603ms/board |   4m 57s 
epoch: 3900 | board_count: 1950000 | loss: 0.0980834067 | accuracy = 0.8439400000 | time: 0.847ms/board |   5m 05s 
epoch: 4000 | board_count: 2000000 | loss: 0.0977335532 | accuracy = 0.8443040000 | time: 0.640ms/board |   5m 12s 
epoch: 4100 | board_count: 2050000 | loss: 0.0962853964 | accuracy = 0.8470120000 | time: 0.767ms/board |   5m 20s 
epoch: 4200 | board_count: 2100000 | loss: 0.0968977440 | accuracy = 0.8453520000 | time: 0.898ms/board |   5m 28s 
epoch: 4300 | board_count: 2150000 | loss: 0.0967789621 | accuracy = 0.8454600000 | time: 0.678ms/board |   5m 35s 
epoch: 4400 | board_count: 2200000 | loss: 0.0952384836 | accuracy = 0.8480040000 | time: 0.597ms/board |   5m 43s 
epoch: 4500 | board_count: 2250000 | loss: 0.0954626463 | accuracy = 0.8464560000 | time: 0.588ms/board |   5m 51s 
epoch: 4600 | board_count: 2300000 | loss: 0.0944468738 | accuracy = 0.8478520000 | time: 0.852ms/board |   5m 58s 
epoch: 4700 | board_count: 2350000 | loss: 0.0961502447 | accuracy = 0.8449680000 | time: 0.638ms/board |   6m 06s 
epoch: 4800 | board_count: 2400000 | loss: 0.0975840445 | accuracy = 0.8421200000 | time: 0.876ms/board |   6m 14s 
epoch: 4900 | board_count: 2450000 | loss: 0.0942100641 | accuracy = 0.8472680000 | time: 0.561ms/board |   6m 22s 
epoch: 5000 | board_count: 2500000 | loss: 0.0954533722 | accuracy = 0.8443040000 | time: 0.769ms/board |   6m 29s 
epoch: 5100 | board_count: 2550000 | loss: 0.0943894716 | accuracy = 0.8468160000 | time: 0.698ms/board |   6m 37s 
epoch: 5200 | board_count: 2600000 | loss: 0.0932004568 | accuracy = 0.8480640000 | time: 0.816ms/board |   6m 45s 
epoch: 5300 | board_count: 2650000 | loss: 0.0955490304 | accuracy = 0.8432240000 | time: 0.885ms/board |   6m 53s 
epoch: 5400 | board_count: 2700000 | loss: 0.0939290051 | accuracy = 0.8461200000 | time: 0.886ms/board |   7m 01s 
epoch: 5500 | board_count: 2750000 | loss: 0.0940840803 | accuracy = 0.8454160000 | time: 0.823ms/board |   7m 08s 
epoch: 5600 | board_count: 2800000 | loss: 0.0922681742 | accuracy = 0.8487000000 | time: 0.617ms/board |   7m 16s 
epoch: 5700 | board_count: 2850000 | loss: 0.0928428931 | accuracy = 0.8464840000 | time: 0.906ms/board |   7m 23s 
epoch: 5800 | board_count: 2900000 | loss: 0.0920434618 | accuracy = 0.8479920000 | time: 0.580ms/board |   7m 31s 
epoch: 5900 | board_count: 2950000 | loss: 0.0928730444 | accuracy = 0.8457920000 | time: 0.880ms/board |   7m 39s 
epoch: 6000 | board_count: 3000000 | loss: 0.0933784960 | accuracy = 0.8442240000 | time: 0.855ms/board |   7m 47s 
epoch: 6100 | board_count: 3050000 | loss: 0.0941409429 | accuracy = 0.8421880000 | time: 0.879ms/board |   7m 54s 
epoch: 6200 | board_count: 3100000 | loss: 0.0935739405 | accuracy = 0.8434080000 | time: 0.844ms/board |   8m 03s 
epoch: 6300 | board_count: 3150000 | loss: 0.0896474376 | accuracy = 0.8496880000 | time: 0.654ms/board |   8m 10s 
epoch: 6400 | board_count: 3200000 | loss: 0.0929109550 | accuracy = 0.8434920000 | time: 0.631ms/board |   8m 18s 
epoch: 6500 | board_count: 3250000 | loss: 0.0917763406 | accuracy = 0.8449120000 | time: 0.849ms/board |   8m 25s 
epoch: 6600 | board_count: 3300000 | loss: 0.0921642183 | accuracy = 0.8442840000 | time: 0.586ms/board |   8m 33s 
epoch: 6700 | board_count: 3350000 | loss: 0.0915437317 | accuracy = 0.8444200000 | time: 0.885ms/board |   8m 40s 
epoch: 6800 | board_count: 3400000 | loss: 0.0895181101 | accuracy = 0.8484240000 | time: 0.799ms/board |   8m 48s 
epoch: 6900 | board_count: 3450000 | loss: 0.0895153705 | accuracy = 0.8479680000 | time: 0.899ms/board |   8m 56s 
epoch: 7000 | board_count: 3500000 | loss: 0.0907671305 | accuracy = 0.8452080000 | time: 0.580ms/board |   9m 03s 
epoch: 7100 | board_count: 3550000 | loss: 0.0895951530 | accuracy = 0.8463520000 | time: 0.876ms/board |   9m 11s 
epoch: 7200 | board_count: 3600000 | loss: 0.0916213412 | accuracy = 0.8422680000 | time: 0.604ms/board |   9m 19s 
epoch: 7300 | board_count: 3650000 | loss: 0.0898949833 | accuracy = 0.8449360000 | time: 0.871ms/board |   9m 26s 
epoch: 7400 | board_count: 3700000 | loss: 0.0896714552 | accuracy = 0.8451480000 | time: 0.578ms/board |   9m 34s 
epoch: 7500 | board_count: 3750000 | loss: 0.0888277213 | accuracy = 0.8466640000 | time: 0.861ms/board |   9m 42s 
epoch: 7600 | board_count: 3800000 | loss: 0.0891729348 | accuracy = 0.8453280000 | time: 0.608ms/board |   9m 50s 
epoch: 7700 | board_count: 3850000 | loss: 0.0889037483 | accuracy = 0.8453920000 | time: 0.849ms/board |   9m 57s 
epoch: 7800 | board_count: 3900000 | loss: 0.0883694462 | accuracy = 0.8457400000 | time: 0.772ms/board |  10m 05s 
epoch: 7900 | board_count: 3950000 | loss: 0.0880029391 | accuracy = 0.8465040000 | time: 0.613ms/board |  10m 13s 
epoch: 8000 | board_count: 4000000 | loss: 0.0892835502 | accuracy = 0.8434800000 | time: 0.847ms/board |  10m 20s 
epoch: 8100 | board_count: 4050000 | loss: 0.0875379477 | accuracy = 0.8460520000 | time: 0.856ms/board |  10m 28s 
epoch: 8200 | board_count: 4100000 | loss: 0.0887267392 | accuracy = 0.8441200000 | time: 0.609ms/board |  10m 36s 
epoch: 8300 | board_count: 4150000 | loss: 0.0894845709 | accuracy = 0.8413280000 | time: 0.867ms/board |  10m 44s 
epoch: 8400 | board_count: 4200000 | loss: 0.0884306084 | accuracy = 0.8429920000 | time: 0.666ms/board |  10m 51s 
epoch: 8500 | board_count: 4250000 | loss: 0.0875402148 | accuracy = 0.8450000000 | time: 0.916ms/board |  10m 59s 
epoch: 8600 | board_count: 4300000 | loss: 0.0874289779 | accuracy = 0.8448600000 | time: 0.858ms/board |  11m 07s 
epoch: 8700 | board_count: 4350000 | loss: 0.0876055769 | accuracy = 0.8440080000 | time: 0.734ms/board |  11m 15s 
epoch: 8800 | board_count: 4400000 | loss: 0.0866995037 | accuracy = 0.8453720000 | time: 0.721ms/board |  11m 23s 
epoch: 8900 | board_count: 4450000 | loss: 0.0861953411 | accuracy = 0.8461600000 | time: 0.603ms/board |  11m 30s 
epoch: 9000 | board_count: 4500000 | loss: 0.0852622031 | accuracy = 0.8470880000 | time: 0.888ms/board |  11m 38s 
epoch: 9100 | board_count: 4550000 | loss: 0.0857967574 | accuracy = 0.8465560000 | time: 0.665ms/board |  11m 46s 
epoch: 9200 | board_count: 4600000 | loss: 0.0838112702 | accuracy = 0.8493360000 | time: 0.623ms/board |  11m 53s 
epoch: 9300 | board_count: 4650000 | loss: 0.0844380045 | accuracy = 0.8460256000 | time: 0.852ms/board |  12m 01s 
epoch: 9400 | board_count: 4700000 | loss: 0.0840943919 | accuracy = 0.8459072000 | time: 0.734ms/board |  12m 09s 
epoch: 9500 | board_count: 4750000 | loss: 0.0841396584 | accuracy = 0.8505304000 | time: 0.824ms/board |  12m 17s 
epoch: 9600 | board_count: 4800000 | loss: 0.0846374049 | accuracy = 0.8418600000 | time: 0.600ms/board |  12m 24s 
epoch: 9700 | board_count: 4850000 | loss: 0.0839678403 | accuracy = 0.8429240000 | time: 0.851ms/board |  12m 32s 
epoch: 9800 | board_count: 4900000 | loss: 0.0849843839 | accuracy = 0.8404128000 | time: 0.872ms/board |  12m 40s 
epoch: 9900 | board_count: 4950000 | loss: 0.0849889268 | accuracy = 0.8396520000 | time: 0.903ms/board |  12m 47s 
epoch: 10000 | board_count: 5000000 | loss: 0.0843085222 | accuracy = 0.8408080000 | time: 0.852ms/board |  12m 55s 
epoch: 10100 | board_count: 5050000 | loss: 0.0831425010 | accuracy = 0.8432680000 | time: 0.592ms/board |  13m 03s 
epoch: 10200 | board_count: 5100000 | loss: 0.0830206040 | accuracy = 0.8435200000 | time: 0.859ms/board |  13m 11s 
epoch: 10300 | board_count: 5150000 | loss: 0.0836648906 | accuracy = 0.8418760000 | time: 0.561ms/board |  13m 18s 
epoch: 10400 | board_count: 5200000 | loss: 0.0841881047 | accuracy = 0.8405120000 | time: 0.888ms/board |  13m 26s 
epoch: 10500 | board_count: 5250000 | loss: 0.0840657428 | accuracy = 0.8401200000 | time: 0.862ms/board |  13m 33s 
epoch: 10600 | board_count: 5300000 | loss: 0.0843047301 | accuracy = 0.8394160000 | time: 0.610ms/board |  13m 41s 
epoch: 10700 | board_count: 5350000 | loss: 0.0834283130 | accuracy = 0.8397160000 | time: 0.604ms/board |  13m 48s 
epoch: 10800 | board_count: 5400000 | loss: 0.0845051844 | accuracy = 0.8376240000 | time: 0.799ms/board |  13m 56s 
epoch: 10900 | board_count: 5450000 | loss: 0.0831939297 | accuracy = 0.8406560000 | time: 0.577ms/board |  14m 03s 
epoch: 11000 | board_count: 5500000 | loss: 0.0821962598 | accuracy = 0.8416120000 | time: 0.926ms/board |  14m 11s 
epoch: 11100 | board_count: 5550000 | loss: 0.0825746440 | accuracy = 0.8407640000 | time: 0.869ms/board |  14m 19s 
epoch: 11200 | board_count: 5600000 | loss: 0.0833835092 | accuracy = 0.8385040000 | time: 0.804ms/board |  14m 27s 
epoch: 11300 | board_count: 5650000 | loss: 0.0818591460 | accuracy = 0.8417520000 | time: 0.561ms/board |  14m 34s 
epoch: 11400 | board_count: 5700000 | loss: 0.0811737244 | accuracy = 0.8425040000 | time: 0.839ms/board |  14m 42s 
epoch: 11500 | board_count: 5750000 | loss: 0.0813429366 | accuracy = 0.8415840000 | time: 0.849ms/board |  14m 50s 
epoch: 11600 | board_count: 5800000 | loss: 0.0813883882 | accuracy = 0.8416720000 | time: 0.856ms/board |  14m 58s 
epoch: 11700 | board_count: 5850000 | loss: 0.0814160778 | accuracy = 0.8413280000 | time: 0.852ms/board |  15m 05s 
epoch: 11800 | board_count: 5900000 | loss: 0.0802101112 | accuracy = 0.8435360000 | time: 0.578ms/board |  15m 13s 
epoch: 11900 | board_count: 5950000 | loss: 0.0819375798 | accuracy = 0.8391680000 | time: 0.846ms/board |  15m 20s 
epoch: 12000 | board_count: 6000000 | loss: 0.0802949433 | accuracy = 0.8425160000 | time: 0.863ms/board |  15m 29s 
epoch: 12100 | board_count: 6050000 | loss: 0.0805953608 | accuracy = 0.8412400000 | time: 0.740ms/board |  15m 36s 
epoch: 12200 | board_count: 6100000 | loss: 0.0802253495 | accuracy = 0.8417840000 | time: 0.637ms/board |  15m 44s 
epoch: 12300 | board_count: 6150000 | loss: 0.0803155766 | accuracy = 0.8400600000 | time: 0.785ms/board |  15m 52s 
epoch: 12400 | board_count: 6200000 | loss: 0.0805124749 | accuracy = 0.8330800000 | time: 0.671ms/board |  15m 59s 
epoch: 12500 | board_count: 6250000 | loss: 0.0799193250 | accuracy = 0.8271456000 | time: 0.876ms/board |  16m 08s 
epoch: 12600 | board_count: 6300000 | loss: 0.0786373639 | accuracy = 0.8274280000 | time: 0.630ms/board |  16m 15s 
epoch: 12700 | board_count: 6350000 | loss: 0.0793853927 | accuracy = 0.8247720000 | time: 0.603ms/board |  16m 23s 
epoch: 12800 | board_count: 6400000 | loss: 0.0783840621 | accuracy = 0.8265440000 | time: 0.849ms/board |  16m 31s 
epoch: 12900 | board_count: 6450000 | loss: 0.0787710207 | accuracy = 0.8243840000 | time: 0.871ms/board |  16m 39s 
epoch: 13000 | board_count: 6500000 | loss: 0.0776649531 | accuracy = 0.8275040000 | time: 0.870ms/board |  16m 46s 
epoch: 13100 | board_count: 6550000 | loss: 0.0767102022 | accuracy = 0.8395016000 | time: 0.634ms/board |  16m 54s 
epoch: 13200 | board_count: 6600000 | loss: 0.0771879615 | accuracy = 0.8371624000 | time: 0.861ms/board |  17m 01s 
epoch: 13300 | board_count: 6650000 | loss: 0.0754894539 | accuracy = 0.8102416000 | time: 0.581ms/board |  17m 09s 
epoch: 13400 | board_count: 6700000 | loss: 0.0749372987 | accuracy = 0.8030800000 | time: 0.852ms/board |  17m 17s 
epoch: 13500 | board_count: 6750000 | loss: 0.0721402439 | accuracy = 0.8340680000 | time: 0.891ms/board |  17m 24s 
epoch: 13600 | board_count: 6800000 | loss: 0.0720111282 | accuracy = 0.8308960000 | time: 0.587ms/board |  17m 32s 
epoch: 13700 | board_count: 6850000 | loss: 0.0717393003 | accuracy = 0.8618832000 | time: 0.849ms/board |  17m 39s 
epoch: 13800 | board_count: 6900000 | loss: 0.0702440973 | accuracy = 0.9034880000 | time: 0.943ms/board |  17m 47s 
epoch: 13900 | board_count: 6950000 | loss: 0.0687192365 | accuracy = 0.9051280000 | time: 0.884ms/board |  17m 55s 
epoch: 14000 | board_count: 7000000 | loss: 0.0682906094 | accuracy = 0.9041840000 | time: 0.883ms/board |  18m 03s 
epoch: 14100 | board_count: 7050000 | loss: 0.0679142784 | accuracy = 0.9044920000 | time: 0.616ms/board |  18m 10s 
epoch: 14200 | board_count: 7100000 | loss: 0.0661673698 | accuracy = 0.9056280000 | time: 0.880ms/board |  18m 18s 
epoch: 14300 | board_count: 7150000 | loss: 0.0667007002 | accuracy = 0.9042840000 | time: 0.568ms/board |  18m 25s 
epoch: 14400 | board_count: 7200000 | loss: 0.0660665540 | accuracy = 0.9047080000 | time: 0.868ms/board |  18m 33s 
epoch: 14500 | board_count: 7250000 | loss: 0.0644925943 | accuracy = 0.9071080000 | time: 0.881ms/board |  18m 41s 
epoch: 14600 | board_count: 7300000 | loss: 0.0638745431 | accuracy = 0.9073080000 | time: 0.675ms/board |  18m 48s 
epoch: 14700 | board_count: 7350000 | loss: 0.0643827686 | accuracy = 0.9039640000 | time: 0.576ms/board |  18m 56s 
epoch: 14800 | board_count: 7400000 | loss: 0.0635995272 | accuracy = 0.9064800000 | time: 0.902ms/board |  19m 04s 
epoch: 14900 | board_count: 7450000 | loss: 0.0631439397 | accuracy = 0.9059880000 | time: 0.869ms/board |  19m 12s 
epoch: 15000 | board_count: 7500000 | loss: 0.0633254159 | accuracy = 0.9041720000 | time: 0.618ms/board |  19m 20s 
epoch: 15100 | board_count: 7550000 | loss: 0.0620643340 | accuracy = 0.9067720000 | time: 0.872ms/board |  19m 28s 
epoch: 15200 | board_count: 7600000 | loss: 0.0621717726 | accuracy = 0.9045840000 | time: 0.908ms/board |  19m 35s 
epoch: 15300 | board_count: 7650000 | loss: 0.0619107570 | accuracy = 0.9045120000 | time: 0.608ms/board |  19m 43s 
epoch: 15400 | board_count: 7700000 | loss: 0.0611803998 | accuracy = 0.9037080000 | time: 0.879ms/board |  19m 51s 
Command exited with non-zero status 124
real 1200.16
user 1198.38
sys 2.98
