removed './neural_networks/models/GameOfLifeForward_128.pth'
GameOfLifeForward_128.load(): reinitializing weights

GameOfLifeForward_128
GameOfLifeForward_128(
  (criterion): MSELoss()
  (conv1): Conv2d(1, 128, kernel_size=(3, 3), stride=(1, 1), padding=(1, 1), padding_mode=circular)
  (conv2): Conv2d(128, 16, kernel_size=(1, 1), stride=(1, 1))
  (conv3): Conv2d(16, 8, kernel_size=(1, 1), stride=(1, 1))
  (conv4): Conv2d(9, 1, kernel_size=(1, 1), stride=(1, 1))
  (dropout): Dropout(p=0.0, inplace=False)
  (activation): PReLU(num_parameters=1)
)
activation.weight
[0.25]

conv1.weight
[[[[-0.33433542  0.5639207   0.20687051]
   [ 0.07793511 -0.43550405  0.28462955]
   [ 0.26797917 -0.61846375 -0.05495575]]]
 [[[-0.36280403 -0.32910416 -0.1678128 ]
   [-0.07339431  0.5653786  -0.62287945]
   [ 0.41612056  0.12874484 -0.13182412]]]
 [[[ 0.5896478   0.22418818  0.6835178 ]
   [-0.46427548 -0.1937463   0.51345783]
   [ 0.03971828  0.0988329   1.2574866 ]]]
 ...
 [[[-0.04440857 -0.0029687   0.89776367]
   [-0.48652548 -0.45576885  0.06948522]
   [ 0.89539057 -0.17208795  0.8848341 ]]]
 [[[-0.39591104 -0.16438538 -0.57701594]
   [ 0.8886364   0.06600761 -0.4016537 ]
   [ 0.11095456  0.8527504   0.4631513 ]]]
 [[[ 0.07027522  0.63140094 -0.692065  ]
   [ 0.34208402  0.13355884 -0.20126522]
   [-1.2382777  -0.11745553 -0.3565858 ]]]]

conv1.bias
[0.1 0.1 0.1 0.1 0.1 0.1 0.1 0.1 0.1 0.1 0.1 0.1 0.1 0.1 0.1 0.1 0.1 0.1
 0.1 0.1 0.1 0.1 0.1 0.1 0.1 0.1 0.1 0.1 0.1 0.1 0.1 0.1 0.1 0.1 0.1 0.1
 0.1 0.1 0.1 0.1 0.1 0.1 0.1 0.1 0.1 0.1 0.1 0.1 0.1 0.1 0.1 0.1 0.1 0.1
 0.1 0.1 0.1 0.1 0.1 0.1 0.1 0.1 0.1 0.1 0.1 0.1 0.1 0.1 0.1 0.1 0.1 0.1
 0.1 0.1 0.1 0.1 0.1 0.1 0.1 0.1 0.1 0.1 0.1 0.1 0.1 0.1 0.1 0.1 0.1 0.1
 0.1 0.1 0.1 0.1 0.1 0.1 0.1 0.1 0.1 0.1 0.1 0.1 0.1 0.1 0.1 0.1 0.1 0.1
 0.1 0.1 0.1 0.1 0.1 0.1 0.1 0.1 0.1 0.1 0.1 0.1 0.1 0.1 0.1 0.1 0.1 0.1
 0.1 0.1]

conv2.weight
[[[[-0.08323239]]
  [[ 0.1102023 ]]
  [[-0.20913528]]
  ...
  [[ 0.08745053]]
  [[-0.09206304]]
  [[ 0.13359436]]]
 [[[ 0.06951825]]
  [[-0.01659965]]
  [[ 0.0439214 ]]
  ...
  [[-0.01119638]]
  [[ 0.12990738]]
  [[ 0.29552162]]]
 [[[ 0.19598225]]
  [[-0.2289926 ]]
  [[-0.3679968 ]]
  ...
  [[ 0.19081977]]
  [[-0.02313644]]
  [[-0.01222696]]]
 ...
 [[[ 0.03411806]]
  [[-0.10748742]]
  [[-0.18057801]]
  ...
  [[ 0.01465716]]
  [[ 0.13014378]]
  [[ 0.29631382]]]
 [[[ 0.05414331]]
  [[-0.06845717]]
  [[ 0.09715571]]
  ...
  [[-0.04715488]]
  [[ 0.14909303]]
  [[ 0.01127637]]]
 [[[-0.20925371]]
  [[ 0.08076887]]
  [[ 0.13026421]]
  ...
  [[ 0.05889293]]
  [[ 0.03140247]]
  [[ 0.05100699]]]]

conv2.bias
[0.1 0.1 0.1 0.1 0.1 0.1 0.1 0.1 0.1 0.1 0.1 0.1 0.1 0.1 0.1 0.1]

conv3.weight
[[[[ 2.90813744e-01]]
  [[-2.15526909e-01]]
  [[ 6.37670815e-01]]
  [[ 2.26744711e-02]]
  [[-6.39962927e-02]]
  [[-1.99485943e-01]]
  [[-1.14007331e-01]]
  [[ 6.02552772e-01]]
  [[-3.86906475e-01]]
  [[-1.02997907e-01]]
  [[-1.48427084e-01]]
  [[-4.20557976e-01]]
  [[-7.23938346e-01]]
  [[ 4.51348186e-01]]
  [[-6.56692803e-01]]
  [[ 1.00491308e-02]]]
 [[[ 5.75235128e-01]]
  [[ 2.03059278e-02]]
  [[ 7.56612271e-02]]
  [[ 2.47700244e-01]]
  [[-5.75061031e-02]]
  [[-2.70506978e-01]]
  [[-4.30658042e-01]]
  [[-5.00674188e-01]]
  [[-1.44493312e-01]]
  [[-2.94381708e-01]]
  [[ 1.90936700e-01]]
  [[-4.08392340e-01]]
  [[-8.94853994e-02]]
  [[-9.47774202e-02]]
  [[-2.85967082e-01]]
  [[-1.91318452e-01]]]
 [[[-9.62126214e-05]]
  [[-1.03200357e-02]]
  [[ 8.22891966e-02]]
  [[ 5.88140130e-01]]
  [[-1.17829002e-01]]
  [[ 2.15114579e-01]]
  [[ 4.80938762e-01]]
  [[-7.57361054e-01]]
  [[-3.83598879e-02]]
  [[ 1.10518813e-01]]
  [[-1.85447757e-03]]
  [[-3.86798561e-01]]
  [[-3.95072401e-01]]
  [[ 3.05974763e-02]]
  [[-4.40916479e-01]]
  [[ 5.02035432e-02]]]
 [[[-6.28258884e-02]]
  [[ 7.99690112e-02]]
  [[-2.93228161e-02]]
  [[ 1.52035445e-01]]
  [[-2.28886023e-01]]
  [[-2.72477031e-01]]
  [[-1.62166074e-01]]
  [[ 8.89651656e-01]]
  [[-2.18546540e-01]]
  [[ 2.39432603e-01]]
  [[-4.35711920e-01]]
  [[ 4.30379450e-01]]
  [[ 2.22710282e-01]]
  [[ 3.38025354e-02]]
  [[ 6.48833066e-02]]
  [[-3.73776108e-01]]]
 [[[ 8.06988403e-02]]
  [[ 6.47463977e-01]]
  [[-4.44554955e-01]]
  [[-4.13048804e-01]]
  [[-9.91713256e-02]]
  [[-1.12721279e-01]]
  [[-2.59892821e-01]]
  [[ 3.33624333e-01]]
  [[ 1.14446379e-01]]
  [[-1.75804690e-01]]
  [[ 2.15139821e-01]]
  [[-7.97894001e-01]]
  [[-4.28170741e-01]]
  [[-7.45188594e-02]]
  [[-2.05018789e-01]]
  [[ 3.74625117e-01]]]
 [[[-1.80740245e-02]]
  [[-4.38406110e-01]]
  [[ 4.18918073e-01]]
  [[-2.10410699e-01]]
  [[ 2.97068864e-01]]
  [[-1.30618393e-01]]
  [[ 5.75671494e-01]]
  [[ 8.41981620e-02]]
  [[ 2.94932723e-01]]
  [[ 4.82426912e-01]]
  [[ 1.49841562e-01]]
  [[-3.28500062e-01]]
  [[ 1.10382184e-01]]
  [[-6.03869021e-01]]
  [[-2.61847991e-02]]
  [[ 1.39525846e-01]]]
 [[[-3.44181359e-01]]
  [[ 3.47256809e-01]]
  [[-3.30246091e-01]]
  [[ 2.18613595e-01]]
  [[ 2.63230741e-01]]
  [[-4.90124822e-01]]
  [[-1.14793873e+00]]
  [[ 6.51749492e-01]]
  [[ 2.37744868e-01]]
  [[ 5.67146659e-01]]
  [[ 5.85767150e-01]]
  [[ 7.78417438e-02]]
  [[-2.47189000e-01]]
  [[-5.46838164e-01]]
  [[-3.55627298e-01]]
  [[ 1.19195066e-01]]]
 [[[ 4.14797589e-02]]
  [[-5.54044664e-01]]
  [[-1.44199640e-01]]
  [[-4.26957250e-01]]
  [[-3.05822194e-01]]
  [[ 9.27974209e-02]]
  [[ 1.07235670e+00]]
  [[ 6.83623692e-03]]
  [[-1.05682619e-01]]
  [[ 2.21443065e-02]]
  [[ 6.98569864e-02]]
  [[-5.57457626e-01]]
  [[-3.73880893e-01]]
  [[ 2.84920484e-01]]
  [[-1.73781127e-01]]
  [[ 4.81945544e-01]]]]

conv3.bias
[0.1 0.1 0.1 0.1 0.1 0.1 0.1 0.1]

conv4.weight
[[[[-0.43424326]]
  [[ 0.27384186]]
  [[-0.31335822]]
  [[ 0.06695826]]
  [[-0.37720048]]
  [[ 0.6523225 ]]
  [[-0.610194  ]]
  [[ 0.3131541 ]]
  [[ 0.8140195 ]]]]

conv4.bias
[0.1]

--------------------
Training: GameOfLifeForward_128
GameOfLifeForward_128.load(): model file not found, reinitializing weights

GameOfLifeForward_128(
  (criterion): MSELoss()
  (conv1): Conv2d(1, 128, kernel_size=(3, 3), stride=(1, 1), padding=(1, 1), padding_mode=circular)
  (conv2): Conv2d(128, 16, kernel_size=(1, 1), stride=(1, 1))
  (conv3): Conv2d(16, 8, kernel_size=(1, 1), stride=(1, 1))
  (conv4): Conv2d(9, 1, kernel_size=(1, 1), stride=(1, 1))
  (dropout): Dropout(p=0.0, inplace=False)
  (activation): PReLU(num_parameters=1)
)
epoch:    1 | board_count:     500 | loss: 0.2396130145 | accuracy = 0.7366080000 | time: 8.310ms/board |   0m 01s 
epoch:    2 | board_count:    1000 | loss: 0.1946367502 | accuracy = 0.7933760000 | time: 1.990ms/board |   0m 01s 
epoch:    3 | board_count:    1500 | loss: 0.1664367527 | accuracy = 0.8216960000 | time: 1.899ms/board |   0m 01s 
epoch:    4 | board_count:    2000 | loss: 0.1470110983 | accuracy = 0.8526624000 | time: 1.695ms/board |   0m 01s 
epoch:    5 | board_count:    2500 | loss: 0.1376992851 | accuracy = 0.8564576000 | time: 1.655ms/board |   0m 02s 
epoch:    6 | board_count:    3000 | loss: 0.1354127437 | accuracy = 0.8507136000 | time: 1.329ms/board |   0m 02s 
epoch:    7 | board_count:    3500 | loss: 0.1325814813 | accuracy = 0.8478944000 | time: 1.912ms/board |   0m 02s 
epoch:    8 | board_count:    4000 | loss: 0.1315160066 | accuracy = 0.8450208000 | time: 1.712ms/board |   0m 02s 
epoch:    9 | board_count:    4500 | loss: 0.1372280478 | accuracy = 0.8296384000 | time: 1.748ms/board |   0m 02s 
epoch:   10 | board_count:    5000 | loss: 0.1305190325 | accuracy = 0.8398944000 | time: 1.921ms/board |   0m 02s 
epoch:   20 | board_count:   10000 | loss: 0.1238026151 | accuracy = 0.8364742400 | time: 1.118ms/board |   0m 04s 
epoch:   30 | board_count:   15000 | loss: 0.1086673231 | accuracy = 0.8418803200 | time: 2.451ms/board |   0m 06s 
epoch:   40 | board_count:   20000 | loss: 0.0994552211 | accuracy = 0.8504368000 | time: 1.220ms/board |   0m 08s 
epoch:   50 | board_count:   25000 | loss: 0.1007284066 | accuracy = 0.8462627200 | time: 1.761ms/board |   0m 10s 
epoch:   60 | board_count:   30000 | loss: 0.0966601111 | accuracy = 0.8546883200 | time: 1.418ms/board |   0m 12s 
epoch:   70 | board_count:   35000 | loss: 0.0925670902 | accuracy = 0.8575497600 | time: 1.161ms/board |   0m 13s 
epoch:   80 | board_count:   40000 | loss: 0.0869273518 | accuracy = 0.8683705600 | time: 1.362ms/board |   0m 15s 
epoch:   90 | board_count:   45000 | loss: 0.0831129076 | accuracy = 0.8713318400 | time: 1.957ms/board |   0m 17s 
epoch:  100 | board_count:   50000 | loss: 0.0791445433 | accuracy = 0.8795888000 | time: 1.838ms/board |   0m 19s 
epoch:  200 | board_count:  100000 | loss: 0.0601168281 | accuracy = 0.9167759040 | time: 1.854ms/board |   0m 36s 
epoch:  300 | board_count:  150000 | loss: 0.0274409651 | accuracy = 0.9849434560 | time: 1.169ms/board |   0m 54s 
epoch:  400 | board_count:  200000 | loss: 0.0069576846 | accuracy = 0.9998324800 | time: 1.510ms/board |   1m 11s 
epoch:  500 | board_count:  250000 | loss: 0.0008330511 | accuracy = 1.0000000000 | time: 1.155ms/board |   1m 25s 
Finished Training: GameOfLifeForward_128 - 560 epochs in 93.4s
GameOfLifeForward_128.savefile(): /home/jamie/code/ai-games/puzzles/game_of_life/neural_networks/models/GameOfLifeForward_128.pth = 17.2 kB
--------------------
GameOfLifeForward_128
GameOfLifeForward_128(
  (criterion): MSELoss()
  (conv1): Conv2d(1, 128, kernel_size=(3, 3), stride=(1, 1), padding=(1, 1), padding_mode=circular)
  (conv2): Conv2d(128, 16, kernel_size=(1, 1), stride=(1, 1))
  (conv3): Conv2d(16, 8, kernel_size=(1, 1), stride=(1, 1))
  (conv4): Conv2d(9, 1, kernel_size=(1, 1), stride=(1, 1))
  (dropout): Dropout(p=0.0, inplace=False)
  (activation): PReLU(num_parameters=1)
)
activation.weight
[0.15585597]

conv1.weight
[[[[ 0.45326     0.41556817  1.5580051 ]
   [ 1.220715    0.9377909   0.48735243]
   [ 0.21108015  0.12109152 -0.23248246]]]
 [[[ 0.10648335 -0.19137263 -0.24205299]
   [-0.2788458   0.34650406 -1.1237525 ]
   [ 0.01021881 -0.65672976  1.3979161 ]]]
 [[[ 0.11155351 -0.3722127  -0.22033004]
   [ 0.37123346 -0.202955    0.28867775]
   [-1.02943     0.31138664  0.3009869 ]]]
 ...
 [[[-0.46932745  0.12121758  0.44649035]
   [-0.8220715  -0.6528742   0.2108009 ]
   [-0.38852695 -0.03106034 -0.5869907 ]]]
 [[[ 0.8518291   0.0872102   0.00463476]
   [ 0.35181412  0.16919908  0.69443524]
   [ 0.04429717  1.1136353   0.16103879]]]
 [[[ 0.6347407  -0.851115   -0.11906994]
   [-0.85621715  0.21459574 -0.4585528 ]
   [ 0.6367527  -0.10354538  0.10760044]]]]

conv1.bias
[-0.09635172  0.24700451  0.19250728  0.29170394  0.27493584  0.3039706
  0.140741    0.27245134 -0.0520748   0.29632574  0.18223262  0.30208474
  0.25725377 -0.03996004  0.31519952  0.30700764  0.31358445  0.2829438
 -0.0335157   0.19526397  0.2973667   0.22887096  0.29594028  0.2454717
 -0.03300563  0.25221857  0.16071537  0.02388977  0.2759768   0.2978359
 -0.07201035  0.29245344  0.16321953  0.29752982  0.31740978  0.3113862
  0.29868013  0.07792736  0.31445318  0.24583958  0.21741937 -0.06706645
  0.27314416  0.31623122  0.19152778  0.3075961   0.30226696  0.3227734
  0.30961356  0.29618114  0.29351583 -0.00800591  0.21810019  0.2966315
 -0.05998152  0.28492153  0.05292183  0.20687154  0.28382882  0.10272544
 -0.10433128  0.08133244  0.02896082  0.30778685  0.26796407  0.30336007
  0.29971024  0.3062316  -0.08336976  0.25527036  0.30820516  0.05636632
  0.14758119  0.2326048   0.3011675   0.3152445  -0.09568196  0.28459546
  0.27278495  0.21311167  0.3064635   0.29549065  0.2896577   0.30497107
 -0.08311936  0.26210344  0.20765729  0.30058968  0.27591288  0.31478885
  0.15741071  0.28175348  0.30397815  0.21250635  0.26496664  0.21378936
  0.18538919 -0.08882497  0.30246785  0.03459166  0.29539472  0.29097024
  0.26417592  0.2777105   0.05872915  0.29670155  0.3097085   0.0249902
  0.23583046  0.30239564  0.25712174  0.2674239   0.29269522  0.31069848
  0.21633601  0.0243846   0.2979152  -0.08583102  0.29743806  0.2962494
  0.24945772 -0.05543577 -0.06822557 -0.01996711  0.1572492   0.21663468
 -0.09136388  0.2177199 ]

conv2.weight
[[[[-0.15480165]]
  [[ 0.01333241]]
  [[ 0.05747933]]
  ...
  [[ 0.20657231]]
  [[-0.2673129 ]]
  [[ 0.0683885 ]]]
 [[[-0.19391127]]
  [[ 0.08658555]]
  [[-0.08242298]]
  ...
  [[ 0.25940806]]
  [[-0.49702612]]
  [[ 0.08674917]]]
 [[[ 0.02468875]]
  [[ 0.09046686]]
  [[ 0.07497574]]
  ...
  [[ 0.09463211]]
  [[-0.20409136]]
  [[-0.14923835]]]
 ...
 [[[-0.04765035]]
  [[ 0.04766872]]
  [[ 0.26879194]]
  ...
  [[ 0.03792305]]
  [[ 0.00894684]]
  [[ 0.28911358]]]
 [[[ 0.07321765]]
  [[ 0.106091  ]]
  [[ 0.08208008]]
  ...
  [[ 0.3149207 ]]
  [[-0.28718224]]
  [[ 0.00731547]]]
 [[[-0.15620352]]
  [[-0.04464304]]
  [[ 0.01373591]]
  ...
  [[ 0.4159628 ]]
  [[-0.26846123]]
  [[ 0.01147921]]]]

conv2.bias
[ 0.25364286  0.2663419   0.2674629   0.01035852 -0.12397654 -0.04601569
  0.27327785  0.29269606  0.01633163  0.2881993   0.25411177  0.26503614
  0.16788012  0.26036236  0.24822906  0.10386636]

conv3.weight
[[[[-0.24128579]]
  [[ 0.00450742]]
  [[ 0.1258982 ]]
  [[-0.64845806]]
  [[-0.2576517 ]]
  [[-0.33630297]]
  [[ 0.34348798]]
  [[-0.35460138]]
  [[ 0.3310225 ]]
  [[ 0.76355803]]
  [[-0.675013  ]]
  [[-0.51200014]]
  [[ 0.8534004 ]]
  [[ 0.02284203]]
  [[-0.25663164]]
  [[ 0.16657925]]]
 [[[ 0.80317706]]
  [[ 0.8728986 ]]
  [[ 0.4021199 ]]
  [[ 0.21866713]]
  [[-0.16946332]]
  [[ 0.13282786]]
  [[ 0.6279273 ]]
  [[ 0.21765171]]
  [[-0.9224297 ]]
  [[ 0.34925866]]
  [[ 0.76014125]]
  [[ 0.255085  ]]
  [[-0.40462306]]
  [[ 0.06688826]]
  [[ 0.15398237]]
  [[ 0.10707508]]]
 [[[-0.1970181 ]]
  [[-0.4497975 ]]
  [[-0.7863165 ]]
  [[ 0.59603465]]
  [[-0.45909318]]
  [[-0.9755838 ]]
  [[ 0.37649786]]
  [[-0.12376948]]
  [[-0.30772376]]
  [[-0.2230858 ]]
  [[ 0.0663768 ]]
  [[ 0.02549965]]
  [[ 0.26048863]]
  [[ 0.4129322 ]]
  [[-0.2619135 ]]
  [[ 0.01357435]]]
 [[[ 0.08459619]]
  [[ 0.06375854]]
  [[ 0.82554936]]
  [[ 0.27390373]]
  [[ 0.684342  ]]
  [[-0.15434337]]
  [[ 0.54430115]]
  [[ 0.6076326 ]]
  [[ 0.23731127]]
  [[-0.28314325]]
  [[ 0.20360982]]
  [[ 0.20806816]]
  [[ 0.27833572]]
  [[ 0.04811237]]
  [[-0.32043177]]
  [[ 0.14291571]]]
 [[[ 0.2967012 ]]
  [[-0.7316214 ]]
  [[-0.29685017]]
  [[-0.14463425]]
  [[ 0.6468811 ]]
  [[-0.06660867]]
  [[-0.49230787]]
  [[-0.4070923 ]]
  [[ 0.38196972]]
  [[ 0.21201627]]
  [[-0.1796483 ]]
  [[-0.14243938]]
  [[-0.2564073 ]]
  [[ 0.15853415]]
  [[-0.694692  ]]
  [[ 0.09523348]]]
 [[[ 0.06035243]]
  [[-0.37639174]]
  [[-0.49738517]]
  [[-0.6305616 ]]
  [[-0.11853313]]
  [[-0.44022706]]
  [[-0.46141967]]
  [[-0.41793618]]
  [[ 0.01709105]]
  [[ 0.20508364]]
  [[ 0.10229533]]
  [[-0.11929758]]
  [[ 0.34660965]]
  [[ 0.7643237 ]]
  [[ 0.7809402 ]]
  [[ 0.2432217 ]]]
 [[[-0.06472196]]
  [[-0.23686078]]
  [[ 0.51332754]]
  [[ 0.05586984]]
  [[-0.7467724 ]]
  [[-0.361579  ]]
  [[-0.47152928]]
  [[ 0.23716025]]
  [[ 0.4100148 ]]
  [[-0.54301625]]
  [[ 0.48198467]]
  [[-0.23006824]]
  [[-0.02605043]]
  [[ 0.09151369]]
  [[ 0.12297257]]
  [[-0.5136725 ]]]
 [[[-0.18348606]]
  [[-0.01765982]]
  [[-0.22986986]]
  [[ 0.472952  ]]
  [[ 0.08291455]]
  [[ 0.59656405]]
  [[-0.41367382]]
  [[ 0.01368188]]
  [[ 0.11040568]]
  [[-0.43884844]]
  [[ 0.5326728 ]]
  [[-0.05130857]]
  [[-0.12005749]]
  [[-0.1951514 ]]
  [[-0.20661122]]
  [[-0.75054866]]]]

conv3.bias
[0.25882238 0.17203172 0.26498768 0.11640456 0.026526   0.2473181
 0.24323359 0.12599395]

conv4.weight
[[[[ 0.81484586]]
  [[-1.2503071 ]]
  [[ 0.71086353]]
  [[-0.36207867]]
  [[-0.5264432 ]]
  [[ 0.7367861 ]]
  [[ 0.23617776]]
  [[-0.54854375]]
  [[-0.10056672]]]]

conv4.bias
[0.11505871]

real 98.08
user 120.07
sys 1.31
