GameOfLifeForward_1.load(): reinitializing weights

GameOfLifeForward_1
GameOfLifeForward_1(
  (criterion): MSELoss()
  (layers): ModuleList(
    (0): Conv2d(1, 1, kernel_size=(3, 3), stride=(1, 1), padding=(1, 1), padding_mode=circular)
    (1): Conv2d(2, 2, kernel_size=(1, 1), stride=(1, 1))
    (2): Conv2d(2, 1, kernel_size=(1, 1), stride=(1, 1))
  )
  (dropout): Dropout(p=0.0, inplace=False)
  (activation): PReLU(num_parameters=1)
)
activation.weight
[0.25]

layers.0.weight
[[[[-0.5797703  -0.06684121 -0.39133784]
   [-0.25702035 -1.0417467   0.35970378]
   [ 0.28581265 -0.57728237  0.29735026]]]]

layers.0.bias
[0.1]

layers.1.weight
[[[[ 1.3488768 ]]
  [[-0.37379247]]]
 [[[ 0.54922837]]
  [[ 0.40141338]]]]

layers.1.bias
[0.1 0.1]

layers.2.weight
[[[[-0.8217398]]
  [[-2.0620205]]]]

layers.2.bias
[0.1]

--------------------
Training: GameOfLifeForward_1
GameOfLifeForward_1.load(): model file not found, reinitializing weights

GameOfLifeForward_1(
  (criterion): MSELoss()
  (layers): ModuleList(
    (0): Conv2d(1, 1, kernel_size=(3, 3), stride=(1, 1), padding=(1, 1), padding_mode=circular)
    (1): Conv2d(2, 2, kernel_size=(1, 1), stride=(1, 1))
    (2): Conv2d(2, 1, kernel_size=(1, 1), stride=(1, 1))
  )
  (dropout): Dropout(p=0.0, inplace=False)
  (activation): PReLU(num_parameters=1)
)
epoch:    1 | board_count:     500 | loss: 0.2370624006 | accuracy = 0.6724800000 | time: 12.596ms/board |   0m 01s 
epoch:    2 | board_count:    1000 | loss: 0.2327072471 | accuracy = 0.6784000000 | time: 0.947ms/board |   0m 01s 
epoch:    3 | board_count:    1500 | loss: 0.2324844927 | accuracy = 0.6506400000 | time: 0.653ms/board |   0m 01s 
epoch:    4 | board_count:    2000 | loss: 0.2303366214 | accuracy = 0.6704000000 | time: 0.861ms/board |   0m 02s 
epoch:    5 | board_count:    2500 | loss: 0.2294377059 | accuracy = 0.6480000000 | time: 0.874ms/board |   0m 02s 
epoch:    6 | board_count:    3000 | loss: 0.2332642883 | accuracy = 0.6012000000 | time: 0.905ms/board |   0m 02s 
epoch:    7 | board_count:    3500 | loss: 0.2287216038 | accuracy = 0.6616000000 | time: 0.779ms/board |   0m 02s 
epoch:    8 | board_count:    4000 | loss: 0.2263068050 | accuracy = 0.6809600000 | time: 0.656ms/board |   0m 02s 
epoch:    9 | board_count:    4500 | loss: 0.2263303727 | accuracy = 0.6959200000 | time: 0.614ms/board |   0m 02s 
epoch:   10 | board_count:    5000 | loss: 0.2251909226 | accuracy = 0.7020000000 | time: 0.759ms/board |   0m 02s 
epoch:   20 | board_count:   10000 | loss: 0.2228132355 | accuracy = 0.7089600000 | time: 0.588ms/board |   0m 03s 
epoch:   30 | board_count:   15000 | loss: 0.2174605191 | accuracy = 0.7442880000 | time: 0.860ms/board |   0m 04s 
epoch:   40 | board_count:   20000 | loss: 0.2153157264 | accuracy = 0.7416560000 | time: 0.605ms/board |   0m 04s 
epoch:   50 | board_count:   25000 | loss: 0.2114767927 | accuracy = 0.7527920000 | time: 0.921ms/board |   0m 05s 
epoch:   60 | board_count:   30000 | loss: 0.2066402966 | accuracy = 0.7698640000 | time: 0.636ms/board |   0m 06s 
epoch:   70 | board_count:   35000 | loss: 0.2039032936 | accuracy = 0.7855520000 | time: 0.609ms/board |   0m 07s 
epoch:   80 | board_count:   40000 | loss: 0.2004206270 | accuracy = 0.7919840000 | time: 0.878ms/board |   0m 08s 
epoch:   90 | board_count:   45000 | loss: 0.1990093300 | accuracy = 0.7809760000 | time: 0.903ms/board |   0m 08s 
epoch:  100 | board_count:   50000 | loss: 0.1963676041 | accuracy = 0.7886880000 | time: 0.586ms/board |   0m 09s 
epoch:  200 | board_count:  100000 | loss: 0.1792940565 | accuracy = 0.8225736000 | time: 0.656ms/board |   0m 17s 
epoch:  300 | board_count:  150000 | loss: 0.1528211654 | accuracy = 0.8496232000 | time: 0.872ms/board |   0m 25s 
epoch:  400 | board_count:  200000 | loss: 0.1327342784 | accuracy = 0.8501816000 | time: 0.852ms/board |   0m 33s 
epoch:  500 | board_count:  250000 | loss: 0.1202519454 | accuracy = 0.8474480000 | time: 0.599ms/board |   0m 41s 
epoch:  600 | board_count:  300000 | loss: 0.1101059579 | accuracy = 0.8477760000 | time: 1.049ms/board |   0m 49s 
epoch:  700 | board_count:  350000 | loss: 0.1035652974 | accuracy = 0.8486000000 | time: 1.009ms/board |   0m 59s 
epoch:  800 | board_count:  400000 | loss: 0.0987379205 | accuracy = 0.8495800000 | time: 0.612ms/board |   1m 08s 
epoch:  900 | board_count:  450000 | loss: 0.0967467809 | accuracy = 0.8474240000 | time: 1.189ms/board |   1m 17s 
epoch: 1000 | board_count:  500000 | loss: 0.0917058122 | accuracy = 0.8518320000 | time: 0.870ms/board |   1m 26s 
epoch: 1100 | board_count:  550000 | loss: 0.0912111715 | accuracy = 0.8474032000 | time: 0.651ms/board |   1m 34s 
epoch: 1200 | board_count:  600000 | loss: 0.0909648927 | accuracy = 0.8601264000 | time: 0.847ms/board |   1m 42s 
epoch: 1300 | board_count:  650000 | loss: 0.0878348739 | accuracy = 0.8631280000 | time: 0.571ms/board |   1m 50s 
epoch: 1400 | board_count:  700000 | loss: 0.0823809155 | accuracy = 0.8765648000 | time: 0.916ms/board |   1m 57s 
epoch: 1500 | board_count:  750000 | loss: 0.0781893617 | accuracy = 0.8796072000 | time: 0.626ms/board |   2m 05s 
epoch: 1600 | board_count:  800000 | loss: 0.0721185005 | accuracy = 0.8936288000 | time: 0.644ms/board |   2m 13s 
epoch: 1700 | board_count:  850000 | loss: 0.0679731764 | accuracy = 0.9027088000 | time: 0.866ms/board |   2m 21s 
epoch: 1800 | board_count:  900000 | loss: 0.0611952983 | accuracy = 0.9110792000 | time: 0.585ms/board |   2m 29s 
epoch: 1900 | board_count:  950000 | loss: 0.0556788277 | accuracy = 0.9125560000 | time: 0.847ms/board |   2m 37s 
epoch: 2000 | board_count: 1000000 | loss: 0.0491681214 | accuracy = 0.9249136000 | time: 0.611ms/board |   2m 44s 
epoch: 2100 | board_count: 1050000 | loss: 0.0429383440 | accuracy = 0.9621680000 | time: 0.592ms/board |   2m 52s 
epoch: 2200 | board_count: 1100000 | loss: 0.0392722950 | accuracy = 1.0000000000 | time: 0.569ms/board |   2m 60s 
Finished Training: GameOfLifeForward_1 - 2254 epochs in 183.9s
GameOfLifeForward_1.savefile(): /home/jamie/code/ai-games/puzzles/game_of_life/neural_networks/models/GameOfLifeForward_1.pth = 2.8 kB
--------------------
GameOfLifeForward_1
GameOfLifeForward_1(
  (criterion): MSELoss()
  (layers): ModuleList(
    (0): Conv2d(1, 1, kernel_size=(3, 3), stride=(1, 1), padding=(1, 1), padding_mode=circular)
    (1): Conv2d(2, 2, kernel_size=(1, 1), stride=(1, 1))
    (2): Conv2d(2, 1, kernel_size=(1, 1), stride=(1, 1))
  )
  (dropout): Dropout(p=0.0, inplace=False)
  (activation): PReLU(num_parameters=1)
)
activation.weight
[-0.4516283]

layers.0.weight
[[[[-0.3523767  -0.35239607 -0.3524041 ]
   [-0.35240427 -0.28405333 -0.3524005 ]
   [-0.35240474 -0.3524244  -0.3524016 ]]]]

layers.0.bias
[1.0571868]

layers.1.weight
[[[[ 2.4488394 ]]
  [[-0.2114636 ]]]
 [[[-0.09264797]]
  [[ 1.1942097 ]]]]

layers.1.bias
[ 0.04412521 -0.15556835]

layers.2.weight
[[[[-2.39101  ]]
  [[ 0.6106931]]]]

layers.2.bias
[0.35824764]

real 189.27
user 187.73
sys 1.55
