removed './neural_networks/models/GameOfLifeForward_128.pth'
GameOfLifeForward_128.load(): reinitializing weights

GameOfLifeForward_128
GameOfLifeForward_128(
  (criterion): MSELoss()
  (conv1): Conv2d(1, 128, kernel_size=(3, 3), stride=(1, 1), padding=(1, 1), padding_mode=circular)
  (conv2): Conv2d(128, 16, kernel_size=(1, 1), stride=(1, 1))
  (conv3): Conv2d(16, 8, kernel_size=(1, 1), stride=(1, 1))
  (conv4): Conv2d(9, 1, kernel_size=(1, 1), stride=(1, 1))
  (dropout): Dropout(p=0.0, inplace=False)
  (activation): PReLU(num_parameters=1)
)
activation.weight
[0.25]

conv1.weight
[[[[ 0.895919   -0.08597163 -0.15146339]
   [-0.23099256  0.68888736  0.14607139]
   [ 0.4811394  -0.35491082  0.71251523]]]
 [[[ 0.14998338 -0.798368   -0.29486063]
   [ 0.68971395 -0.5478819  -0.3132226 ]
   [-0.20546061  0.25968346  0.5717137 ]]]
 [[[ 0.2918204   0.01593959  0.36930412]
   [-0.9151793   0.45120108  0.56787527]
   [-0.11035579  0.01368258  0.0758464 ]]]
 ...
 [[[ 0.9861618   0.3701957   0.74575907]
   [ 0.11269388 -0.5711951  -0.5402283 ]
   [ 0.11221033  0.09133638  0.41741985]]]
 [[[-0.5693978  -0.70240134  0.6000921 ]
   [-1.0883113  -0.22635856  0.16020554]
   [ 0.2959166  -0.21027777  0.04586775]]]
 [[[-0.56440365  0.64939725 -0.1603879 ]
   [ 1.0971435  -0.05102389 -0.35367233]
   [-0.47006208 -0.39866346  0.04117327]]]]

conv1.bias
[0.1 0.1 0.1 0.1 0.1 0.1 0.1 0.1 0.1 0.1 0.1 0.1 0.1 0.1 0.1 0.1 0.1 0.1
 0.1 0.1 0.1 0.1 0.1 0.1 0.1 0.1 0.1 0.1 0.1 0.1 0.1 0.1 0.1 0.1 0.1 0.1
 0.1 0.1 0.1 0.1 0.1 0.1 0.1 0.1 0.1 0.1 0.1 0.1 0.1 0.1 0.1 0.1 0.1 0.1
 0.1 0.1 0.1 0.1 0.1 0.1 0.1 0.1 0.1 0.1 0.1 0.1 0.1 0.1 0.1 0.1 0.1 0.1
 0.1 0.1 0.1 0.1 0.1 0.1 0.1 0.1 0.1 0.1 0.1 0.1 0.1 0.1 0.1 0.1 0.1 0.1
 0.1 0.1 0.1 0.1 0.1 0.1 0.1 0.1 0.1 0.1 0.1 0.1 0.1 0.1 0.1 0.1 0.1 0.1
 0.1 0.1 0.1 0.1 0.1 0.1 0.1 0.1 0.1 0.1 0.1 0.1 0.1 0.1 0.1 0.1 0.1 0.1
 0.1 0.1]

conv2.weight
[[[[ 0.18389954]]
  [[ 0.0273909 ]]
  [[ 0.00101863]]
  ...
  [[-0.05785685]]
  [[ 0.15222517]]
  [[ 0.04088889]]]
 [[[-0.11931858]]
  [[-0.05726164]]
  [[-0.22185151]]
  ...
  [[ 0.06341181]]
  [[ 0.15044343]]
  [[ 0.04976116]]]
 [[[ 0.14679469]]
  [[ 0.02647589]]
  [[ 0.07358148]]
  ...
  [[-0.08795885]]
  [[ 0.04328746]]
  [[ 0.00951496]]]
 ...
 [[[-0.16349837]]
  [[ 0.05150319]]
  [[-0.09423707]]
  ...
  [[ 0.462894  ]]
  [[-0.0796585 ]]
  [[-0.02279336]]]
 [[[ 0.03972391]]
  [[ 0.10134123]]
  [[ 0.06601664]]
  ...
  [[-0.14804687]]
  [[ 0.29821998]]
  [[-0.03163231]]]
 [[[-0.07683041]]
  [[ 0.15215287]]
  [[-0.0553651 ]]
  ...
  [[ 0.03345451]]
  [[ 0.13479781]]
  [[-0.21393387]]]]

conv2.bias
[0.1 0.1 0.1 0.1 0.1 0.1 0.1 0.1 0.1 0.1 0.1 0.1 0.1 0.1 0.1 0.1]

conv3.weight
[[[[-0.28942227]]
  [[-0.30388474]]
  [[ 0.26594856]]
  [[ 0.2521009 ]]
  [[ 0.3480496 ]]
  [[-0.12917781]]
  [[-0.18607005]]
  [[-0.43919608]]
  [[-0.11465976]]
  [[ 0.66512394]]
  [[ 0.59758925]]
  [[ 0.08747993]]
  [[ 0.2704689 ]]
  [[-0.22581795]]
  [[-0.26391476]]
  [[ 0.15416884]]]
 [[[ 0.12739648]]
  [[-0.15001264]]
  [[-0.31556082]]
  [[-0.26157215]]
  [[ 0.0957856 ]]
  [[-0.1827724 ]]
  [[ 0.31542072]]
  [[ 0.06328945]]
  [[ 0.33214313]]
  [[ 0.2884704 ]]
  [[-0.14714622]]
  [[ 0.9116149 ]]
  [[ 0.4306314 ]]
  [[-0.49737152]]
  [[ 0.07160652]]
  [[-0.5893456 ]]]
 [[[ 0.48119065]]
  [[-0.5988886 ]]
  [[-0.0571002 ]]
  [[-0.29621658]]
  [[ 0.22634576]]
  [[-0.44790202]]
  [[-0.63736564]]
  [[ 0.2206355 ]]
  [[ 0.05105801]]
  [[-0.05363157]]
  [[-0.23946859]]
  [[ 0.08700666]]
  [[ 0.5579208 ]]
  [[ 0.5563094 ]]
  [[ 0.10638035]]
  [[ 0.15079655]]]
 [[[ 0.41300344]]
  [[-0.09832975]]
  [[ 0.38555476]]
  [[ 0.14692579]]
  [[ 0.4385522 ]]
  [[-0.13628373]]
  [[-0.4425131 ]]
  [[-0.3205293 ]]
  [[ 0.00649988]]
  [[ 0.24961376]]
  [[-0.25822014]]
  [[-0.23783197]]
  [[-0.17896584]]
  [[ 0.29512772]]
  [[-0.13650076]]
  [[ 0.21574192]]]
 [[[ 0.2264942 ]]
  [[ 0.23946863]]
  [[ 0.09390898]]
  [[ 0.06192074]]
  [[-0.03832483]]
  [[-0.84442085]]
  [[-0.35791343]]
  [[-0.10498329]]
  [[-0.18981929]]
  [[-0.47244295]]
  [[-0.2814633 ]]
  [[ 0.08947132]]
  [[-0.3341461 ]]
  [[ 0.2335093 ]]
  [[ 0.13747498]]
  [[-0.20167518]]]
 [[[-0.5723294 ]]
  [[ 0.10447632]]
  [[-0.34722885]]
  [[ 0.40269864]]
  [[ 0.21818604]]
  [[-0.5691632 ]]
  [[ 0.06965093]]
  [[-0.01382268]]
  [[ 0.72737545]]
  [[-0.08598594]]
  [[-0.24713643]]
  [[-0.00360831]]
  [[ 0.3579482 ]]
  [[ 0.00488754]]
  [[ 0.03893554]]
  [[ 0.21990249]]]
 [[[-0.14507414]]
  [[ 0.5250359 ]]
  [[-0.2932195 ]]
  [[ 0.11748729]]
  [[ 0.12778476]]
  [[-0.27814764]]
  [[ 0.36460027]]
  [[ 0.20942569]]
  [[ 0.8389173 ]]
  [[-0.7428056 ]]
  [[-0.8250632 ]]
  [[-0.22971152]]
  [[-0.13647406]]
  [[ 0.69416356]]
  [[ 0.13945663]]
  [[-0.6089312 ]]]
 [[[ 0.25038198]]
  [[-0.3982674 ]]
  [[-0.33641648]]
  [[ 0.2937621 ]]
  [[ 0.44914618]]
  [[-0.19504204]]
  [[-0.6922586 ]]
  [[ 0.29205254]]
  [[ 0.04406404]]
  [[-0.45555   ]]
  [[-0.15706667]]
  [[-0.10607884]]
  [[ 0.4287767 ]]
  [[ 0.45178366]]
  [[-0.47534564]]
  [[ 0.37103564]]]]

conv3.bias
[0.1 0.1 0.1 0.1 0.1 0.1 0.1 0.1]

conv4.weight
[[[[ 0.58150256]]
  [[ 0.56953406]]
  [[ 0.48180014]]
  [[-0.38241452]]
  [[-0.14482209]]
  [[-0.47367597]]
  [[ 0.7416734 ]]
  [[-0.35369167]]
  [[ 0.35725093]]]]

conv4.bias
[0.1]

--------------------
Training: GameOfLifeForward_128
GameOfLifeForward_128.load(): model file not found, reinitializing weights

GameOfLifeForward_128(
  (criterion): MSELoss()
  (conv1): Conv2d(1, 128, kernel_size=(3, 3), stride=(1, 1), padding=(1, 1), padding_mode=circular)
  (conv2): Conv2d(128, 16, kernel_size=(1, 1), stride=(1, 1))
  (conv3): Conv2d(16, 8, kernel_size=(1, 1), stride=(1, 1))
  (conv4): Conv2d(9, 1, kernel_size=(1, 1), stride=(1, 1))
  (dropout): Dropout(p=0.0, inplace=False)
  (activation): PReLU(num_parameters=1)
)
epoch:    1 | board_count:     500 | loss: 0.2396154553 | accuracy = 0.8456224000 | time: 8.944ms/board |   0m 01s 
epoch:    2 | board_count:    1000 | loss: 0.2166109115 | accuracy = 0.8479552000 | time: 1.649ms/board |   0m 01s 
epoch:    3 | board_count:    1500 | loss: 0.1983598441 | accuracy = 0.8430400000 | time: 2.045ms/board |   0m 01s 
epoch:    4 | board_count:    2000 | loss: 0.1867173344 | accuracy = 0.8403520000 | time: 1.719ms/board |   0m 01s 
epoch:    5 | board_count:    2500 | loss: 0.1747628331 | accuracy = 0.8526080000 | time: 1.302ms/board |   0m 02s 
epoch:    6 | board_count:    3000 | loss: 0.1722815186 | accuracy = 0.8418080000 | time: 1.267ms/board |   0m 02s 
epoch:    7 | board_count:    3500 | loss: 0.1679728568 | accuracy = 0.8416320000 | time: 1.692ms/board |   0m 02s 
epoch:    8 | board_count:    4000 | loss: 0.1573998034 | accuracy = 0.8577120000 | time: 1.951ms/board |   0m 02s 
epoch:    9 | board_count:    4500 | loss: 0.1547082782 | accuracy = 0.8546560000 | time: 1.668ms/board |   0m 02s 
epoch:   10 | board_count:    5000 | loss: 0.1542887986 | accuracy = 0.8491840000 | time: 1.677ms/board |   0m 02s 
epoch:   20 | board_count:   10000 | loss: 0.1420398074 | accuracy = 0.8452121600 | time: 1.596ms/board |   0m 04s 
epoch:   30 | board_count:   15000 | loss: 0.1221748082 | accuracy = 0.8452841600 | time: 2.201ms/board |   0m 06s 
epoch:   40 | board_count:   20000 | loss: 0.1114122240 | accuracy = 0.8406812800 | time: 1.971ms/board |   0m 07s 
epoch:   50 | board_count:   25000 | loss: 0.1036879575 | accuracy = 0.8462185600 | time: 1.763ms/board |   0m 09s 
epoch:   60 | board_count:   30000 | loss: 0.0993126068 | accuracy = 0.8534585600 | time: 1.836ms/board |   0m 11s 
epoch:   70 | board_count:   35000 | loss: 0.0960656318 | accuracy = 0.8576736000 | time: 1.325ms/board |   0m 12s 
epoch:   80 | board_count:   40000 | loss: 0.0883716193 | accuracy = 0.8693356800 | time: 1.511ms/board |   0m 14s 
epoch:   90 | board_count:   45000 | loss: 0.0838037837 | accuracy = 0.8785190400 | time: 1.532ms/board |   0m 15s 
epoch:  100 | board_count:   50000 | loss: 0.0830325562 | accuracy = 0.8817280000 | time: 1.548ms/board |   0m 17s 
epoch:  200 | board_count:  100000 | loss: 0.0667307792 | accuracy = 0.9039725440 | time: 1.537ms/board |   0m 33s 
epoch:  300 | board_count:  150000 | loss: 0.0302297907 | accuracy = 0.9838491840 | time: 1.718ms/board |   0m 51s 
epoch:  400 | board_count:  200000 | loss: 0.0072495998 | accuracy = 0.9998864000 | time: 1.528ms/board |   1m 08s 
epoch:  500 | board_count:  250000 | loss: 0.0008656330 | accuracy = 1.0000000000 | time: 2.053ms/board |   1m 26s 
Finished Training: GameOfLifeForward_128 - 519 epochs in 88.7s
GameOfLifeForward_128.savefile(): /home/jamie/code/ai-games/puzzles/game_of_life/neural_networks/models/GameOfLifeForward_128.pth = 17.2 kB
--------------------
GameOfLifeForward_128
GameOfLifeForward_128(
  (criterion): MSELoss()
  (conv1): Conv2d(1, 128, kernel_size=(3, 3), stride=(1, 1), padding=(1, 1), padding_mode=circular)
  (conv2): Conv2d(128, 16, kernel_size=(1, 1), stride=(1, 1))
  (conv3): Conv2d(16, 8, kernel_size=(1, 1), stride=(1, 1))
  (conv4): Conv2d(9, 1, kernel_size=(1, 1), stride=(1, 1))
  (dropout): Dropout(p=0.0, inplace=False)
  (activation): PReLU(num_parameters=1)
)
activation.weight
[0.09751697]

conv1.weight
[[[[ 6.3703579e-01  1.4141672e+00  3.3104572e-01]
   [ 3.1147985e-02 -8.3834946e-01  5.0746185e-01]
   [-1.0436005e-01  5.0937700e-01  5.6724387e-01]]]
 [[[ 9.3695067e-02 -1.7629594e-02  6.3050538e-01]
   [-7.1626097e-01 -4.6797961e-01  2.0442864e-02]
   [-1.2820964e-01  9.1705404e-02 -1.0243688e-03]]]
 [[[-4.2483890e-01 -8.7279273e-05 -4.4381049e-01]
   [ 6.3199180e-01  1.0699799e-01  7.9246813e-01]
   [-1.0501083e+00 -2.9423309e-02 -1.0421679e-02]]]
 ...
 [[[-9.5414299e-01 -1.3435917e-01 -1.5915768e-01]
   [-3.1215790e-01 -5.2656251e-01  5.7016301e-01]
   [-1.2801377e+00  2.4849449e-01 -4.3179372e-01]]]
 [[[-5.8919793e-01 -2.2130908e-02 -5.6322360e-01]
   [ 1.3588332e-01 -9.1817397e-01 -3.4033036e-01]
   [-1.9996062e-02  3.3256063e-01  4.0353220e-03]]]
 [[[-1.8307301e-01 -9.2881930e-01  5.4274052e-01]
   [-1.7777407e-01  3.9208120e-01  2.6385093e-01]
   [-5.3729844e-01 -8.5785347e-01 -1.1829346e-01]]]]

conv1.bias
[ 0.14383763  0.24864638  0.19069067  0.286859   -0.07347344  0.15788834
 -0.08494218  0.19739074  0.12051275  0.30004     0.30620885  0.31509975
  0.2906683  -0.0353021   0.2716269  -0.08968581  0.1777092  -0.02604542
  0.2988791  -0.099239   -0.10326503  0.2715792   0.31919628  0.29274544
 -0.08775575 -0.04852749  0.08371765  0.21218826  0.29725048 -0.08283063
 -0.06212066  0.28253305  0.00640685  0.268765   -0.08942113  0.23563059
 -0.11065472  0.30606496  0.28534546  0.26970947  0.26236853  0.11253569
  0.3082205   0.20707552  0.30687943  0.31762812  0.2992491   0.21804006
  0.28820458  0.29878733  0.28320006  0.13531326  0.28562024  0.21060134
 -0.10712978  0.28589383  0.2836048   0.32549918  0.31277975  0.31156567
 -0.09766565  0.2943733   0.3023076   0.24691366  0.29450342  0.07688005
  0.29478285  0.3097553   0.27595147  0.3008329   0.26296243  0.2019988
  0.17274506  0.2155827   0.15606214  0.09091458  0.29828876  0.3053276
  0.29094028  0.21016052  0.2283449   0.30281785 -0.09428193  0.26623556
  0.2664218   0.2758081   0.26757127  0.28867462  0.30631375  0.26862037
  0.29422176 -0.02134206 -0.11231799  0.30444148 -0.08389125  0.3004231
  0.04833849  0.29568353 -0.11197797  0.29969412  0.30251095  0.17208987
  0.2913788   0.2950746   0.29124373  0.29957512 -0.08442206  0.23836023
  0.30450952  0.2787374   0.27809775  0.28945747  0.09685912  0.31345162
  0.17604323  0.23779616  0.31114477  0.30177733 -0.00389006  0.25910452
  0.11596212  0.02484064  0.1546045  -0.0569852   0.3049797   0.23244359
  0.24660312  0.31023678]

conv2.weight
[[[[ 0.11137575]]
  [[ 0.05922315]]
  [[ 0.13533726]]
  ...
  [[-0.05881393]]
  [[ 0.07683916]]
  [[ 0.2693216 ]]]
 [[[ 0.26481193]]
  [[-0.4300226 ]]
  [[-0.13515711]]
  ...
  [[-0.17355247]]
  [[-0.09132639]]
  [[-0.04162434]]]
 [[[ 0.00946088]]
  [[ 0.05229566]]
  [[ 0.11186319]]
  ...
  [[ 0.10062273]]
  [[ 0.17076825]]
  [[ 0.39236912]]]
 ...
 [[[-0.04028621]]
  [[-0.10664117]]
  [[ 0.08395673]]
  ...
  [[ 0.30550274]]
  [[-0.0548975 ]]
  [[ 0.27002528]]]
 [[[-0.33433282]]
  [[-0.02035529]]
  [[-0.06502847]]
  ...
  [[-0.11511994]]
  [[ 0.03237716]]
  [[-0.19571787]]]
 [[[ 0.10913491]]
  [[ 0.04221101]]
  [[-0.18546616]]
  ...
  [[-0.09927389]]
  [[-0.16726506]]
  [[-0.38179535]]]]

conv2.bias
[ 0.24969886 -0.05090725  0.24977037  0.20243642  0.2319758   0.28619346
 -0.0918278   0.2881057  -0.07548558  0.25418788  0.02580374  0.10028131
  0.2723173   0.26175395 -0.05386188 -0.05876306]

conv3.weight
[[[[-0.07058676]]
  [[-0.17144996]]
  [[ 0.15888306]]
  [[-0.53100383]]
  [[-0.4084901 ]]
  [[ 0.24301307]]
  [[ 0.1891923 ]]
  [[ 0.7534531 ]]
  [[ 0.15742046]]
  [[ 0.14702083]]
  [[ 0.3865814 ]]
  [[-0.42145112]]
  [[ 0.6094409 ]]
  [[ 0.02359474]]
  [[-0.1637107 ]]
  [[-0.31686574]]]
 [[[ 0.8611108 ]]
  [[-0.27327985]]
  [[ 0.2501059 ]]
  [[-0.24672258]]
  [[ 0.45365316]]
  [[ 0.2135609 ]]
  [[-0.15395503]]
  [[ 0.6594988 ]]
  [[-0.5955343 ]]
  [[ 0.5669565 ]]
  [[-0.30492473]]
  [[-0.19393042]]
  [[ 0.5790567 ]]
  [[ 0.44224876]]
  [[-0.01758705]]
  [[-0.09080847]]]
 [[[ 0.65073985]]
  [[ 0.28698203]]
  [[ 0.3180525 ]]
  [[-0.17010915]]
  [[ 0.2338266 ]]
  [[-0.15655905]]
  [[-0.25471014]]
  [[ 0.5181872 ]]
  [[ 0.25043002]]
  [[ 0.25544035]]
  [[ 0.19249721]]
  [[-0.11982146]]
  [[ 0.333311  ]]
  [[ 0.54212683]]
  [[ 0.37473738]]
  [[-0.32933503]]]
 [[[-0.14471409]]
  [[-0.4268557 ]]
  [[ 0.09131651]]
  [[ 0.38623524]]
  [[-0.7848802 ]]
  [[ 0.2705601 ]]
  [[-0.6947572 ]]
  [[-0.6275429 ]]
  [[-0.64469695]]
  [[ 0.00708439]]
  [[-0.17254125]]
  [[ 0.36622268]]
  [[-0.51856434]]
  [[-0.09575103]]
  [[-0.06215977]]
  [[-0.09224004]]]
 [[[-1.7487514 ]]
  [[-0.06778493]]
  [[-0.01752668]]
  [[ 0.36750957]]
  [[ 0.18406323]]
  [[-0.20500489]]
  [[-0.5303964 ]]
  [[-0.34634027]]
  [[-0.26403844]]
  [[ 0.02408879]]
  [[ 0.1312424 ]]
  [[-0.15702169]]
  [[ 0.5218774 ]]
  [[-0.33760858]]
  [[-0.61263615]]
  [[-0.7272892 ]]]
 [[[ 0.01617254]]
  [[-0.46458462]]
  [[-0.10700873]]
  [[ 0.2923468 ]]
  [[-0.60038084]]
  [[ 0.7422126 ]]
  [[-0.675728  ]]
  [[-0.64182   ]]
  [[-0.5301551 ]]
  [[ 0.3266879 ]]
  [[-0.41601712]]
  [[ 0.226509  ]]
  [[ 0.05348124]]
  [[ 0.01734562]]
  [[-0.53237796]]
  [[-0.3537771 ]]]
 [[[ 0.12417638]]
  [[ 0.56760675]]
  [[ 0.2596433 ]]
  [[-0.141875  ]]
  [[ 0.36598852]]
  [[-0.02709844]]
  [[-0.26390472]]
  [[-0.4705771 ]]
  [[ 0.16762519]]
  [[-0.42604965]]
  [[-0.71042746]]
  [[-0.02871733]]
  [[-0.30042323]]
  [[-0.24050033]]
  [[ 0.00422733]]
  [[-0.81738454]]]
 [[[ 0.63434136]]
  [[ 0.31969067]]
  [[-0.8911649 ]]
  [[-0.07321387]]
  [[-0.11436147]]
  [[ 0.15326774]]
  [[ 0.1821191 ]]
  [[-0.07964774]]
  [[ 0.12157325]]
  [[ 0.06947121]]
  [[ 0.5991053 ]]
  [[-0.3420824 ]]
  [[ 0.8326562 ]]
  [[ 0.38111016]]
  [[-0.3144252 ]]
  [[ 0.6701927 ]]]]

conv3.bias
[0.25024045 0.17223565 0.25903612 0.2420026  0.23958868 0.20500071
 0.18958509 0.02123405]

conv4.weight
[[[[-0.7381591 ]]
  [[-0.8171234 ]]
  [[-0.2587116 ]]
  [[ 0.2912211 ]]
  [[ 0.2989061 ]]
  [[ 0.72207785]]
  [[ 0.2049629 ]]
  [[-0.6101734 ]]
  [[ 0.16780496]]]]

conv4.bias
[0.17734355]

real 93.04
user 114.48
sys 1.22
