GameOfLifeForward_2N.load(): reinitializing weights

GameOfLifeForward_2N
GameOfLifeForward_2N(
  (criterion): MSELoss()
  (layers): ModuleList(
    (0): Conv2d(1, 2, kernel_size=(3, 3), stride=(1, 1), padding=(1, 1), padding_mode=circular)
    (1): Conv2d(2, 2, kernel_size=(1, 1), stride=(1, 1))
    (2): Conv2d(2, 1, kernel_size=(1, 1), stride=(1, 1))
  )
  (dropout): Dropout(p=0.0, inplace=False)
  (activation): PReLU(num_parameters=1)
)
activation.weight
[0.25]

layers.0.weight
[[[[ 0.26970905  0.2785955  -0.31273562]
   [ 0.05792927  0.755       0.3640204 ]
   [-0.9459159  -0.21767618  0.9383341 ]]]
 [[[ 0.4648874   0.34479532  0.4549252 ]
   [ 0.5709294  -0.34004     0.44882658]
   [-0.39152798  0.5127405   0.18729019]]]]

layers.0.bias
[0.1 0.1]

layers.1.weight
[[[[-1.3716412 ]]
  [[ 0.10847219]]]
 [[[-1.0538146 ]]
  [[ 0.5988839 ]]]]

layers.1.bias
[0.1 0.1]

layers.2.weight
[[[[0.6672804]]
  [[1.6374364]]]]

layers.2.bias
[0.1]

--------------------
Training: GameOfLifeForward_2N
GameOfLifeForward_2N.load(): model file not found, reinitializing weights

GameOfLifeForward_2N(
  (criterion): MSELoss()
  (layers): ModuleList(
    (0): Conv2d(1, 2, kernel_size=(3, 3), stride=(1, 1), padding=(1, 1), padding_mode=circular)
    (1): Conv2d(2, 2, kernel_size=(1, 1), stride=(1, 1))
    (2): Conv2d(2, 1, kernel_size=(1, 1), stride=(1, 1))
  )
  (dropout): Dropout(p=0.0, inplace=False)
  (activation): PReLU(num_parameters=1)
)
epoch:    1 | board_count:     500 | loss: 0.2408754975 | accuracy = 0.7539200000 | time: 10.187ms/board |   0m 01s 
epoch:    2 | board_count:    1000 | loss: 0.2398805827 | accuracy = 0.7671200000 | time: 0.927ms/board |   0m 01s 
epoch:    3 | board_count:    1500 | loss: 0.2391199529 | accuracy = 0.7973600000 | time: 0.851ms/board |   0m 01s 
epoch:    4 | board_count:    2000 | loss: 0.2345095724 | accuracy = 0.8333600000 | time: 0.905ms/board |   0m 01s 
epoch:    5 | board_count:    2500 | loss: 0.2325523645 | accuracy = 0.7860800000 | time: 0.879ms/board |   0m 01s 
epoch:    6 | board_count:    3000 | loss: 0.2328889757 | accuracy = 0.8468800000 | time: 0.609ms/board |   0m 01s 
epoch:    7 | board_count:    3500 | loss: 0.2334032774 | accuracy = 0.8314400000 | time: 0.704ms/board |   0m 02s 
epoch:    8 | board_count:    4000 | loss: 0.2340349197 | accuracy = 0.8155200000 | time: 0.869ms/board |   0m 02s 
epoch:    9 | board_count:    4500 | loss: 0.2314485818 | accuracy = 0.8222400000 | time: 0.850ms/board |   0m 02s 
epoch:   10 | board_count:    5000 | loss: 0.2326393276 | accuracy = 0.8003200000 | time: 0.853ms/board |   0m 02s 
epoch:   20 | board_count:   10000 | loss: 0.2281910512 | accuracy = 0.8422800000 | time: 0.873ms/board |   0m 02s 
epoch:   30 | board_count:   15000 | loss: 0.2241821116 | accuracy = 0.8535680000 | time: 0.840ms/board |   0m 03s 
epoch:   40 | board_count:   20000 | loss: 0.2227391586 | accuracy = 0.8456160000 | time: 0.920ms/board |   0m 04s 
epoch:   50 | board_count:   25000 | loss: 0.2198464695 | accuracy = 0.8384400000 | time: 0.632ms/board |   0m 05s 
epoch:   60 | board_count:   30000 | loss: 0.2163457206 | accuracy = 0.8534000000 | time: 0.878ms/board |   0m 06s 
epoch:   70 | board_count:   35000 | loss: 0.2147487324 | accuracy = 0.8387600000 | time: 0.873ms/board |   0m 06s 
epoch:   80 | board_count:   40000 | loss: 0.2114713544 | accuracy = 0.8497600000 | time: 0.622ms/board |   0m 07s 
epoch:   90 | board_count:   45000 | loss: 0.2101935127 | accuracy = 0.8434000000 | time: 0.923ms/board |   0m 08s 
epoch:  100 | board_count:   50000 | loss: 0.2065947422 | accuracy = 0.8596000000 | time: 0.572ms/board |   0m 09s 
epoch:  200 | board_count:  100000 | loss: 0.1946114098 | accuracy = 0.8490040000 | time: 0.727ms/board |   0m 16s 
epoch:  300 | board_count:  150000 | loss: 0.1748483658 | accuracy = 0.8477120000 | time: 0.917ms/board |   0m 24s 
epoch:  400 | board_count:  200000 | loss: 0.1583560780 | accuracy = 0.8477440000 | time: 0.847ms/board |   0m 32s 
epoch:  500 | board_count:  250000 | loss: 0.1438434426 | accuracy = 0.8473400000 | time: 0.867ms/board |   0m 39s 
epoch:  600 | board_count:  300000 | loss: 0.1322847578 | accuracy = 0.8476200000 | time: 0.843ms/board |   0m 47s 
epoch:  700 | board_count:  350000 | loss: 0.1225970260 | accuracy = 0.8473120000 | time: 0.663ms/board |   0m 55s 
epoch:  800 | board_count:  400000 | loss: 0.1154892082 | accuracy = 0.8453808000 | time: 0.632ms/board |   1m 03s 
epoch:  900 | board_count:  450000 | loss: 0.1085084389 | accuracy = 0.8515816000 | time: 0.591ms/board |   1m 10s 
epoch: 1000 | board_count:  500000 | loss: 0.1043566983 | accuracy = 0.8555496000 | time: 0.826ms/board |   1m 18s 
epoch: 1100 | board_count:  550000 | loss: 0.1016918297 | accuracy = 0.8553384000 | time: 0.843ms/board |   1m 26s 
epoch: 1200 | board_count:  600000 | loss: 0.1009939455 | accuracy = 0.8478792000 | time: 0.857ms/board |   1m 34s 
epoch: 1300 | board_count:  650000 | loss: 0.0972627128 | accuracy = 0.8446008000 | time: 0.826ms/board |   1m 41s 
epoch: 1400 | board_count:  700000 | loss: 0.0945959498 | accuracy = 0.8287312000 | time: 0.844ms/board |   1m 49s 
epoch: 1500 | board_count:  750000 | loss: 0.0905039391 | accuracy = 0.8275792000 | time: 0.888ms/board |   1m 57s 
epoch: 1600 | board_count:  800000 | loss: 0.0884252345 | accuracy = 0.8246264000 | time: 0.868ms/board |   2m 04s 
epoch: 1700 | board_count:  850000 | loss: 0.0879359799 | accuracy = 0.8203176000 | time: 0.825ms/board |   2m 12s 
epoch: 1800 | board_count:  900000 | loss: 0.0848509924 | accuracy = 0.8224608000 | time: 0.881ms/board |   2m 19s 
epoch: 1900 | board_count:  950000 | loss: 0.0818300448 | accuracy = 0.8348088000 | time: 0.606ms/board |   2m 27s 
epoch: 2000 | board_count: 1000000 | loss: 0.0801964572 | accuracy = 0.8441832000 | time: 0.882ms/board |   2m 35s 
epoch: 2100 | board_count: 1050000 | loss: 0.0777803172 | accuracy = 0.8478480000 | time: 0.675ms/board |   2m 43s 
epoch: 2200 | board_count: 1100000 | loss: 0.0769988784 | accuracy = 0.8463080000 | time: 0.693ms/board |   2m 51s 
epoch: 2300 | board_count: 1150000 | loss: 0.0764889703 | accuracy = 0.8447000000 | time: 0.612ms/board |   2m 58s 
epoch: 2400 | board_count: 1200000 | loss: 0.0748235560 | accuracy = 0.8483920000 | time: 0.865ms/board |   3m 06s 
epoch: 2500 | board_count: 1250000 | loss: 0.0737511715 | accuracy = 0.8465200000 | time: 0.910ms/board |   3m 14s 
epoch: 2600 | board_count: 1300000 | loss: 0.0724232741 | accuracy = 0.8479560000 | time: 0.678ms/board |   3m 22s 
epoch: 2700 | board_count: 1350000 | loss: 0.0710081867 | accuracy = 0.8510560000 | time: 0.746ms/board |   3m 29s 
epoch: 2800 | board_count: 1400000 | loss: 0.0708200870 | accuracy = 0.8930368000 | time: 0.610ms/board |   3m 37s 
epoch: 2900 | board_count: 1450000 | loss: 0.0703090814 | accuracy = 0.9195080000 | time: 0.563ms/board |   3m 44s 
epoch: 3000 | board_count: 1500000 | loss: 0.0686593749 | accuracy = 0.9131296000 | time: 0.895ms/board |   3m 52s 
epoch: 3100 | board_count: 1550000 | loss: 0.0686180927 | accuracy = 0.9094120000 | time: 0.583ms/board |   4m 00s 
epoch: 3200 | board_count: 1600000 | loss: 0.0662387716 | accuracy = 0.9097144000 | time: 0.711ms/board |   4m 08s 
epoch: 3300 | board_count: 1650000 | loss: 0.0651089618 | accuracy = 0.8995424000 | time: 0.866ms/board |   4m 16s 
epoch: 3400 | board_count: 1700000 | loss: 0.0620847110 | accuracy = 0.9076384000 | time: 0.922ms/board |   4m 23s 
epoch: 3500 | board_count: 1750000 | loss: 0.0583895794 | accuracy = 0.9143584000 | time: 0.609ms/board |   4m 31s 
epoch: 3600 | board_count: 1800000 | loss: 0.0528938456 | accuracy = 0.9409600000 | time: 0.599ms/board |   4m 38s 
epoch: 3700 | board_count: 1850000 | loss: 0.0470035377 | accuracy = 0.9538888000 | time: 0.865ms/board |   4m 46s 
epoch: 3800 | board_count: 1900000 | loss: 0.0429459031 | accuracy = 0.9671064000 | time: 0.844ms/board |   4m 54s 
epoch: 3900 | board_count: 1950000 | loss: 0.0391053632 | accuracy = 0.9697904000 | time: 0.682ms/board |   5m 02s 
epoch: 4000 | board_count: 2000000 | loss: 0.0351930886 | accuracy = 0.9661200000 | time: 0.767ms/board |   5m 09s 
epoch: 4100 | board_count: 2050000 | loss: 0.0331265764 | accuracy = 0.9652080000 | time: 0.900ms/board |   5m 17s 
epoch: 4200 | board_count: 2100000 | loss: 0.0305900313 | accuracy = 0.9651720000 | time: 0.887ms/board |   5m 25s 
epoch: 4300 | board_count: 2150000 | loss: 0.0287801223 | accuracy = 0.9696704000 | time: 0.584ms/board |   5m 33s 
epoch: 4400 | board_count: 2200000 | loss: 0.0271779035 | accuracy = 0.9747840000 | time: 0.902ms/board |   5m 41s 
epoch: 4500 | board_count: 2250000 | loss: 0.0257004283 | accuracy = 0.9754656000 | time: 0.582ms/board |   5m 48s 
epoch: 4600 | board_count: 2300000 | loss: 0.0245021011 | accuracy = 0.9983864000 | time: 0.877ms/board |   5m 56s 
epoch: 4700 | board_count: 2350000 | loss: 0.0232773043 | accuracy = 1.0000000000 | time: 0.816ms/board |   6m 03s 
Finished Training: GameOfLifeForward_2N - 4787 epochs in 369.9s
GameOfLifeForward_2N.savefile(): /home/jamie/code/ai-games/puzzles/game_of_life/neural_networks/models/GameOfLifeForward_2N.pth = 2.8 kB
--------------------
GameOfLifeForward_2N
GameOfLifeForward_2N(
  (criterion): MSELoss()
  (layers): ModuleList(
    (0): Conv2d(1, 2, kernel_size=(3, 3), stride=(1, 1), padding=(1, 1), padding_mode=circular)
    (1): Conv2d(2, 2, kernel_size=(1, 1), stride=(1, 1))
    (2): Conv2d(2, 1, kernel_size=(1, 1), stride=(1, 1))
  )
  (dropout): Dropout(p=0.0, inplace=False)
  (activation): PReLU(num_parameters=1)
)
activation.weight
[-0.47396228]

layers.0.weight
[[[[-0.2582773  -0.2578489  -0.25502786]
   [-0.25864357 -2.0452507  -0.2591111 ]
   [-0.2555311  -0.25919494 -0.25664353]]]
 [[[ 0.58495903  0.5855583   0.58925086]
   [ 0.5844669   0.8738398   0.583824  ]
   [ 0.5886975   0.583716    0.5871254 ]]]]

layers.0.bias
[ 1.1871724  -0.37654614]

layers.1.weight
[[[[ 1.8294702]]
  [[-1.3626018]]]
 [[[-2.2779698]]
  [[ 0.9542859]]]]

layers.1.bias
[ 1.123659   -0.37723926]

layers.2.weight
[[[[-3.3811405]]
  [[-0.7016236]]]]

layers.2.bias
[1.004554]

real 373.67
user 372.51
sys 1.80
