removed './neural_networks/models/GameOfLifeForward_128.pth'
GameOfLifeForward_128.load(): reinitializing weights

GameOfLifeForward_128
GameOfLifeForward_128(
  (criterion): MSELoss()
  (conv1): Conv2d(1, 128, kernel_size=(3, 3), stride=(1, 1), padding=(1, 1), padding_mode=circular)
  (conv2): Conv2d(128, 16, kernel_size=(1, 1), stride=(1, 1))
  (conv3): Conv2d(16, 8, kernel_size=(1, 1), stride=(1, 1))
  (conv4): Conv2d(9, 1, kernel_size=(1, 1), stride=(1, 1))
  (dropout): Dropout(p=0.0, inplace=False)
  (activation): PReLU(num_parameters=1)
)
activation.weight
[0.25]

conv1.weight
[[[[-0.4785202   0.45279545 -0.8098339 ]
   [-0.01368594 -0.98501885  0.39037028]
   [-0.24462685 -0.01854843 -0.08556679]]]
 [[[-0.08993079 -0.24090867 -0.21774712]
   [-0.3703103   0.10317221  0.4155603 ]
   [-0.62297606 -0.8089167   0.66627264]]]
 [[[ 0.4902947   0.91964966 -0.30706507]
   [ 0.3957622   0.08195094  0.45672384]
   [ 0.31142402  0.5287524  -0.17275982]]]
 ...
 [[[ 0.24598171 -0.30137601  0.00355828]
   [-0.8709008   0.16993807  0.14425473]
   [-0.04320837  0.7268873  -0.27701402]]]
 [[[-0.0649886  -0.23956375 -0.2673648 ]
   [-0.9056775   0.32477257 -0.39559796]
   [ 0.2552158  -0.20762224 -0.3592027 ]]]
 [[[ 0.7149596   0.0846947   0.15449223]
   [ 0.5822307  -0.3154147  -0.37578624]
   [-0.07400492 -0.15682596  0.14225885]]]]

conv1.bias
[0.1 0.1 0.1 0.1 0.1 0.1 0.1 0.1 0.1 0.1 0.1 0.1 0.1 0.1 0.1 0.1 0.1 0.1
 0.1 0.1 0.1 0.1 0.1 0.1 0.1 0.1 0.1 0.1 0.1 0.1 0.1 0.1 0.1 0.1 0.1 0.1
 0.1 0.1 0.1 0.1 0.1 0.1 0.1 0.1 0.1 0.1 0.1 0.1 0.1 0.1 0.1 0.1 0.1 0.1
 0.1 0.1 0.1 0.1 0.1 0.1 0.1 0.1 0.1 0.1 0.1 0.1 0.1 0.1 0.1 0.1 0.1 0.1
 0.1 0.1 0.1 0.1 0.1 0.1 0.1 0.1 0.1 0.1 0.1 0.1 0.1 0.1 0.1 0.1 0.1 0.1
 0.1 0.1 0.1 0.1 0.1 0.1 0.1 0.1 0.1 0.1 0.1 0.1 0.1 0.1 0.1 0.1 0.1 0.1
 0.1 0.1 0.1 0.1 0.1 0.1 0.1 0.1 0.1 0.1 0.1 0.1 0.1 0.1 0.1 0.1 0.1 0.1
 0.1 0.1]

conv2.weight
[[[[ 0.01180141]]
  [[-0.04527763]]
  [[-0.08152942]]
  ...
  [[ 0.09543455]]
  [[ 0.14819892]]
  [[-0.09094372]]]
 [[[ 0.03800308]]
  [[ 0.12825395]]
  [[ 0.20320264]]
  ...
  [[-0.06754905]]
  [[-0.00227305]]
  [[-0.09279416]]]
 [[[ 0.14734182]]
  [[-0.13784821]]
  [[ 0.0433576 ]]
  ...
  [[ 0.18069635]]
  [[ 0.2805568 ]]
  [[ 0.13559856]]]
 ...
 [[[-0.08318709]]
  [[ 0.02702528]]
  [[-0.2816078 ]]
  ...
  [[-0.07339721]]
  [[-0.16583563]]
  [[-0.21473435]]]
 [[[-0.04677868]]
  [[-0.00102391]]
  [[-0.11375283]]
  ...
  [[-0.02368528]]
  [[ 0.02880315]]
  [[ 0.07845998]]]
 [[[ 0.06090312]]
  [[-0.00805768]]
  [[ 0.1226666 ]]
  ...
  [[-0.19748232]]
  [[-0.0372243 ]]
  [[ 0.01300541]]]]

conv2.bias
[0.1 0.1 0.1 0.1 0.1 0.1 0.1 0.1 0.1 0.1 0.1 0.1 0.1 0.1 0.1 0.1]

conv3.weight
[[[[ 2.0871018e-01]]
  [[ 4.0609774e-01]]
  [[-2.2027928e-01]]
  [[ 6.9536072e-01]]
  [[ 1.5977332e-01]]
  [[ 1.4310780e-01]]
  [[-1.6143584e-01]]
  [[-1.9761173e-01]]
  [[-4.8982278e-01]]
  [[-3.8590363e-01]]
  [[-9.1581441e-02]]
  [[-6.0900337e-01]]
  [[-8.0121458e-02]]
  [[-5.1579338e-01]]
  [[-2.3292184e-02]]
  [[ 3.5559252e-02]]]
 [[[-2.3875995e-02]]
  [[-1.0508161e-02]]
  [[-5.1298842e-02]]
  [[-4.3147761e-01]]
  [[-1.7577417e-01]]
  [[ 7.9460116e-04]]
  [[-9.7606212e-02]]
  [[-2.2036901e-01]]
  [[-4.3737331e-01]]
  [[-1.2816302e-01]]
  [[-8.5876033e-02]]
  [[ 1.0956434e+00]]
  [[ 2.4056686e-02]]
  [[-9.6418569e-03]]
  [[ 1.9792204e-01]]
  [[ 5.8295693e-02]]]
 [[[ 3.2833645e-01]]
  [[ 1.7803057e-01]]
  [[ 2.0992635e-01]]
  [[-8.9673899e-02]]
  [[-5.3134110e-02]]
  [[-4.6994042e-01]]
  [[-5.9275341e-01]]
  [[-2.5123867e-01]]
  [[-7.0415094e-02]]
  [[-1.3491639e-01]]
  [[-2.3074742e-02]]
  [[ 2.9734004e-01]]
  [[ 6.3715023e-01]]
  [[-1.6746501e-02]]
  [[-1.8675540e-01]]
  [[-3.0113107e-02]]]
 [[[ 3.6369839e-01]]
  [[-6.7132229e-01]]
  [[ 3.2517818e-01]]
  [[-4.0792426e-01]]
  [[ 6.7688458e-02]]
  [[ 2.8436083e-01]]
  [[ 1.8273805e-01]]
  [[ 4.8472714e-01]]
  [[ 2.2326130e-01]]
  [[ 7.4790134e-03]]
  [[ 5.5051208e-01]]
  [[ 2.3812558e-01]]
  [[ 2.4708179e-01]]
  [[ 4.9567847e-03]]
  [[-2.9938883e-01]]
  [[-4.8333600e-01]]]
 [[[-2.7557376e-01]]
  [[ 1.0616255e-01]]
  [[-5.5171885e-02]]
  [[-2.5341937e-03]]
  [[ 2.4883141e-01]]
  [[-1.8522975e-01]]
  [[ 3.9185893e-02]]
  [[-7.0014693e-02]]
  [[-3.5549971e-01]]
  [[ 8.6976647e-01]]
  [[ 2.3560096e-01]]
  [[-2.3798282e-01]]
  [[ 8.8343108e-03]]
  [[-4.5347068e-01]]
  [[ 3.1611466e-01]]
  [[-3.3665767e-01]]]
 [[[ 1.3020214e-01]]
  [[ 2.6622906e-02]]
  [[-4.2729878e-01]]
  [[-6.5125495e-02]]
  [[-1.4656565e-01]]
  [[-3.7545857e-01]]
  [[ 4.8906514e-01]]
  [[ 4.2272728e-02]]
  [[ 6.8051010e-01]]
  [[-4.6690172e-01]]
  [[ 1.7137823e-01]]
  [[ 2.2682978e-02]]
  [[ 6.4428687e-01]]
  [[ 2.6373225e-01]]
  [[ 3.6759084e-01]]
  [[ 4.9208000e-01]]]
 [[[ 3.2768336e-01]]
  [[-4.2630416e-01]]
  [[-5.6196254e-01]]
  [[ 7.2604358e-01]]
  [[ 8.1898242e-02]]
  [[ 4.7052905e-01]]
  [[ 1.8285163e-01]]
  [[-2.9332149e-01]]
  [[-6.7653680e-01]]
  [[-1.8335024e-01]]
  [[ 1.9938150e-01]]
  [[-6.8912432e-02]]
  [[-2.8504378e-01]]
  [[ 1.0369254e-01]]
  [[ 2.7865455e-01]]
  [[-4.5998761e-01]]]
 [[[ 1.0475748e+00]]
  [[-4.2287746e-01]]
  [[ 2.7705930e-02]]
  [[ 4.5712808e-01]]
  [[-1.6446333e-01]]
  [[-5.6886405e-01]]
  [[ 1.6042748e-01]]
  [[-3.0508941e-01]]
  [[-3.0598128e-01]]
  [[-3.6346608e-01]]
  [[ 4.1233696e-02]]
  [[ 2.8055808e-01]]
  [[-1.8904217e-01]]
  [[ 1.4227071e-01]]
  [[-2.7610993e-01]]
  [[-3.7614235e-01]]]]

conv3.bias
[0.1 0.1 0.1 0.1 0.1 0.1 0.1 0.1]

conv4.weight
[[[[-0.13647957]]
  [[-0.31555662]]
  [[-0.8512125 ]]
  [[-0.29471135]]
  [[ 0.34013513]]
  [[ 0.24125507]]
  [[-0.15879247]]
  [[-0.16103546]]
  [[ 0.1092082 ]]]]

conv4.bias
[0.1]

--------------------
Training: GameOfLifeForward_128
GameOfLifeForward_128.load(): model file not found, reinitializing weights

GameOfLifeForward_128(
  (criterion): MSELoss()
  (conv1): Conv2d(1, 128, kernel_size=(3, 3), stride=(1, 1), padding=(1, 1), padding_mode=circular)
  (conv2): Conv2d(128, 16, kernel_size=(1, 1), stride=(1, 1))
  (conv3): Conv2d(16, 8, kernel_size=(1, 1), stride=(1, 1))
  (conv4): Conv2d(9, 1, kernel_size=(1, 1), stride=(1, 1))
  (dropout): Dropout(p=0.0, inplace=False)
  (activation): PReLU(num_parameters=1)
)
epoch:    1 | board_count:     500 | loss: 0.3192422390 | accuracy = 0.2098208000 | time: 7.967ms/board |   0m 01s 
epoch:    2 | board_count:    1000 | loss: 0.2840668619 | accuracy = 0.5356032000 | time: 1.419ms/board |   0m 01s 
epoch:    3 | board_count:    1500 | loss: 0.2530390739 | accuracy = 0.7718528000 | time: 1.028ms/board |   0m 01s 
epoch:    4 | board_count:    2000 | loss: 0.2340814561 | accuracy = 0.7945056000 | time: 1.669ms/board |   0m 01s 
epoch:    5 | board_count:    2500 | loss: 0.2257828325 | accuracy = 0.7718400000 | time: 1.063ms/board |   0m 01s 
epoch:    6 | board_count:    3000 | loss: 0.2147457510 | accuracy = 0.8102144000 | time: 1.352ms/board |   0m 01s 
epoch:    7 | board_count:    3500 | loss: 0.2094659507 | accuracy = 0.8077280000 | time: 1.044ms/board |   0m 02s 
epoch:    8 | board_count:    4000 | loss: 0.2020238221 | accuracy = 0.8488992000 | time: 1.053ms/board |   0m 02s 
epoch:    9 | board_count:    4500 | loss: 0.1976460546 | accuracy = 0.8505376000 | time: 1.385ms/board |   0m 02s 
epoch:   10 | board_count:    5000 | loss: 0.1951661170 | accuracy = 0.8526368000 | time: 1.051ms/board |   0m 02s 
epoch:   20 | board_count:   10000 | loss: 0.1796437952 | accuracy = 0.8508857600 | time: 1.215ms/board |   0m 03s 
epoch:   30 | board_count:   15000 | loss: 0.1598549959 | accuracy = 0.8534902400 | time: 1.365ms/board |   0m 04s 
epoch:   40 | board_count:   20000 | loss: 0.1446747485 | accuracy = 0.8543452800 | time: 1.500ms/board |   0m 06s 
epoch:   50 | board_count:   25000 | loss: 0.1341576171 | accuracy = 0.8508160000 | time: 1.375ms/board |   0m 07s 
epoch:   60 | board_count:   30000 | loss: 0.1226103090 | accuracy = 0.8475318400 | time: 1.136ms/board |   0m 08s 
epoch:   70 | board_count:   35000 | loss: 0.1130363707 | accuracy = 0.8485705600 | time: 1.272ms/board |   0m 10s 
epoch:   80 | board_count:   40000 | loss: 0.1085670516 | accuracy = 0.8505296000 | time: 1.021ms/board |   0m 11s 
epoch:   90 | board_count:   45000 | loss: 0.1006409453 | accuracy = 0.8572313600 | time: 1.075ms/board |   0m 12s 
epoch:  100 | board_count:   50000 | loss: 0.0991551661 | accuracy = 0.8606131200 | time: 1.094ms/board |   0m 13s 
epoch:  200 | board_count:  100000 | loss: 0.0811551475 | accuracy = 0.8910162560 | time: 1.130ms/board |   0m 26s 
epoch:  300 | board_count:  150000 | loss: 0.0421164321 | accuracy = 0.9598076800 | time: 1.237ms/board |   0m 40s 
epoch:  400 | board_count:  200000 | loss: 0.0122952267 | accuracy = 0.9991705600 | time: 1.463ms/board |   0m 54s 
epoch:  500 | board_count:  250000 | loss: 0.0021079260 | accuracy = 1.0000000000 | time: 1.501ms/board |   1m 09s 
Finished Training: GameOfLifeForward_128 - 549 epochs in 75.9s
GameOfLifeForward_128.savefile(): /home/jamie/code/ai-games/puzzles/game_of_life/neural_networks/models/GameOfLifeForward_128.pth = 17.2 kB
--------------------
GameOfLifeForward_128
GameOfLifeForward_128(
  (criterion): MSELoss()
  (conv1): Conv2d(1, 128, kernel_size=(3, 3), stride=(1, 1), padding=(1, 1), padding_mode=circular)
  (conv2): Conv2d(128, 16, kernel_size=(1, 1), stride=(1, 1))
  (conv3): Conv2d(16, 8, kernel_size=(1, 1), stride=(1, 1))
  (conv4): Conv2d(9, 1, kernel_size=(1, 1), stride=(1, 1))
  (dropout): Dropout(p=0.0, inplace=False)
  (activation): PReLU(num_parameters=1)
)
activation.weight
[0.15759812]

conv1.weight
[[[[-0.35079262 -0.23255464  0.93789625]
   [-0.26922294  0.481155    0.22463751]
   [ 0.06316648  0.1624155   0.5210458 ]]]
 [[[ 0.37388587  0.38908193  0.16106334]
   [ 0.50887215 -0.31495482 -0.3064168 ]
   [-0.73168594  0.13028327 -0.319264  ]]]
 [[[ 0.12063301 -0.2808732   0.47471753]
   [-0.29647616 -0.58169293  0.06402054]
   [ 0.30120593  0.52458346  0.11655473]]]
 ...
 [[[-0.57057565 -0.5025943   0.34191477]
   [-0.09291978  0.00157941  0.26963112]
   [-0.48886338  0.26942816 -0.11614139]]]
 [[[-1.0229483  -0.03439175 -0.03247549]
   [-0.02537172  0.95040435 -0.50247157]
   [ 0.4855792  -1.2365627   0.02691049]]]
 [[[-0.01143574 -0.11140908  0.7899856 ]
   [-0.10510259  0.3275233  -0.0420998 ]
   [ 0.06395676  0.63097894  0.88465935]]]]

conv1.bias
[ 0.2879934   0.2979744   0.15716006  0.30975667  0.22705121  0.31301546
  0.29332355  0.27799958  0.31553426  0.32105124 -0.09858459  0.31044254
  0.32251543  0.318654    0.29425472  0.04863928  0.18469095  0.32726324
  0.17532752  0.21373235 -0.09063753  0.3002011   0.3184449   0.2945693
  0.28446087 -0.10405999  0.2668032   0.31570867  0.3121757   0.01418598
  0.26247382  0.2941084   0.10611859 -0.1070114   0.30209142  0.29584548
  0.3028814   0.31622168  0.30699605  0.32031208  0.06581766 -0.01495864
  0.31908196  0.2716705   0.21255931  0.30138412 -0.06283303  0.00999918
  0.26627728 -0.02407636 -0.09419584 -0.09324808  0.30536672  0.13779552
  0.13665731  0.18469454  0.31913564  0.23165332  0.3230768   0.3073886
  0.29524943  0.03639911  0.3025409   0.19193408 -0.09477911  0.31455895
  0.31281468  0.3024107  -0.09046406  0.2621653   0.21504763  0.31561658
  0.29537985 -0.11869862  0.32029524  0.03539794  0.29889384  0.18523777
  0.28400007  0.30447584  0.1746277   0.31300256  0.20828104 -0.06782037
  0.32366368  0.2932301   0.13631491  0.14643237 -0.01329872 -0.01812577
  0.29259267  0.181139   -0.08903111  0.29298314  0.31611952  0.15705867
  0.29319006  0.2910872   0.32401565  0.3258057   0.32853216  0.22021194
  0.31042343  0.296979   -0.06294909  0.32456437  0.28719112  0.31983593
  0.27590173  0.21032175  0.22580084  0.13726951  0.29943654  0.27665946
  0.3065062   0.24688801 -0.07531013  0.31084925  0.1602294  -0.03329862
  0.23135054  0.31367388  0.30977347  0.26910016 -0.10625979  0.1243064
  0.32708922 -0.0084141 ]

conv2.weight
[[[[-1.78541038e-02]]
  [[ 7.05069602e-02]]
  [[-2.33606115e-01]]
  ...
  [[-3.74903753e-02]]
  [[ 1.66684076e-01]]
  [[-8.62146262e-03]]]
 [[[-4.00929719e-01]]
  [[-1.07476469e-02]]
  [[-1.78886846e-01]]
  ...
  [[-8.23147446e-02]]
  [[-1.33346364e-01]]
  [[-6.89031556e-02]]]
 [[[ 9.86339077e-02]]
  [[ 1.57860532e-01]]
  [[-9.15715192e-03]]
  ...
  [[ 7.31041878e-02]]
  [[ 2.49438867e-01]]
  [[-8.03939030e-02]]]
 ...
 [[[-1.54246792e-01]]
  [[-2.27793813e-01]]
  [[-1.45285010e-01]]
  ...
  [[ 4.96943891e-02]]
  [[ 1.26259178e-01]]
  [[-1.36173233e-01]]]
 [[[ 3.52025218e-02]]
  [[ 1.04064785e-01]]
  [[ 1.66346252e-01]]
  ...
  [[ 1.32491132e-02]]
  [[ 1.29899576e-01]]
  [[ 8.86857212e-02]]]
 [[[-1.59134070e-04]]
  [[ 1.14787988e-01]]
  [[ 6.38905466e-02]]
  ...
  [[ 8.86381492e-02]]
  [[ 1.75907761e-01]]
  [[ 4.67363596e-02]]]]

conv2.bias
[ 0.27715278 -0.01741575  0.29162997  0.28367314 -0.08228534  0.31791478
 -0.01744929  0.2968333   0.08549078  0.23960736  0.28947362 -0.04417265
  0.1367558   0.04412853  0.14967221  0.19804232]

conv3.weight
[[[[ 0.6367425 ]]
  [[-0.16079032]]
  [[ 0.40182787]]
  [[ 0.34028608]]
  [[-0.2680354 ]]
  [[ 0.5792517 ]]
  [[-0.17840132]]
  [[ 0.6771682 ]]
  [[-0.14327423]]
  [[ 0.31581202]]
  [[ 0.40755904]]
  [[-0.20457296]]
  [[-0.2921216 ]]
  [[-0.0311389 ]]
  [[-0.30025938]]
  [[-0.17942229]]]
 [[[-1.2305589 ]]
  [[-0.3869043 ]]
  [[-0.3481559 ]]
  [[-0.7421746 ]]
  [[-0.45913884]]
  [[ 0.59577554]]
  [[-0.6740244 ]]
  [[-0.43481365]]
  [[ 0.13896364]]
  [[ 0.26683006]]
  [[-0.35179824]]
  [[-0.9046083 ]]
  [[ 0.40161887]]
  [[-0.5058283 ]]
  [[ 0.4987214 ]]
  [[ 0.5126904 ]]]
 [[[-0.39755222]]
  [[ 1.12435   ]]
  [[ 0.2623151 ]]
  [[-0.1580079 ]]
  [[-0.26640543]]
  [[ 0.01189015]]
  [[-0.56960756]]
  [[-0.07094806]]
  [[-0.48405606]]
  [[ 0.33351818]]
  [[-0.10509678]]
  [[-0.48770973]]
  [[ 0.6276925 ]]
  [[ 0.13734896]]
  [[ 0.05826122]]
  [[-0.14320144]]]
 [[[ 0.0529705 ]]
  [[ 0.37411073]]
  [[ 0.05488182]]
  [[-0.26171306]]
  [[-0.0763763 ]]
  [[-0.90628433]]
  [[ 0.921491  ]]
  [[-0.47209272]]
  [[ 0.29063034]]
  [[-0.9530901 ]]
  [[ 0.06365035]]
  [[ 0.28642103]]
  [[-0.75824475]]
  [[-1.1427653 ]]
  [[ 0.53046876]]
  [[ 0.23783113]]]
 [[[ 0.34431437]]
  [[ 0.22638625]]
  [[ 0.89605343]]
  [[ 0.6242342 ]]
  [[-0.6909524 ]]
  [[ 0.19425413]]
  [[ 0.3749957 ]]
  [[-0.079738  ]]
  [[-0.01706165]]
  [[ 0.05357103]]
  [[ 0.00554397]]
  [[ 0.1068248 ]]
  [[-0.27955115]]
  [[-0.4513313 ]]
  [[-0.23904206]]
  [[ 0.40772894]]]
 [[[-0.24673578]]
  [[-0.4885382 ]]
  [[ 0.20111826]]
  [[ 0.6494655 ]]
  [[ 0.2512239 ]]
  [[-0.14390123]]
  [[ 0.51844954]]
  [[-0.27409098]]
  [[ 0.07591479]]
  [[-0.8275074 ]]
  [[ 0.4458828 ]]
  [[ 0.1218157 ]]
  [[-0.08841556]]
  [[-0.35907108]]
  [[ 0.42089486]]
  [[-0.7253472 ]]]
 [[[ 0.38917777]]
  [[ 0.08056978]]
  [[ 0.8767409 ]]
  [[-0.32566765]]
  [[-0.58037776]]
  [[ 0.5215229 ]]
  [[-0.03395578]]
  [[ 0.55602235]]
  [[-0.03347087]]
  [[-0.06083478]]
  [[ 0.39639562]]
  [[-0.34342533]]
  [[-0.15380298]]
  [[ 0.24419512]]
  [[-0.17950362]]
  [[ 0.41532338]]]
 [[[-0.31511223]]
  [[ 0.59095585]]
  [[-0.5430692 ]]
  [[-0.21872117]]
  [[-0.7966766 ]]
  [[ 0.18328501]]
  [[-0.5883673 ]]
  [[-0.24400026]]
  [[ 0.20085734]]
  [[ 0.39147276]]
  [[-0.09785987]]
  [[-0.7667864 ]]
  [[ 0.18179865]]
  [[ 0.16162479]]
  [[-0.3192623 ]]
  [[ 0.3045343 ]]]]

conv3.bias
[0.25141338 0.20476434 0.13630596 0.01826043 0.2809345  0.03893554
 0.03450806 0.07241905]

conv4.weight
[[[[-0.6668703 ]]
  [[ 0.9017352 ]]
  [[ 1.1848443 ]]
  [[-0.322801  ]]
  [[-0.31427735]]
  [[-0.26971874]]
  [[-0.3117785 ]]
  [[ 0.5766636 ]]
  [[ 1.2233944 ]]]]

conv4.bias
[0.17661251]

real 79.82
user 104.45
sys 1.28
