/usr/bin/python3.8 /home/jamie/code/ai-games/puzzles/game_of_life/neural_networks/hardcoded/GameOfLifeForward_11N.py
GameOfLifeForward_11N.load(): reinitializing weights

GameOfLifeForward_11N
GameOfLifeForward_11N(
  (criterion): MSELoss()
  (layers): ModuleList(
    (0): Conv2d(1, 1, kernel_size=(3, 3), stride=(1, 1), padding=(1, 1), padding_mode=circular)
    (1): Conv2d(1, 1, kernel_size=(1, 1), stride=(1, 1))
  )
  (dropout): Dropout(p=0.0, inplace=False)
  (activation): PReLU(num_parameters=1)
)
activation.weight
[0.25]

layers.0.weight
[[[[-0.46978068 -0.2721752   0.19219874]
   [-0.12349387  0.71939814  0.2537207 ]
   [-0.94624776  0.05847637  0.8321584 ]]]]

layers.0.bias
[0.1]

layers.1.weight
[[[[-1.0667429]]]]

layers.1.bias
[0.1]

--------------------
Training: GameOfLifeForward_11N
GameOfLifeForward_11N.load(): model file not found, reinitializing weights

GameOfLifeForward_11N(
  (criterion): MSELoss()
  (layers): ModuleList(
    (0): Conv2d(1, 1, kernel_size=(3, 3), stride=(1, 1), padding=(1, 1), padding_mode=circular)
    (1): Conv2d(1, 1, kernel_size=(1, 1), stride=(1, 1))
  )
  (dropout): Dropout(p=0.0, inplace=False)
  (activation): PReLU(num_parameters=1)
)
epoch:    1 | board_count:     500 | loss: 0.2643086851 | accuracy = 0.1568000000 | time: 7.949ms/board |   0m 01s
epoch:    2 | board_count:    1000 | loss: 0.2627591252 | accuracy = 0.1952000000 | time: 0.511ms/board |   0m 01s
epoch:    3 | board_count:    1500 | loss: 0.2618449450 | accuracy = 0.1798400000 | time: 0.482ms/board |   0m 01s
epoch:    4 | board_count:    2000 | loss: 0.2608716726 | accuracy = 0.1825600000 | time: 0.516ms/board |   0m 01s
epoch:    5 | board_count:    2500 | loss: 0.2603464127 | accuracy = 0.1544000000 | time: 0.524ms/board |   0m 01s
epoch:    6 | board_count:    3000 | loss: 0.2592393994 | accuracy = 0.1692000000 | time: 0.517ms/board |   0m 01s
epoch:    7 | board_count:    3500 | loss: 0.2588781178 | accuracy = 0.1832000000 | time: 0.587ms/board |   0m 01s
epoch:    8 | board_count:    4000 | loss: 0.2588376284 | accuracy = 0.1796000000 | time: 0.665ms/board |   0m 01s
epoch:    9 | board_count:    4500 | loss: 0.2592901647 | accuracy = 0.1574400000 | time: 0.567ms/board |   0m 01s
epoch:   10 | board_count:    5000 | loss: 0.2580026507 | accuracy = 0.1740000000 | time: 0.532ms/board |   0m 01s
epoch:   20 | board_count:   10000 | loss: 0.2574369919 | accuracy = 0.4614400000 | time: 0.495ms/board |   0m 02s
epoch:   30 | board_count:   15000 | loss: 0.2549548078 | accuracy = 0.6269840000 | time: 0.508ms/board |   0m 02s
epoch:   40 | board_count:   20000 | loss: 0.2534088635 | accuracy = 0.6250720000 | time: 0.513ms/board |   0m 03s
epoch:   50 | board_count:   25000 | loss: 0.2516612053 | accuracy = 0.6279120000 | time: 0.504ms/board |   0m 03s
epoch:   60 | board_count:   30000 | loss: 0.2503167674 | accuracy = 0.6227840000 | time: 0.495ms/board |   0m 04s
epoch:   70 | board_count:   35000 | loss: 0.2479729587 | accuracy = 0.6296080000 | time: 0.488ms/board |   0m 04s
epoch:   80 | board_count:   40000 | loss: 0.2461545086 | accuracy = 0.6283280000 | time: 0.704ms/board |   0m 05s
epoch:   90 | board_count:   45000 | loss: 0.2454872310 | accuracy = 0.6238160000 | time: 0.588ms/board |   0m 05s
epoch:  100 | board_count:   50000 | loss: 0.2431651783 | accuracy = 0.6461840000 | time: 0.500ms/board |   0m 06s
epoch:  200 | board_count:  100000 | loss: 0.2348025735 | accuracy = 0.6656800000 | time: 0.487ms/board |   0m 11s
epoch:  300 | board_count:  150000 | loss: 0.2198216157 | accuracy = 0.7862952000 | time: 0.493ms/board |   0m 16s
epoch:  400 | board_count:  200000 | loss: 0.2050690950 | accuracy = 0.8424280000 | time: 0.484ms/board |   0m 21s
epoch:  500 | board_count:  250000 | loss: 0.1907360122 | accuracy = 0.8461280000 | time: 0.489ms/board |   0m 26s
epoch:  600 | board_count:  300000 | loss: 0.1771497329 | accuracy = 0.8483720000 | time: 0.500ms/board |   0m 31s
epoch:  700 | board_count:  350000 | loss: 0.1651250127 | accuracy = 0.8482080000 | time: 0.480ms/board |   0m 36s
epoch:  800 | board_count:  400000 | loss: 0.1555261529 | accuracy = 0.8469640000 | time: 0.485ms/board |   0m 41s
epoch:  900 | board_count:  450000 | loss: 0.1461065397 | accuracy = 0.8465080000 | time: 0.504ms/board |   0m 46s
epoch: 1000 | board_count:  500000 | loss: 0.1369903527 | accuracy = 0.8487560000 | time: 0.487ms/board |   0m 51s
epoch: 1100 | board_count:  550000 | loss: 0.1291501564 | accuracy = 0.8499360000 | time: 0.498ms/board |   0m 56s
epoch: 1200 | board_count:  600000 | loss: 0.1224001246 | accuracy = 0.8511680000 | time: 0.488ms/board |   1m 01s
epoch: 1300 | board_count:  650000 | loss: 0.1174100353 | accuracy = 0.8504600000 | time: 0.460ms/board |   1m 06s
epoch: 1400 | board_count:  700000 | loss: 0.1135733749 | accuracy = 0.8493120000 | time: 0.478ms/board |   1m 11s
epoch: 1500 | board_count:  750000 | loss: 0.1094719210 | accuracy = 0.8491040000 | time: 0.507ms/board |   1m 16s
epoch: 1600 | board_count:  800000 | loss: 0.1070306196 | accuracy = 0.8452840000 | time: 0.525ms/board |   1m 21s
epoch: 1700 | board_count:  850000 | loss: 0.1038446645 | accuracy = 0.8390784000 | time: 0.476ms/board |   1m 26s
epoch: 1800 | board_count:  900000 | loss: 0.1005646991 | accuracy = 0.8372064000 | time: 0.507ms/board |   1m 31s
epoch: 1900 | board_count:  950000 | loss: 0.0978307161 | accuracy = 0.8346344000 | time: 0.497ms/board |   1m 36s
epoch: 2000 | board_count: 1000000 | loss: 0.0976494494 | accuracy = 0.8292112000 | time: 0.485ms/board |   1m 41s
epoch: 2100 | board_count: 1050000 | loss: 0.0940692730 | accuracy = 0.8337376000 | time: 0.485ms/board |   1m 46s
epoch: 2200 | board_count: 1100000 | loss: 0.0941936497 | accuracy = 0.8292760000 | time: 0.507ms/board |   1m 51s
epoch: 2300 | board_count: 1150000 | loss: 0.0934654948 | accuracy = 0.8259896000 | time: 0.480ms/board |   1m 56s
epoch: 2400 | board_count: 1200000 | loss: 0.0927573990 | accuracy = 0.8130000000 | time: 0.486ms/board |   2m 01s
epoch: 2500 | board_count: 1250000 | loss: 0.0900243105 | accuracy = 0.8133488000 | time: 0.509ms/board |   2m 06s
epoch: 2600 | board_count: 1300000 | loss: 0.0878961585 | accuracy = 0.8189760000 | time: 0.499ms/board |   2m 11s
epoch: 2700 | board_count: 1350000 | loss: 0.0879387569 | accuracy = 0.8204904000 | time: 0.503ms/board |   2m 16s
epoch: 2800 | board_count: 1400000 | loss: 0.0867813306 | accuracy = 0.8294832000 | time: 0.490ms/board |   2m 21s
epoch: 2900 | board_count: 1450000 | loss: 0.0849620800 | accuracy = 0.8388264000 | time: 0.515ms/board |   2m 26s
epoch: 3000 | board_count: 1500000 | loss: 0.0816222923 | accuracy = 0.8474536000 | time: 0.482ms/board |   2m 31s
epoch: 3100 | board_count: 1550000 | loss: 0.0827342179 | accuracy = 0.8459528000 | time: 0.487ms/board |   2m 36s
epoch: 3200 | board_count: 1600000 | loss: 0.0811570123 | accuracy = 0.8483440000 | time: 0.461ms/board |   2m 41s
epoch: 3300 | board_count: 1650000 | loss: 0.0813171786 | accuracy = 0.8453960000 | time: 0.458ms/board |   2m 46s
epoch: 3400 | board_count: 1700000 | loss: 0.0789091273 | accuracy = 0.8479000000 | time: 0.522ms/board |   2m 51s
epoch: 3500 | board_count: 1750000 | loss: 0.0769695421 | accuracy = 0.8502480000 | time: 0.498ms/board |   2m 56s
epoch: 3600 | board_count: 1800000 | loss: 0.0773023723 | accuracy = 0.8480000000 | time: 0.805ms/board |   3m 02s
epoch: 3700 | board_count: 1850000 | loss: 0.0788169854 | accuracy = 0.8438200000 | time: 0.598ms/board |   3m 09s
epoch: 3800 | board_count: 1900000 | loss: 0.0759980278 | accuracy = 0.8485680000 | time: 0.574ms/board |   3m 15s
epoch: 3900 | board_count: 1950000 | loss: 0.0759162125 | accuracy = 0.8473800000 | time: 0.896ms/board |   3m 21s
epoch: 4000 | board_count: 2000000 | loss: 0.0745505616 | accuracy = 0.8487640000 | time: 0.725ms/board |   3m 27s
epoch: 4100 | board_count: 2050000 | loss: 0.0736302793 | accuracy = 0.8533016000 | time: 0.543ms/board |   3m 33s
epoch: 4200 | board_count: 2100000 | loss: 0.0737607900 | accuracy = 0.9190088000 | time: 0.539ms/board |   3m 39s
epoch: 4300 | board_count: 2150000 | loss: 0.0726982891 | accuracy = 0.9190040000 | time: 0.581ms/board |   3m 45s
epoch: 4400 | board_count: 2200000 | loss: 0.0705094396 | accuracy = 0.9132896000 | time: 0.552ms/board |   3m 51s
epoch: 4500 | board_count: 2250000 | loss: 0.0686779637 | accuracy = 0.8915760000 | time: 0.566ms/board |   3m 57s
epoch: 4600 | board_count: 2300000 | loss: 0.0695004260 | accuracy = 0.8897880000 | time: 0.578ms/board |   4m 02s
epoch: 4700 | board_count: 2350000 | loss: 0.0677913280 | accuracy = 0.8900720000 | time: 0.593ms/board |   4m 08s
epoch: 4800 | board_count: 2400000 | loss: 0.0673426562 | accuracy = 0.8898200000 | time: 0.549ms/board |   4m 14s
epoch: 4900 | board_count: 2450000 | loss: 0.0657567125 | accuracy = 0.8765288000 | time: 0.523ms/board |   4m 20s
epoch: 5000 | board_count: 2500000 | loss: 0.0647455341 | accuracy = 0.8898168000 | time: 0.800ms/board |   4m 26s
epoch: 5100 | board_count: 2550000 | loss: 0.0616039156 | accuracy = 0.9326696000 | time: 0.556ms/board |   4m 32s
epoch: 5200 | board_count: 2600000 | loss: 0.0578025275 | accuracy = 0.9609840000 | time: 0.553ms/board |   4m 38s
epoch: 5300 | board_count: 2650000 | loss: 0.0534980175 | accuracy = 0.9616880000 | time: 0.562ms/board |   4m 44s
epoch: 5400 | board_count: 2700000 | loss: 0.0502265933 | accuracy = 0.9622640000 | time: 0.842ms/board |   4m 50s
epoch: 5500 | board_count: 2750000 | loss: 0.0475842603 | accuracy = 0.9613280000 | time: 0.562ms/board |   4m 56s
epoch: 5600 | board_count: 2800000 | loss: 0.0441084940 | accuracy = 0.9620640000 | time: 0.559ms/board |   5m 02s
epoch: 5700 | board_count: 2850000 | loss: 0.0410511740 | accuracy = 0.9619480000 | time: 0.554ms/board |   5m 07s
epoch: 5800 | board_count: 2900000 | loss: 0.0392245949 | accuracy = 0.9606800000 | time: 0.554ms/board |   5m 13s
epoch: 5900 | board_count: 2950000 | loss: 0.0355503893 | accuracy = 0.9620760000 | time: 0.543ms/board |   5m 19s
epoch: 6000 | board_count: 3000000 | loss: 0.0335705791 | accuracy = 0.9619360000 | time: 0.550ms/board |   5m 25s
epoch: 6100 | board_count: 3050000 | loss: 0.0328596274 | accuracy = 0.9609040000 | time: 0.551ms/board |   5m 31s
epoch: 6200 | board_count: 3100000 | loss: 0.0319139549 | accuracy = 0.9612200000 | time: 0.543ms/board |   5m 37s
epoch: 6300 | board_count: 3150000 | loss: 0.0302385282 | accuracy = 0.9620880000 | time: 0.585ms/board |   5m 42s
epoch: 6400 | board_count: 3200000 | loss: 0.0296071435 | accuracy = 0.9623280000 | time: 0.562ms/board |   5m 48s
epoch: 6500 | board_count: 3250000 | loss: 0.0286096137 | accuracy = 0.9627440000 | time: 0.574ms/board |   5m 54s
epoch: 6600 | board_count: 3300000 | loss: 0.0289603768 | accuracy = 0.9609120000 | time: 0.607ms/board |   5m 60s
epoch: 6700 | board_count: 3350000 | loss: 0.0280201947 | accuracy = 0.9615840000 | time: 0.558ms/board |   6m 06s
epoch: 6800 | board_count: 3400000 | loss: 0.0269119232 | accuracy = 0.9617040000 | time: 0.564ms/board |   6m 12s
epoch: 6900 | board_count: 3450000 | loss: 0.0264726475 | accuracy = 0.9615280000 | time: 0.536ms/board |   6m 18s
epoch: 7000 | board_count: 3500000 | loss: 0.0260592263 | accuracy = 0.9612680000 | time: 0.542ms/board |   6m 24s
epoch: 7100 | board_count: 3550000 | loss: 0.0252368533 | accuracy = 0.9614440000 | time: 0.561ms/board |   6m 29s
epoch: 7200 | board_count: 3600000 | loss: 0.0248624428 | accuracy = 0.9615480000 | time: 0.572ms/board |   6m 36s
epoch: 7300 | board_count: 3650000 | loss: 0.0243900443 | accuracy = 0.9607120000 | time: 0.556ms/board |   6m 42s
epoch: 7400 | board_count: 3700000 | loss: 0.0235096672 | accuracy = 0.9614960000 | time: 0.535ms/board |   6m 47s
epoch: 7500 | board_count: 3750000 | loss: 0.0229033519 | accuracy = 0.9622080000 | time: 0.565ms/board |   6m 53s
epoch: 7600 | board_count: 3800000 | loss: 0.0227968346 | accuracy = 0.9618232000 | time: 0.577ms/board |   7m 00s
epoch: 7700 | board_count: 3850000 | loss: 0.0219998869 | accuracy = 0.9703784000 | time: 0.571ms/board |   7m 06s
epoch: 7800 | board_count: 3900000 | loss: 0.0214740319 | accuracy = 0.9844216000 | time: 0.553ms/board |   7m 13s
epoch: 7900 | board_count: 3950000 | loss: 0.0214357717 | accuracy = 0.9973264000 | time: 0.583ms/board |   7m 19s
epoch: 8000 | board_count: 4000000 | loss: 0.0201425865 | accuracy = 0.9992552000 | time: 0.854ms/board |   7m 26s
epoch: 8100 | board_count: 4050000 | loss: 0.0201420308 | accuracy = 0.9998336000 | time: 0.864ms/board |   7m 32s
epoch: 8200 | board_count: 4100000 | loss: 0.0195468647 | accuracy = 1.0000000000 | time: 0.578ms/board |   7m 38s
Finished Training: GameOfLifeForward_11N - 8283 epochs in 464.9s
GameOfLifeForward_11N.savefile(): /home/jamie/code/ai-games/puzzles/game_of_life/neural_networks/models/GameOfLifeForward_11N.pth = 2.2 kB
--------------------
GameOfLifeForward_11N
GameOfLifeForward_11N(
  (criterion): MSELoss()
  (layers): ModuleList(
    (0): Conv2d(1, 1, kernel_size=(3, 3), stride=(1, 1), padding=(1, 1), padding_mode=circular)
    (1): Conv2d(1, 1, kernel_size=(1, 1), stride=(1, 1))
  )
  (dropout): Dropout(p=0.0, inplace=False)
  (activation): PReLU(num_parameters=1)
)
activation.weight
[-0.53968]

layers.0.weight
[[[[-0.95121783 -0.94346905 -0.9514123 ]
   [-0.9393864  -0.67826664 -0.9406602 ]
   [-0.9567039  -0.94131273 -0.9571913 ]]]]

layers.0.bias
[2.7913215]

layers.1.weight
[[[[-4.698007]]]]

layers.1.bias
[1.9776762]


Process finished with exit code 0
