GameOfLifeForward_11N.load(): reinitializing weights

GameOfLifeForward_11N
GameOfLifeForward_11N(
  (criterion): MSELoss()
  (layers): ModuleList(
    (0): Conv2d(1, 1, kernel_size=(3, 3), stride=(1, 1), padding=(1, 1), padding_mode=circular)
    (1): Conv2d(1, 1, kernel_size=(1, 1), stride=(1, 1))
  )
  (dropout): Dropout(p=0.0, inplace=False)
  (activation): PReLU(num_parameters=1)
)
activation.weight
[0.25]

layers.0.weight
[[[[-1.0972359  -0.254535   -0.35530373]
   [ 0.00998326  0.28902715  0.60869426]
   [-0.2269883  -0.08623415  0.42585754]]]]

layers.0.bias
[0.1]

layers.1.weight
[[[[-1.4022428]]]]

layers.1.bias
[0.1]

--------------------
Training: GameOfLifeForward_11N
GameOfLifeForward_11N.load(): model file not found, reinitializing weights

GameOfLifeForward_11N(
  (criterion): MSELoss()
  (layers): ModuleList(
    (0): Conv2d(1, 1, kernel_size=(3, 3), stride=(1, 1), padding=(1, 1), padding_mode=circular)
    (1): Conv2d(1, 1, kernel_size=(1, 1), stride=(1, 1))
  )
  (dropout): Dropout(p=0.0, inplace=False)
  (activation): PReLU(num_parameters=1)
)
epoch:    1 | board_count:     500 | loss: 0.2795951605 | accuracy = 0.2548000000 | time: 30.039ms/board |   0m 03s 
epoch:    2 | board_count:    1000 | loss: 0.2788641274 | accuracy = 0.2504800000 | time: 1.574ms/board |   0m 03s 
epoch:    3 | board_count:    1500 | loss: 0.2742876649 | accuracy = 0.2952000000 | time: 1.557ms/board |   0m 03s 
epoch:    4 | board_count:    2000 | loss: 0.2745018065 | accuracy = 0.2750400000 | time: 1.156ms/board |   0m 04s 
epoch:    5 | board_count:    2500 | loss: 0.2769439578 | accuracy = 0.2472000000 | time: 0.922ms/board |   0m 04s 
epoch:    6 | board_count:    3000 | loss: 0.2762695789 | accuracy = 0.2412800000 | time: 0.949ms/board |   0m 04s 
epoch:    7 | board_count:    3500 | loss: 0.2738948584 | accuracy = 0.2556800000 | time: 0.930ms/board |   0m 04s 
epoch:    8 | board_count:    4000 | loss: 0.2762375295 | accuracy = 0.2292800000 | time: 0.910ms/board |   0m 04s 
epoch:    9 | board_count:    4500 | loss: 0.2712732911 | accuracy = 0.2865600000 | time: 0.922ms/board |   0m 04s 
epoch:   10 | board_count:    5000 | loss: 0.2725533485 | accuracy = 0.2820000000 | time: 0.864ms/board |   0m 04s 
epoch:   20 | board_count:   10000 | loss: 0.2715296298 | accuracy = 0.2739760000 | time: 0.905ms/board |   0m 05s 
epoch:   30 | board_count:   15000 | loss: 0.2691469711 | accuracy = 0.2726560000 | time: 0.963ms/board |   0m 06s 
epoch:   40 | board_count:   20000 | loss: 0.2658613116 | accuracy = 0.2944560000 | time: 1.026ms/board |   0m 07s 
epoch:   50 | board_count:   25000 | loss: 0.2648040521 | accuracy = 0.2924080000 | time: 0.865ms/board |   0m 08s 
epoch:   60 | board_count:   30000 | loss: 0.2623316723 | accuracy = 0.3081280000 | time: 0.886ms/board |   0m 09s 
epoch:   70 | board_count:   35000 | loss: 0.2608022052 | accuracy = 0.3021760000 | time: 0.908ms/board |   0m 10s 
epoch:   80 | board_count:   40000 | loss: 0.2589793861 | accuracy = 0.3080000000 | time: 0.908ms/board |   0m 11s 
epoch:   90 | board_count:   45000 | loss: 0.2573319769 | accuracy = 0.2960880000 | time: 0.870ms/board |   0m 11s 
epoch:  100 | board_count:   50000 | loss: 0.2558073819 | accuracy = 0.2873360000 | time: 0.850ms/board |   0m 12s 
epoch:  200 | board_count:  100000 | loss: 0.2467290772 | accuracy = 0.4762440000 | time: 0.831ms/board |   0m 21s 
epoch:  300 | board_count:  150000 | loss: 0.2336861916 | accuracy = 0.8070608000 | time: 0.929ms/board |   0m 29s 
epoch:  400 | board_count:  200000 | loss: 0.2218413338 | accuracy = 0.8239360000 | time: 0.881ms/board |   0m 37s 
epoch:  500 | board_count:  250000 | loss: 0.2106645066 | accuracy = 0.8449608000 | time: 0.819ms/board |   0m 45s 
epoch:  600 | board_count:  300000 | loss: 0.2003336982 | accuracy = 0.8471808000 | time: 0.827ms/board |   0m 54s 
epoch:  700 | board_count:  350000 | loss: 0.1901811912 | accuracy = 0.8439360000 | time: 0.899ms/board |   1m 02s 
epoch:  800 | board_count:  400000 | loss: 0.1791534626 | accuracy = 0.8457608000 | time: 0.881ms/board |   1m 11s 
epoch:  900 | board_count:  450000 | loss: 0.1680223750 | accuracy = 0.8505336000 | time: 0.926ms/board |   1m 20s 
epoch: 1000 | board_count:  500000 | loss: 0.1584828761 | accuracy = 0.8516920000 | time: 0.891ms/board |   1m 29s 
epoch: 1100 | board_count:  550000 | loss: 0.1493716956 | accuracy = 0.8507032000 | time: 0.857ms/board |   1m 37s 
epoch: 1200 | board_count:  600000 | loss: 0.1388561794 | accuracy = 0.8549248000 | time: 0.890ms/board |   1m 46s 
epoch: 1300 | board_count:  650000 | loss: 0.1306673246 | accuracy = 0.8567328000 | time: 1.632ms/board |   1m 57s 
epoch: 1400 | board_count:  700000 | loss: 0.1208199573 | accuracy = 0.8630488000 | time: 0.840ms/board |   2m 08s 
epoch: 1500 | board_count:  750000 | loss: 0.1160470806 | accuracy = 0.8525296000 | time: 0.858ms/board |   2m 16s 
epoch: 1600 | board_count:  800000 | loss: 0.1116256723 | accuracy = 0.8491840000 | time: 0.845ms/board |   2m 26s 
epoch: 1700 | board_count:  850000 | loss: 0.1078482866 | accuracy = 0.8550944000 | time: 0.766ms/board |   2m 35s 
epoch: 1800 | board_count:  900000 | loss: 0.1039459919 | accuracy = 0.8605296000 | time: 0.924ms/board |   2m 44s 
epoch: 1900 | board_count:  950000 | loss: 0.1055933359 | accuracy = 0.8589272000 | time: 0.725ms/board |   2m 54s 
epoch: 2000 | board_count: 1000000 | loss: 0.1049856712 | accuracy = 0.8577512000 | time: 0.885ms/board |   3m 04s 
epoch: 2100 | board_count: 1050000 | loss: 0.1032412463 | accuracy = 0.8582224000 | time: 0.642ms/board |   3m 15s 
epoch: 2200 | board_count: 1100000 | loss: 0.1012365107 | accuracy = 0.8640248000 | time: 0.857ms/board |   3m 24s 
epoch: 2300 | board_count: 1150000 | loss: 0.1011401703 | accuracy = 0.8661608000 | time: 0.854ms/board |   3m 34s 
epoch: 2400 | board_count: 1200000 | loss: 0.1021922823 | accuracy = 0.8638200000 | time: 0.601ms/board |   3m 44s 
epoch: 2500 | board_count: 1250000 | loss: 0.1002169317 | accuracy = 0.8656264000 | time: 0.830ms/board |   3m 54s 
epoch: 2600 | board_count: 1300000 | loss: 0.0992880474 | accuracy = 0.8648248000 | time: 0.844ms/board |   4m 04s 
epoch: 2700 | board_count: 1350000 | loss: 0.0985822500 | accuracy = 0.8655200000 | time: 0.943ms/board |   4m 14s 
epoch: 2800 | board_count: 1400000 | loss: 0.0978476399 | accuracy = 0.8673568000 | time: 0.920ms/board |   4m 23s 
epoch: 2900 | board_count: 1450000 | loss: 0.0979809198 | accuracy = 0.8653224000 | time: 0.868ms/board |   4m 33s 
epoch: 3000 | board_count: 1500000 | loss: 0.0955051239 | accuracy = 0.8689536000 | time: 2.682ms/board |   4m 43s 
epoch: 3100 | board_count: 1550000 | loss: 0.0964287714 | accuracy = 0.8620816000 | time: 0.759ms/board |   4m 53s 
epoch: 3200 | board_count: 1600000 | loss: 0.0948265146 | accuracy = 0.8445808000 | time: 0.857ms/board |   5m 02s 
epoch: 3300 | board_count: 1650000 | loss: 0.0936138915 | accuracy = 0.8511920000 | time: 2.373ms/board |   5m 12s 
epoch: 3400 | board_count: 1700000 | loss: 0.0945414274 | accuracy = 0.8423480000 | time: 0.834ms/board |   5m 22s 
epoch: 3500 | board_count: 1750000 | loss: 0.0928812980 | accuracy = 0.8446600000 | time: 0.845ms/board |   5m 32s 
epoch: 3600 | board_count: 1800000 | loss: 0.0931981486 | accuracy = 0.8434120000 | time: 0.682ms/board |   5m 41s 
epoch: 3700 | board_count: 1850000 | loss: 0.0934599908 | accuracy = 0.8426800000 | time: 0.839ms/board |   5m 51s 
epoch: 3800 | board_count: 1900000 | loss: 0.0937378824 | accuracy = 0.8413160000 | time: 0.826ms/board |   6m 01s 
epoch: 3900 | board_count: 1950000 | loss: 0.0934310449 | accuracy = 0.8415040000 | time: 0.788ms/board |   6m 11s 
epoch: 4000 | board_count: 2000000 | loss: 0.0928372140 | accuracy = 0.8421240000 | time: 0.834ms/board |   6m 21s 
epoch: 4100 | board_count: 2050000 | loss: 0.0928126190 | accuracy = 0.8416400000 | time: 3.157ms/board |   6m 32s 
epoch: 4200 | board_count: 2100000 | loss: 0.0911826232 | accuracy = 0.8436400000 | time: 0.911ms/board |   6m 42s 
epoch: 4300 | board_count: 2150000 | loss: 0.0923727020 | accuracy = 0.8417760000 | time: 0.587ms/board |   6m 52s 
epoch: 4400 | board_count: 2200000 | loss: 0.0928691852 | accuracy = 0.8399440000 | time: 0.864ms/board |   7m 01s 
epoch: 4500 | board_count: 2250000 | loss: 0.0916083593 | accuracy = 0.8424360000 | time: 0.660ms/board |   7m 11s 
epoch: 4600 | board_count: 2300000 | loss: 0.0913293248 | accuracy = 0.8420800000 | time: 0.934ms/board |   7m 21s 
epoch: 4700 | board_count: 2350000 | loss: 0.0925076471 | accuracy = 0.8403000000 | time: 3.000ms/board |   7m 32s 
epoch: 4800 | board_count: 2400000 | loss: 0.0914774230 | accuracy = 0.8410200000 | time: 0.851ms/board |   7m 42s 
epoch: 4900 | board_count: 2450000 | loss: 0.0900003042 | accuracy = 0.8434680000 | time: 0.930ms/board |   7m 52s 
epoch: 5000 | board_count: 2500000 | loss: 0.0916191047 | accuracy = 0.8400560000 | time: 0.860ms/board |   8m 02s 
epoch: 5100 | board_count: 2550000 | loss: 0.0905418140 | accuracy = 0.8422000000 | time: 0.828ms/board |   8m 12s 
epoch: 5200 | board_count: 2600000 | loss: 0.0893539481 | accuracy = 0.8437040000 | time: 0.874ms/board |   8m 22s 
epoch: 5300 | board_count: 2650000 | loss: 0.0891432886 | accuracy = 0.8435120000 | time: 0.851ms/board |   8m 32s 
epoch: 5400 | board_count: 2700000 | loss: 0.0896432121 | accuracy = 0.8340888000 | time: 0.907ms/board |   8m 42s 
epoch: 5500 | board_count: 2750000 | loss: 0.0903567717 | accuracy = 0.8258160000 | time: 0.875ms/board |   8m 52s 
epoch: 5600 | board_count: 2800000 | loss: 0.0895081137 | accuracy = 0.8260160000 | time: 0.908ms/board |   9m 03s 
epoch: 5700 | board_count: 2850000 | loss: 0.0888806059 | accuracy = 0.8276920000 | time: 3.327ms/board |   9m 14s 
epoch: 5800 | board_count: 2900000 | loss: 0.0891166340 | accuracy = 0.8266840000 | time: 1.106ms/board |   9m 27s 
epoch: 5900 | board_count: 2950000 | loss: 0.0883331652 | accuracy = 0.8277280000 | time: 1.055ms/board |   9m 42s 
epoch: 6000 | board_count: 3000000 | loss: 0.0881794567 | accuracy = 0.8273640000 | time: 0.986ms/board |   9m 55s 
epoch: 6100 | board_count: 3050000 | loss: 0.0878269023 | accuracy = 0.8283280000 | time: 0.871ms/board |  10m 06s 
epoch: 6200 | board_count: 3100000 | loss: 0.0887736232 | accuracy = 0.8255240000 | time: 0.877ms/board |  10m 17s 
epoch: 6300 | board_count: 3150000 | loss: 0.0876922024 | accuracy = 0.8279400000 | time: 0.963ms/board |  10m 27s 
epoch: 6400 | board_count: 3200000 | loss: 0.0887187373 | accuracy = 0.8263960000 | time: 0.817ms/board |  10m 36s 
epoch: 6500 | board_count: 3250000 | loss: 0.0877128596 | accuracy = 0.8268880000 | time: 0.939ms/board |  10m 46s 
epoch: 6600 | board_count: 3300000 | loss: 0.0883911774 | accuracy = 0.8252600000 | time: 1.162ms/board |  10m 56s 
epoch: 6700 | board_count: 3350000 | loss: 0.0858782749 | accuracy = 0.8296360000 | time: 0.930ms/board |  11m 06s 
epoch: 6800 | board_count: 3400000 | loss: 0.0880442599 | accuracy = 0.8249080000 | time: 1.172ms/board |  11m 15s 
epoch: 6900 | board_count: 3450000 | loss: 0.0871951265 | accuracy = 0.8275040000 | time: 0.863ms/board |  11m 25s 
epoch: 7000 | board_count: 3500000 | loss: 0.0871945499 | accuracy = 0.8260560000 | time: 0.944ms/board |  11m 35s 
epoch: 7100 | board_count: 3550000 | loss: 0.0855371766 | accuracy = 0.8294560000 | time: 0.899ms/board |  11m 44s 
epoch: 7200 | board_count: 3600000 | loss: 0.0865283358 | accuracy = 0.8271600000 | time: 0.949ms/board |  11m 54s 
epoch: 7300 | board_count: 3650000 | loss: 0.0891534685 | accuracy = 0.8221960000 | time: 0.891ms/board |  12m 04s 
epoch: 7400 | board_count: 3700000 | loss: 0.0885669577 | accuracy = 0.8224040000 | time: 0.862ms/board |  12m 13s 
epoch: 7500 | board_count: 3750000 | loss: 0.0866691925 | accuracy = 0.8257200000 | time: 0.840ms/board |  12m 22s 
epoch: 7600 | board_count: 3800000 | loss: 0.0890480614 | accuracy = 0.8203920000 | time: 0.622ms/board |  12m 30s 
epoch: 7700 | board_count: 3850000 | loss: 0.0863434943 | accuracy = 0.8237480000 | time: 0.956ms/board |  12m 39s 
epoch: 7800 | board_count: 3900000 | loss: 0.0854002988 | accuracy = 0.8236760000 | time: 0.658ms/board |  12m 47s 
epoch: 7900 | board_count: 3950000 | loss: 0.0822253079 | accuracy = 0.8007432000 | time: 0.920ms/board |  12m 55s 
epoch: 8000 | board_count: 4000000 | loss: 0.0821386168 | accuracy = 0.7933920000 | time: 0.808ms/board |  13m 02s 
epoch: 8100 | board_count: 4050000 | loss: 0.0823804530 | accuracy = 0.7915040000 | time: 0.856ms/board |  13m 10s 
epoch: 8200 | board_count: 4100000 | loss: 0.0832367667 | accuracy = 0.7889480000 | time: 0.873ms/board |  13m 18s 
epoch: 8300 | board_count: 4150000 | loss: 0.0842195261 | accuracy = 0.7857880000 | time: 0.886ms/board |  13m 26s 
epoch: 8400 | board_count: 4200000 | loss: 0.0801442071 | accuracy = 0.7960200000 | time: 0.829ms/board |  13m 33s 
epoch: 8500 | board_count: 4250000 | loss: 0.0812364978 | accuracy = 0.7919240000 | time: 0.794ms/board |  13m 41s 
epoch: 8600 | board_count: 4300000 | loss: 0.0823372888 | accuracy = 0.7888840000 | time: 0.863ms/board |  13m 48s 
epoch: 8700 | board_count: 4350000 | loss: 0.0812368076 | accuracy = 0.7911360000 | time: 0.881ms/board |  13m 56s 
epoch: 8800 | board_count: 4400000 | loss: 0.0823883934 | accuracy = 0.7879680000 | time: 0.886ms/board |  14m 03s 
epoch: 8900 | board_count: 4450000 | loss: 0.0809852768 | accuracy = 0.7899440000 | time: 0.929ms/board |  14m 10s 
epoch: 9000 | board_count: 4500000 | loss: 0.0801100165 | accuracy = 0.7922760000 | time: 0.796ms/board |  14m 18s 
epoch: 9100 | board_count: 4550000 | loss: 0.0822381971 | accuracy = 0.7867200000 | time: 0.961ms/board |  14m 26s 
epoch: 9200 | board_count: 4600000 | loss: 0.0791363782 | accuracy = 0.7940000000 | time: 0.793ms/board |  14m 33s 
epoch: 9300 | board_count: 4650000 | loss: 0.0800890882 | accuracy = 0.7914968000 | time: 0.869ms/board |  14m 41s 
epoch: 9400 | board_count: 4700000 | loss: 0.0796453363 | accuracy = 0.9052112000 | time: 0.897ms/board |  14m 48s 
epoch: 9500 | board_count: 4750000 | loss: 0.0805514616 | accuracy = 0.9030120000 | time: 0.936ms/board |  14m 56s 
epoch: 9600 | board_count: 4800000 | loss: 0.0796380792 | accuracy = 0.9054200000 | time: 0.604ms/board |  15m 03s 
epoch: 9700 | board_count: 4850000 | loss: 0.0790773229 | accuracy = 0.9048960000 | time: 0.562ms/board |  15m 10s 
epoch: 9800 | board_count: 4900000 | loss: 0.0795138912 | accuracy = 0.9051360000 | time: 0.791ms/board |  15m 17s 
epoch: 9900 | board_count: 4950000 | loss: 0.0785084532 | accuracy = 0.9065280000 | time: 0.559ms/board |  15m 24s 
epoch: 10000 | board_count: 5000000 | loss: 0.0792011098 | accuracy = 0.9045160000 | time: 0.855ms/board |  15m 31s 
epoch: 10100 | board_count: 5050000 | loss: 0.0784583859 | accuracy = 0.9052520000 | time: 0.577ms/board |  15m 39s 
epoch: 10200 | board_count: 5100000 | loss: 0.0783341214 | accuracy = 0.9057520000 | time: 0.560ms/board |  15m 46s 
epoch: 10300 | board_count: 5150000 | loss: 0.0790608598 | accuracy = 0.9038760000 | time: 0.595ms/board |  15m 53s 
epoch: 10400 | board_count: 5200000 | loss: 0.0765992817 | accuracy = 0.9081640000 | time: 0.879ms/board |  15m 60s 
epoch: 10500 | board_count: 5250000 | loss: 0.0794796766 | accuracy = 0.9035720000 | time: 0.587ms/board |  16m 07s 
epoch: 10600 | board_count: 5300000 | loss: 0.0761404282 | accuracy = 0.9089200000 | time: 0.842ms/board |  16m 14s 
epoch: 10700 | board_count: 5350000 | loss: 0.0803125293 | accuracy = 0.9019160000 | time: 0.697ms/board |  16m 22s 
epoch: 10800 | board_count: 5400000 | loss: 0.0780384660 | accuracy = 0.9053440000 | time: 0.626ms/board |  16m 29s 
epoch: 10900 | board_count: 5450000 | loss: 0.0773912232 | accuracy = 0.9050240000 | time: 0.861ms/board |  16m 37s 
epoch: 11000 | board_count: 5500000 | loss: 0.0766768738 | accuracy = 0.9065400000 | time: 0.831ms/board |  16m 44s 
epoch: 11100 | board_count: 5550000 | loss: 0.0763604737 | accuracy = 0.9081640000 | time: 0.765ms/board |  16m 52s 
epoch: 11200 | board_count: 5600000 | loss: 0.0776700091 | accuracy = 0.9039840000 | time: 0.919ms/board |  16m 60s 
epoch: 11300 | board_count: 5650000 | loss: 0.0771007202 | accuracy = 0.9049360000 | time: 0.917ms/board |  17m 08s 
epoch: 11400 | board_count: 5700000 | loss: 0.0779246977 | accuracy = 0.9024640000 | time: 0.606ms/board |  17m 15s 
epoch: 11500 | board_count: 5750000 | loss: 0.0773002225 | accuracy = 0.9051800000 | time: 0.649ms/board |  17m 23s 
epoch: 11600 | board_count: 5800000 | loss: 0.0784617713 | accuracy = 0.9027360000 | time: 0.663ms/board |  17m 31s 
epoch: 11700 | board_count: 5850000 | loss: 0.0770528070 | accuracy = 0.9047160000 | time: 0.813ms/board |  17m 38s 
epoch: 11800 | board_count: 5900000 | loss: 0.0749568865 | accuracy = 0.9078280000 | time: 0.607ms/board |  17m 46s 
epoch: 11900 | board_count: 5950000 | loss: 0.0764912705 | accuracy = 0.9058280000 | time: 0.891ms/board |  17m 53s 
epoch: 12000 | board_count: 6000000 | loss: 0.0800876717 | accuracy = 0.8997160000 | time: 0.730ms/board |  18m 01s 
epoch: 12100 | board_count: 6050000 | loss: 0.0768471011 | accuracy = 0.9045520000 | time: 0.794ms/board |  18m 08s 
epoch: 12200 | board_count: 6100000 | loss: 0.0765025393 | accuracy = 0.9052000000 | time: 0.918ms/board |  18m 15s 
epoch: 12300 | board_count: 6150000 | loss: 0.0764961054 | accuracy = 0.9044800000 | time: 0.602ms/board |  18m 23s 
epoch: 12400 | board_count: 6200000 | loss: 0.0772532116 | accuracy = 0.9033240000 | time: 0.884ms/board |  18m 30s 
epoch: 12500 | board_count: 6250000 | loss: 0.0761213418 | accuracy = 0.9051800000 | time: 0.566ms/board |  18m 36s 
epoch: 12600 | board_count: 6300000 | loss: 0.0775262496 | accuracy = 0.9026960000 | time: 0.654ms/board |  18m 43s 
epoch: 12700 | board_count: 6350000 | loss: 0.0761487261 | accuracy = 0.9039200000 | time: 0.560ms/board |  18m 49s 
epoch: 12800 | board_count: 6400000 | loss: 0.0746805265 | accuracy = 0.9074080000 | time: 0.636ms/board |  18m 55s 
epoch: 12900 | board_count: 6450000 | loss: 0.0756388627 | accuracy = 0.9048480000 | time: 0.554ms/board |  19m 01s 
epoch: 13000 | board_count: 6500000 | loss: 0.0755117263 | accuracy = 0.9051320000 | time: 0.587ms/board |  19m 07s 
epoch: 13100 | board_count: 6550000 | loss: 0.0787276777 | accuracy = 0.9005720000 | time: 0.587ms/board |  19m 13s 
epoch: 13200 | board_count: 6600000 | loss: 0.0768645623 | accuracy = 0.9029000000 | time: 0.566ms/board |  19m 20s 
epoch: 13300 | board_count: 6650000 | loss: 0.0741340466 | accuracy = 0.9071920000 | time: 0.571ms/board |  19m 26s 
epoch: 13400 | board_count: 6700000 | loss: 0.0759511106 | accuracy = 0.9047280000 | time: 0.807ms/board |  19m 32s 
epoch: 13500 | board_count: 6750000 | loss: 0.0766669740 | accuracy = 0.9023640000 | time: 0.540ms/board |  19m 39s 
epoch: 13600 | board_count: 6800000 | loss: 0.0747709570 | accuracy = 0.9056880000 | time: 0.585ms/board |  19m 45s 
epoch: 13700 | board_count: 6850000 | loss: 0.0736333728 | accuracy = 0.9061840000 | time: 0.696ms/board |  19m 51s 
epoch: 13800 | board_count: 6900000 | loss: 0.0761661096 | accuracy = 0.9024000000 | time: 0.575ms/board |  19m 57s 
epoch: 13900 | board_count: 6950000 | loss: 0.0750140508 | accuracy = 0.9052800000 | time: 0.560ms/board |  20m 03s 
epoch: 14000 | board_count: 7000000 | loss: 0.0734392192 | accuracy = 0.9073840000 | time: 0.590ms/board |  20m 08s 
epoch: 14100 | board_count: 7050000 | loss: 0.0765306613 | accuracy = 0.9016280000 | time: 0.572ms/board |  20m 14s 
epoch: 14200 | board_count: 7100000 | loss: 0.0743780328 | accuracy = 0.9047960000 | time: 0.558ms/board |  20m 20s 
epoch: 14300 | board_count: 7150000 | loss: 0.0754109659 | accuracy = 0.9036480000 | time: 0.550ms/board |  20m 25s 
epoch: 14400 | board_count: 7200000 | loss: 0.0751367568 | accuracy = 0.9038920000 | time: 0.538ms/board |  20m 31s 
epoch: 14500 | board_count: 7250000 | loss: 0.0763707719 | accuracy = 0.9020880000 | time: 0.558ms/board |  20m 37s 
epoch: 14600 | board_count: 7300000 | loss: 0.0747559834 | accuracy = 0.9053800000 | time: 0.572ms/board |  20m 43s 
epoch: 14700 | board_count: 7350000 | loss: 0.0740477022 | accuracy = 0.9059120000 | time: 0.658ms/board |  20m 49s 
epoch: 14800 | board_count: 7400000 | loss: 0.0739922071 | accuracy = 0.9051560000 | time: 0.601ms/board |  20m 55s 
epoch: 14900 | board_count: 7450000 | loss: 0.0748384758 | accuracy = 0.9043520000 | time: 0.597ms/board |  21m 01s 
epoch: 15000 | board_count: 7500000 | loss: 0.0728105137 | accuracy = 0.9067200000 | time: 0.575ms/board |  21m 07s 
epoch: 15100 | board_count: 7550000 | loss: 0.0743220929 | accuracy = 0.9040280000 | time: 0.601ms/board |  21m 13s 
epoch: 15200 | board_count: 7600000 | loss: 0.0753009193 | accuracy = 0.9028440000 | time: 0.566ms/board |  21m 19s 
epoch: 15300 | board_count: 7650000 | loss: 0.0758078029 | accuracy = 0.9018160000 | time: 0.921ms/board |  21m 25s 
epoch: 15400 | board_count: 7700000 | loss: 0.0746545530 | accuracy = 0.9042680000 | time: 0.674ms/board |  21m 31s 
epoch: 15500 | board_count: 7750000 | loss: 0.0732442518 | accuracy = 0.9056000000 | time: 0.565ms/board |  21m 36s 
epoch: 15600 | board_count: 7800000 | loss: 0.0743701827 | accuracy = 0.9033160000 | time: 0.707ms/board |  21m 42s 
epoch: 15700 | board_count: 7850000 | loss: 0.0746411256 | accuracy = 0.9041640000 | time: 0.529ms/board |  21m 48s 
epoch: 15800 | board_count: 7900000 | loss: 0.0735874054 | accuracy = 0.9060560000 | time: 0.574ms/board |  21m 54s 
epoch: 15900 | board_count: 7950000 | loss: 0.0749627092 | accuracy = 0.9015160000 | time: 0.536ms/board |  21m 59s 
epoch: 16000 | board_count: 8000000 | loss: 0.0724502166 | accuracy = 0.9067840000 | time: 0.544ms/board |  22m 05s 
epoch: 16100 | board_count: 8050000 | loss: 0.0742129173 | accuracy = 0.9036640000 | time: 0.555ms/board |  22m 10s 
epoch: 16200 | board_count: 8100000 | loss: 0.0744847624 | accuracy = 0.9029040000 | time: 0.816ms/board |  22m 16s 
epoch: 16300 | board_count: 8150000 | loss: 0.0728318530 | accuracy = 0.9057480000 | time: 0.523ms/board |  22m 22s 
epoch: 16400 | board_count: 8200000 | loss: 0.0747384741 | accuracy = 0.9023640000 | time: 0.582ms/board |  22m 28s 
epoch: 16500 | board_count: 8250000 | loss: 0.0742983581 | accuracy = 0.9025840000 | time: 0.793ms/board |  22m 34s 
epoch: 16600 | board_count: 8300000 | loss: 0.0734755180 | accuracy = 0.9043520000 | time: 0.565ms/board |  22m 40s 
epoch: 16700 | board_count: 8350000 | loss: 0.0751488352 | accuracy = 0.9012640000 | time: 0.939ms/board |  22m 45s 
epoch: 16800 | board_count: 8400000 | loss: 0.0726959894 | accuracy = 0.9059560000 | time: 0.605ms/board |  22m 52s 
epoch: 16900 | board_count: 8450000 | loss: 0.0738107747 | accuracy = 0.9033680000 | time: 0.544ms/board |  22m 58s 
epoch: 17000 | board_count: 8500000 | loss: 0.0715326392 | accuracy = 0.9074000000 | time: 0.524ms/board |  23m 03s 
epoch: 17100 | board_count: 8550000 | loss: 0.0728485264 | accuracy = 0.9047000000 | time: 0.555ms/board |  23m 09s 
epoch: 17200 | board_count: 8600000 | loss: 0.0738895310 | accuracy = 0.9030440000 | time: 0.526ms/board |  23m 15s 
epoch: 17300 | board_count: 8650000 | loss: 0.0733271878 | accuracy = 0.9044760000 | time: 0.547ms/board |  23m 20s 
epoch: 17400 | board_count: 8700000 | loss: 0.0732497966 | accuracy = 0.9044000000 | time: 0.598ms/board |  23m 26s 
epoch: 17500 | board_count: 8750000 | loss: 0.0734925367 | accuracy = 0.9027200000 | time: 0.533ms/board |  23m 31s 
epoch: 17600 | board_count: 8800000 | loss: 0.0733152803 | accuracy = 0.9028040000 | time: 0.550ms/board |  23m 37s 
epoch: 17700 | board_count: 8850000 | loss: 0.0729243836 | accuracy = 0.9039760000 | time: 0.533ms/board |  23m 42s 
epoch: 17800 | board_count: 8900000 | loss: 0.0723675117 | accuracy = 0.9038920000 | time: 0.534ms/board |  23m 48s 
epoch: 17900 | board_count: 8950000 | loss: 0.0739346369 | accuracy = 0.9021480000 | time: 0.524ms/board |  23m 53s 
epoch: 18000 | board_count: 9000000 | loss: 0.0718807850 | accuracy = 0.9049440000 | time: 0.610ms/board |  23m 59s 
epoch: 18100 | board_count: 9050000 | loss: 0.0726527907 | accuracy = 0.9036720000 | time: 0.544ms/board |  24m 04s 
epoch: 18200 | board_count: 9100000 | loss: 0.0734983793 | accuracy = 0.9033520000 | time: 0.539ms/board |  24m 10s 
epoch: 18300 | board_count: 9150000 | loss: 0.0733496955 | accuracy = 0.9028360000 | time: 0.526ms/board |  24m 15s 
epoch: 18400 | board_count: 9200000 | loss: 0.0732377793 | accuracy = 0.9025720000 | time: 0.579ms/board |  24m 21s 
epoch: 18500 | board_count: 9250000 | loss: 0.0733444361 | accuracy = 0.9028680000 | time: 0.522ms/board |  24m 27s 
epoch: 18600 | board_count: 9300000 | loss: 0.0733827251 | accuracy = 0.9025880000 | time: 0.563ms/board |  24m 32s 
epoch: 18700 | board_count: 9350000 | loss: 0.0726548463 | accuracy = 0.9034800000 | time: 0.541ms/board |  24m 38s 
epoch: 18800 | board_count: 9400000 | loss: 0.0721505071 | accuracy = 0.9040480000 | time: 0.554ms/board |  24m 43s 
epoch: 18900 | board_count: 9450000 | loss: 0.0709877538 | accuracy = 0.9058440000 | time: 0.589ms/board |  24m 49s 
epoch: 19000 | board_count: 9500000 | loss: 0.0719291238 | accuracy = 0.9038640000 | time: 0.543ms/board |  24m 54s 
epoch: 19100 | board_count: 9550000 | loss: 0.0727278279 | accuracy = 0.9028800000 | time: 0.532ms/board |  24m 60s 
epoch: 19200 | board_count: 9600000 | loss: 0.0716331227 | accuracy = 0.9053640000 | time: 0.547ms/board |  25m 05s 
epoch: 19300 | board_count: 9650000 | loss: 0.0726240502 | accuracy = 0.9033360000 | time: 0.573ms/board |  25m 11s 
epoch: 19400 | board_count: 9700000 | loss: 0.0732914176 | accuracy = 0.9011120000 | time: 0.549ms/board |  25m 16s 
epoch: 19500 | board_count: 9750000 | loss: 0.0692095549 | accuracy = 0.9091560000 | time: 0.604ms/board |  25m 22s 
epoch: 19600 | board_count: 9800000 | loss: 0.0717275184 | accuracy = 0.9046920000 | time: 0.557ms/board |  25m 27s 
epoch: 19700 | board_count: 9850000 | loss: 0.0711842570 | accuracy = 0.9054080000 | time: 0.563ms/board |  25m 33s 
epoch: 19800 | board_count: 9900000 | loss: 0.0712092407 | accuracy = 0.9045920000 | time: 0.582ms/board |  25m 38s 
epoch: 19900 | board_count: 9950000 | loss: 0.0718320391 | accuracy = 0.9042680000 | time: 0.593ms/board |  25m 44s 
epoch: 20000 | board_count: 10000000 | loss: 0.0722294381 | accuracy = 0.9032880000 | time: 0.556ms/board |  25m 50s 
epoch: 20100 | board_count: 10050000 | loss: 0.0703444810 | accuracy = 0.9065800000 | time: 0.533ms/board |  25m 56s 
epoch: 20200 | board_count: 10100000 | loss: 0.0716849654 | accuracy = 0.9040920000 | time: 0.546ms/board |  26m 01s 
epoch: 20300 | board_count: 10150000 | loss: 0.0716431368 | accuracy = 0.9043240000 | time: 0.551ms/board |  26m 07s 
epoch: 20400 | board_count: 10200000 | loss: 0.0702883243 | accuracy = 0.9058360000 | time: 0.527ms/board |  26m 12s 
epoch: 20500 | board_count: 10250000 | loss: 0.0706431862 | accuracy = 0.9056640000 | time: 0.569ms/board |  26m 19s 
epoch: 20600 | board_count: 10300000 | loss: 0.0713206426 | accuracy = 0.9043440000 | time: 0.643ms/board |  26m 26s 
epoch: 20700 | board_count: 10350000 | loss: 0.0713563523 | accuracy = 0.9044680000 | time: 0.572ms/board |  26m 32s 
epoch: 20800 | board_count: 10400000 | loss: 0.0720538790 | accuracy = 0.9031520000 | time: 0.552ms/board |  26m 37s 
epoch: 20900 | board_count: 10450000 | loss: 0.0714556759 | accuracy = 0.9039440000 | time: 0.565ms/board |  26m 43s 
epoch: 21000 | board_count: 10500000 | loss: 0.0708345214 | accuracy = 0.9049920000 | time: 0.711ms/board |  26m 49s 
epoch: 21100 | board_count: 10550000 | loss: 0.0698544329 | accuracy = 0.9061280000 | time: 0.565ms/board |  26m 54s 
epoch: 21200 | board_count: 10600000 | loss: 0.0703840231 | accuracy = 0.9052720000 | time: 0.549ms/board |  27m 00s 
epoch: 21300 | board_count: 10650000 | loss: 0.0707750703 | accuracy = 0.9047840000 | time: 0.589ms/board |  27m 06s 
epoch: 21400 | board_count: 10700000 | loss: 0.0715404137 | accuracy = 0.9034920000 | time: 0.555ms/board |  27m 11s 
epoch: 21500 | board_count: 10750000 | loss: 0.0683816287 | accuracy = 0.9084000000 | time: 0.546ms/board |  27m 17s 
epoch: 21600 | board_count: 10800000 | loss: 0.0711809175 | accuracy = 0.9039720000 | time: 0.634ms/board |  27m 23s 
epoch: 21700 | board_count: 10850000 | loss: 0.0712636040 | accuracy = 0.9033360000 | time: 0.566ms/board |  27m 29s 
epoch: 21800 | board_count: 10900000 | loss: 0.0704306361 | accuracy = 0.9045000000 | time: 0.573ms/board |  27m 34s 
epoch: 21900 | board_count: 10950000 | loss: 0.0713369254 | accuracy = 0.9032680000 | time: 0.575ms/board |  27m 40s 
epoch: 22000 | board_count: 11000000 | loss: 0.0697463577 | accuracy = 0.9067920000 | time: 0.549ms/board |  27m 45s 
epoch: 22100 | board_count: 11050000 | loss: 0.0696999162 | accuracy = 0.9051080000 | time: 0.580ms/board |  27m 51s 
epoch: 22200 | board_count: 11100000 | loss: 0.0708887205 | accuracy = 0.9032720000 | time: 0.570ms/board |  27m 57s 
epoch: 22300 | board_count: 11150000 | loss: 0.0710789450 | accuracy = 0.9038760000 | time: 0.551ms/board |  28m 02s 
epoch: 22400 | board_count: 11200000 | loss: 0.0716087999 | accuracy = 0.9020360000 | time: 0.529ms/board |  28m 08s 
epoch: 22500 | board_count: 11250000 | loss: 0.0693644157 | accuracy = 0.9066640000 | time: 0.544ms/board |  28m 14s 
epoch: 22600 | board_count: 11300000 | loss: 0.0702517352 | accuracy = 0.9051480000 | time: 0.568ms/board |  28m 19s 
epoch: 22700 | board_count: 11350000 | loss: 0.0696125210 | accuracy = 0.9051520000 | time: 0.565ms/board |  28m 25s 
epoch: 22800 | board_count: 11400000 | loss: 0.0693652123 | accuracy = 0.9057640000 | time: 0.556ms/board |  28m 31s 
epoch: 22900 | board_count: 11450000 | loss: 0.0702670694 | accuracy = 0.9044960000 | time: 0.590ms/board |  28m 36s 
epoch: 23000 | board_count: 11500000 | loss: 0.0688220823 | accuracy = 0.9059400000 | time: 0.538ms/board |  28m 42s 
epoch: 23100 | board_count: 11550000 | loss: 0.0688800211 | accuracy = 0.9063760000 | time: 0.559ms/board |  28m 48s 
epoch: 23200 | board_count: 11600000 | loss: 0.0696705165 | accuracy = 0.9053280000 | time: 0.942ms/board |  28m 53s 
epoch: 23300 | board_count: 11650000 | loss: 0.0695787616 | accuracy = 0.9052960000 | time: 0.875ms/board |  28m 60s 
epoch: 23400 | board_count: 11700000 | loss: 0.0718033270 | accuracy = 0.9018320000 | time: 0.581ms/board |  29m 07s 
epoch: 23500 | board_count: 11750000 | loss: 0.0706748856 | accuracy = 0.9037040000 | time: 0.559ms/board |  29m 13s 
epoch: 23600 | board_count: 11800000 | loss: 0.0699493238 | accuracy = 0.9051160000 | time: 0.572ms/board |  29m 19s 
epoch: 23700 | board_count: 11850000 | loss: 0.0708006113 | accuracy = 0.9034320000 | time: 0.556ms/board |  29m 24s 
epoch: 23800 | board_count: 11900000 | loss: 0.0702682332 | accuracy = 0.9038880000 | time: 0.581ms/board |  29m 30s 
epoch: 23900 | board_count: 11950000 | loss: 0.0696859550 | accuracy = 0.9051640000 | time: 0.539ms/board |  29m 36s 
epoch: 24000 | board_count: 12000000 | loss: 0.0705537354 | accuracy = 0.9032880000 | time: 0.578ms/board |  29m 42s 
epoch: 24100 | board_count: 12050000 | loss: 0.0714279853 | accuracy = 0.9009920000 | time: 0.551ms/board |  29m 47s 
epoch: 24200 | board_count: 12100000 | loss: 0.0687497056 | accuracy = 0.9051520000 | time: 0.550ms/board |  29m 53s 
epoch: 24300 | board_count: 12150000 | loss: 0.0691893834 | accuracy = 0.9051800000 | time: 0.568ms/board |  29m 59s 
epoch: 24400 | board_count: 12200000 | loss: 0.0706012704 | accuracy = 0.9029000000 | time: 0.590ms/board |  30m 04s 
epoch: 24500 | board_count: 12250000 | loss: 0.0701534701 | accuracy = 0.9031000000 | time: 0.552ms/board |  30m 10s 
epoch: 24600 | board_count: 12300000 | loss: 0.0697092394 | accuracy = 0.9038080000 | time: 0.577ms/board |  30m 16s 
epoch: 24700 | board_count: 12350000 | loss: 0.0704724719 | accuracy = 0.9026800000 | time: 0.533ms/board |  30m 22s 
epoch: 24800 | board_count: 12400000 | loss: 0.0708918629 | accuracy = 0.9022640000 | time: 0.574ms/board |  30m 28s 
epoch: 24900 | board_count: 12450000 | loss: 0.0698938051 | accuracy = 0.9032760000 | time: 0.545ms/board |  30m 33s 
epoch: 25000 | board_count: 12500000 | loss: 0.0690407343 | accuracy = 0.9048320000 | time: 0.599ms/board |  30m 39s 
epoch: 25100 | board_count: 12550000 | loss: 0.0691935173 | accuracy = 0.9046520000 | time: 0.557ms/board |  30m 45s 
epoch: 25200 | board_count: 12600000 | loss: 0.0682725770 | accuracy = 0.9056120000 | time: 0.559ms/board |  30m 50s 
epoch: 25300 | board_count: 12650000 | loss: 0.0672796797 | accuracy = 0.9090240000 | time: 0.570ms/board |  30m 57s 
epoch: 25400 | board_count: 12700000 | loss: 0.0690986036 | accuracy = 0.9059440000 | time: 0.557ms/board |  31m 03s 
epoch: 25500 | board_count: 12750000 | loss: 0.0692267156 | accuracy = 0.9045560000 | time: 0.568ms/board |  31m 08s 
epoch: 25600 | board_count: 12800000 | loss: 0.0687933238 | accuracy = 0.9054360000 | time: 0.538ms/board |  31m 14s 
epoch: 25700 | board_count: 12850000 | loss: 0.0690068781 | accuracy = 0.9053840000 | time: 0.570ms/board |  31m 20s 
epoch: 25800 | board_count: 12900000 | loss: 0.0694494579 | accuracy = 0.9046720000 | time: 0.558ms/board |  31m 25s 
epoch: 25900 | board_count: 12950000 | loss: 0.0692205548 | accuracy = 0.9041720000 | time: 0.570ms/board |  31m 31s 
epoch: 26000 | board_count: 13000000 | loss: 0.0673010001 | accuracy = 0.9076360000 | time: 0.573ms/board |  31m 37s 
epoch: 26100 | board_count: 13050000 | loss: 0.0701425004 | accuracy = 0.9027360000 | time: 0.571ms/board |  31m 43s 
epoch: 26200 | board_count: 13100000 | loss: 0.0680529720 | accuracy = 0.9052800000 | time: 0.555ms/board |  31m 48s 
epoch: 26300 | board_count: 13150000 | loss: 0.0690965177 | accuracy = 0.9047560000 | time: 0.546ms/board |  31m 54s 
epoch: 26400 | board_count: 13200000 | loss: 0.0678782292 | accuracy = 0.9062240000 | time: 0.521ms/board |  31m 59s 
epoch: 26500 | board_count: 13250000 | loss: 0.0691527672 | accuracy = 0.9039960000 | time: 0.577ms/board |  32m 05s 
epoch: 26600 | board_count: 13300000 | loss: 0.0697876591 | accuracy = 0.9022800000 | time: 0.553ms/board |  32m 11s 
epoch: 26700 | board_count: 13350000 | loss: 0.0679915724 | accuracy = 0.9057480000 | time: 0.553ms/board |  32m 16s 
epoch: 26800 | board_count: 13400000 | loss: 0.0698675046 | accuracy = 0.9024440000 | time: 0.560ms/board |  32m 22s 
epoch: 26900 | board_count: 13450000 | loss: 0.0701728379 | accuracy = 0.9025280000 | time: 0.556ms/board |  32m 28s 
epoch: 27000 | board_count: 13500000 | loss: 0.0678687134 | accuracy = 0.9061760000 | time: 0.534ms/board |  32m 34s 
epoch: 27100 | board_count: 13550000 | loss: 0.0681519519 | accuracy = 0.9052560000 | time: 0.558ms/board |  32m 39s 
epoch: 27200 | board_count: 13600000 | loss: 0.0692738716 | accuracy = 0.9027640000 | time: 0.562ms/board |  32m 45s 
epoch: 27300 | board_count: 13650000 | loss: 0.0686230450 | accuracy = 0.9049040000 | time: 0.556ms/board |  32m 51s 
epoch: 27400 | board_count: 13700000 | loss: 0.0696763483 | accuracy = 0.9027120000 | time: 0.559ms/board |  32m 56s 
epoch: 27500 | board_count: 13750000 | loss: 0.0683939189 | accuracy = 0.9044480000 | time: 0.552ms/board |  33m 02s 
epoch: 27600 | board_count: 13800000 | loss: 0.0687692303 | accuracy = 0.9045520000 | time: 0.554ms/board |  33m 08s 
epoch: 27700 | board_count: 13850000 | loss: 0.0692986661 | accuracy = 0.9032640000 | time: 0.582ms/board |  33m 13s 
epoch: 27800 | board_count: 13900000 | loss: 0.0683995382 | accuracy = 0.9051440000 | time: 0.549ms/board |  33m 19s 
epoch: 27900 | board_count: 13950000 | loss: 0.0687347805 | accuracy = 0.9038120000 | time: 0.572ms/board |  33m 25s 
epoch: 28000 | board_count: 14000000 | loss: 0.0677479226 | accuracy = 0.9061360000 | time: 0.558ms/board |  33m 30s 
epoch: 28100 | board_count: 14050000 | loss: 0.0680786354 | accuracy = 0.9045960000 | time: 0.590ms/board |  33m 36s 
epoch: 28200 | board_count: 14100000 | loss: 0.0684776719 | accuracy = 0.9043800000 | time: 0.576ms/board |  33m 42s 
epoch: 28300 | board_count: 14150000 | loss: 0.0684088238 | accuracy = 0.9051000000 | time: 0.550ms/board |  33m 48s 
epoch: 28400 | board_count: 14200000 | loss: 0.0681905157 | accuracy = 0.9051120000 | time: 0.617ms/board |  33m 53s 
epoch: 28500 | board_count: 14250000 | loss: 0.0692400854 | accuracy = 0.9027280000 | time: 0.569ms/board |  33m 59s 
epoch: 28600 | board_count: 14300000 | loss: 0.0676707053 | accuracy = 0.9055680000 | time: 0.559ms/board |  34m 05s 
epoch: 28700 | board_count: 14350000 | loss: 0.0699635784 | accuracy = 0.9019440000 | time: 0.531ms/board |  34m 11s 
epoch: 28800 | board_count: 14400000 | loss: 0.0678614870 | accuracy = 0.9055600000 | time: 0.533ms/board |  34m 16s 
epoch: 28900 | board_count: 14450000 | loss: 0.0689515804 | accuracy = 0.9043600000 | time: 0.536ms/board |  34m 22s 
epoch: 29000 | board_count: 14500000 | loss: 0.0671013229 | accuracy = 0.9063520000 | time: 0.517ms/board |  34m 27s 
epoch: 29100 | board_count: 14550000 | loss: 0.0677968228 | accuracy = 0.9057360000 | time: 0.510ms/board |  34m 32s 
epoch: 29200 | board_count: 14600000 | loss: 0.0690310701 | accuracy = 0.9028800000 | time: 0.530ms/board |  34m 38s 
epoch: 29300 | board_count: 14650000 | loss: 0.0684690135 | accuracy = 0.9037080000 | time: 0.537ms/board |  34m 43s 
epoch: 29400 | board_count: 14700000 | loss: 0.0693543178 | accuracy = 0.9029880000 | time: 0.547ms/board |  34m 49s 
epoch: 29500 | board_count: 14750000 | loss: 0.0695119325 | accuracy = 0.9024040000 | time: 0.550ms/board |  34m 54s 
epoch: 29600 | board_count: 14800000 | loss: 0.0693099971 | accuracy = 0.9021160000 | time: 0.532ms/board |  34m 59s 
epoch: 29700 | board_count: 14850000 | loss: 0.0681211849 | accuracy = 0.9046320000 | time: 0.535ms/board |  35m 05s 
epoch: 29800 | board_count: 14900000 | loss: 0.0679527318 | accuracy = 0.9041720000 | time: 0.544ms/board |  35m 10s 
epoch: 29900 | board_count: 14950000 | loss: 0.0686524092 | accuracy = 0.9031200000 | time: 0.529ms/board |  35m 16s 
epoch: 30000 | board_count: 15000000 | loss: 0.0674531984 | accuracy = 0.9040760000 | time: 0.516ms/board |  35m 21s 
epoch: 30100 | board_count: 15050000 | loss: 0.0678301948 | accuracy = 0.9051360000 | time: 0.540ms/board |  35m 26s 
epoch: 30200 | board_count: 15100000 | loss: 0.0683573536 | accuracy = 0.9042760000 | time: 0.571ms/board |  35m 32s 
epoch: 30300 | board_count: 15150000 | loss: 0.0672051203 | accuracy = 0.9058120000 | time: 0.656ms/board |  35m 38s 
epoch: 30400 | board_count: 15200000 | loss: 0.0681633156 | accuracy = 0.9043720000 | time: 0.489ms/board |  35m 44s 
epoch: 30500 | board_count: 15250000 | loss: 0.0663793314 | accuracy = 0.9065640000 | time: 0.549ms/board |  35m 49s 
epoch: 30600 | board_count: 15300000 | loss: 0.0685313067 | accuracy = 0.9046040000 | time: 0.521ms/board |  35m 55s 
epoch: 30700 | board_count: 15350000 | loss: 0.0679820620 | accuracy = 0.9044280000 | time: 0.531ms/board |  36m 00s 
epoch: 30800 | board_count: 15400000 | loss: 0.0680221237 | accuracy = 0.9035040000 | time: 0.530ms/board |  36m 06s 
epoch: 30900 | board_count: 15450000 | loss: 0.0681533314 | accuracy = 0.9042680000 | time: 0.540ms/board |  36m 11s 
epoch: 31000 | board_count: 15500000 | loss: 0.0676993346 | accuracy = 0.9052280000 | time: 0.568ms/board |  36m 17s 
epoch: 31100 | board_count: 15550000 | loss: 0.0701465604 | accuracy = 0.9006680000 | time: 0.573ms/board |  36m 22s 
epoch: 31200 | board_count: 15600000 | loss: 0.0673831760 | accuracy = 0.9046240000 | time: 0.519ms/board |  36m 28s 
epoch: 31300 | board_count: 15650000 | loss: 0.0691153564 | accuracy = 0.9024280000 | time: 0.574ms/board |  36m 34s 
epoch: 31400 | board_count: 15700000 | loss: 0.0682306780 | accuracy = 0.9036040000 | time: 0.575ms/board |  36m 39s 
epoch: 31500 | board_count: 15750000 | loss: 0.0686529558 | accuracy = 0.9022480000 | time: 0.550ms/board |  36m 45s 
epoch: 31600 | board_count: 15800000 | loss: 0.0679092704 | accuracy = 0.9042280000 | time: 0.599ms/board |  36m 51s 
epoch: 31700 | board_count: 15850000 | loss: 0.0685198488 | accuracy = 0.9026960000 | time: 0.671ms/board |  36m 57s 
epoch: 31800 | board_count: 15900000 | loss: 0.0677268768 | accuracy = 0.9050160000 | time: 0.508ms/board |  37m 03s 
epoch: 31900 | board_count: 15950000 | loss: 0.0686692179 | accuracy = 0.9014000000 | time: 0.546ms/board |  37m 08s 
epoch: 32000 | board_count: 16000000 | loss: 0.0673140134 | accuracy = 0.9050880000 | time: 0.569ms/board |  37m 14s 
epoch: 32100 | board_count: 16050000 | loss: 0.0669330672 | accuracy = 0.9063520000 | time: 0.526ms/board |  37m 20s 
epoch: 32200 | board_count: 16100000 | loss: 0.0671755246 | accuracy = 0.9054600000 | time: 0.514ms/board |  37m 25s 
epoch: 32300 | board_count: 16150000 | loss: 0.0671483812 | accuracy = 0.9053560000 | time: 0.514ms/board |  37m 31s 
epoch: 32400 | board_count: 16200000 | loss: 0.0684249329 | accuracy = 0.9033640000 | time: 0.508ms/board |  37m 36s 
epoch: 32500 | board_count: 16250000 | loss: 0.0671816380 | accuracy = 0.9045640000 | time: 0.523ms/board |  37m 42s 
epoch: 32600 | board_count: 16300000 | loss: 0.0665541693 | accuracy = 0.9062040000 | time: 0.524ms/board |  37m 47s 
epoch: 32700 | board_count: 16350000 | loss: 0.0675406386 | accuracy = 0.9040880000 | time: 0.568ms/board |  37m 53s 
epoch: 32800 | board_count: 16400000 | loss: 0.0677311660 | accuracy = 0.9044120000 | time: 0.531ms/board |  37m 59s 
epoch: 32900 | board_count: 16450000 | loss: 0.0681605178 | accuracy = 0.9034880000 | time: 0.523ms/board |  38m 04s 
epoch: 33000 | board_count: 16500000 | loss: 0.0669633473 | accuracy = 0.9048040000 | time: 0.542ms/board |  38m 10s 
epoch: 33100 | board_count: 16550000 | loss: 0.0678267209 | accuracy = 0.9043440000 | time: 0.535ms/board |  38m 15s 
epoch: 33200 | board_count: 16600000 | loss: 0.0665207553 | accuracy = 0.9053160000 | time: 0.533ms/board |  38m 21s 
epoch: 33300 | board_count: 16650000 | loss: 0.0670089500 | accuracy = 0.9058760000 | time: 0.526ms/board |  38m 26s 
epoch: 33400 | board_count: 16700000 | loss: 0.0674249028 | accuracy = 0.9042640000 | time: 0.608ms/board |  38m 32s 
epoch: 33500 | board_count: 16750000 | loss: 0.0678909079 | accuracy = 0.9034880000 | time: 0.538ms/board |  38m 37s 
epoch: 33600 | board_count: 16800000 | loss: 0.0673521321 | accuracy = 0.9045360000 | time: 0.635ms/board |  38m 43s 
epoch: 33700 | board_count: 16850000 | loss: 0.0653023005 | accuracy = 0.9089680000 | time: 0.573ms/board |  38m 49s 
epoch: 33800 | board_count: 16900000 | loss: 0.0674839461 | accuracy = 0.9040480000 | time: 0.548ms/board |  38m 54s 
epoch: 33900 | board_count: 16950000 | loss: 0.0670642214 | accuracy = 0.9037960000 | time: 0.520ms/board |  38m 60s 
epoch: 34000 | board_count: 17000000 | loss: 0.0685619537 | accuracy = 0.9022560000 | time: 0.554ms/board |  39m 05s 
epoch: 34100 | board_count: 17050000 | loss: 0.0686142723 | accuracy = 0.9024440000 | time: 0.586ms/board |  39m 11s 
epoch: 34200 | board_count: 17100000 | loss: 0.0670475996 | accuracy = 0.9047600000 | time: 0.595ms/board |  39m 17s 
epoch: 34300 | board_count: 17150000 | loss: 0.0677830089 | accuracy = 0.9028480000 | time: 0.536ms/board |  39m 22s 
epoch: 34400 | board_count: 17200000 | loss: 0.0660956651 | accuracy = 0.9066800000 | time: 0.551ms/board |  39m 28s 
epoch: 34500 | board_count: 17250000 | loss: 0.0680731690 | accuracy = 0.9019440000 | time: 0.594ms/board |  39m 33s 
epoch: 34600 | board_count: 17300000 | loss: 0.0674192869 | accuracy = 0.9043640000 | time: 0.572ms/board |  39m 39s 
epoch: 34700 | board_count: 17350000 | loss: 0.0672142147 | accuracy = 0.9031360000 | time: 0.565ms/board |  39m 45s 
epoch: 34800 | board_count: 17400000 | loss: 0.0656172900 | accuracy = 0.9071720000 | time: 0.528ms/board |  39m 50s 
epoch: 34900 | board_count: 17450000 | loss: 0.0655523415 | accuracy = 0.9067520000 | time: 0.546ms/board |  39m 56s 
epoch: 35000 | board_count: 17500000 | loss: 0.0671121646 | accuracy = 0.9050520000 | time: 0.594ms/board |  40m 01s 
epoch: 35100 | board_count: 17550000 | loss: 0.0669242308 | accuracy = 0.9049200000 | time: 0.511ms/board |  40m 07s 
epoch: 35200 | board_count: 17600000 | loss: 0.0672180507 | accuracy = 0.9036280000 | time: 0.557ms/board |  40m 13s 
epoch: 35300 | board_count: 17650000 | loss: 0.0671602722 | accuracy = 0.9039080000 | time: 0.555ms/board |  40m 19s 
epoch: 35400 | board_count: 17700000 | loss: 0.0671923651 | accuracy = 0.9043000000 | time: 0.524ms/board |  40m 24s 
epoch: 35500 | board_count: 17750000 | loss: 0.0674784997 | accuracy = 0.9029720000 | time: 0.573ms/board |  40m 30s 
epoch: 35600 | board_count: 17800000 | loss: 0.0649859068 | accuracy = 0.9069840000 | time: 0.547ms/board |  40m 35s 
epoch: 35700 | board_count: 17850000 | loss: 0.0669216710 | accuracy = 0.9040600000 | time: 0.583ms/board |  40m 41s 
epoch: 35800 | board_count: 17900000 | loss: 0.0666712575 | accuracy = 0.9043480000 | time: 0.614ms/board |  40m 47s 
epoch: 35900 | board_count: 17950000 | loss: 0.0644464346 | accuracy = 0.9098040000 | time: 0.550ms/board |  40m 52s 
epoch: 36000 | board_count: 18000000 | loss: 0.0667421942 | accuracy = 0.9044440000 | time: 0.716ms/board |  40m 58s 
epoch: 36100 | board_count: 18050000 | loss: 0.0687135432 | accuracy = 0.9014120000 | time: 0.534ms/board |  41m 03s 
epoch: 36200 | board_count: 18100000 | loss: 0.0673708216 | accuracy = 0.9043880000 | time: 0.569ms/board |  41m 09s 
epoch: 36300 | board_count: 18150000 | loss: 0.0668661208 | accuracy = 0.9040480000 | time: 0.525ms/board |  41m 15s 
epoch: 36400 | board_count: 18200000 | loss: 0.0657817066 | accuracy = 0.9057120000 | time: 0.562ms/board |  41m 20s 
epoch: 36500 | board_count: 18250000 | loss: 0.0668515411 | accuracy = 0.9047760000 | time: 0.596ms/board |  41m 26s 
epoch: 36600 | board_count: 18300000 | loss: 0.0671243319 | accuracy = 0.9031920000 | time: 0.526ms/board |  41m 31s 
epoch: 36700 | board_count: 18350000 | loss: 0.0676614351 | accuracy = 0.9030760000 | time: 0.561ms/board |  41m 37s 
epoch: 36800 | board_count: 18400000 | loss: 0.0685582616 | accuracy = 0.9011920000 | time: 0.538ms/board |  41m 43s 
epoch: 36900 | board_count: 18450000 | loss: 0.0669247793 | accuracy = 0.9040200000 | time: 0.540ms/board |  41m 48s 
epoch: 37000 | board_count: 18500000 | loss: 0.0659688317 | accuracy = 0.9058880000 | time: 0.560ms/board |  41m 54s 
epoch: 37100 | board_count: 18550000 | loss: 0.0662948998 | accuracy = 0.9046880000 | time: 0.594ms/board |  41m 59s 
epoch: 37200 | board_count: 18600000 | loss: 0.0647130053 | accuracy = 0.9083640000 | time: 0.570ms/board |  42m 05s 
epoch: 37300 | board_count: 18650000 | loss: 0.0682307132 | accuracy = 0.9010320000 | time: 0.515ms/board |  42m 11s 
epoch: 37400 | board_count: 18700000 | loss: 0.0666712062 | accuracy = 0.9044000000 | time: 0.558ms/board |  42m 16s 
epoch: 37500 | board_count: 18750000 | loss: 0.0665169418 | accuracy = 0.9039640000 | time: 0.570ms/board |  42m 22s 
epoch: 37600 | board_count: 18800000 | loss: 0.0666165878 | accuracy = 0.9048760000 | time: 0.595ms/board |  42m 27s 
epoch: 37700 | board_count: 18850000 | loss: 0.0669492560 | accuracy = 0.9031960000 | time: 0.584ms/board |  42m 33s 
epoch: 37800 | board_count: 18900000 | loss: 0.0663942006 | accuracy = 0.9046200000 | time: 0.561ms/board |  42m 39s 
epoch: 37900 | board_count: 18950000 | loss: 0.0664477262 | accuracy = 0.9046800000 | time: 0.532ms/board |  42m 45s 
epoch: 38000 | board_count: 19000000 | loss: 0.0675419293 | accuracy = 0.9023640000 | time: 0.559ms/board |  42m 50s 
epoch: 38100 | board_count: 19050000 | loss: 0.0664233453 | accuracy = 0.9042720000 | time: 0.550ms/board |  42m 56s 
epoch: 38200 | board_count: 19100000 | loss: 0.0664055821 | accuracy = 0.9040560000 | time: 0.588ms/board |  43m 02s 
epoch: 38300 | board_count: 19150000 | loss: 0.0683642923 | accuracy = 0.9008000000 | time: 0.559ms/board |  43m 07s 
epoch: 38400 | board_count: 19200000 | loss: 0.0670741436 | accuracy = 0.9029280000 | time: 0.558ms/board |  43m 13s 
epoch: 38500 | board_count: 19250000 | loss: 0.0674823545 | accuracy = 0.9032600000 | time: 0.598ms/board |  43m 19s 
epoch: 38600 | board_count: 19300000 | loss: 0.0656312572 | accuracy = 0.9049320000 | time: 0.577ms/board |  43m 25s 
epoch: 38700 | board_count: 19350000 | loss: 0.0655509333 | accuracy = 0.9050720000 | time: 0.627ms/board |  43m 31s 
epoch: 38800 | board_count: 19400000 | loss: 0.0661730066 | accuracy = 0.9054920000 | time: 0.576ms/board |  43m 36s 
epoch: 38900 | board_count: 19450000 | loss: 0.0661933565 | accuracy = 0.9045080000 | time: 0.560ms/board |  43m 42s 
epoch: 39000 | board_count: 19500000 | loss: 0.0661626185 | accuracy = 0.9044880000 | time: 0.601ms/board |  43m 48s 
epoch: 39100 | board_count: 19550000 | loss: 0.0668880289 | accuracy = 0.9034640000 | time: 0.581ms/board |  43m 54s 
epoch: 39200 | board_count: 19600000 | loss: 0.0667683391 | accuracy = 0.9036360000 | time: 0.555ms/board |  43m 60s 
epoch: 39300 | board_count: 19650000 | loss: 0.0667301560 | accuracy = 0.9036520000 | time: 0.559ms/board |  44m 05s 
epoch: 39400 | board_count: 19700000 | loss: 0.0657507595 | accuracy = 0.9051080000 | time: 0.577ms/board |  44m 11s 
epoch: 39500 | board_count: 19750000 | loss: 0.0669874973 | accuracy = 0.9026120000 | time: 0.578ms/board |  44m 17s 
epoch: 39600 | board_count: 19800000 | loss: 0.0657023605 | accuracy = 0.9061800000 | time: 0.591ms/board |  44m 23s 
epoch: 39700 | board_count: 19850000 | loss: 0.0654591633 | accuracy = 0.9056800000 | time: 0.562ms/board |  44m 29s 
epoch: 39800 | board_count: 19900000 | loss: 0.0659793043 | accuracy = 0.9047000000 | time: 0.541ms/board |  44m 34s 
epoch: 39900 | board_count: 19950000 | loss: 0.0667294794 | accuracy = 0.9030480000 | time: 0.581ms/board |  44m 40s 
epoch: 40000 | board_count: 20000000 | loss: 0.0666134267 | accuracy = 0.9033400000 | time: 0.594ms/board |  44m 46s 
epoch: 40100 | board_count: 20050000 | loss: 0.0667130613 | accuracy = 0.9040320000 | time: 0.568ms/board |  44m 52s 
epoch: 40200 | board_count: 20100000 | loss: 0.0665126213 | accuracy = 0.9034160000 | time: 0.581ms/board |  44m 58s 
epoch: 40300 | board_count: 20150000 | loss: 0.0663260815 | accuracy = 0.9037760000 | time: 0.561ms/board |  45m 03s 
epoch: 40400 | board_count: 20200000 | loss: 0.0673062601 | accuracy = 0.9020440000 | time: 0.652ms/board |  45m 09s 
epoch: 40500 | board_count: 20250000 | loss: 0.0648981859 | accuracy = 0.9063680000 | time: 0.574ms/board |  45m 15s 
epoch: 40600 | board_count: 20300000 | loss: 0.0657711864 | accuracy = 0.9051360000 | time: 0.583ms/board |  45m 21s 
epoch: 40700 | board_count: 20350000 | loss: 0.0654524669 | accuracy = 0.9053640000 | time: 0.569ms/board |  45m 27s 
epoch: 40800 | board_count: 20400000 | loss: 0.0662777895 | accuracy = 0.9035280000 | time: 0.562ms/board |  45m 33s 
epoch: 40900 | board_count: 20450000 | loss: 0.0673185632 | accuracy = 0.9027480000 | time: 0.561ms/board |  45m 38s 
epoch: 41000 | board_count: 20500000 | loss: 0.0662230392 | accuracy = 0.9033680000 | time: 0.566ms/board |  45m 44s 
epoch: 41100 | board_count: 20550000 | loss: 0.0666076180 | accuracy = 0.9032800000 | time: 0.571ms/board |  45m 50s 
epoch: 41200 | board_count: 20600000 | loss: 0.0662348825 | accuracy = 0.9039440000 | time: 0.584ms/board |  45m 56s 
epoch: 41300 | board_count: 20650000 | loss: 0.0655835975 | accuracy = 0.9063680000 | time: 0.569ms/board |  46m 01s 
epoch: 41400 | board_count: 20700000 | loss: 0.0667571419 | accuracy = 0.9029920000 | time: 0.561ms/board |  46m 07s 
epoch: 41500 | board_count: 20750000 | loss: 0.0656284565 | accuracy = 0.9046560000 | time: 0.605ms/board |  46m 13s 
epoch: 41600 | board_count: 20800000 | loss: 0.0657311538 | accuracy = 0.9048760000 | time: 0.597ms/board |  46m 19s 
epoch: 41700 | board_count: 20850000 | loss: 0.0668650440 | accuracy = 0.9011360000 | time: 0.563ms/board |  46m 25s 
epoch: 41800 | board_count: 20900000 | loss: 0.0651157968 | accuracy = 0.9062360000 | time: 0.563ms/board |  46m 31s 
epoch: 41900 | board_count: 20950000 | loss: 0.0659797047 | accuracy = 0.9052160000 | time: 0.594ms/board |  46m 37s 
epoch: 42000 | board_count: 21000000 | loss: 0.0658595045 | accuracy = 0.9044920000 | time: 0.579ms/board |  46m 42s 
epoch: 42100 | board_count: 21050000 | loss: 0.0653746277 | accuracy = 0.9063920000 | time: 0.610ms/board |  46m 48s 
epoch: 42200 | board_count: 21100000 | loss: 0.0665481435 | accuracy = 0.9034280000 | time: 0.567ms/board |  46m 54s 
epoch: 42300 | board_count: 21150000 | loss: 0.0645632056 | accuracy = 0.9067320000 | time: 0.587ms/board |  46m 60s 
epoch: 42400 | board_count: 21200000 | loss: 0.0649280284 | accuracy = 0.9057800000 | time: 0.563ms/board |  47m 06s 
epoch: 42500 | board_count: 21250000 | loss: 0.0675089288 | accuracy = 0.9014680000 | time: 0.578ms/board |  47m 11s 
epoch: 42600 | board_count: 21300000 | loss: 0.0653827414 | accuracy = 0.9051880000 | time: 0.589ms/board |  47m 17s 
epoch: 42700 | board_count: 21350000 | loss: 0.0663296984 | accuracy = 0.9032120000 | time: 0.566ms/board |  47m 23s 
epoch: 42800 | board_count: 21400000 | loss: 0.0660949216 | accuracy = 0.9041040000 | time: 0.615ms/board |  47m 29s 
epoch: 42900 | board_count: 21450000 | loss: 0.0654866520 | accuracy = 0.9047080000 | time: 0.571ms/board |  47m 35s 
epoch: 43000 | board_count: 21500000 | loss: 0.0668823284 | accuracy = 0.9025920000 | time: 0.573ms/board |  47m 40s 
epoch: 43100 | board_count: 21550000 | loss: 0.0676215419 | accuracy = 0.9006680000 | time: 0.599ms/board |  47m 46s 
epoch: 43200 | board_count: 21600000 | loss: 0.0648551537 | accuracy = 0.9062920000 | time: 0.564ms/board |  47m 52s 
epoch: 43300 | board_count: 21650000 | loss: 0.0662138747 | accuracy = 0.9034040000 | time: 0.576ms/board |  47m 58s 
epoch: 43400 | board_count: 21700000 | loss: 0.0646727019 | accuracy = 0.9063880000 | time: 0.556ms/board |  48m 04s 
epoch: 43500 | board_count: 21750000 | loss: 0.0661604268 | accuracy = 0.9041400000 | time: 0.535ms/board |  48m 10s 
epoch: 43600 | board_count: 21800000 | loss: 0.0658458340 | accuracy = 0.9044280000 | time: 0.556ms/board |  48m 15s 
epoch: 43700 | board_count: 21850000 | loss: 0.0654737250 | accuracy = 0.9050520000 | time: 0.579ms/board |  48m 21s 
epoch: 43800 | board_count: 21900000 | loss: 0.0654877516 | accuracy = 0.9040120000 | time: 0.571ms/board |  48m 27s 
epoch: 43900 | board_count: 21950000 | loss: 0.0653545590 | accuracy = 0.9052360000 | time: 0.618ms/board |  48m 33s 
epoch: 44000 | board_count: 22000000 | loss: 0.0646344629 | accuracy = 0.9062360000 | time: 0.576ms/board |  48m 39s 
epoch: 44100 | board_count: 22050000 | loss: 0.0648696183 | accuracy = 0.9054280000 | time: 0.586ms/board |  48m 44s 
epoch: 44200 | board_count: 22100000 | loss: 0.0664400635 | accuracy = 0.9018720000 | time: 0.521ms/board |  48m 50s 
epoch: 44300 | board_count: 22150000 | loss: 0.0647972335 | accuracy = 0.9059840000 | time: 0.557ms/board |  48m 56s 
epoch: 44400 | board_count: 22200000 | loss: 0.0648192600 | accuracy = 0.9047480000 | time: 0.930ms/board |  49m 02s 
epoch: 44500 | board_count: 22250000 | loss: 0.0663908110 | accuracy = 0.9030640000 | time: 0.600ms/board |  49m 08s 
epoch: 44600 | board_count: 22300000 | loss: 0.0651259598 | accuracy = 0.9052880000 | time: 0.600ms/board |  49m 14s 
epoch: 44700 | board_count: 22350000 | loss: 0.0667004844 | accuracy = 0.9023600000 | time: 0.591ms/board |  49m 19s 
epoch: 44800 | board_count: 22400000 | loss: 0.0654861011 | accuracy = 0.9041520000 | time: 0.594ms/board |  49m 25s 
epoch: 44900 | board_count: 22450000 | loss: 0.0651680547 | accuracy = 0.9050000000 | time: 0.595ms/board |  49m 31s 
epoch: 45000 | board_count: 22500000 | loss: 0.0663551625 | accuracy = 0.9031200000 | time: 0.579ms/board |  49m 37s 
epoch: 45100 | board_count: 22550000 | loss: 0.0652239224 | accuracy = 0.9046360000 | time: 0.546ms/board |  49m 43s 
epoch: 45200 | board_count: 22600000 | loss: 0.0642598816 | accuracy = 0.9070240000 | time: 0.556ms/board |  49m 48s 
epoch: 45300 | board_count: 22650000 | loss: 0.0657985164 | accuracy = 0.9040440000 | time: 0.561ms/board |  49m 54s 
epoch: 45400 | board_count: 22700000 | loss: 0.0665079856 | accuracy = 0.9027440000 | time: 0.566ms/board |  50m 00s 
epoch: 45500 | board_count: 22750000 | loss: 0.0648248008 | accuracy = 0.9056680000 | time: 0.635ms/board |  50m 06s 
epoch: 45600 | board_count: 22800000 | loss: 0.0653726991 | accuracy = 0.9039960000 | time: 0.548ms/board |  50m 12s 
epoch: 45700 | board_count: 22850000 | loss: 0.0664997471 | accuracy = 0.9023840000 | time: 0.589ms/board |  50m 18s 
epoch: 45800 | board_count: 22900000 | loss: 0.0650350350 | accuracy = 0.9047000000 | time: 0.572ms/board |  50m 23s 
epoch: 45900 | board_count: 22950000 | loss: 0.0657447470 | accuracy = 0.9029280000 | time: 0.581ms/board |  50m 29s 
epoch: 46000 | board_count: 23000000 | loss: 0.0654416919 | accuracy = 0.9043760000 | time: 0.574ms/board |  50m 35s 
epoch: 46100 | board_count: 23050000 | loss: 0.0650773403 | accuracy = 0.9048640000 | time: 0.568ms/board |  50m 41s 
epoch: 46200 | board_count: 23100000 | loss: 0.0655381229 | accuracy = 0.9040040000 | time: 0.566ms/board |  50m 47s 
epoch: 46300 | board_count: 23150000 | loss: 0.0667269233 | accuracy = 0.9023400000 | time: 0.571ms/board |  50m 52s 
epoch: 46400 | board_count: 23200000 | loss: 0.0653479029 | accuracy = 0.9037400000 | time: 0.596ms/board |  50m 58s 
epoch: 46500 | board_count: 23250000 | loss: 0.0637517484 | accuracy = 0.9066400000 | time: 0.565ms/board |  51m 04s 
epoch: 46600 | board_count: 23300000 | loss: 0.0664228051 | accuracy = 0.9029480000 | time: 0.624ms/board |  51m 10s 
epoch: 46700 | board_count: 23350000 | loss: 0.0654477874 | accuracy = 0.9040120000 | time: 0.569ms/board |  51m 16s 
epoch: 46800 | board_count: 23400000 | loss: 0.0656546800 | accuracy = 0.9034040000 | time: 0.567ms/board |  51m 22s 
epoch: 46900 | board_count: 23450000 | loss: 0.0641449960 | accuracy = 0.9068760000 | time: 0.552ms/board |  51m 27s 
epoch: 47000 | board_count: 23500000 | loss: 0.0664758177 | accuracy = 0.9023000000 | time: 0.525ms/board |  51m 33s 
epoch: 47100 | board_count: 23550000 | loss: 0.0636282934 | accuracy = 0.9073800000 | time: 0.565ms/board |  51m 39s 
epoch: 47200 | board_count: 23600000 | loss: 0.0651715086 | accuracy = 0.9050640000 | time: 0.574ms/board |  51m 45s 
epoch: 47300 | board_count: 23650000 | loss: 0.0657313656 | accuracy = 0.9031040000 | time: 0.607ms/board |  51m 51s 
epoch: 47400 | board_count: 23700000 | loss: 0.0626367806 | accuracy = 0.9089720000 | time: 0.560ms/board |  51m 57s 
epoch: 47500 | board_count: 23750000 | loss: 0.0652942076 | accuracy = 0.9047720000 | time: 0.557ms/board |  52m 02s 
epoch: 47600 | board_count: 23800000 | loss: 0.0649430183 | accuracy = 0.9042720000 | time: 0.543ms/board |  52m 08s 
epoch: 47700 | board_count: 23850000 | loss: 0.0651821298 | accuracy = 0.9049920000 | time: 0.559ms/board |  52m 14s 
epoch: 47800 | board_count: 23900000 | loss: 0.0625779690 | accuracy = 0.9097160000 | time: 0.557ms/board |  52m 20s 
epoch: 47900 | board_count: 23950000 | loss: 0.0642613212 | accuracy = 0.9054120000 | time: 0.548ms/board |  52m 26s 
epoch: 48000 | board_count: 24000000 | loss: 0.0651894676 | accuracy = 0.9048400000 | time: 0.549ms/board |  52m 32s 
epoch: 48100 | board_count: 24050000 | loss: 0.0672453981 | accuracy = 0.9002440000 | time: 0.530ms/board |  52m 37s 
epoch: 48200 | board_count: 24100000 | loss: 0.0644158228 | accuracy = 0.9060440000 | time: 0.542ms/board |  52m 43s 
epoch: 48300 | board_count: 24150000 | loss: 0.0647469761 | accuracy = 0.9052240000 | time: 0.553ms/board |  52m 49s 
epoch: 48400 | board_count: 24200000 | loss: 0.0649594715 | accuracy = 0.9041440000 | time: 0.621ms/board |  52m 55s 
epoch: 48500 | board_count: 24250000 | loss: 0.0635084668 | accuracy = 0.9079120000 | time: 0.591ms/board |  53m 01s 
epoch: 48600 | board_count: 24300000 | loss: 0.0643498774 | accuracy = 0.9061000000 | time: 0.612ms/board |  53m 06s 
epoch: 48700 | board_count: 24350000 | loss: 0.0649358429 | accuracy = 0.9036800000 | time: 0.561ms/board |  53m 12s 
epoch: 48800 | board_count: 24400000 | loss: 0.0643848605 | accuracy = 0.9057120000 | time: 0.589ms/board |  53m 18s 
epoch: 48900 | board_count: 24450000 | loss: 0.0673929003 | accuracy = 0.9003920000 | time: 0.532ms/board |  53m 24s 
epoch: 49000 | board_count: 24500000 | loss: 0.0642076318 | accuracy = 0.9054160000 | time: 0.538ms/board |  53m 30s 
epoch: 49100 | board_count: 24550000 | loss: 0.0642108187 | accuracy = 0.9056920000 | time: 0.587ms/board |  53m 35s 
epoch: 49200 | board_count: 24600000 | loss: 0.0651306394 | accuracy = 0.9044080000 | time: 0.570ms/board |  53m 41s 
epoch: 49300 | board_count: 24650000 | loss: 0.0641255699 | accuracy = 0.9061920000 | time: 0.571ms/board |  53m 47s 
epoch: 49400 | board_count: 24700000 | loss: 0.0652134194 | accuracy = 0.9036720000 | time: 0.585ms/board |  53m 53s 
epoch: 49500 | board_count: 24750000 | loss: 0.0638310198 | accuracy = 0.9070800000 | time: 0.581ms/board |  53m 59s 
epoch: 49600 | board_count: 24800000 | loss: 0.0637657880 | accuracy = 0.9066760000 | time: 0.534ms/board |  54m 04s 
epoch: 49700 | board_count: 24850000 | loss: 0.0661561583 | accuracy = 0.9023160000 | time: 0.572ms/board |  54m 10s 
epoch: 49800 | board_count: 24900000 | loss: 0.0657344605 | accuracy = 0.9029920000 | time: 0.583ms/board |  54m 16s 
epoch: 49900 | board_count: 24950000 | loss: 0.0653898019 | accuracy = 0.9041320000 | time: 0.790ms/board |  54m 22s 
epoch: 50000 | board_count: 25000000 | loss: 0.0661515265 | accuracy = 0.9026680000 | time: 0.535ms/board |  54m 28s 
epoch: 50100 | board_count: 25050000 | loss: 0.0648529250 | accuracy = 0.9057440000 | time: 0.579ms/board |  54m 34s 
epoch: 50200 | board_count: 25100000 | loss: 0.0635662308 | accuracy = 0.9067760000 | time: 0.542ms/board |  54m 40s 
epoch: 50300 | board_count: 25150000 | loss: 0.0659445834 | accuracy = 0.9024960000 | time: 0.642ms/board |  54m 45s 
epoch: 50400 | board_count: 25200000 | loss: 0.0642244458 | accuracy = 0.9051120000 | time: 0.586ms/board |  54m 51s 
epoch: 50500 | board_count: 25250000 | loss: 0.0649101954 | accuracy = 0.9042680000 | time: 0.542ms/board |  54m 57s 
epoch: 50600 | board_count: 25300000 | loss: 0.0637032999 | accuracy = 0.9066920000 | time: 0.646ms/board |  55m 03s 
epoch: 50700 | board_count: 25350000 | loss: 0.0641014674 | accuracy = 0.9055880000 | time: 0.571ms/board |  55m 09s 
epoch: 50800 | board_count: 25400000 | loss: 0.0654577947 | accuracy = 0.9027200000 | time: 0.593ms/board |  55m 14s 
epoch: 50900 | board_count: 25450000 | loss: 0.0644034218 | accuracy = 0.9056960000 | time: 0.582ms/board |  55m 20s 
epoch: 51000 | board_count: 25500000 | loss: 0.0638908907 | accuracy = 0.9057120000 | time: 0.567ms/board |  55m 26s 
epoch: 51100 | board_count: 25550000 | loss: 0.0648847584 | accuracy = 0.9041680000 | time: 0.561ms/board |  55m 32s 
epoch: 51200 | board_count: 25600000 | loss: 0.0647338695 | accuracy = 0.9052560000 | time: 0.580ms/board |  55m 38s 
epoch: 51300 | board_count: 25650000 | loss: 0.0648539508 | accuracy = 0.9044080000 | time: 0.546ms/board |  55m 44s 
epoch: 51400 | board_count: 25700000 | loss: 0.0636250303 | accuracy = 0.9062000000 | time: 0.605ms/board |  55m 49s 
epoch: 51500 | board_count: 25750000 | loss: 0.0655281722 | accuracy = 0.9031640000 | time: 0.596ms/board |  55m 55s 
epoch: 51600 | board_count: 25800000 | loss: 0.0635854343 | accuracy = 0.9066480000 | time: 0.565ms/board |  56m 01s 
epoch: 51700 | board_count: 25850000 | loss: 0.0659831296 | accuracy = 0.9020680000 | time: 0.593ms/board |  56m 07s 
epoch: 51800 | board_count: 25900000 | loss: 0.0629475299 | accuracy = 0.9076600000 | time: 0.556ms/board |  56m 12s 
epoch: 51900 | board_count: 25950000 | loss: 0.0652733988 | accuracy = 0.9027480000 | time: 0.611ms/board |  56m 18s 
epoch: 52000 | board_count: 26000000 | loss: 0.0642378435 | accuracy = 0.9051400000 | time: 0.556ms/board |  56m 24s 
epoch: 52100 | board_count: 26050000 | loss: 0.0652342481 | accuracy = 0.9041080000 | time: 0.560ms/board |  56m 30s 
epoch: 52200 | board_count: 26100000 | loss: 0.0649274510 | accuracy = 0.9037560000 | time: 0.598ms/board |  56m 36s 
epoch: 52300 | board_count: 26150000 | loss: 0.0632968363 | accuracy = 0.9074120000 | time: 0.595ms/board |  56m 42s 
epoch: 52400 | board_count: 26200000 | loss: 0.0650861595 | accuracy = 0.9043240000 | time: 0.579ms/board |  56m 47s 
epoch: 52500 | board_count: 26250000 | loss: 0.0653944215 | accuracy = 0.9030400000 | time: 0.607ms/board |  56m 53s 
epoch: 52600 | board_count: 26300000 | loss: 0.0642467306 | accuracy = 0.9049440000 | time: 0.551ms/board |  56m 59s 
epoch: 52700 | board_count: 26350000 | loss: 0.0643346376 | accuracy = 0.9046880000 | time: 0.548ms/board |  57m 05s 
epoch: 52800 | board_count: 26400000 | loss: 0.0648281212 | accuracy = 0.9040440000 | time: 0.618ms/board |  57m 10s 
epoch: 52900 | board_count: 26450000 | loss: 0.0653095941 | accuracy = 0.9042040000 | time: 0.603ms/board |  57m 16s 
epoch: 53000 | board_count: 26500000 | loss: 0.0641240230 | accuracy = 0.9055320000 | time: 0.571ms/board |  57m 22s 
epoch: 53100 | board_count: 26550000 | loss: 0.0642521027 | accuracy = 0.9049320000 | time: 0.592ms/board |  57m 28s 
epoch: 53200 | board_count: 26600000 | loss: 0.0643977769 | accuracy = 0.9052120000 | time: 0.588ms/board |  57m 34s 
epoch: 53300 | board_count: 26650000 | loss: 0.0635568799 | accuracy = 0.9060840000 | time: 0.588ms/board |  57m 40s 
epoch: 53400 | board_count: 26700000 | loss: 0.0648496975 | accuracy = 0.9037360000 | time: 0.561ms/board |  57m 45s 
epoch: 53500 | board_count: 26750000 | loss: 0.0636107935 | accuracy = 0.9065000000 | time: 0.566ms/board |  57m 51s 
epoch: 53600 | board_count: 26800000 | loss: 0.0648455762 | accuracy = 0.9040080000 | time: 0.553ms/board |  57m 57s 
epoch: 53700 | board_count: 26850000 | loss: 0.0662080863 | accuracy = 0.9019440000 | time: 0.592ms/board |  58m 03s 
epoch: 53800 | board_count: 26900000 | loss: 0.0661014592 | accuracy = 0.9018680000 | time: 0.554ms/board |  58m 09s 
epoch: 53900 | board_count: 26950000 | loss: 0.0647215777 | accuracy = 0.9038240000 | time: 0.566ms/board |  58m 14s 
epoch: 54000 | board_count: 27000000 | loss: 0.0654900265 | accuracy = 0.9029120000 | time: 0.567ms/board |  58m 20s 
epoch: 54100 | board_count: 27050000 | loss: 0.0635439994 | accuracy = 0.9063800000 | time: 0.568ms/board |  58m 26s 
epoch: 54200 | board_count: 27100000 | loss: 0.0657638564 | accuracy = 0.9013680000 | time: 0.548ms/board |  58m 32s 
epoch: 54300 | board_count: 27150000 | loss: 0.0669100501 | accuracy = 0.8995320000 | time: 0.587ms/board |  58m 38s 
epoch: 54400 | board_count: 27200000 | loss: 0.0649687332 | accuracy = 0.9031000000 | time: 0.576ms/board |  58m 44s 
epoch: 54500 | board_count: 27250000 | loss: 0.0645521674 | accuracy = 0.9037480000 | time: 0.577ms/board |  58m 49s 
epoch: 54600 | board_count: 27300000 | loss: 0.0639985127 | accuracy = 0.9055560000 | time: 0.629ms/board |  58m 55s 
epoch: 54700 | board_count: 27350000 | loss: 0.0630298097 | accuracy = 0.9074920000 | time: 0.546ms/board |  59m 01s 
epoch: 54800 | board_count: 27400000 | loss: 0.0640392337 | accuracy = 0.9054840000 | time: 0.603ms/board |  59m 07s 
epoch: 54900 | board_count: 27450000 | loss: 0.0629510680 | accuracy = 0.9075560000 | time: 0.580ms/board |  59m 13s 
epoch: 55000 | board_count: 27500000 | loss: 0.0636658031 | accuracy = 0.9064040000 | time: 0.575ms/board |  59m 18s 
epoch: 55100 | board_count: 27550000 | loss: 0.0632841210 | accuracy = 0.9060560000 | time: 0.586ms/board |  59m 24s 
epoch: 55200 | board_count: 27600000 | loss: 0.0653656871 | accuracy = 0.9028240000 | time: 0.557ms/board |  59m 30s 
epoch: 55300 | board_count: 27650000 | loss: 0.0642850454 | accuracy = 0.9044480000 | time: 0.567ms/board |  59m 36s 
Command exited with non-zero status 124
real 3600.18
user 3542.84
sys 9.18
