removed './neural_networks/models/GameOfLifeForward_128.pth'
GameOfLifeForward_128.load(): reinitializing weights

GameOfLifeForward_128
GameOfLifeForward_128(
  (criterion): MSELoss()
  (conv1): Conv2d(1, 128, kernel_size=(3, 3), stride=(1, 1), padding=(1, 1), padding_mode=circular)
  (conv2): Conv2d(128, 16, kernel_size=(1, 1), stride=(1, 1))
  (conv3): Conv2d(16, 8, kernel_size=(1, 1), stride=(1, 1))
  (conv4): Conv2d(9, 1, kernel_size=(1, 1), stride=(1, 1))
  (dropout): Dropout(p=0.0, inplace=False)
  (activation): PReLU(num_parameters=1)
)
activation.weight
[0.25]

conv1.weight
[[[[ 0.7513771   0.18522601 -0.25302732]
   [ 0.11734939  0.24804598 -0.2119524 ]
   [ 0.04675331  0.30238768 -0.5374353 ]]]
 [[[ 0.00860607 -0.43246916  0.8265245 ]
   [ 0.756775   -0.012409    0.17200525]
   [-0.32229936 -0.8085192  -1.0797259 ]]]
 [[[-0.69238013  0.1059172  -0.04308588]
   [ 0.39204276 -0.22874837 -0.10323729]
   [-0.5841898  -0.32666785 -0.26172653]]]
 ...
 [[[ 0.28188097 -0.29260194  0.09314059]
   [ 0.41394433 -0.35098633  1.0011752 ]
   [-0.358884    0.18957593  0.1728764 ]]]
 [[[-0.3045277  -0.26582906  0.28815907]
   [ 1.2436877  -0.38062984 -0.479216  ]
   [-0.11519691  0.44990224 -0.9850286 ]]]
 [[[ 0.18582241  0.18744315 -0.29532644]
   [ 0.44533387  0.0500627  -0.38458008]
   [ 0.0397232   0.21321774 -0.5547183 ]]]]

conv1.bias
[0.1 0.1 0.1 0.1 0.1 0.1 0.1 0.1 0.1 0.1 0.1 0.1 0.1 0.1 0.1 0.1 0.1 0.1
 0.1 0.1 0.1 0.1 0.1 0.1 0.1 0.1 0.1 0.1 0.1 0.1 0.1 0.1 0.1 0.1 0.1 0.1
 0.1 0.1 0.1 0.1 0.1 0.1 0.1 0.1 0.1 0.1 0.1 0.1 0.1 0.1 0.1 0.1 0.1 0.1
 0.1 0.1 0.1 0.1 0.1 0.1 0.1 0.1 0.1 0.1 0.1 0.1 0.1 0.1 0.1 0.1 0.1 0.1
 0.1 0.1 0.1 0.1 0.1 0.1 0.1 0.1 0.1 0.1 0.1 0.1 0.1 0.1 0.1 0.1 0.1 0.1
 0.1 0.1 0.1 0.1 0.1 0.1 0.1 0.1 0.1 0.1 0.1 0.1 0.1 0.1 0.1 0.1 0.1 0.1
 0.1 0.1 0.1 0.1 0.1 0.1 0.1 0.1 0.1 0.1 0.1 0.1 0.1 0.1 0.1 0.1 0.1 0.1
 0.1 0.1]

conv2.weight
[[[[ 0.00095147]]
  [[ 0.14212452]]
  [[-0.10601739]]
  ...
  [[-0.06468239]]
  [[ 0.03090219]]
  [[-0.14642198]]]
 [[[ 0.2381153 ]]
  [[-0.02658563]]
  [[ 0.09795737]]
  ...
  [[-0.19115171]]
  [[-0.0436062 ]]
  [[ 0.15681538]]]
 [[[-0.01968181]]
  [[ 0.01879299]]
  [[ 0.16752182]]
  ...
  [[ 0.08620388]]
  [[-0.01059634]]
  [[ 0.01810664]]]
 ...
 [[[-0.03184025]]
  [[ 0.06441451]]
  [[-0.03114338]]
  ...
  [[-0.18304591]]
  [[ 0.06058518]]
  [[-0.2723571 ]]]
 [[[-0.02197676]]
  [[-0.01352753]]
  [[ 0.07439975]]
  ...
  [[-0.09133668]]
  [[-0.03772478]]
  [[ 0.09607922]]]
 [[[-0.11407147]]
  [[-0.20486495]]
  [[ 0.05843208]]
  ...
  [[ 0.07470039]]
  [[-0.074109  ]]
  [[-0.05353732]]]]

conv2.bias
[0.1 0.1 0.1 0.1 0.1 0.1 0.1 0.1 0.1 0.1 0.1 0.1 0.1 0.1 0.1 0.1]

conv3.weight
[[[[ 0.3509773 ]]
  [[-0.16863328]]
  [[ 0.13664266]]
  [[ 0.37324268]]
  [[-0.67448646]]
  [[-0.6281632 ]]
  [[-0.5816811 ]]
  [[-0.23787281]]
  [[-0.19176121]]
  [[-0.09284348]]
  [[-0.43527755]]
  [[ 0.35306463]]
  [[-0.25242412]]
  [[-0.00329943]]
  [[-0.5839863 ]]
  [[-0.3685123 ]]]
 [[[ 0.03674041]]
  [[ 0.1446393 ]]
  [[ 0.18482998]]
  [[ 0.46704906]]
  [[ 0.6808628 ]]
  [[ 0.21677601]]
  [[ 0.27720755]]
  [[-0.20743176]]
  [[-0.3500469 ]]
  [[ 0.41290015]]
  [[ 0.7605129 ]]
  [[ 0.14692065]]
  [[ 0.09080634]]
  [[ 0.16025946]]
  [[-0.38950503]]
  [[-0.16372412]]]
 [[[ 0.61845225]]
  [[-0.04106253]]
  [[ 0.49502122]]
  [[-0.13875031]]
  [[-0.45436534]]
  [[-0.29897085]]
  [[ 0.18007228]]
  [[-0.11277134]]
  [[ 0.18885638]]
  [[-0.08538944]]
  [[ 0.19580859]]
  [[ 0.02526733]]
  [[ 0.15682952]]
  [[-0.2807049 ]]
  [[ 0.47084284]]
  [[ 0.2886773 ]]]
 [[[-0.03133858]]
  [[ 0.8283772 ]]
  [[-0.09153354]]
  [[ 0.10922573]]
  [[ 0.2776644 ]]
  [[-0.21547374]]
  [[ 0.08128588]]
  [[-0.27228022]]
  [[ 0.17082259]]
  [[ 0.03743802]]
  [[-0.45425224]]
  [[ 0.645588  ]]
  [[ 0.6964209 ]]
  [[-0.17725894]]
  [[ 0.58207375]]
  [[ 0.01394118]]]
 [[[-0.16863726]]
  [[-0.19602053]]
  [[ 0.16287105]]
  [[-0.00823588]]
  [[ 0.90115744]]
  [[ 0.09376571]]
  [[ 0.4184643 ]]
  [[ 0.6526645 ]]
  [[-0.04119981]]
  [[-0.14752631]]
  [[ 0.06919444]]
  [[ 0.01567081]]
  [[-0.3038484 ]]
  [[ 0.23146865]]
  [[-0.33496958]]
  [[-0.66295636]]]
 [[[-0.00283635]]
  [[-0.3057754 ]]
  [[ 0.06906878]]
  [[ 0.69932437]]
  [[-0.18306692]]
  [[ 0.01080956]]
  [[ 0.1259098 ]]
  [[ 0.3446346 ]]
  [[ 0.30854887]]
  [[-0.5970066 ]]
  [[ 0.3299087 ]]
  [[ 0.2097967 ]]
  [[-0.26723537]]
  [[ 0.22393861]]
  [[ 0.0505111 ]]
  [[-0.45821947]]]
 [[[ 0.17149621]]
  [[-0.15501826]]
  [[-0.5565257 ]]
  [[ 0.12460764]]
  [[ 0.10986275]]
  [[ 0.1720722 ]]
  [[ 0.78679633]]
  [[-0.17564909]]
  [[-0.03598539]]
  [[ 0.50834495]]
  [[ 0.01336268]]
  [[-0.4440573 ]]
  [[ 0.16514716]]
  [[-0.09231189]]
  [[-0.43121168]]
  [[-0.46030423]]]
 [[[-0.1529482 ]]
  [[ 0.02445067]]
  [[ 0.33181337]]
  [[ 0.5377608 ]]
  [[-0.19610564]]
  [[-0.0239564 ]]
  [[-0.41858792]]
  [[-0.04308707]]
  [[ 0.06328651]]
  [[ 0.42474476]]
  [[ 0.5626422 ]]
  [[ 0.20526445]]
  [[-0.51398164]]
  [[-0.17336488]]
  [[ 0.06815147]]
  [[-0.1648932 ]]]]

conv3.bias
[0.1 0.1 0.1 0.1 0.1 0.1 0.1 0.1]

conv4.weight
[[[[ 3.5186049e-01]]
  [[ 1.6105060e-01]]
  [[-2.2521962e-01]]
  [[-3.0260357e-01]]
  [[-1.8624581e-01]]
  [[-2.2251260e-01]]
  [[-1.9304040e-05]]
  [[ 3.8002890e-01]]
  [[-2.8955486e-01]]]]

conv4.bias
[0.1]

--------------------
Training: GameOfLifeForward_128
GameOfLifeForward_128.load(): model file not found, reinitializing weights

GameOfLifeForward_128(
  (criterion): MSELoss()
  (conv1): Conv2d(1, 128, kernel_size=(3, 3), stride=(1, 1), padding=(1, 1), padding_mode=circular)
  (conv2): Conv2d(128, 16, kernel_size=(1, 1), stride=(1, 1))
  (conv3): Conv2d(16, 8, kernel_size=(1, 1), stride=(1, 1))
  (conv4): Conv2d(9, 1, kernel_size=(1, 1), stride=(1, 1))
  (dropout): Dropout(p=0.0, inplace=False)
  (activation): PReLU(num_parameters=1)
)
epoch:    1 | board_count:     500 | loss: 0.2867092013 | accuracy = 0.3139744000 | time: 7.551ms/board |   0m 01s 
epoch:    2 | board_count:    1000 | loss: 0.2398299217 | accuracy = 0.7548096000 | time: 1.802ms/board |   0m 01s 
epoch:    3 | board_count:    1500 | loss: 0.2009018958 | accuracy = 0.7965344000 | time: 1.649ms/board |   0m 01s 
epoch:    4 | board_count:    2000 | loss: 0.1811824173 | accuracy = 0.8322976000 | time: 1.798ms/board |   0m 01s 
epoch:    5 | board_count:    2500 | loss: 0.1736989319 | accuracy = 0.8349888000 | time: 1.467ms/board |   0m 01s 
epoch:    6 | board_count:    3000 | loss: 0.1710793406 | accuracy = 0.8318016000 | time: 1.363ms/board |   0m 02s 
epoch:    7 | board_count:    3500 | loss: 0.1709680676 | accuracy = 0.8287360000 | time: 1.939ms/board |   0m 02s 
epoch:    8 | board_count:    4000 | loss: 0.1620463938 | accuracy = 0.8404960000 | time: 2.023ms/board |   0m 02s 
epoch:    9 | board_count:    4500 | loss: 0.1663127959 | accuracy = 0.8241920000 | time: 2.067ms/board |   0m 02s 
epoch:   10 | board_count:    5000 | loss: 0.1623314828 | accuracy = 0.8355200000 | time: 1.709ms/board |   0m 02s 
epoch:   20 | board_count:   10000 | loss: 0.1445169720 | accuracy = 0.8478428800 | time: 1.646ms/board |   0m 04s 
epoch:   30 | board_count:   15000 | loss: 0.1283532080 | accuracy = 0.8502876800 | time: 1.508ms/board |   0m 06s 
epoch:   40 | board_count:   20000 | loss: 0.1144792980 | accuracy = 0.8553536000 | time: 1.788ms/board |   0m 07s 
epoch:   50 | board_count:   25000 | loss: 0.1052493723 | accuracy = 0.8616352000 | time: 1.595ms/board |   0m 09s 
epoch:   60 | board_count:   30000 | loss: 0.0979405181 | accuracy = 0.8677660800 | time: 1.569ms/board |   0m 11s 
epoch:   70 | board_count:   35000 | loss: 0.0918534835 | accuracy = 0.8807094400 | time: 2.166ms/board |   0m 13s 
epoch:   80 | board_count:   40000 | loss: 0.0870251998 | accuracy = 0.8903798400 | time: 1.373ms/board |   0m 14s 
epoch:   90 | board_count:   45000 | loss: 0.0790615268 | accuracy = 0.8999558400 | time: 1.817ms/board |   0m 16s 
epoch:  100 | board_count:   50000 | loss: 0.0779801744 | accuracy = 0.8979177600 | time: 1.767ms/board |   0m 18s 
epoch:  200 | board_count:  100000 | loss: 0.0574788991 | accuracy = 0.9217181440 | time: 1.545ms/board |   0m 36s 
epoch:  300 | board_count:  150000 | loss: 0.0229610846 | accuracy = 0.9896734400 | time: 1.297ms/board |   0m 50s 
epoch:  400 | board_count:  200000 | loss: 0.0038150653 | accuracy = 1.0000000000 | time: 1.399ms/board |   1m 03s 
Finished Training: GameOfLifeForward_128 - 474 epochs in 71.8s
GameOfLifeForward_128.savefile(): /home/jamie/code/ai-games/puzzles/game_of_life/neural_networks/models/GameOfLifeForward_128.pth = 17.2 kB
--------------------
GameOfLifeForward_128
GameOfLifeForward_128(
  (criterion): MSELoss()
  (conv1): Conv2d(1, 128, kernel_size=(3, 3), stride=(1, 1), padding=(1, 1), padding_mode=circular)
  (conv2): Conv2d(128, 16, kernel_size=(1, 1), stride=(1, 1))
  (conv3): Conv2d(16, 8, kernel_size=(1, 1), stride=(1, 1))
  (conv4): Conv2d(9, 1, kernel_size=(1, 1), stride=(1, 1))
  (dropout): Dropout(p=0.0, inplace=False)
  (activation): PReLU(num_parameters=1)
)
activation.weight
[0.25948372]

conv1.weight
[[[[-0.3217761  -0.12196884  0.9221121 ]
   [-0.04359011  1.201345    0.03633438]
   [-0.39032874 -0.6919886  -0.25873905]]]
 [[[-0.18253537 -0.39785308 -0.4950728 ]
   [ 0.31380686  0.6257342  -0.65311617]
   [ 0.4796521   0.07491696 -0.16621234]]]
 [[[-1.4225249  -0.86092687 -1.1433984 ]
   [ 0.67584515  0.3270903  -0.68145853]
   [-0.0574491  -0.44289628 -0.59027135]]]
 ...
 [[[-0.5639392   0.8819658  -0.4663424 ]
   [ 0.10223581 -0.22912504 -0.11850501]
   [ 0.51896554  0.10082622  0.20523617]]]
 [[[-0.04759604  0.01195312 -0.04635953]
   [ 0.55477864 -0.15100339  0.22147566]
   [ 0.0182754   0.1788612   0.13178305]]]
 [[[-0.02483252  0.6308786   0.0392316 ]
   [-0.7877441   0.01515249 -1.0770814 ]
   [ 0.25667065  0.18995643  0.4320335 ]]]]

conv1.bias
[ 0.14714186  0.27975675  0.2670507  -0.03508089  0.26548055 -0.06333083
 -0.08120451  0.28666383  0.24451393  0.01645929 -0.00846475  0.2827055
  0.23057637  0.29301083  0.26704705  0.2408049   0.25955445  0.2036846
  0.25662968  0.27377942 -0.07294965 -0.06276229  0.20192648  0.24669619
  0.28148684  0.25777847  0.28184304  0.28140184  0.27906358 -0.01043276
  0.19267783  0.25882012  0.27668595  0.22910096  0.28806734  0.12852043
 -0.08173571  0.16025026  0.2679343   0.07804634 -0.06685362  0.2947962
  0.28611737  0.03654155  0.29567832  0.2799864   0.28399855  0.26910603
  0.2355782   0.24621789 -0.08352595  0.28449523  0.12170316  0.2847564
  0.2713797   0.28340513  0.28063723  0.14657058  0.2807546   0.14737648
  0.2705588   0.2852828   0.29341766  0.24890359  0.2279602   0.26688316
  0.08606818  0.29209617  0.27913     0.27848163  0.28285113  0.26734677
  0.2197488   0.13652477  0.2950651  -0.07844263  0.27900034  0.22115266
  0.16874062  0.2665093   0.11031004  0.23832184 -0.01226771  0.2782356
  0.2783115   0.08559671  0.18247975  0.12903851  0.2830239   0.28358322
  0.27386904  0.24364485 -0.02006236  0.22156703  0.25023368  0.27329844
  0.15420462  0.2954134   0.15156989  0.05807892  0.26880735 -0.05012589
  0.04284716  0.27609095  0.0744021   0.26651105 -0.06709229  0.22143522
  0.2787313   0.27375746 -0.04908125  0.2672172   0.27698737  0.29936814
  0.21927479  0.27379078  0.05706754  0.04485524  0.1779906   0.04662709
  0.28912035  0.13165392 -0.09234632 -0.06539051  0.18908636  0.04585293
  0.25847247  0.27405575]

conv2.weight
[[[[ 0.1612333 ]]
  [[ 0.0406897 ]]
  [[-0.16077287]]
  ...
  [[ 0.01141232]]
  [[-0.1356056 ]]
  [[ 0.10344444]]]
 [[[-0.10755797]]
  [[-0.31725326]]
  [[-0.06943288]]
  ...
  [[-0.06287575]]
  [[-0.08810826]]
  [[-0.03211569]]]
 [[[-0.08235683]]
  [[-0.13478409]]
  [[-0.16480348]]
  ...
  [[-0.08299763]]
  [[ 0.08163886]]
  [[-0.2530068 ]]]
 ...
 [[[-0.04833641]]
  [[ 0.03252093]]
  [[-0.0713894 ]]
  ...
  [[-0.03918525]]
  [[ 0.05966181]]
  [[-0.17945665]]]
 [[[-0.0843253 ]]
  [[ 0.4819455 ]]
  [[-0.04435581]]
  ...
  [[ 0.16496754]]
  [[-0.07425167]]
  [[-0.07033417]]]
 [[[ 0.0843458 ]]
  [[ 0.24103546]]
  [[ 0.20824365]]
  ...
  [[-0.28479886]]
  [[ 0.05316111]]
  [[ 0.3371712 ]]]]

conv2.bias
[ 0.01803221 -0.00832898  0.02241499  0.2629733   0.25403312  0.1383037
 -0.03885315  0.24848561 -0.01196148  0.25275177 -0.0220159   0.2653372
  0.2179711  -0.06449363  0.2511695   0.2629907 ]

conv3.weight
[[[[-0.23895216]]
  [[-0.4423976 ]]
  [[-0.35207647]]
  [[-0.24359372]]
  [[-0.51852745]]
  [[ 0.29660118]]
  [[-0.3280647 ]]
  [[ 0.70699644]]
  [[-0.2280632 ]]
  [[-0.6850963 ]]
  [[-0.6513646 ]]
  [[-0.24187136]]
  [[ 0.574291  ]]
  [[-0.6571738 ]]
  [[-0.52229404]]
  [[-0.7426619 ]]]
 [[[ 0.09370808]]
  [[-0.01927894]]
  [[-0.15257911]]
  [[ 0.22372831]]
  [[-0.24342236]]
  [[-0.37826803]]
  [[-0.16806279]]
  [[-0.5601793 ]]
  [[-0.02898909]]
  [[-0.14224467]]
  [[ 0.12014805]]
  [[-0.2371223 ]]
  [[ 0.46956432]]
  [[-0.20422208]]
  [[ 0.5720858 ]]
  [[-0.3681046 ]]]
 [[[ 0.08922204]]
  [[-0.19835085]]
  [[-1.0859256 ]]
  [[-0.07857931]]
  [[-0.7372379 ]]
  [[ 0.15861742]]
  [[-0.19378284]]
  [[-0.01204604]]
  [[-0.4020249 ]]
  [[-0.241383  ]]
  [[-0.3947157 ]]
  [[-0.24968329]]
  [[-0.0049562 ]]
  [[-0.2146955 ]]
  [[ 0.58493984]]
  [[-0.9671876 ]]]
 [[[ 0.67034394]]
  [[-0.642762  ]]
  [[-0.34145308]]
  [[-0.16067739]]
  [[-0.54761654]]
  [[ 0.5006988 ]]
  [[ 0.3145299 ]]
  [[-0.3146477 ]]
  [[-0.17139351]]
  [[ 0.17709792]]
  [[ 0.36930972]]
  [[-0.37947643]]
  [[ 0.11916526]]
  [[ 0.10993376]]
  [[ 0.52636296]]
  [[-0.18359385]]]
 [[[-0.5999026 ]]
  [[-0.00849325]]
  [[ 0.55407894]]
  [[ 0.19315976]]
  [[ 1.054803  ]]
  [[-0.03478074]]
  [[-0.00788352]]
  [[ 0.5308307 ]]
  [[-0.6690182 ]]
  [[ 0.31043854]]
  [[ 0.01718026]]
  [[ 0.46119404]]
  [[ 0.06360366]]
  [[-0.366887  ]]
  [[ 0.45980257]]
  [[ 0.51631576]]]
 [[[ 0.3875372 ]]
  [[ 0.42225498]]
  [[ 0.30990306]]
  [[-0.15632658]]
  [[ 0.01852672]]
  [[ 0.18758492]]
  [[-0.11076421]]
  [[-0.61236095]]
  [[-0.03878914]]
  [[ 0.10851397]]
  [[-0.9192916 ]]
  [[-0.93515044]]
  [[-0.5451493 ]]
  [[-0.20052513]]
  [[-0.4678896 ]]
  [[-0.54576015]]]
 [[[-0.17692758]]
  [[ 0.3138399 ]]
  [[ 0.850998  ]]
  [[-0.16799796]]
  [[ 0.3305876 ]]
  [[-0.04823102]]
  [[ 0.10995582]]
  [[ 0.0536897 ]]
  [[ 0.54804707]]
  [[ 0.16051415]]
  [[-0.08907323]]
  [[ 0.05107016]]
  [[-0.4537396 ]]
  [[ 0.48809776]]
  [[-0.6908521 ]]
  [[-0.6210582 ]]]
 [[[ 0.1638079 ]]
  [[-0.6357207 ]]
  [[-0.41894957]]
  [[-0.5981082 ]]
  [[ 0.10526133]]
  [[-0.00403583]]
  [[-0.5153677 ]]
  [[-0.33365837]]
  [[ 0.48141968]]
  [[-0.3917411 ]]
  [[-0.09571055]]
  [[-0.25880694]]
  [[ 0.42658895]]
  [[-0.80423206]]
  [[ 0.1819278 ]]
  [[-0.6451391 ]]]]

conv3.bias
[0.22060113 0.08517202 0.17767043 0.14399715 0.26657256 0.15246528
 0.24537845 0.20628141]

conv4.weight
[[[[ 0.7638737 ]]
  [[ 0.68120694]]
  [[ 0.81732804]]
  [[ 1.0624522 ]]
  [[-0.7466158 ]]
  [[-0.30781305]]
  [[-0.21386406]]
  [[ 1.1054301 ]]
  [[-0.73496497]]]]

conv4.bias
[-0.03023939]

real 76.38
user 94.70
sys 1.27
