GameOfLifeForward_1N.load(): reinitializing weights

GameOfLifeForward_1N
GameOfLifeForward_1N(
  (criterion): MSELoss()
  (layers): ModuleList(
    (0): Conv2d(1, 1, kernel_size=(3, 3), stride=(1, 1), padding=(1, 1), padding_mode=circular)
    (1): Conv2d(1, 2, kernel_size=(1, 1), stride=(1, 1))
    (2): Conv2d(2, 1, kernel_size=(1, 1), stride=(1, 1))
  )
  (dropout): Dropout(p=0.0, inplace=False)
  (activation): PReLU(num_parameters=1)
)
activation.weight
[0.25]

layers.0.weight
[[[[ 0.95242465 -0.5063493   0.12933597]
   [ 0.01381161 -0.15413463 -0.49458098]
   [ 0.05114496 -0.07021475  0.03637409]]]]

layers.0.bias
[0.1]

layers.1.weight
[[[[ 0.45495355]]]
 [[[-0.55142456]]]]

layers.1.bias
[0.1 0.1]

layers.2.weight
[[[[-1.0793358 ]]
  [[-0.58900344]]]]

layers.2.bias
[0.1]

--------------------
Training: GameOfLifeForward_1N
GameOfLifeForward_1N.load(): model file not found, reinitializing weights

GameOfLifeForward_1N(
  (criterion): MSELoss()
  (layers): ModuleList(
    (0): Conv2d(1, 1, kernel_size=(3, 3), stride=(1, 1), padding=(1, 1), padding_mode=circular)
    (1): Conv2d(1, 2, kernel_size=(1, 1), stride=(1, 1))
    (2): Conv2d(2, 1, kernel_size=(1, 1), stride=(1, 1))
  )
  (dropout): Dropout(p=0.0, inplace=False)
  (activation): PReLU(num_parameters=1)
)
epoch:    1 | board_count:     500 | loss: 0.3123968720 | accuracy = 0.1420000000 | time: 10.399ms/board |   0m 01s 
epoch:    2 | board_count:    1000 | loss: 0.3088630855 | accuracy = 0.1608000000 | time: 0.823ms/board |   0m 01s 
epoch:    3 | board_count:    1500 | loss: 0.3087883651 | accuracy = 0.1276000000 | time: 0.876ms/board |   0m 01s 
epoch:    4 | board_count:    2000 | loss: 0.3021063209 | accuracy = 0.1824000000 | time: 0.862ms/board |   0m 01s 
epoch:    5 | board_count:    2500 | loss: 0.3036411047 | accuracy = 0.1312000000 | time: 0.897ms/board |   0m 01s 
epoch:    6 | board_count:    3000 | loss: 0.3021937966 | accuracy = 0.1380000000 | time: 0.846ms/board |   0m 01s 
epoch:    7 | board_count:    3500 | loss: 0.3011096358 | accuracy = 0.1268000000 | time: 0.854ms/board |   0m 02s 
epoch:    8 | board_count:    4000 | loss: 0.3009747267 | accuracy = 0.1204000000 | time: 0.778ms/board |   0m 02s 
epoch:    9 | board_count:    4500 | loss: 0.2977533638 | accuracy = 0.1528000000 | time: 0.635ms/board |   0m 02s 
epoch:   10 | board_count:    5000 | loss: 0.3013988674 | accuracy = 0.1400000000 | time: 0.696ms/board |   0m 02s 
epoch:   20 | board_count:   10000 | loss: 0.2961034757 | accuracy = 0.1485200000 | time: 0.916ms/board |   0m 03s 
epoch:   30 | board_count:   15000 | loss: 0.2906547773 | accuracy = 0.1548800000 | time: 0.622ms/board |   0m 03s 
epoch:   40 | board_count:   20000 | loss: 0.2865758175 | accuracy = 0.1414800000 | time: 0.892ms/board |   0m 04s 
epoch:   50 | board_count:   25000 | loss: 0.2829490149 | accuracy = 0.1462000000 | time: 0.906ms/board |   0m 05s 
epoch:   60 | board_count:   30000 | loss: 0.2789792049 | accuracy = 0.1532800000 | time: 0.748ms/board |   0m 06s 
epoch:   70 | board_count:   35000 | loss: 0.2757188338 | accuracy = 0.1515200000 | time: 0.866ms/board |   0m 07s 
epoch:   80 | board_count:   40000 | loss: 0.2731485093 | accuracy = 0.1447200000 | time: 0.858ms/board |   0m 07s 
epoch:   90 | board_count:   45000 | loss: 0.2699535686 | accuracy = 0.1487600000 | time: 0.871ms/board |   0m 08s 
epoch:  100 | board_count:   50000 | loss: 0.2671944410 | accuracy = 0.1535600000 | time: 0.865ms/board |   0m 09s 
epoch:  200 | board_count:  100000 | loss: 0.2505374497 | accuracy = 0.4849384000 | time: 0.833ms/board |   0m 17s 
epoch:  300 | board_count:  150000 | loss: 0.2222671623 | accuracy = 0.8271824000 | time: 0.780ms/board |   0m 24s 
epoch:  400 | board_count:  200000 | loss: 0.1998225647 | accuracy = 0.8390304000 | time: 0.887ms/board |   0m 32s 
epoch:  500 | board_count:  250000 | loss: 0.1789668252 | accuracy = 0.8484680000 | time: 0.886ms/board |   0m 40s 
epoch:  600 | board_count:  300000 | loss: 0.1603356196 | accuracy = 0.8501160000 | time: 0.873ms/board |   0m 48s 
epoch:  700 | board_count:  350000 | loss: 0.1422706828 | accuracy = 0.8534744000 | time: 0.871ms/board |   0m 56s 
epoch:  800 | board_count:  400000 | loss: 0.1307684103 | accuracy = 0.8516256000 | time: 0.685ms/board |   1m 04s 
epoch:  900 | board_count:  450000 | loss: 0.1220384226 | accuracy = 0.8491024000 | time: 0.839ms/board |   1m 12s 
epoch: 1000 | board_count:  500000 | loss: 0.1150509791 | accuracy = 0.8537744000 | time: 0.593ms/board |   1m 19s 
epoch: 1100 | board_count:  550000 | loss: 0.1115426961 | accuracy = 0.8532192000 | time: 0.611ms/board |   1m 27s 
epoch: 1200 | board_count:  600000 | loss: 0.1089952284 | accuracy = 0.8538632000 | time: 0.659ms/board |   1m 35s 
epoch: 1300 | board_count:  650000 | loss: 0.1074989966 | accuracy = 0.8513512000 | time: 0.651ms/board |   1m 42s 
epoch: 1400 | board_count:  700000 | loss: 0.1037204151 | accuracy = 0.8530160000 | time: 0.862ms/board |   1m 50s 
epoch: 1500 | board_count:  750000 | loss: 0.1023589823 | accuracy = 0.8549808000 | time: 0.653ms/board |   1m 58s 
epoch: 1600 | board_count:  800000 | loss: 0.1035320315 | accuracy = 0.8509040000 | time: 0.891ms/board |   2m 06s 
epoch: 1700 | board_count:  850000 | loss: 0.1013742041 | accuracy = 0.8557904000 | time: 0.859ms/board |   2m 14s 
epoch: 1800 | board_count:  900000 | loss: 0.1012015886 | accuracy = 0.8572208000 | time: 0.891ms/board |   2m 21s 
epoch: 1900 | board_count:  950000 | loss: 0.1002203539 | accuracy = 0.8623672000 | time: 0.861ms/board |   2m 29s 
epoch: 2000 | board_count: 1000000 | loss: 0.1002336305 | accuracy = 0.8626216000 | time: 0.921ms/board |   2m 37s 
epoch: 2100 | board_count: 1050000 | loss: 0.0967447323 | accuracy = 0.8722248000 | time: 0.669ms/board |   2m 45s 
epoch: 2200 | board_count: 1100000 | loss: 0.0964977507 | accuracy = 0.8773768000 | time: 0.621ms/board |   2m 53s 
epoch: 2300 | board_count: 1150000 | loss: 0.0931539225 | accuracy = 0.8886400000 | time: 0.838ms/board |   3m 00s 
epoch: 2400 | board_count: 1200000 | loss: 0.0895758002 | accuracy = 0.8916960000 | time: 0.845ms/board |   3m 08s 
epoch: 2500 | board_count: 1250000 | loss: 0.0914168922 | accuracy = 0.8877680000 | time: 0.844ms/board |   3m 16s 
epoch: 2600 | board_count: 1300000 | loss: 0.0921218696 | accuracy = 0.8463496000 | time: 0.872ms/board |   3m 24s 
epoch: 2700 | board_count: 1350000 | loss: 0.0910662812 | accuracy = 0.8432760000 | time: 0.630ms/board |   3m 32s 
epoch: 2800 | board_count: 1400000 | loss: 0.0884733654 | accuracy = 0.8460320000 | time: 0.811ms/board |   3m 39s 
epoch: 2900 | board_count: 1450000 | loss: 0.0868814510 | accuracy = 0.8466080000 | time: 0.836ms/board |   3m 47s 
epoch: 3000 | board_count: 1500000 | loss: 0.0857458113 | accuracy = 0.8467760000 | time: 0.772ms/board |   3m 55s 
epoch: 3100 | board_count: 1550000 | loss: 0.0850864642 | accuracy = 0.8451680000 | time: 0.638ms/board |   4m 03s 
epoch: 3200 | board_count: 1600000 | loss: 0.0854218151 | accuracy = 0.8426280000 | time: 0.832ms/board |   4m 11s 
epoch: 3300 | board_count: 1650000 | loss: 0.0830408435 | accuracy = 0.8452584000 | time: 0.594ms/board |   4m 18s 
epoch: 3400 | board_count: 1700000 | loss: 0.0813082660 | accuracy = 0.8461560000 | time: 0.841ms/board |   4m 26s 
epoch: 3500 | board_count: 1750000 | loss: 0.0808314054 | accuracy = 0.8454400000 | time: 0.830ms/board |   4m 34s 
epoch: 3600 | board_count: 1800000 | loss: 0.0783272395 | accuracy = 0.8484040000 | time: 0.569ms/board |   4m 42s 
epoch: 3700 | board_count: 1850000 | loss: 0.0784181289 | accuracy = 0.8447288000 | time: 0.896ms/board |   4m 49s 
epoch: 3800 | board_count: 1900000 | loss: 0.0759483749 | accuracy = 0.8467032000 | time: 0.870ms/board |   4m 57s 
epoch: 3900 | board_count: 1950000 | loss: 0.0753962809 | accuracy = 0.8471808000 | time: 0.880ms/board |   5m 05s 
epoch: 4000 | board_count: 2000000 | loss: 0.0765040394 | accuracy = 0.8286792000 | time: 1.096ms/board |   5m 13s 
epoch: 4100 | board_count: 2050000 | loss: 0.0757583043 | accuracy = 0.8321208000 | time: 0.678ms/board |   5m 21s 
epoch: 4200 | board_count: 2100000 | loss: 0.0746905289 | accuracy = 0.8136672000 | time: 0.634ms/board |   5m 29s 
epoch: 4300 | board_count: 2150000 | loss: 0.0735618760 | accuracy = 0.8213824000 | time: 0.636ms/board |   5m 36s 
epoch: 4400 | board_count: 2200000 | loss: 0.0754747975 | accuracy = 0.8218008000 | time: 0.753ms/board |   5m 44s 
epoch: 4500 | board_count: 2250000 | loss: 0.0726499700 | accuracy = 0.8248760000 | time: 0.739ms/board |   5m 51s 
epoch: 4600 | board_count: 2300000 | loss: 0.0730569632 | accuracy = 0.8570392000 | time: 0.876ms/board |   5m 59s 
epoch: 4700 | board_count: 2350000 | loss: 0.0708894129 | accuracy = 0.8717064000 | time: 0.882ms/board |   6m 07s 
epoch: 4800 | board_count: 2400000 | loss: 0.0722253472 | accuracy = 0.8828080000 | time: 0.767ms/board |   6m 14s 
epoch: 4900 | board_count: 2450000 | loss: 0.0702579632 | accuracy = 0.8825616000 | time: 0.844ms/board |   6m 22s 
epoch: 5000 | board_count: 2500000 | loss: 0.0697371627 | accuracy = 0.8773280000 | time: 0.926ms/board |   6m 30s 
epoch: 5100 | board_count: 2550000 | loss: 0.0682828838 | accuracy = 0.8786840000 | time: 0.882ms/board |   6m 37s 
epoch: 5200 | board_count: 2600000 | loss: 0.0695631429 | accuracy = 0.8524128000 | time: 0.583ms/board |   6m 45s 
epoch: 5300 | board_count: 2650000 | loss: 0.0665370919 | accuracy = 0.8501480000 | time: 0.817ms/board |   6m 53s 
epoch: 5400 | board_count: 2700000 | loss: 0.0673141148 | accuracy = 0.8479520000 | time: 0.872ms/board |   7m 01s 
epoch: 5500 | board_count: 2750000 | loss: 0.0677444978 | accuracy = 0.8465240000 | time: 0.874ms/board |   7m 09s 
epoch: 5600 | board_count: 2800000 | loss: 0.0656592109 | accuracy = 0.8500200000 | time: 0.887ms/board |   7m 17s 
epoch: 5700 | board_count: 2850000 | loss: 0.0633287105 | accuracy = 0.8555600000 | time: 0.857ms/board |   7m 24s 
epoch: 5800 | board_count: 2900000 | loss: 0.0624644945 | accuracy = 0.8907880000 | time: 0.866ms/board |   7m 32s 
epoch: 5900 | board_count: 2950000 | loss: 0.0608370991 | accuracy = 0.8959120000 | time: 0.572ms/board |   7m 40s 
epoch: 6000 | board_count: 3000000 | loss: 0.0590062391 | accuracy = 0.8968160000 | time: 0.706ms/board |   7m 48s 
epoch: 6100 | board_count: 3050000 | loss: 0.0575708028 | accuracy = 0.8948520000 | time: 0.582ms/board |   7m 55s 
epoch: 6200 | board_count: 3100000 | loss: 0.0501738548 | accuracy = 0.9092912000 | time: 0.881ms/board |   8m 03s 
epoch: 6300 | board_count: 3150000 | loss: 0.0405285584 | accuracy = 0.9275440000 | time: 0.679ms/board |   8m 10s 
epoch: 6400 | board_count: 3200000 | loss: 0.0363675133 | accuracy = 0.9304672000 | time: 0.862ms/board |   8m 18s 
epoch: 6500 | board_count: 3250000 | loss: 0.0313355330 | accuracy = 0.9489480000 | time: 0.834ms/board |   8m 26s 
epoch: 6600 | board_count: 3300000 | loss: 0.0271177219 | accuracy = 0.9590736000 | time: 0.865ms/board |   8m 34s 
epoch: 6700 | board_count: 3350000 | loss: 0.0239934716 | accuracy = 0.9623440000 | time: 0.802ms/board |   8m 42s 
epoch: 6800 | board_count: 3400000 | loss: 0.0207098264 | accuracy = 0.9725688000 | time: 0.849ms/board |   8m 49s 
epoch: 6900 | board_count: 3450000 | loss: 0.0173743262 | accuracy = 0.9938944000 | time: 0.881ms/board |   8m 57s 
epoch: 7000 | board_count: 3500000 | loss: 0.0139489330 | accuracy = 1.0000000000 | time: 0.798ms/board |   9m 05s 
Finished Training: GameOfLifeForward_1N - 7097 epochs in 552.2s
GameOfLifeForward_1N.savefile(): /home/jamie/code/ai-games/puzzles/game_of_life/neural_networks/models/GameOfLifeForward_1N.pth = 2.8 kB
--------------------
GameOfLifeForward_1N
GameOfLifeForward_1N(
  (criterion): MSELoss()
  (layers): ModuleList(
    (0): Conv2d(1, 1, kernel_size=(3, 3), stride=(1, 1), padding=(1, 1), padding_mode=circular)
    (1): Conv2d(1, 2, kernel_size=(1, 1), stride=(1, 1))
    (2): Conv2d(2, 1, kernel_size=(1, 1), stride=(1, 1))
  )
  (dropout): Dropout(p=0.0, inplace=False)
  (activation): PReLU(num_parameters=1)
)
activation.weight
[-0.4639311]

layers.0.weight
[[[[-0.6023221  -0.5987169  -0.60167164]
   [-0.59436625 -0.3201123  -0.5930916 ]
   [-0.6020883  -0.59486    -0.60432297]]]]

layers.0.bias
[1.6540084]

layers.1.weight
[[[[ 5.1826262]]]
 [[[-1.8115064]]]]

layers.1.bias
[-0.37293953 -1.070234  ]

layers.2.weight
[[[[-2.6479146]]
  [[ 2.0234468]]]]

layers.2.bias
[1.1151406]

real 556.18
user 554.70
sys 2.13
