GameOfLifeForward_2.load(): reinitializing weights

GameOfLifeForward_2
GameOfLifeForward_2(
  (criterion): MSELoss()
  (layers): ModuleList(
    (0): Conv2d(1, 2, kernel_size=(3, 3), stride=(1, 1), padding=(1, 1), padding_mode=circular)
    (1): Conv2d(3, 2, kernel_size=(1, 1), stride=(1, 1))
    (2): Conv2d(2, 1, kernel_size=(1, 1), stride=(1, 1))
  )
  (dropout): Dropout(p=0.0, inplace=False)
  (activation): PReLU(num_parameters=1)
)
activation.weight
[0.25]

layers.0.weight
[[[[-0.01539135 -0.63941747  0.32791954]
   [-0.03922009 -0.52584654  0.18461807]
   [ 0.55318874 -0.03223863  0.05922517]]]
 [[[ 0.29634935  0.3235382  -0.48817682]
   [-0.36274716 -0.16087362 -0.6742308 ]
   [ 0.21458854 -0.9608318  -0.17574514]]]]

layers.0.bias
[0.1 0.1]

layers.1.weight
[[[[-0.49424905]]
  [[-1.2960606 ]]
  [[ 0.10142249]]]
 [[[-0.16809888]]
  [[-0.18230125]]
  [[-0.05017687]]]]

layers.1.bias
[0.1 0.1]

layers.2.weight
[[[[-1.1513495]]
  [[ 0.9729813]]]]

layers.2.bias
[0.1]

--------------------
Training: GameOfLifeForward_2
GameOfLifeForward_2.load(): model file not found, reinitializing weights

GameOfLifeForward_2(
  (criterion): MSELoss()
  (layers): ModuleList(
    (0): Conv2d(1, 2, kernel_size=(3, 3), stride=(1, 1), padding=(1, 1), padding_mode=circular)
    (1): Conv2d(3, 2, kernel_size=(1, 1), stride=(1, 1))
    (2): Conv2d(2, 1, kernel_size=(1, 1), stride=(1, 1))
  )
  (dropout): Dropout(p=0.0, inplace=False)
  (activation): PReLU(num_parameters=1)
)
epoch:    1 | board_count:     500 | loss: 0.2953252316 | accuracy = 0.2882400000 | time: 10.444ms/board |   0m 01s 
epoch:    2 | board_count:    1000 | loss: 0.2941520631 | accuracy = 0.2236800000 | time: 0.883ms/board |   0m 01s 
epoch:    3 | board_count:    1500 | loss: 0.2892507851 | accuracy = 0.2735200000 | time: 0.937ms/board |   0m 01s 
epoch:    4 | board_count:    2000 | loss: 0.2839941978 | accuracy = 0.2892000000 | time: 0.914ms/board |   0m 01s 
epoch:    5 | board_count:    2500 | loss: 0.2872135580 | accuracy = 0.2802400000 | time: 0.843ms/board |   0m 01s 
epoch:    6 | board_count:    3000 | loss: 0.2763819218 | accuracy = 0.2613600000 | time: 0.657ms/board |   0m 01s 
epoch:    7 | board_count:    3500 | loss: 0.2762899339 | accuracy = 0.3152000000 | time: 0.904ms/board |   0m 02s 
epoch:    8 | board_count:    4000 | loss: 0.2772216380 | accuracy = 0.3016000000 | time: 0.883ms/board |   0m 02s 
epoch:    9 | board_count:    4500 | loss: 0.2747103870 | accuracy = 0.3184000000 | time: 0.604ms/board |   0m 02s 
epoch:   10 | board_count:    5000 | loss: 0.2693009436 | accuracy = 0.3412000000 | time: 0.585ms/board |   0m 02s 
epoch:   20 | board_count:   10000 | loss: 0.2702333444 | accuracy = 0.2919840000 | time: 0.869ms/board |   0m 03s 
epoch:   30 | board_count:   15000 | loss: 0.2656682503 | accuracy = 0.3021760000 | time: 0.692ms/board |   0m 03s 
epoch:   40 | board_count:   20000 | loss: 0.2627434754 | accuracy = 0.3055840000 | time: 0.605ms/board |   0m 04s 
epoch:   50 | board_count:   25000 | loss: 0.2556545007 | accuracy = 0.6465520000 | time: 0.886ms/board |   0m 05s 
epoch:   60 | board_count:   30000 | loss: 0.2520463786 | accuracy = 0.7871600000 | time: 0.815ms/board |   0m 06s 
epoch:   70 | board_count:   35000 | loss: 0.2487428930 | accuracy = 0.7997760000 | time: 0.646ms/board |   0m 06s 
epoch:   80 | board_count:   40000 | loss: 0.2456981003 | accuracy = 0.7929360000 | time: 0.675ms/board |   0m 07s 
epoch:   90 | board_count:   45000 | loss: 0.2414427820 | accuracy = 0.7979600000 | time: 0.590ms/board |   0m 08s 
epoch:  100 | board_count:   50000 | loss: 0.2364066172 | accuracy = 0.8048000000 | time: 0.933ms/board |   0m 09s 
epoch:  200 | board_count:  100000 | loss: 0.2173969397 | accuracy = 0.7993456000 | time: 0.592ms/board |   0m 16s 
epoch:  300 | board_count:  150000 | loss: 0.1845561043 | accuracy = 0.8303232000 | time: 0.902ms/board |   0m 24s 
epoch:  400 | board_count:  200000 | loss: 0.1567321347 | accuracy = 0.8460536000 | time: 0.679ms/board |   0m 32s 
epoch:  500 | board_count:  250000 | loss: 0.1344247236 | accuracy = 0.8491208000 | time: 0.876ms/board |   0m 39s 
epoch:  600 | board_count:  300000 | loss: 0.1183379593 | accuracy = 0.8470576000 | time: 0.901ms/board |   0m 47s 
epoch:  700 | board_count:  350000 | loss: 0.1081152389 | accuracy = 0.8524192000 | time: 0.867ms/board |   0m 55s 
epoch:  800 | board_count:  400000 | loss: 0.1038967939 | accuracy = 0.8515568000 | time: 0.564ms/board |   1m 03s 
epoch:  900 | board_count:  450000 | loss: 0.1046341323 | accuracy = 0.8478696000 | time: 0.764ms/board |   1m 11s 
epoch: 1000 | board_count:  500000 | loss: 0.1031016884 | accuracy = 0.8527360000 | time: 0.876ms/board |   1m 18s 
epoch: 1100 | board_count:  550000 | loss: 0.1007290791 | accuracy = 0.8572400000 | time: 0.585ms/board |   1m 26s 
epoch: 1200 | board_count:  600000 | loss: 0.1009469048 | accuracy = 0.8562576000 | time: 0.584ms/board |   1m 34s 
epoch: 1300 | board_count:  650000 | loss: 0.1002915373 | accuracy = 0.8630416000 | time: 0.556ms/board |   1m 42s 
epoch: 1400 | board_count:  700000 | loss: 0.0991817294 | accuracy = 0.8647120000 | time: 0.624ms/board |   1m 49s 
epoch: 1500 | board_count:  750000 | loss: 0.0983912205 | accuracy = 0.8645856000 | time: 0.892ms/board |   1m 57s 
epoch: 1600 | board_count:  800000 | loss: 0.0981166781 | accuracy = 0.8661648000 | time: 0.855ms/board |   2m 05s 
epoch: 1700 | board_count:  850000 | loss: 0.0988601145 | accuracy = 0.8655096000 | time: 0.636ms/board |   2m 13s 
epoch: 1800 | board_count:  900000 | loss: 0.0987616126 | accuracy = 0.8597080000 | time: 0.604ms/board |   2m 21s 
epoch: 1900 | board_count:  950000 | loss: 0.0978785952 | accuracy = 0.8588408000 | time: 0.918ms/board |   2m 29s 
epoch: 2000 | board_count: 1000000 | loss: 0.1003684395 | accuracy = 0.8518480000 | time: 0.873ms/board |   2m 37s 
epoch: 2100 | board_count: 1050000 | loss: 0.0969099637 | accuracy = 0.8570624000 | time: 0.616ms/board |   2m 44s 
epoch: 2200 | board_count: 1100000 | loss: 0.0946759297 | accuracy = 0.8626384000 | time: 0.901ms/board |   2m 52s 
epoch: 2300 | board_count: 1150000 | loss: 0.0973741776 | accuracy = 0.8584864000 | time: 0.876ms/board |   2m 60s 
epoch: 2400 | board_count: 1200000 | loss: 0.0958045596 | accuracy = 0.8567680000 | time: 0.852ms/board |   3m 07s 
epoch: 2500 | board_count: 1250000 | loss: 0.0946932286 | accuracy = 0.8560352000 | time: 0.867ms/board |   3m 15s 
epoch: 2600 | board_count: 1300000 | loss: 0.0954297915 | accuracy = 0.8542208000 | time: 0.574ms/board |   3m 23s 
epoch: 2700 | board_count: 1350000 | loss: 0.0948090038 | accuracy = 0.8538632000 | time: 0.601ms/board |   3m 31s 
epoch: 2800 | board_count: 1400000 | loss: 0.0942790704 | accuracy = 0.8522728000 | time: 0.905ms/board |   3m 39s 
epoch: 2900 | board_count: 1450000 | loss: 0.0923113865 | accuracy = 0.8540840000 | time: 0.851ms/board |   3m 46s 
epoch: 3000 | board_count: 1500000 | loss: 0.0922637594 | accuracy = 0.8533216000 | time: 0.596ms/board |   3m 54s 
epoch: 3100 | board_count: 1550000 | loss: 0.0915443579 | accuracy = 0.8515936000 | time: 0.544ms/board |   4m 02s 
epoch: 3200 | board_count: 1600000 | loss: 0.0907319406 | accuracy = 0.8512744000 | time: 0.831ms/board |   4m 10s 
epoch: 3300 | board_count: 1650000 | loss: 0.0901070018 | accuracy = 0.8491664000 | time: 0.886ms/board |   4m 17s 
epoch: 3400 | board_count: 1700000 | loss: 0.0875142730 | accuracy = 0.8508400000 | time: 0.626ms/board |   4m 25s 
epoch: 3500 | board_count: 1750000 | loss: 0.0890605802 | accuracy = 0.8446920000 | time: 0.586ms/board |   4m 33s 
epoch: 3600 | board_count: 1800000 | loss: 0.0851043835 | accuracy = 0.8472200000 | time: 0.649ms/board |   4m 40s 
epoch: 3700 | board_count: 1850000 | loss: 0.0844911669 | accuracy = 0.8474552000 | time: 0.600ms/board |   4m 48s 
epoch: 3800 | board_count: 1900000 | loss: 0.0813518643 | accuracy = 0.8496312000 | time: 0.937ms/board |   4m 56s 
epoch: 3900 | board_count: 1950000 | loss: 0.0804644252 | accuracy = 0.8416760000 | time: 0.626ms/board |   5m 04s 
epoch: 4000 | board_count: 2000000 | loss: 0.0788089588 | accuracy = 0.8414248000 | time: 0.855ms/board |   5m 11s 
epoch: 4100 | board_count: 2050000 | loss: 0.0772672914 | accuracy = 0.8486656000 | time: 0.652ms/board |   5m 19s 
epoch: 4200 | board_count: 2100000 | loss: 0.0758008395 | accuracy = 0.8590560000 | time: 0.845ms/board |   5m 27s 
epoch: 4300 | board_count: 2150000 | loss: 0.0742084911 | accuracy = 0.8760992000 | time: 0.845ms/board |   5m 35s 
epoch: 4400 | board_count: 2200000 | loss: 0.0728219428 | accuracy = 0.8779464000 | time: 0.960ms/board |   5m 43s 
epoch: 4500 | board_count: 2250000 | loss: 0.0700778601 | accuracy = 0.8752640000 | time: 0.631ms/board |   5m 50s 
epoch: 4600 | board_count: 2300000 | loss: 0.0659350449 | accuracy = 0.8898120000 | time: 0.780ms/board |   5m 58s 
epoch: 4700 | board_count: 2350000 | loss: 0.0633911304 | accuracy = 0.9203888000 | time: 0.673ms/board |   6m 06s 
epoch: 4800 | board_count: 2400000 | loss: 0.0622880137 | accuracy = 0.9160552000 | time: 0.608ms/board |   6m 13s 
epoch: 4900 | board_count: 2450000 | loss: 0.0599866652 | accuracy = 0.9164920000 | time: 0.726ms/board |   6m 21s 
epoch: 5000 | board_count: 2500000 | loss: 0.0596782992 | accuracy = 0.9160480000 | time: 0.733ms/board |   6m 28s 
epoch: 5100 | board_count: 2550000 | loss: 0.0582935879 | accuracy = 0.9175520000 | time: 0.579ms/board |   6m 36s 
epoch: 5200 | board_count: 2600000 | loss: 0.0558031516 | accuracy = 0.9223600000 | time: 0.900ms/board |   6m 44s 
epoch: 5300 | board_count: 2650000 | loss: 0.0552092313 | accuracy = 0.9211120000 | time: 0.641ms/board |   6m 52s 
epoch: 5400 | board_count: 2700000 | loss: 0.0532975689 | accuracy = 0.9232840000 | time: 0.830ms/board |   6m 59s 
epoch: 5500 | board_count: 2750000 | loss: 0.0539548843 | accuracy = 0.9227808000 | time: 0.849ms/board |   7m 07s 
epoch: 5600 | board_count: 2800000 | loss: 0.0526096119 | accuracy = 0.9257440000 | time: 0.695ms/board |   7m 15s 
epoch: 5700 | board_count: 2850000 | loss: 0.0524086543 | accuracy = 0.9249360000 | time: 0.627ms/board |   7m 23s 
epoch: 5800 | board_count: 2900000 | loss: 0.0519663092 | accuracy = 0.9291360000 | time: 0.827ms/board |   7m 30s 
epoch: 5900 | board_count: 2950000 | loss: 0.0434520465 | accuracy = 0.9400568000 | time: 0.857ms/board |   7m 38s 
epoch: 6000 | board_count: 3000000 | loss: 0.0328280577 | accuracy = 0.9630784000 | time: 0.610ms/board |   7m 46s 
epoch: 6100 | board_count: 3050000 | loss: 0.0239692980 | accuracy = 0.9816848000 | time: 0.825ms/board |   7m 53s 
epoch: 6200 | board_count: 3100000 | loss: 0.0172657126 | accuracy = 0.9938112000 | time: 0.595ms/board |   8m 02s 
epoch: 6300 | board_count: 3150000 | loss: 0.0129156143 | accuracy = 0.9967848000 | time: 0.860ms/board |   8m 09s 
epoch: 6400 | board_count: 3200000 | loss: 0.0088024054 | accuracy = 0.9984464000 | time: 0.811ms/board |   8m 17s 
epoch: 6500 | board_count: 3250000 | loss: 0.0057529843 | accuracy = 1.0000000000 | time: 0.791ms/board |   8m 24s 
Finished Training: GameOfLifeForward_2 - 6573 epochs in 510.0s
GameOfLifeForward_2.savefile(): /home/jamie/code/ai-games/puzzles/game_of_life/neural_networks/models/GameOfLifeForward_2.pth = 2.8 kB
--------------------
GameOfLifeForward_2
GameOfLifeForward_2(
  (criterion): MSELoss()
  (layers): ModuleList(
    (0): Conv2d(1, 2, kernel_size=(3, 3), stride=(1, 1), padding=(1, 1), padding_mode=circular)
    (1): Conv2d(3, 2, kernel_size=(1, 1), stride=(1, 1))
    (2): Conv2d(2, 1, kernel_size=(1, 1), stride=(1, 1))
  )
  (dropout): Dropout(p=0.0, inplace=False)
  (activation): PReLU(num_parameters=1)
)
activation.weight
[-0.3856639]

layers.0.weight
[[[[-0.42198807  0.160649    0.152849  ]
   [ 0.12904416 -0.01955516  0.16007699]
   [ 0.13775559 -0.35334262 -0.31798673]]]
 [[[-0.66391796 -0.60978806 -0.61109674]
   [-0.610627   -0.61678076 -0.6064144 ]
   [-0.6153998  -0.65004015 -0.65331393]]]]

layers.0.bias
[-0.3141216  1.8367351]

layers.1.weight
[[[[-1.1489094 ]]
  [[ 3.5321684 ]]
  [[ 0.45498464]]]
 [[[ 0.5906433 ]]
  [[-2.4602184 ]]
  [[ 1.0587016 ]]]]

layers.1.bias
[0.29996586 0.55433047]

layers.2.weight
[[[[-1.9769169]]
  [[ 4.135184 ]]]]

layers.2.bias
[-0.05973801]

real 513.64
user 512.10
sys 2.10
