removed './neural_networks/models/GameOfLifeForward_128.pth'
GameOfLifeForward_128.load(): reinitializing weights

GameOfLifeForward_128
GameOfLifeForward_128(
  (criterion): MSELoss()
  (conv1): Conv2d(1, 128, kernel_size=(3, 3), stride=(1, 1), padding=(1, 1), padding_mode=circular)
  (conv2): Conv2d(128, 16, kernel_size=(1, 1), stride=(1, 1))
  (conv3): Conv2d(16, 8, kernel_size=(1, 1), stride=(1, 1))
  (conv4): Conv2d(9, 1, kernel_size=(1, 1), stride=(1, 1))
  (dropout): Dropout(p=0.0, inplace=False)
  (activation): PReLU(num_parameters=1)
)
activation.weight
[0.25]

conv1.weight
[[[[-0.33860058  0.40141737 -0.28788218]
   [ 0.14088611  0.04446726  0.05314726]
   [-0.19230543 -1.7146912  -0.2720611 ]]]
 [[[ 0.17651856 -0.3937045   0.09388522]
   [ 0.32693195 -0.06992937 -0.19104418]
   [ 0.6046116  -0.59689146  0.36584795]]]
 [[[-0.03035791 -0.28912413 -0.47874218]
   [-0.03437416  0.00762726  0.3498452 ]
   [ 0.8280325   0.49240765 -0.4693629 ]]]
 ...
 [[[-0.6781051  -0.27813417 -0.28510213]
   [ 0.63314766  0.9984651   0.5759198 ]
   [ 0.32996923  0.47312933 -0.18477681]]]
 [[[-0.40989637 -0.87559795  0.00473669]
   [-0.0287586   0.9741183  -0.40492114]
   [-0.05264707  0.348483    0.23764284]]]
 [[[ 0.9172651  -0.65128237  0.08813298]
   [ 0.69650215 -0.37511054  0.01856738]
   [-0.30691594  0.2596768   0.11505003]]]]

conv1.bias
[0.1 0.1 0.1 0.1 0.1 0.1 0.1 0.1 0.1 0.1 0.1 0.1 0.1 0.1 0.1 0.1 0.1 0.1
 0.1 0.1 0.1 0.1 0.1 0.1 0.1 0.1 0.1 0.1 0.1 0.1 0.1 0.1 0.1 0.1 0.1 0.1
 0.1 0.1 0.1 0.1 0.1 0.1 0.1 0.1 0.1 0.1 0.1 0.1 0.1 0.1 0.1 0.1 0.1 0.1
 0.1 0.1 0.1 0.1 0.1 0.1 0.1 0.1 0.1 0.1 0.1 0.1 0.1 0.1 0.1 0.1 0.1 0.1
 0.1 0.1 0.1 0.1 0.1 0.1 0.1 0.1 0.1 0.1 0.1 0.1 0.1 0.1 0.1 0.1 0.1 0.1
 0.1 0.1 0.1 0.1 0.1 0.1 0.1 0.1 0.1 0.1 0.1 0.1 0.1 0.1 0.1 0.1 0.1 0.1
 0.1 0.1 0.1 0.1 0.1 0.1 0.1 0.1 0.1 0.1 0.1 0.1 0.1 0.1 0.1 0.1 0.1 0.1
 0.1 0.1]

conv2.weight
[[[[-0.00182085]]
  [[-0.29641467]]
  [[-0.03534552]]
  ...
  [[ 0.14231485]]
  [[ 0.15271373]]
  [[ 0.28422874]]]
 [[[-0.02237931]]
  [[ 0.07485414]]
  [[ 0.22269838]]
  ...
  [[-0.02044471]]
  [[ 0.17614347]]
  [[-0.00635731]]]
 [[[ 0.07469625]]
  [[ 0.09342102]]
  [[-0.13536552]]
  ...
  [[-0.1149857 ]]
  [[ 0.06597725]]
  [[ 0.06831837]]]
 ...
 [[[-0.00432145]]
  [[ 0.00343162]]
  [[-0.04523599]]
  ...
  [[-0.10981303]]
  [[ 0.0060901 ]]
  [[ 0.2505593 ]]]
 [[[-0.17720816]]
  [[ 0.1217588 ]]
  [[ 0.03554024]]
  ...
  [[-0.02938215]]
  [[-0.07728897]]
  [[-0.17303613]]]
 [[[ 0.15940379]]
  [[-0.09216335]]
  [[-0.04497342]]
  ...
  [[ 0.00094449]]
  [[-0.00848886]]
  [[ 0.0258153 ]]]]

conv2.bias
[0.1 0.1 0.1 0.1 0.1 0.1 0.1 0.1 0.1 0.1 0.1 0.1 0.1 0.1 0.1 0.1]

conv3.weight
[[[[ 0.4751857 ]]
  [[ 0.18206243]]
  [[-0.10127135]]
  [[-0.08777749]]
  [[ 0.0334533 ]]
  [[ 0.4152697 ]]
  [[ 0.15673593]]
  [[ 0.41198552]]
  [[ 0.19763468]]
  [[-0.11293284]]
  [[-0.97271067]]
  [[-0.24040672]]
  [[ 0.249105  ]]
  [[ 0.08235301]]
  [[-0.11755873]]
  [[-0.20094976]]]
 [[[ 0.18464482]]
  [[ 0.35709843]]
  [[ 0.21797769]]
  [[ 0.4004487 ]]
  [[ 0.4419927 ]]
  [[-0.69561267]]
  [[ 0.03439655]]
  [[-0.16657381]]
  [[-0.18564638]]
  [[-0.29930335]]
  [[ 0.23437348]]
  [[-0.27990073]]
  [[-0.49720287]]
  [[-0.4274729 ]]
  [[ 0.02706224]]
  [[ 0.02951982]]]
 [[[ 0.8181677 ]]
  [[-0.08117344]]
  [[-0.5813213 ]]
  [[-0.33702227]]
  [[ 0.09284328]]
  [[ 0.05747793]]
  [[-0.30866224]]
  [[-0.1210822 ]]
  [[ 0.13444188]]
  [[ 0.4670982 ]]
  [[-0.69868344]]
  [[ 0.21881686]]
  [[ 0.72710973]]
  [[ 0.5113585 ]]
  [[ 0.23016047]]
  [[-0.04006591]]]
 [[[-0.20744053]]
  [[ 0.4211861 ]]
  [[-0.29167533]]
  [[-0.5562607 ]]
  [[ 0.06398596]]
  [[ 0.4241725 ]]
  [[-0.343909  ]]
  [[-0.36608043]]
  [[ 0.12861682]]
  [[-0.49483374]]
  [[ 0.11774544]]
  [[ 0.39494884]]
  [[-0.00378797]]
  [[-0.37725598]]
  [[ 0.18010917]]
  [[-0.2966969 ]]]
 [[[-0.20683205]]
  [[-0.11878093]]
  [[ 0.23813611]]
  [[-0.11597595]]
  [[-0.39371857]]
  [[-0.5809565 ]]
  [[-0.30894697]]
  [[ 0.85142493]]
  [[-0.4928056 ]]
  [[ 0.0912057 ]]
  [[-0.08178589]]
  [[-0.24896815]]
  [[ 0.41881382]]
  [[-0.44238502]]
  [[-0.4268253 ]]
  [[-0.06307841]]]
 [[[ 0.97081393]]
  [[-0.04704738]]
  [[-0.06350009]]
  [[ 0.4206391 ]]
  [[-0.07072768]]
  [[ 0.21969727]]
  [[-0.49894112]]
  [[-0.09955277]]
  [[ 0.5327193 ]]
  [[-0.22666438]]
  [[-0.08060856]]
  [[-0.74337465]]
  [[-0.46692416]]
  [[-0.45747584]]
  [[ 0.17363843]]
  [[ 0.09405601]]]
 [[[ 0.7033777 ]]
  [[ 0.57328635]]
  [[-0.02344811]]
  [[ 0.3138261 ]]
  [[-0.48537734]]
  [[-0.07902074]]
  [[ 0.13111186]]
  [[-0.03652488]]
  [[ 0.04215646]]
  [[-0.37713197]]
  [[ 0.2872913 ]]
  [[ 0.10048246]]
  [[-0.33096412]]
  [[-0.17319185]]
  [[ 0.6354934 ]]
  [[-0.27119473]]]
 [[[ 0.06601225]]
  [[-0.2898437 ]]
  [[-0.5399483 ]]
  [[ 0.4198799 ]]
  [[ 0.2830938 ]]
  [[-0.7014187 ]]
  [[-0.2137591 ]]
  [[-0.13076578]]
  [[ 0.41584513]]
  [[ 0.32994193]]
  [[ 0.36435625]]
  [[ 0.09190852]]
  [[ 0.1995071 ]]
  [[-0.3234317 ]]
  [[-0.13822147]]
  [[ 0.09902652]]]]

conv3.bias
[0.1 0.1 0.1 0.1 0.1 0.1 0.1 0.1]

conv4.weight
[[[[-0.07015264]]
  [[ 0.43433726]]
  [[ 0.22612122]]
  [[ 0.2525095 ]]
  [[-0.736366  ]]
  [[ 0.35363343]]
  [[-0.7042301 ]]
  [[-0.44261855]]
  [[-0.41173777]]]]

conv4.bias
[0.1]

--------------------
Training: GameOfLifeForward_128
GameOfLifeForward_128.load(): model file not found, reinitializing weights

GameOfLifeForward_128(
  (criterion): MSELoss()
  (conv1): Conv2d(1, 128, kernel_size=(3, 3), stride=(1, 1), padding=(1, 1), padding_mode=circular)
  (conv2): Conv2d(128, 16, kernel_size=(1, 1), stride=(1, 1))
  (conv3): Conv2d(16, 8, kernel_size=(1, 1), stride=(1, 1))
  (conv4): Conv2d(9, 1, kernel_size=(1, 1), stride=(1, 1))
  (dropout): Dropout(p=0.0, inplace=False)
  (activation): PReLU(num_parameters=1)
)
epoch:    1 | board_count:     500 | loss: 0.2545012802 | accuracy = 0.4616480000 | time: 8.898ms/board |   0m 01s 
epoch:    2 | board_count:    1000 | loss: 0.2233922392 | accuracy = 0.7886912000 | time: 1.181ms/board |   0m 01s 
epoch:    3 | board_count:    1500 | loss: 0.1983253539 | accuracy = 0.8211392000 | time: 1.289ms/board |   0m 01s 
epoch:    4 | board_count:    2000 | loss: 0.1866370469 | accuracy = 0.8377184000 | time: 1.464ms/board |   0m 01s 
epoch:    5 | board_count:    2500 | loss: 0.1762523115 | accuracy = 0.8479424000 | time: 1.922ms/board |   0m 01s 
epoch:    6 | board_count:    3000 | loss: 0.1660587013 | accuracy = 0.8627872000 | time: 1.562ms/board |   0m 02s 
epoch:    7 | board_count:    3500 | loss: 0.1667542160 | accuracy = 0.8491296000 | time: 1.227ms/board |   0m 02s 
epoch:    8 | board_count:    4000 | loss: 0.1634438634 | accuracy = 0.8511744000 | time: 1.823ms/board |   0m 02s 
epoch:    9 | board_count:    4500 | loss: 0.1602566779 | accuracy = 0.8495200000 | time: 1.383ms/board |   0m 02s 
epoch:   10 | board_count:    5000 | loss: 0.1624996930 | accuracy = 0.8377760000 | time: 1.365ms/board |   0m 02s 
epoch:   20 | board_count:   10000 | loss: 0.1450080240 | accuracy = 0.8549836800 | time: 1.565ms/board |   0m 04s 
epoch:   30 | board_count:   15000 | loss: 0.1320485410 | accuracy = 0.8475107200 | time: 1.206ms/board |   0m 05s 
epoch:   40 | board_count:   20000 | loss: 0.1174042289 | accuracy = 0.8521238400 | time: 1.216ms/board |   0m 07s 
epoch:   50 | board_count:   25000 | loss: 0.1071062291 | accuracy = 0.8528435200 | time: 1.082ms/board |   0m 08s 
epoch:   60 | board_count:   30000 | loss: 0.1007411665 | accuracy = 0.8625926400 | time: 1.596ms/board |   0m 10s 
epoch:   70 | board_count:   35000 | loss: 0.0934348546 | accuracy = 0.8680435200 | time: 1.316ms/board |   0m 11s 
epoch:   80 | board_count:   40000 | loss: 0.0905946174 | accuracy = 0.8678969600 | time: 1.595ms/board |   0m 13s 
epoch:   90 | board_count:   45000 | loss: 0.0847882816 | accuracy = 0.8732252800 | time: 1.978ms/board |   0m 14s 
epoch:  100 | board_count:   50000 | loss: 0.0811871307 | accuracy = 0.8782704000 | time: 1.515ms/board |   0m 16s 
epoch:  200 | board_count:  100000 | loss: 0.0632789328 | accuracy = 0.9062462720 | time: 1.276ms/board |   0m 32s 
epoch:  300 | board_count:  150000 | loss: 0.0286689848 | accuracy = 0.9877464640 | time: 1.255ms/board |   0m 47s 
epoch:  400 | board_count:  200000 | loss: 0.0068410930 | accuracy = 1.0000000000 | time: 1.953ms/board |   1m 04s 
Finished Training: GameOfLifeForward_128 - 494 epochs in 80.0s
GameOfLifeForward_128.savefile(): /home/jamie/code/ai-games/puzzles/game_of_life/neural_networks/models/GameOfLifeForward_128.pth = 17.2 kB
--------------------
GameOfLifeForward_128
GameOfLifeForward_128(
  (criterion): MSELoss()
  (conv1): Conv2d(1, 128, kernel_size=(3, 3), stride=(1, 1), padding=(1, 1), padding_mode=circular)
  (conv2): Conv2d(128, 16, kernel_size=(1, 1), stride=(1, 1))
  (conv3): Conv2d(16, 8, kernel_size=(1, 1), stride=(1, 1))
  (conv4): Conv2d(9, 1, kernel_size=(1, 1), stride=(1, 1))
  (dropout): Dropout(p=0.0, inplace=False)
  (activation): PReLU(num_parameters=1)
)
activation.weight
[0.14588508]

conv1.weight
[[[[-0.4988218  -0.33918887 -0.35669884]
   [ 0.6443306  -0.03901329  0.3817107 ]
   [-0.49885902 -0.35685402  0.64423645]]]
 [[[-0.18239114  0.36651084 -1.0591831 ]
   [-0.41528893  0.6535228  -0.727106  ]
   [ 0.00627473  0.22700968  0.01181634]]]
 [[[ 0.47703433 -0.13281804  0.04281806]
   [ 0.07911019 -0.5058588   0.22312413]
   [-0.5932799   0.00617809  0.15063657]]]
 ...
 [[[-0.4161449   0.07549696  0.22929187]
   [-0.3713681   0.1982448  -1.0954802 ]
   [ 0.27080798  0.34735832  0.9116057 ]]]
 [[[ 0.69237614 -0.4077576  -0.29955822]
   [ 0.3900833   0.5827759   0.51459295]
   [-1.488218    0.25108626  0.00266195]]]
 [[[-0.08086473 -0.7371808  -0.5891974 ]
   [-0.48179352  0.76174164  0.2491779 ]
   [-0.08855445 -0.7703117   0.02209202]]]]

conv1.bias
[ 0.2115019   0.30516073  0.2715364  -0.09910627  0.07529527  0.30317757
 -0.05093606 -0.0868226  -0.06882285  0.27646354  0.27729478  0.29039177
  0.2171239   0.2845491   0.28895915  0.29448962  0.22986904  0.18500966
  0.2637291   0.23160161  0.28095073  0.29521176  0.28637213  0.29636863
  0.20504707  0.29300514  0.22964844  0.28851858  0.304752    0.2941506
  0.28839484  0.18357088 -0.07607208  0.26925287  0.29406822 -0.05284065
 -0.05743153  0.13270915  0.2793957   0.28000757  0.28347018  0.29609984
  0.23643842  0.2869843   0.20268588  0.23611833  0.29661587  0.29328796
 -0.08217     0.19838658 -0.05223844  0.20585437  0.18196404  0.22787283
  0.2887876   0.26062894  0.27160636 -0.09434482  0.15731391  0.25094157
  0.28596258  0.19711727  0.28085098 -0.01857135  0.2909449  -0.0923641
  0.27430004 -0.08007037  0.27517697  0.28519318  0.10911269  0.2927223
  0.15427735  0.14056978  0.296397    0.2740556   0.28458014 -0.09849411
  0.2741995   0.22676867  0.28291315  0.26906946  0.21651061  0.1766049
  0.28741553  0.22501303 -0.00343702  0.2883325   0.00628877  0.27053872
  0.26869294  0.29274648  0.21243194  0.20588653  0.05374705  0.2876232
  0.28140032  0.28817183  0.02023952  0.27360788  0.288689    0.27906108
  0.27950865  0.2997371   0.20882389  0.29713556  0.2908949   0.16437304
  0.27540445 -0.03309437  0.2603446   0.27340153  0.29773244  0.03033386
  0.17334129  0.28634262  0.21210437  0.19186313  0.01251223  0.1581297
 -0.06605216  0.15457854  0.1773019   0.03978201  0.26225957  0.28427938
 -0.01638507  0.30367818]

conv2.weight
[[[[ 0.1557529 ]]
  [[ 0.19847447]]
  [[ 0.12968852]]
  ...
  [[ 0.06730707]]
  [[-0.13122837]]
  [[ 0.1452251 ]]]
 [[[ 0.0206456 ]]
  [[ 0.31026408]]
  [[ 0.43027246]]
  ...
  [[ 0.10786808]]
  [[-0.05134753]]
  [[ 0.476949  ]]]
 [[[-0.28413472]]
  [[ 0.03525421]]
  [[-0.12244766]]
  ...
  [[ 0.22059225]]
  [[ 0.1173004 ]]
  [[ 0.18497956]]]
 ...
 [[[ 0.00393579]]
  [[-0.06455551]]
  [[-0.21317251]]
  ...
  [[-0.27163854]]
  [[ 0.27636868]]
  [[-0.2508863 ]]]
 [[[ 0.10976902]]
  [[ 0.14220183]]
  [[-0.05455196]]
  ...
  [[ 0.21893165]]
  [[-0.15364645]]
  [[ 0.29610968]]]
 [[[ 0.11295273]]
  [[-0.1808595 ]]
  [[-0.17666814]]
  ...
  [[-0.18228327]]
  [[-0.12485947]]
  [[-0.3100537 ]]]]

conv2.bias
[ 0.27282265  0.29277146  0.17348373  0.1477683  -0.04955747  0.19504361
 -0.00491728  0.28828958  0.26208717  0.2545067  -0.07358886  0.25875038
 -0.05687744 -0.04884281  0.21255712  0.01465843]

conv3.weight
[[[[ 0.1717268 ]]
  [[ 0.21279842]]
  [[ 0.11134619]]
  [[ 0.47220197]]
  [[ 0.03513155]]
  [[-0.25931638]]
  [[-0.06110578]]
  [[ 0.101771  ]]
  [[-1.060396  ]]
  [[-0.17465353]]
  [[-0.23076552]]
  [[-0.15774825]]
  [[ 0.04438643]]
  [[-0.8655716 ]]
  [[ 0.83139145]]
  [[ 0.13144033]]]
 [[[-0.8361233 ]]
  [[ 0.3579077 ]]
  [[ 0.5685977 ]]
  [[ 0.8798507 ]]
  [[ 0.49743095]]
  [[ 0.3971852 ]]
  [[-0.48156604]]
  [[ 0.6076351 ]]
  [[ 0.20776881]]
  [[ 0.30326286]]
  [[-0.6199543 ]]
  [[-0.5172923 ]]
  [[ 0.40089598]]
  [[ 0.35272107]]
  [[-0.15186197]]
  [[ 0.0659995 ]]]
 [[[-0.23973823]]
  [[ 0.24319504]]
  [[ 0.0582846 ]]
  [[ 0.5323452 ]]
  [[-0.27740675]]
  [[-0.31571263]]
  [[ 0.6235543 ]]
  [[-0.14745374]]
  [[-0.17957644]]
  [[-0.05398951]]
  [[-0.21002203]]
  [[-0.09403203]]
  [[ 0.01594715]]
  [[-0.10239591]]
  [[ 0.3992758 ]]
  [[-0.46759203]]]
 [[[ 0.42628685]]
  [[ 0.42539668]]
  [[ 0.06397849]]
  [[-0.13072895]]
  [[-0.44197297]]
  [[-0.15605631]]
  [[-0.3473403 ]]
  [[ 0.28940073]]
  [[ 0.9602078 ]]
  [[-0.3157359 ]]
  [[ 0.03633318]]
  [[-0.12024148]]
  [[-0.21427016]]
  [[-0.14031492]]
  [[-0.1514111 ]]
  [[ 0.31372458]]]
 [[[ 0.74790853]]
  [[ 0.35556704]]
  [[-0.3897003 ]]
  [[-0.53661144]]
  [[-0.582618  ]]
  [[-0.43942544]]
  [[-0.04483826]]
  [[ 0.4674376 ]]
  [[ 0.9280308 ]]
  [[ 0.6350488 ]]
  [[-0.24578089]]
  [[ 0.64031625]]
  [[-0.4187876 ]]
  [[-0.34516492]]
  [[-0.10541243]]
  [[ 0.03054431]]]
 [[[-0.5796222 ]]
  [[-0.54241765]]
  [[ 0.13073187]]
  [[-0.16724114]]
  [[ 0.48400646]]
  [[ 0.70175   ]]
  [[-0.33393547]]
  [[ 0.12637345]]
  [[-0.31207708]]
  [[-0.40236798]]
  [[-0.30468574]]
  [[-0.25801158]]
  [[-0.8724242 ]]
  [[-0.25587192]]
  [[ 0.4859084 ]]
  [[ 0.23284127]]]
 [[[-0.4628793 ]]
  [[-0.3028078 ]]
  [[-0.55916595]]
  [[-0.79670215]]
  [[ 0.59267485]]
  [[-0.33688018]]
  [[ 0.7987889 ]]
  [[-0.39110714]]
  [[-0.40051544]]
  [[ 0.08684939]]
  [[-0.22948267]]
  [[ 0.26878273]]
  [[ 0.21025656]]
  [[ 0.34069392]]
  [[-0.12972757]]
  [[ 0.5793311 ]]]
 [[[-0.37321255]]
  [[-0.18666197]]
  [[-0.10566662]]
  [[-0.14400521]]
  [[ 0.40539092]]
  [[-0.24239501]]
  [[ 0.38419855]]
  [[-0.06158471]]
  [[ 0.66880375]]
  [[-0.29935145]]
  [[ 0.39527377]]
  [[-0.10095564]]
  [[ 0.5873882 ]]
  [[ 0.0821607 ]]
  [[-0.3068462 ]]
  [[ 0.34910277]]]]

conv3.bias
[ 0.22604838  0.21018668  0.19020638  0.20296322  0.2040878   0.21313332
  0.0182615  -0.004639  ]

conv4.weight
[[[[ 0.3703985 ]]
  [[ 0.43942428]]
  [[ 0.39497387]]
  [[-0.2477619 ]]
  [[-0.9466841 ]]
  [[ 0.28503087]]
  [[-0.5398861 ]]
  [[-0.5498294 ]]
  [[ 0.3559315 ]]]]

conv4.bias
[0.18927464]

real 83.99
user 104.96
sys 1.33
