GameOfLifeForward_2N.load(): reinitializing weights

GameOfLifeForward_2N
GameOfLifeForward_2N(
  (criterion): MSELoss()
  (layers): ModuleList(
    (0): Conv2d(1, 2, kernel_size=(3, 3), stride=(1, 1), padding=(1, 1), padding_mode=circular)
    (1): Conv2d(2, 2, kernel_size=(1, 1), stride=(1, 1))
    (2): Conv2d(2, 1, kernel_size=(1, 1), stride=(1, 1))
  )
  (dropout): Dropout(p=0.0, inplace=False)
  (activation): PReLU(num_parameters=1)
)
activation.weight
[0.25]

layers.0.weight
[[[[ 0.62319654  1.0264374  -0.06740368]
   [ 0.23280247  0.65622663 -0.32724714]
   [ 0.07605658 -0.3134741  -0.09367878]]]
 [[[ 0.16292903 -0.3413554   0.6673262 ]
   [ 0.12503663 -0.23843892  0.28804824]
   [-0.00551514  0.7659463   0.43483412]]]]

layers.0.bias
[0.1 0.1]

layers.1.weight
[[[[-0.08932814]]
  [[-2.2761226 ]]]
 [[[-0.04292323]]
  [[-0.43768054]]]]

layers.1.bias
[0.1 0.1]

layers.2.weight
[[[[-0.76089543]]
  [[-1.1149867 ]]]]

layers.2.bias
[0.1]

--------------------
Training: GameOfLifeForward_2N
GameOfLifeForward_2N.load(): model file not found, reinitializing weights

GameOfLifeForward_2N(
  (criterion): MSELoss()
  (layers): ModuleList(
    (0): Conv2d(1, 2, kernel_size=(3, 3), stride=(1, 1), padding=(1, 1), padding_mode=circular)
    (1): Conv2d(2, 2, kernel_size=(1, 1), stride=(1, 1))
    (2): Conv2d(2, 1, kernel_size=(1, 1), stride=(1, 1))
  )
  (dropout): Dropout(p=0.0, inplace=False)
  (activation): PReLU(num_parameters=1)
)
epoch:    1 | board_count:     500 | loss: 0.2711645722 | accuracy = 0.1456000000 | time: 12.391ms/board |   0m 01s 
epoch:    2 | board_count:    1000 | loss: 0.2702443302 | accuracy = 0.1444800000 | time: 0.878ms/board |   0m 01s 
epoch:    3 | board_count:    1500 | loss: 0.2674395561 | accuracy = 0.1564800000 | time: 0.901ms/board |   0m 01s 
epoch:    4 | board_count:    2000 | loss: 0.2664464831 | accuracy = 0.1572000000 | time: 0.917ms/board |   0m 02s 
epoch:    5 | board_count:    2500 | loss: 0.2661537886 | accuracy = 0.1275200000 | time: 0.983ms/board |   0m 02s 
epoch:    6 | board_count:    3000 | loss: 0.2656326234 | accuracy = 0.1436000000 | time: 0.593ms/board |   0m 02s 
epoch:    7 | board_count:    3500 | loss: 0.2649550259 | accuracy = 0.1505600000 | time: 0.654ms/board |   0m 02s 
epoch:    8 | board_count:    4000 | loss: 0.2635008931 | accuracy = 0.1611200000 | time: 0.815ms/board |   0m 02s 
epoch:    9 | board_count:    4500 | loss: 0.2634767413 | accuracy = 0.1453600000 | time: 0.876ms/board |   0m 02s 
epoch:   10 | board_count:    5000 | loss: 0.2634711087 | accuracy = 0.1453600000 | time: 0.890ms/board |   0m 02s 
epoch:   20 | board_count:   10000 | loss: 0.2613204318 | accuracy = 0.1627680000 | time: 0.594ms/board |   0m 03s 
epoch:   30 | board_count:   15000 | loss: 0.2583045036 | accuracy = 0.1633120000 | time: 0.892ms/board |   0m 04s 
epoch:   40 | board_count:   20000 | loss: 0.2556610560 | accuracy = 0.1664400000 | time: 0.862ms/board |   0m 04s 
epoch:   50 | board_count:   25000 | loss: 0.2529402184 | accuracy = 0.5687840000 | time: 0.917ms/board |   0m 05s 
epoch:   60 | board_count:   30000 | loss: 0.2506278813 | accuracy = 0.6283360000 | time: 0.583ms/board |   0m 06s 
epoch:   70 | board_count:   35000 | loss: 0.2479232332 | accuracy = 0.6678720000 | time: 0.745ms/board |   0m 07s 
epoch:   80 | board_count:   40000 | loss: 0.2458660445 | accuracy = 0.6938080000 | time: 0.610ms/board |   0m 07s 
epoch:   90 | board_count:   45000 | loss: 0.2437791958 | accuracy = 0.7277760000 | time: 0.606ms/board |   0m 08s 
epoch:  100 | board_count:   50000 | loss: 0.2412345561 | accuracy = 0.7450320000 | time: 0.682ms/board |   0m 09s 
epoch:  200 | board_count:  100000 | loss: 0.2291278032 | accuracy = 0.7891776000 | time: 0.902ms/board |   0m 17s 
epoch:  300 | board_count:  150000 | loss: 0.2090406668 | accuracy = 0.8386832000 | time: 0.838ms/board |   0m 24s 
epoch:  400 | board_count:  200000 | loss: 0.1895751675 | accuracy = 0.8483600000 | time: 0.859ms/board |   0m 32s 
epoch:  500 | board_count:  250000 | loss: 0.1727037910 | accuracy = 0.8470160000 | time: 0.797ms/board |   0m 40s 
epoch:  600 | board_count:  300000 | loss: 0.1565065175 | accuracy = 0.8488280000 | time: 0.891ms/board |   0m 47s 
epoch:  700 | board_count:  350000 | loss: 0.1422298188 | accuracy = 0.8503600000 | time: 0.716ms/board |   0m 55s 
epoch:  800 | board_count:  400000 | loss: 0.1317187351 | accuracy = 0.8488320000 | time: 0.593ms/board |   1m 02s 
epoch:  900 | board_count:  450000 | loss: 0.1233256880 | accuracy = 0.8485360000 | time: 0.681ms/board |   1m 10s 
epoch: 1000 | board_count:  500000 | loss: 0.1168882669 | accuracy = 0.8481560000 | time: 0.686ms/board |   1m 18s 
epoch: 1100 | board_count:  550000 | loss: 0.1108185039 | accuracy = 0.8499080000 | time: 0.589ms/board |   1m 26s 
epoch: 1200 | board_count:  600000 | loss: 0.1086645943 | accuracy = 0.8471560000 | time: 0.897ms/board |   1m 34s 
epoch: 1300 | board_count:  650000 | loss: 0.1050051050 | accuracy = 0.8473360000 | time: 0.669ms/board |   1m 41s 
epoch: 1400 | board_count:  700000 | loss: 0.1005839920 | accuracy = 0.8478800000 | time: 0.901ms/board |   1m 49s 
epoch: 1500 | board_count:  750000 | loss: 0.0953931811 | accuracy = 0.8465320000 | time: 0.681ms/board |   1m 57s 
epoch: 1600 | board_count:  800000 | loss: 0.0932548258 | accuracy = 0.8339856000 | time: 0.633ms/board |   2m 04s 
epoch: 1700 | board_count:  850000 | loss: 0.0875317648 | accuracy = 0.8303136000 | time: 0.926ms/board |   2m 12s 
epoch: 1800 | board_count:  900000 | loss: 0.0853154981 | accuracy = 0.8274832000 | time: 0.685ms/board |   2m 20s 
epoch: 1900 | board_count:  950000 | loss: 0.0802321395 | accuracy = 0.8108912000 | time: 0.868ms/board |   2m 28s 
epoch: 2000 | board_count: 1000000 | loss: 0.0776239787 | accuracy = 0.7896240000 | time: 0.832ms/board |   2m 36s 
epoch: 2100 | board_count: 1050000 | loss: 0.0756025123 | accuracy = 0.7860440000 | time: 0.629ms/board |   2m 43s 
epoch: 2200 | board_count: 1100000 | loss: 0.0741526611 | accuracy = 0.7816000000 | time: 0.950ms/board |   2m 50s 
epoch: 2300 | board_count: 1150000 | loss: 0.0707291428 | accuracy = 0.7994408000 | time: 0.590ms/board |   2m 58s 
epoch: 2400 | board_count: 1200000 | loss: 0.0670608052 | accuracy = 0.8152584000 | time: 0.891ms/board |   3m 06s 
epoch: 2500 | board_count: 1250000 | loss: 0.0664015664 | accuracy = 0.8470336000 | time: 0.874ms/board |   3m 13s 
epoch: 2600 | board_count: 1300000 | loss: 0.0642330605 | accuracy = 0.8792016000 | time: 0.875ms/board |   3m 21s 
epoch: 2700 | board_count: 1350000 | loss: 0.0629338323 | accuracy = 0.9054528000 | time: 0.863ms/board |   3m 29s 
epoch: 2800 | board_count: 1400000 | loss: 0.0628438955 | accuracy = 0.8995968000 | time: 0.865ms/board |   3m 36s 
epoch: 2900 | board_count: 1450000 | loss: 0.0613006594 | accuracy = 0.9052600000 | time: 0.842ms/board |   3m 44s 
epoch: 3000 | board_count: 1500000 | loss: 0.0602220426 | accuracy = 0.9065800000 | time: 0.893ms/board |   3m 52s 
epoch: 3100 | board_count: 1550000 | loss: 0.0613629436 | accuracy = 0.9031280000 | time: 0.935ms/board |   3m 59s 
epoch: 3200 | board_count: 1600000 | loss: 0.0591048540 | accuracy = 0.9062520000 | time: 0.606ms/board |   4m 07s 
epoch: 3300 | board_count: 1650000 | loss: 0.0583230985 | accuracy = 0.9059160000 | time: 0.893ms/board |   4m 15s 
epoch: 3400 | board_count: 1700000 | loss: 0.0586395332 | accuracy = 0.9057480000 | time: 0.575ms/board |   4m 23s 
epoch: 3500 | board_count: 1750000 | loss: 0.0578379928 | accuracy = 0.9069440000 | time: 0.577ms/board |   4m 31s 
epoch: 3600 | board_count: 1800000 | loss: 0.0603280872 | accuracy = 0.9009960000 | time: 1.117ms/board |   4m 39s 
epoch: 3700 | board_count: 1850000 | loss: 0.0583189135 | accuracy = 0.9051840000 | time: 0.865ms/board |   4m 46s 
epoch: 3800 | board_count: 1900000 | loss: 0.0581768624 | accuracy = 0.9053840000 | time: 0.837ms/board |   4m 54s 
epoch: 3900 | board_count: 1950000 | loss: 0.0591678470 | accuracy = 0.9031440000 | time: 0.875ms/board |   5m 02s 
epoch: 4000 | board_count: 2000000 | loss: 0.0596754199 | accuracy = 0.9025120000 | time: 0.641ms/board |   5m 10s 
epoch: 4100 | board_count: 2050000 | loss: 0.0572675449 | accuracy = 0.9086856000 | time: 0.839ms/board |   5m 17s 
epoch: 4200 | board_count: 2100000 | loss: 0.0487716030 | accuracy = 0.9590688000 | time: 0.855ms/board |   5m 25s 
epoch: 4300 | board_count: 2150000 | loss: 0.0428711685 | accuracy = 0.9619224000 | time: 0.919ms/board |   5m 33s 
epoch: 4400 | board_count: 2200000 | loss: 0.0394145605 | accuracy = 0.9622600000 | time: 0.860ms/board |   5m 41s 
epoch: 4500 | board_count: 2250000 | loss: 0.0362169293 | accuracy = 0.9620120000 | time: 0.891ms/board |   5m 49s 
epoch: 4600 | board_count: 2300000 | loss: 0.0337766809 | accuracy = 0.9616464000 | time: 0.910ms/board |   5m 57s 
epoch: 4700 | board_count: 2350000 | loss: 0.0312669195 | accuracy = 0.9703920000 | time: 0.627ms/board |   6m 04s 
epoch: 4800 | board_count: 2400000 | loss: 0.0286965615 | accuracy = 0.9921864000 | time: 0.934ms/board |   6m 12s 
epoch: 4900 | board_count: 2450000 | loss: 0.0259380993 | accuracy = 1.0000000000 | time: 0.776ms/board |   6m 20s 
Finished Training: GameOfLifeForward_2N - 4972 epochs in 385.3s
GameOfLifeForward_2N.savefile(): /home/jamie/code/ai-games/puzzles/game_of_life/neural_networks/models/GameOfLifeForward_2N.pth = 2.8 kB
--------------------
GameOfLifeForward_2N
GameOfLifeForward_2N(
  (criterion): MSELoss()
  (layers): ModuleList(
    (0): Conv2d(1, 2, kernel_size=(3, 3), stride=(1, 1), padding=(1, 1), padding_mode=circular)
    (1): Conv2d(2, 2, kernel_size=(1, 1), stride=(1, 1))
    (2): Conv2d(2, 1, kernel_size=(1, 1), stride=(1, 1))
  )
  (dropout): Dropout(p=0.0, inplace=False)
  (activation): PReLU(num_parameters=1)
)
activation.weight
[-0.09895784]

layers.0.weight
[[[[-0.8801493  -0.8774913   0.647208  ]
   [-0.8785441  -0.5093228  -0.87882364]
   [-0.8810832  -0.8786536  -0.87970316]]]
 [[[-0.5815284  -0.581386   -1.4287026 ]
   [-0.5814132  -0.29002732 -0.58138126]
   [-0.58151895 -0.5813682  -0.581452  ]]]]

layers.0.bias
[0.82791275 1.503901  ]

layers.1.weight
[[[[1.5536692]]
  [[3.1305196]]]
 [[[1.9679755]]
  [[2.7100248]]]]

layers.1.bias
[-0.3812936  -0.41846293]

layers.2.weight
[[[[-2.8700008]]
  [[-2.154769 ]]]]

layers.2.bias
[0.89946836]

real 389.49
user 388.20
sys 1.90
