GameOfLifeForward_2N.load(): reinitializing weights

GameOfLifeForward_2N
GameOfLifeForward_2N(
  (criterion): MSELoss()
  (layers): ModuleList(
    (0): Conv2d(1, 2, kernel_size=(3, 3), stride=(1, 1), padding=(1, 1), padding_mode=circular)
    (1): Conv2d(2, 2, kernel_size=(1, 1), stride=(1, 1))
    (2): Conv2d(2, 1, kernel_size=(1, 1), stride=(1, 1))
  )
  (dropout): Dropout(p=0.0, inplace=False)
  (activation): PReLU(num_parameters=1)
)
activation.weight
[0.25]

layers.0.weight
[[[[ 0.32246357 -0.80203223  0.06572465]
   [-0.23296028  0.79531455 -0.664129  ]
   [ 0.5238087   0.33741525  0.550253  ]]]
 [[[ 0.48701477  0.48663044  0.50809914]
   [-0.21869148 -0.0296321  -0.36056578]
   [ 0.25673994 -1.1356605  -0.09765202]]]]

layers.0.bias
[0.1 0.1]

layers.1.weight
[[[[-0.4408379 ]]
  [[ 1.2524811 ]]]
 [[[ 0.6782197 ]]
  [[-0.27318633]]]]

layers.1.bias
[0.1 0.1]

layers.2.weight
[[[[ 0.62222373]]
  [[-0.54128146]]]]

layers.2.bias
[0.1]

--------------------
Training: GameOfLifeForward_2N
GameOfLifeForward_2N.load(): model file not found, reinitializing weights

GameOfLifeForward_2N(
  (criterion): MSELoss()
  (layers): ModuleList(
    (0): Conv2d(1, 2, kernel_size=(3, 3), stride=(1, 1), padding=(1, 1), padding_mode=circular)
    (1): Conv2d(2, 2, kernel_size=(1, 1), stride=(1, 1))
    (2): Conv2d(2, 1, kernel_size=(1, 1), stride=(1, 1))
  )
  (dropout): Dropout(p=0.0, inplace=False)
  (activation): PReLU(num_parameters=1)
)
epoch:    1 | board_count:     500 | loss: 0.2476295203 | accuracy = 0.7146400000 | time: 11.762ms/board |   0m 01s 
epoch:    2 | board_count:    1000 | loss: 0.2458791554 | accuracy = 0.7384000000 | time: 0.668ms/board |   0m 01s 
epoch:    3 | board_count:    1500 | loss: 0.2426455557 | accuracy = 0.7120000000 | time: 0.663ms/board |   0m 01s 
epoch:    4 | board_count:    2000 | loss: 0.2417226464 | accuracy = 0.7279200000 | time: 0.657ms/board |   0m 01s 
epoch:    5 | board_count:    2500 | loss: 0.2386704832 | accuracy = 0.7205600000 | time: 0.836ms/board |   0m 01s 
epoch:    6 | board_count:    3000 | loss: 0.2374132276 | accuracy = 0.7556800000 | time: 0.583ms/board |   0m 02s 
epoch:    7 | board_count:    3500 | loss: 0.2369694471 | accuracy = 0.7119200000 | time: 0.629ms/board |   0m 02s 
epoch:    8 | board_count:    4000 | loss: 0.2358687699 | accuracy = 0.7224000000 | time: 0.779ms/board |   0m 02s 
epoch:    9 | board_count:    4500 | loss: 0.2361173958 | accuracy = 0.7529600000 | time: 0.891ms/board |   0m 02s 
epoch:   10 | board_count:    5000 | loss: 0.2353376627 | accuracy = 0.7461600000 | time: 0.856ms/board |   0m 02s 
epoch:   20 | board_count:   10000 | loss: 0.2324714673 | accuracy = 0.7712880000 | time: 0.919ms/board |   0m 03s 
epoch:   30 | board_count:   15000 | loss: 0.2273346135 | accuracy = 0.7989760000 | time: 0.727ms/board |   0m 03s 
epoch:   40 | board_count:   20000 | loss: 0.2228086019 | accuracy = 0.7980640000 | time: 0.587ms/board |   0m 04s 
epoch:   50 | board_count:   25000 | loss: 0.2181141821 | accuracy = 0.8104800000 | time: 0.560ms/board |   0m 05s 
epoch:   60 | board_count:   30000 | loss: 0.2121582082 | accuracy = 0.8078800000 | time: 0.901ms/board |   0m 06s 
epoch:   70 | board_count:   35000 | loss: 0.2045321164 | accuracy = 0.8344320000 | time: 0.849ms/board |   0m 06s 
epoch:   80 | board_count:   40000 | loss: 0.1992117763 | accuracy = 0.8560160000 | time: 0.619ms/board |   0m 07s 
epoch:   90 | board_count:   45000 | loss: 0.1953825408 | accuracy = 0.8483760000 | time: 0.857ms/board |   0m 08s 
epoch:  100 | board_count:   50000 | loss: 0.1911648622 | accuracy = 0.8463200000 | time: 0.601ms/board |   0m 09s 
epoch:  200 | board_count:  100000 | loss: 0.1723311701 | accuracy = 0.8486496000 | time: 0.872ms/board |   0m 16s 
epoch:  300 | board_count:  150000 | loss: 0.1503880577 | accuracy = 0.8458136000 | time: 0.715ms/board |   0m 24s 
epoch:  400 | board_count:  200000 | loss: 0.1320867389 | accuracy = 0.8486936000 | time: 0.606ms/board |   0m 32s 
epoch:  500 | board_count:  250000 | loss: 0.1181753854 | accuracy = 0.8498416000 | time: 0.878ms/board |   0m 39s 
epoch:  600 | board_count:  300000 | loss: 0.1090666734 | accuracy = 0.8515792000 | time: 0.635ms/board |   0m 47s 
epoch:  700 | board_count:  350000 | loss: 0.1028872529 | accuracy = 0.8480992000 | time: 0.668ms/board |   0m 55s 
epoch:  800 | board_count:  400000 | loss: 0.0996017400 | accuracy = 0.8524296000 | time: 0.867ms/board |   1m 02s 
epoch:  900 | board_count:  450000 | loss: 0.0998278711 | accuracy = 0.8610712000 | time: 0.831ms/board |   1m 10s 
epoch: 1000 | board_count:  500000 | loss: 0.0992286260 | accuracy = 0.8614424000 | time: 0.896ms/board |   1m 18s 
epoch: 1100 | board_count:  550000 | loss: 0.0984659370 | accuracy = 0.8575448000 | time: 0.886ms/board |   1m 25s 
epoch: 1200 | board_count:  600000 | loss: 0.0962195436 | accuracy = 0.8641440000 | time: 0.896ms/board |   1m 33s 
epoch: 1300 | board_count:  650000 | loss: 0.0953422230 | accuracy = 0.8627272000 | time: 0.605ms/board |   1m 41s 
epoch: 1400 | board_count:  700000 | loss: 0.0930316925 | accuracy = 0.8644224000 | time: 0.677ms/board |   1m 49s 
epoch: 1500 | board_count:  750000 | loss: 0.0928902229 | accuracy = 0.8660800000 | time: 0.848ms/board |   1m 56s 
epoch: 1600 | board_count:  800000 | loss: 0.0908462766 | accuracy = 0.8660784000 | time: 0.836ms/board |   2m 04s 
epoch: 1700 | board_count:  850000 | loss: 0.0881193740 | accuracy = 0.8653464000 | time: 0.866ms/board |   2m 11s 
epoch: 1800 | board_count:  900000 | loss: 0.0863001576 | accuracy = 0.8523280000 | time: 0.597ms/board |   2m 19s 
epoch: 1900 | board_count:  950000 | loss: 0.0839445603 | accuracy = 0.8451664000 | time: 0.539ms/board |   2m 27s 
epoch: 2000 | board_count: 1000000 | loss: 0.0808720631 | accuracy = 0.8462528000 | time: 0.820ms/board |   2m 34s 
epoch: 2100 | board_count: 1050000 | loss: 0.0812511454 | accuracy = 0.8298168000 | time: 0.576ms/board |   2m 42s 
epoch: 2200 | board_count: 1100000 | loss: 0.0799392708 | accuracy = 0.8432072000 | time: 0.581ms/board |   2m 50s 
epoch: 2300 | board_count: 1150000 | loss: 0.0780995007 | accuracy = 0.8482520000 | time: 0.560ms/board |   2m 57s 
epoch: 2400 | board_count: 1200000 | loss: 0.0750779905 | accuracy = 0.8501080000 | time: 0.894ms/board |   3m 05s 
epoch: 2500 | board_count: 1250000 | loss: 0.0743813402 | accuracy = 0.8480560000 | time: 0.888ms/board |   3m 13s 
epoch: 2600 | board_count: 1300000 | loss: 0.0746601608 | accuracy = 0.8444720000 | time: 0.855ms/board |   3m 20s 
epoch: 2700 | board_count: 1350000 | loss: 0.0710273375 | accuracy = 0.8527624000 | time: 0.809ms/board |   3m 29s 
epoch: 2800 | board_count: 1400000 | loss: 0.0669875378 | accuracy = 0.8963240000 | time: 0.860ms/board |   3m 36s 
epoch: 2900 | board_count: 1450000 | loss: 0.0665320477 | accuracy = 0.9015880000 | time: 0.855ms/board |   3m 44s 
epoch: 3000 | board_count: 1500000 | loss: 0.0650723271 | accuracy = 0.9051840000 | time: 0.893ms/board |   3m 52s 
epoch: 3100 | board_count: 1550000 | loss: 0.0631163334 | accuracy = 0.9237160000 | time: 0.613ms/board |   4m 00s 
epoch: 3200 | board_count: 1600000 | loss: 0.0607883433 | accuracy = 0.9239160000 | time: 0.653ms/board |   4m 08s 
epoch: 3300 | board_count: 1650000 | loss: 0.0596402065 | accuracy = 0.9312768000 | time: 0.862ms/board |   4m 15s 
epoch: 3400 | board_count: 1700000 | loss: 0.0581741328 | accuracy = 0.9300696000 | time: 0.897ms/board |   4m 23s 
epoch: 3500 | board_count: 1750000 | loss: 0.0568188353 | accuracy = 0.9289000000 | time: 0.607ms/board |   4m 31s 
epoch: 3600 | board_count: 1800000 | loss: 0.0564656971 | accuracy = 0.9293008000 | time: 0.871ms/board |   4m 39s 
epoch: 3700 | board_count: 1850000 | loss: 0.0542060904 | accuracy = 0.9416776000 | time: 0.862ms/board |   4m 46s 
epoch: 3800 | board_count: 1900000 | loss: 0.0523108002 | accuracy = 0.9421400000 | time: 0.586ms/board |   4m 54s 
epoch: 3900 | board_count: 1950000 | loss: 0.0511490831 | accuracy = 0.9426728000 | time: 0.556ms/board |   5m 02s 
epoch: 4000 | board_count: 2000000 | loss: 0.0497320839 | accuracy = 0.9408104000 | time: 0.609ms/board |   5m 09s 
epoch: 4100 | board_count: 2050000 | loss: 0.0485755004 | accuracy = 0.9415816000 | time: 0.885ms/board |   5m 17s 
epoch: 4200 | board_count: 2100000 | loss: 0.0448624738 | accuracy = 0.9416360000 | time: 0.763ms/board |   5m 25s 
epoch: 4300 | board_count: 2150000 | loss: 0.0437178114 | accuracy = 0.9434352000 | time: 0.867ms/board |   5m 32s 
epoch: 4400 | board_count: 2200000 | loss: 0.0410083209 | accuracy = 0.9584072000 | time: 0.851ms/board |   5m 39s 
epoch: 4500 | board_count: 2250000 | loss: 0.0383330618 | accuracy = 0.9605840000 | time: 0.616ms/board |   5m 47s 
epoch: 4600 | board_count: 2300000 | loss: 0.0374120902 | accuracy = 0.9590120000 | time: 0.582ms/board |   5m 55s 
epoch: 4700 | board_count: 2350000 | loss: 0.0343933976 | accuracy = 0.9603536000 | time: 0.846ms/board |   6m 02s 
epoch: 4800 | board_count: 2400000 | loss: 0.0307510378 | accuracy = 0.9774480000 | time: 0.589ms/board |   6m 09s 
epoch: 4900 | board_count: 2450000 | loss: 0.0303686769 | accuracy = 0.9773320000 | time: 0.889ms/board |   6m 17s 
epoch: 5000 | board_count: 2500000 | loss: 0.0289778123 | accuracy = 0.9773080000 | time: 0.772ms/board |   6m 25s 
epoch: 5100 | board_count: 2550000 | loss: 0.0279041113 | accuracy = 0.9775360000 | time: 0.876ms/board |   6m 32s 
epoch: 5200 | board_count: 2600000 | loss: 0.0265246661 | accuracy = 0.9778280000 | time: 0.797ms/board |   6m 40s 
epoch: 5300 | board_count: 2650000 | loss: 0.0261385390 | accuracy = 0.9772328000 | time: 0.849ms/board |   6m 48s 
epoch: 5400 | board_count: 2700000 | loss: 0.0253365039 | accuracy = 0.9767904000 | time: 0.651ms/board |   6m 56s 
epoch: 5500 | board_count: 2750000 | loss: 0.0246513323 | accuracy = 0.9750704000 | time: 0.855ms/board |   7m 04s 
epoch: 5600 | board_count: 2800000 | loss: 0.0239083123 | accuracy = 0.9759416000 | time: 0.575ms/board |   7m 11s 
epoch: 5700 | board_count: 2850000 | loss: 0.0237053955 | accuracy = 0.9764464000 | time: 0.938ms/board |   7m 19s 
epoch: 5800 | board_count: 2900000 | loss: 0.0226819031 | accuracy = 0.9778424000 | time: 0.738ms/board |   7m 26s 
epoch: 5900 | board_count: 2950000 | loss: 0.0225951678 | accuracy = 0.9770760000 | time: 0.859ms/board |   7m 34s 
epoch: 6000 | board_count: 3000000 | loss: 0.0215440531 | accuracy = 0.9781520000 | time: 0.619ms/board |   7m 42s 
epoch: 6100 | board_count: 3050000 | loss: 0.0211457490 | accuracy = 0.9774920000 | time: 0.603ms/board |   7m 49s 
epoch: 6200 | board_count: 3100000 | loss: 0.0205771276 | accuracy = 0.9773880000 | time: 0.870ms/board |   7m 57s 
epoch: 6300 | board_count: 3150000 | loss: 0.0202548543 | accuracy = 0.9783664000 | time: 0.617ms/board |   8m 05s 
epoch: 6400 | board_count: 3200000 | loss: 0.0197306154 | accuracy = 0.9831712000 | time: 0.883ms/board |   8m 12s 
epoch: 6500 | board_count: 3250000 | loss: 0.0193196679 | accuracy = 0.9911896000 | time: 0.868ms/board |   8m 20s 
epoch: 6600 | board_count: 3300000 | loss: 0.0188455099 | accuracy = 0.9976184000 | time: 0.616ms/board |   8m 28s 
epoch: 6700 | board_count: 3350000 | loss: 0.0183925376 | accuracy = 0.9999048000 | time: 0.884ms/board |   8m 35s 
epoch: 6800 | board_count: 3400000 | loss: 0.0174450101 | accuracy = 0.9999960000 | time: 0.901ms/board |   8m 44s 
epoch: 6900 | board_count: 3450000 | loss: 0.0175969984 | accuracy = 1.0000000000 | time: 0.688ms/board |   8m 52s 
Finished Training: GameOfLifeForward_2N - 6924 epochs in 533.4s
GameOfLifeForward_2N.savefile(): /home/jamie/code/ai-games/puzzles/game_of_life/neural_networks/models/GameOfLifeForward_2N.pth = 2.8 kB
--------------------
GameOfLifeForward_2N
GameOfLifeForward_2N(
  (criterion): MSELoss()
  (layers): ModuleList(
    (0): Conv2d(1, 2, kernel_size=(3, 3), stride=(1, 1), padding=(1, 1), padding_mode=circular)
    (1): Conv2d(2, 2, kernel_size=(1, 1), stride=(1, 1))
    (2): Conv2d(2, 1, kernel_size=(1, 1), stride=(1, 1))
  )
  (dropout): Dropout(p=0.0, inplace=False)
  (activation): PReLU(num_parameters=1)
)
activation.weight
[-0.2665691]

layers.0.weight
[[[[ 0.5322057   0.5484189   0.53306174]
   [ 0.52916604  0.31163844  0.53113633]
   [ 0.5360635   0.5338742   0.5376438 ]]]
 [[[ 0.26199952 -1.2419142   0.27183425]
   [ 0.21517375  0.58276767  0.21913557]
   [ 0.15083818  0.11874572  0.15464202]]]]

layers.0.bias
[-0.7139694  -0.42141718]

layers.1.weight
[[[[-0.94619125]]
  [[-0.01272662]]]
 [[[-2.460389  ]]
  [[-0.2845796 ]]]]

layers.1.bias
[0.6955296 1.8399855]

layers.2.weight
[[[[-3.8843586]]
  [[-4.201396 ]]]]

layers.2.bias
[2.0766275]

real 537.28
user 535.90
sys 2.08
