removed './neural_networks/models/GameOfLifeForward_2N.pth'
GameOfLifeForward_2N.load(): reinitializing weights

GameOfLifeForward_2N
GameOfLifeForward_2N(
  (criterion): MSELoss()
  (layers): ModuleList(
    (0): Conv2d(1, 2, kernel_size=(3, 3), stride=(1, 1), padding=(1, 1), padding_mode=circular)
    (1): Conv2d(2, 2, kernel_size=(1, 1), stride=(1, 1))
    (2): Conv2d(2, 1, kernel_size=(1, 1), stride=(1, 1))
  )
  (dropout): Dropout(p=0.0, inplace=False)
  (activation): PReLU(num_parameters=1)
)
activation.weight
[0.25]

layers.0.weight
[[[[-0.37826532 -0.6974973  -0.30943948]
   [ 0.188786   -0.04348061 -0.11999203]
   [-0.35677972 -0.35805055  0.15525945]]]
 [[[ 0.17387143 -0.22139354  0.79750013]
   [-0.10452598 -0.63842434 -0.09247532]
   [-0.5067912  -0.28322652  0.66636217]]]]

layers.0.bias
[0.1 0.1]

layers.1.weight
[[[[0.01384483]]
  [[0.5930222 ]]]
 [[[0.9815899 ]]
  [[0.95454   ]]]]

layers.1.bias
[0.1 0.1]

layers.2.weight
[[[[ 1.992468 ]]
  [[-0.7489014]]]]

layers.2.bias
[0.1]

--------------------
Training: GameOfLifeForward_2N
GameOfLifeForward_2N.load(): model file not found, reinitializing weights

GameOfLifeForward_2N(
  (criterion): MSELoss()
  (layers): ModuleList(
    (0): Conv2d(1, 2, kernel_size=(3, 3), stride=(1, 1), padding=(1, 1), padding_mode=circular)
    (1): Conv2d(2, 2, kernel_size=(1, 1), stride=(1, 1))
    (2): Conv2d(2, 1, kernel_size=(1, 1), stride=(1, 1))
  )
  (dropout): Dropout(p=0.0, inplace=False)
  (activation): PReLU(num_parameters=1)
)
epoch:    1 | board_count:     500 | loss: 0.3175869286 | accuracy = 0.1928800000 | time: 10.383ms/board |   0m 01s 
epoch:    2 | board_count:    1000 | loss: 0.3144061863 | accuracy = 0.2008000000 | time: 0.903ms/board |   0m 01s 
epoch:    3 | board_count:    1500 | loss: 0.3183260441 | accuracy = 0.1541600000 | time: 0.850ms/board |   0m 01s 
epoch:    4 | board_count:    2000 | loss: 0.3110235989 | accuracy = 0.1699200000 | time: 0.876ms/board |   0m 01s 
epoch:    5 | board_count:    2500 | loss: 0.3106480300 | accuracy = 0.1661600000 | time: 0.853ms/board |   0m 01s 
epoch:    6 | board_count:    3000 | loss: 0.3152367771 | accuracy = 0.1302400000 | time: 0.841ms/board |   0m 01s 
epoch:    7 | board_count:    3500 | loss: 0.3082998812 | accuracy = 0.1609600000 | time: 0.562ms/board |   0m 02s 
epoch:    8 | board_count:    4000 | loss: 0.3067061782 | accuracy = 0.1596800000 | time: 0.634ms/board |   0m 02s 
epoch:    9 | board_count:    4500 | loss: 0.3016843796 | accuracy = 0.1941600000 | time: 0.900ms/board |   0m 02s 
epoch:   10 | board_count:    5000 | loss: 0.3039438248 | accuracy = 0.1733600000 | time: 0.884ms/board |   0m 02s 
epoch:   20 | board_count:   10000 | loss: 0.3006841451 | accuracy = 0.1804320000 | time: 0.560ms/board |   0m 02s 
epoch:   30 | board_count:   15000 | loss: 0.2956711358 | accuracy = 0.1907520000 | time: 0.873ms/board |   0m 03s 
epoch:   40 | board_count:   20000 | loss: 0.2878571606 | accuracy = 0.2090000000 | time: 0.858ms/board |   0m 04s 
epoch:   50 | board_count:   25000 | loss: 0.2837492114 | accuracy = 0.2160320000 | time: 0.870ms/board |   0m 05s 
epoch:   60 | board_count:   30000 | loss: 0.2771126348 | accuracy = 0.2538000000 | time: 0.630ms/board |   0m 06s 
epoch:   70 | board_count:   35000 | loss: 0.2728117132 | accuracy = 0.2761360000 | time: 0.725ms/board |   0m 07s 
epoch:   80 | board_count:   40000 | loss: 0.2680714691 | accuracy = 0.3057200000 | time: 0.624ms/board |   0m 07s 
epoch:   90 | board_count:   45000 | loss: 0.2637841195 | accuracy = 0.2964400000 | time: 0.567ms/board |   0m 08s 
epoch:  100 | board_count:   50000 | loss: 0.2598543930 | accuracy = 0.2984480000 | time: 0.562ms/board |   0m 09s 
epoch:  200 | board_count:  100000 | loss: 0.2383050652 | accuracy = 0.6927640000 | time: 0.920ms/board |   0m 17s 
epoch:  300 | board_count:  150000 | loss: 0.2121742634 | accuracy = 0.8372024000 | time: 0.649ms/board |   0m 25s 
epoch:  400 | board_count:  200000 | loss: 0.1898232416 | accuracy = 0.8490880000 | time: 0.871ms/board |   0m 32s 
epoch:  500 | board_count:  250000 | loss: 0.1712012320 | accuracy = 0.8457800000 | time: 0.613ms/board |   0m 40s 
epoch:  600 | board_count:  300000 | loss: 0.1525840780 | accuracy = 0.8496160000 | time: 0.871ms/board |   0m 48s 
epoch:  700 | board_count:  350000 | loss: 0.1391351049 | accuracy = 0.8476480000 | time: 0.570ms/board |   0m 55s 
epoch:  800 | board_count:  400000 | loss: 0.1282299149 | accuracy = 0.8470000000 | time: 0.628ms/board |   1m 03s 
epoch:  900 | board_count:  450000 | loss: 0.1191093896 | accuracy = 0.8494040000 | time: 0.858ms/board |   1m 11s 
epoch: 1000 | board_count:  500000 | loss: 0.1140927385 | accuracy = 0.8484728000 | time: 0.880ms/board |   1m 18s 
epoch: 1100 | board_count:  550000 | loss: 0.1098714316 | accuracy = 0.8504936000 | time: 0.627ms/board |   1m 26s 
epoch: 1200 | board_count:  600000 | loss: 0.1057504486 | accuracy = 0.8534424000 | time: 0.566ms/board |   1m 33s 
epoch: 1300 | board_count:  650000 | loss: 0.1049431053 | accuracy = 0.8512768000 | time: 0.586ms/board |   1m 41s 
epoch: 1400 | board_count:  700000 | loss: 0.1024421531 | accuracy = 0.8528800000 | time: 0.780ms/board |   1m 49s 
epoch: 1500 | board_count:  750000 | loss: 0.1065675104 | accuracy = 0.8502288000 | time: 0.532ms/board |   1m 56s 
epoch: 1600 | board_count:  800000 | loss: 0.1018016631 | accuracy = 0.8571192000 | time: 0.901ms/board |   2m 04s 
epoch: 1700 | board_count:  850000 | loss: 0.1020913501 | accuracy = 0.8626904000 | time: 0.595ms/board |   2m 12s 
epoch: 1800 | board_count:  900000 | loss: 0.1016912939 | accuracy = 0.8606192000 | time: 0.642ms/board |   2m 20s 
epoch: 1900 | board_count:  950000 | loss: 0.1012983595 | accuracy = 0.8607880000 | time: 0.870ms/board |   2m 28s 
epoch: 2000 | board_count: 1000000 | loss: 0.1015442002 | accuracy = 0.8649008000 | time: 0.746ms/board |   2m 35s 
epoch: 2100 | board_count: 1050000 | loss: 0.1008511865 | accuracy = 0.8694600000 | time: 0.956ms/board |   2m 43s 
epoch: 2200 | board_count: 1100000 | loss: 0.1003083202 | accuracy = 0.8693960000 | time: 0.866ms/board |   2m 51s 
epoch: 2300 | board_count: 1150000 | loss: 0.1017190744 | accuracy = 0.8704496000 | time: 0.841ms/board |   2m 58s 
epoch: 2400 | board_count: 1200000 | loss: 0.1010877711 | accuracy = 0.8691888000 | time: 0.860ms/board |   3m 06s 
epoch: 2500 | board_count: 1250000 | loss: 0.0999014065 | accuracy = 0.8701888000 | time: 1.190ms/board |   3m 14s 
epoch: 2600 | board_count: 1300000 | loss: 0.1026643862 | accuracy = 0.8565000000 | time: 0.613ms/board |   3m 22s 
epoch: 2700 | board_count: 1350000 | loss: 0.0994397736 | accuracy = 0.8707400000 | time: 0.587ms/board |   3m 30s 
epoch: 2800 | board_count: 1400000 | loss: 0.0998997841 | accuracy = 0.8615784000 | time: 0.609ms/board |   3m 37s 
epoch: 2900 | board_count: 1450000 | loss: 0.0996564784 | accuracy = 0.8844448000 | time: 0.600ms/board |   3m 44s 
epoch: 3000 | board_count: 1500000 | loss: 0.1013738896 | accuracy = 0.8761296000 | time: 0.870ms/board |   3m 52s 
epoch: 3100 | board_count: 1550000 | loss: 0.1007483901 | accuracy = 0.8800520000 | time: 0.865ms/board |   3m 60s 
epoch: 3200 | board_count: 1600000 | loss: 0.0967038698 | accuracy = 0.8898416000 | time: 0.585ms/board |   4m 07s 
epoch: 3300 | board_count: 1650000 | loss: 0.0997067680 | accuracy = 0.8834088000 | time: 0.558ms/board |   4m 15s 
epoch: 3400 | board_count: 1700000 | loss: 0.0978965885 | accuracy = 0.8785088000 | time: 0.866ms/board |   4m 23s 
epoch: 3500 | board_count: 1750000 | loss: 0.0945880363 | accuracy = 0.8768896000 | time: 0.865ms/board |   4m 30s 
epoch: 3600 | board_count: 1800000 | loss: 0.0956517108 | accuracy = 0.8728304000 | time: 1.057ms/board |   4m 38s 
epoch: 3700 | board_count: 1850000 | loss: 0.0904172079 | accuracy = 0.8793392000 | time: 0.876ms/board |   4m 46s 
epoch: 3800 | board_count: 1900000 | loss: 0.0924331486 | accuracy = 0.8760624000 | time: 0.879ms/board |   4m 54s 
epoch: 3900 | board_count: 1950000 | loss: 0.0914942689 | accuracy = 0.8763904000 | time: 0.846ms/board |   5m 02s 
epoch: 4000 | board_count: 2000000 | loss: 0.0881184207 | accuracy = 0.8852464000 | time: 0.622ms/board |   5m 10s 
epoch: 4100 | board_count: 2050000 | loss: 0.0879034670 | accuracy = 0.8848128000 | time: 0.874ms/board |   5m 17s 
epoch: 4200 | board_count: 2100000 | loss: 0.0844723829 | accuracy = 0.8888872000 | time: 0.747ms/board |   5m 25s 
epoch: 4300 | board_count: 2150000 | loss: 0.0868664812 | accuracy = 0.8826656000 | time: 0.948ms/board |   5m 33s 
epoch: 4400 | board_count: 2200000 | loss: 0.0855534755 | accuracy = 0.8823560000 | time: 0.744ms/board |   5m 41s 
epoch: 4500 | board_count: 2250000 | loss: 0.0817537776 | accuracy = 0.8856008000 | time: 0.849ms/board |   5m 49s 
epoch: 4600 | board_count: 2300000 | loss: 0.0790273877 | accuracy = 0.8872168000 | time: 0.557ms/board |   5m 57s 
epoch: 4700 | board_count: 2350000 | loss: 0.0782500893 | accuracy = 0.8846040000 | time: 0.834ms/board |   6m 05s 
epoch: 4800 | board_count: 2400000 | loss: 0.0769536420 | accuracy = 0.8847280000 | time: 0.897ms/board |   6m 13s 
epoch: 4900 | board_count: 2450000 | loss: 0.0770237893 | accuracy = 0.8825536000 | time: 0.646ms/board |   6m 20s 
epoch: 5000 | board_count: 2500000 | loss: 0.0766807521 | accuracy = 0.8811288000 | time: 0.864ms/board |   6m 28s 
epoch: 5100 | board_count: 2550000 | loss: 0.0742297026 | accuracy = 0.8836456000 | time: 0.537ms/board |   6m 35s 
epoch: 5200 | board_count: 2600000 | loss: 0.0727898642 | accuracy = 0.8839416000 | time: 0.927ms/board |   6m 44s 
epoch: 5300 | board_count: 2650000 | loss: 0.0725472396 | accuracy = 0.8832152000 | time: 0.882ms/board |   6m 51s 
epoch: 5400 | board_count: 2700000 | loss: 0.0716864362 | accuracy = 0.8818312000 | time: 0.802ms/board |   6m 59s 
epoch: 5500 | board_count: 2750000 | loss: 0.0703717955 | accuracy = 0.8844352000 | time: 0.855ms/board |   7m 07s 
epoch: 5600 | board_count: 2800000 | loss: 0.0681555401 | accuracy = 0.8850048000 | time: 0.588ms/board |   7m 14s 
epoch: 5700 | board_count: 2850000 | loss: 0.0675366764 | accuracy = 0.8831880000 | time: 0.630ms/board |   7m 22s 
epoch: 5800 | board_count: 2900000 | loss: 0.0665340110 | accuracy = 0.8828320000 | time: 0.886ms/board |   7m 30s 
epoch: 5900 | board_count: 2950000 | loss: 0.0652135013 | accuracy = 0.8831320000 | time: 0.869ms/board |   7m 38s 
epoch: 6000 | board_count: 3000000 | loss: 0.0642665607 | accuracy = 0.8837600000 | time: 0.879ms/board |   7m 45s 
epoch: 6100 | board_count: 3050000 | loss: 0.0643168500 | accuracy = 0.8842968000 | time: 0.574ms/board |   7m 53s 
epoch: 6200 | board_count: 3100000 | loss: 0.0632206182 | accuracy = 0.9064680000 | time: 0.912ms/board |   8m 01s 
epoch: 6300 | board_count: 3150000 | loss: 0.0622934885 | accuracy = 0.9066120000 | time: 0.784ms/board |   8m 09s 
epoch: 6400 | board_count: 3200000 | loss: 0.0620622599 | accuracy = 0.9058520000 | time: 0.827ms/board |   8m 16s 
epoch: 6500 | board_count: 3250000 | loss: 0.0602740603 | accuracy = 0.9076600000 | time: 0.819ms/board |   8m 24s 
epoch: 6600 | board_count: 3300000 | loss: 0.0599721726 | accuracy = 0.9073504000 | time: 0.870ms/board |   8m 32s 
epoch: 6700 | board_count: 3350000 | loss: 0.0589431010 | accuracy = 0.9088976000 | time: 0.852ms/board |   8m 39s 
epoch: 6800 | board_count: 3400000 | loss: 0.0567947235 | accuracy = 0.9183448000 | time: 0.599ms/board |   8m 47s 
epoch: 6900 | board_count: 3450000 | loss: 0.0566215733 | accuracy = 0.9167424000 | time: 0.595ms/board |   8m 54s 
epoch: 7000 | board_count: 3500000 | loss: 0.0543181676 | accuracy = 0.9176760000 | time: 0.865ms/board |   9m 02s 
epoch: 7100 | board_count: 3550000 | loss: 0.0523859236 | accuracy = 0.9189080000 | time: 0.600ms/board |   9m 10s 
epoch: 7200 | board_count: 3600000 | loss: 0.0515676331 | accuracy = 0.9193480000 | time: 0.848ms/board |   9m 18s 
epoch: 7300 | board_count: 3650000 | loss: 0.0512332381 | accuracy = 0.9183440000 | time: 0.734ms/board |   9m 25s 
epoch: 7400 | board_count: 3700000 | loss: 0.0506762728 | accuracy = 0.9180360000 | time: 0.583ms/board |   9m 33s 
epoch: 7500 | board_count: 3750000 | loss: 0.0503252559 | accuracy = 0.9176560000 | time: 0.888ms/board |   9m 41s 
epoch: 7600 | board_count: 3800000 | loss: 0.0492006330 | accuracy = 0.9190800000 | time: 0.839ms/board |   9m 49s 
epoch: 7700 | board_count: 3850000 | loss: 0.0488612448 | accuracy = 0.9177080000 | time: 0.833ms/board |   9m 57s 
epoch: 7800 | board_count: 3900000 | loss: 0.0480146063 | accuracy = 0.9180360000 | time: 0.928ms/board |  10m 05s 
epoch: 7900 | board_count: 3950000 | loss: 0.0476381727 | accuracy = 0.9177720000 | time: 0.626ms/board |  10m 12s 
epoch: 8000 | board_count: 4000000 | loss: 0.0467741962 | accuracy = 0.9180944000 | time: 0.879ms/board |  10m 21s 
epoch: 8100 | board_count: 4050000 | loss: 0.0459860276 | accuracy = 0.9087000000 | time: 0.868ms/board |  10m 28s 
epoch: 8200 | board_count: 4100000 | loss: 0.0460968195 | accuracy = 0.9029808000 | time: 0.858ms/board |  10m 36s 
epoch: 8300 | board_count: 4150000 | loss: 0.0457374431 | accuracy = 0.9023392000 | time: 0.681ms/board |  10m 43s 
epoch: 8400 | board_count: 4200000 | loss: 0.0449499313 | accuracy = 0.9030960000 | time: 0.654ms/board |  10m 51s 
epoch: 8500 | board_count: 4250000 | loss: 0.0439688845 | accuracy = 0.9040880000 | time: 0.626ms/board |  10m 59s 
epoch: 8600 | board_count: 4300000 | loss: 0.0432572635 | accuracy = 0.9046920000 | time: 0.606ms/board |  11m 06s 
epoch: 8700 | board_count: 4350000 | loss: 0.0428868731 | accuracy = 0.9046800000 | time: 0.907ms/board |  11m 14s 
epoch: 8800 | board_count: 4400000 | loss: 0.0431498339 | accuracy = 0.9030080000 | time: 0.888ms/board |  11m 22s 
epoch: 8900 | board_count: 4450000 | loss: 0.0426178640 | accuracy = 0.9031360000 | time: 0.879ms/board |  11m 30s 
epoch: 9000 | board_count: 4500000 | loss: 0.0420085330 | accuracy = 0.9040440000 | time: 0.891ms/board |  11m 38s 
epoch: 9100 | board_count: 4550000 | loss: 0.0414205348 | accuracy = 0.9038408000 | time: 0.878ms/board |  11m 46s 
epoch: 9200 | board_count: 4600000 | loss: 0.0422831509 | accuracy = 0.8809480000 | time: 0.693ms/board |  11m 54s 
epoch: 9300 | board_count: 4650000 | loss: 0.0412849449 | accuracy = 0.8672960000 | time: 0.894ms/board |  12m 02s 
epoch: 9400 | board_count: 4700000 | loss: 0.0403165790 | accuracy = 0.8698920000 | time: 0.872ms/board |  12m 09s 
epoch: 9500 | board_count: 4750000 | loss: 0.0400538476 | accuracy = 0.8698120000 | time: 0.880ms/board |  12m 17s 
epoch: 9600 | board_count: 4800000 | loss: 0.0412142383 | accuracy = 0.8651600000 | time: 0.749ms/board |  12m 25s 
epoch: 9700 | board_count: 4850000 | loss: 0.0395081794 | accuracy = 0.8698440000 | time: 0.599ms/board |  12m 32s 
epoch: 9800 | board_count: 4900000 | loss: 0.0403154629 | accuracy = 0.8666160000 | time: 0.874ms/board |  12m 40s 
epoch: 9900 | board_count: 4950000 | loss: 0.0399316988 | accuracy = 0.8673720000 | time: 0.846ms/board |  12m 48s 
epoch: 10000 | board_count: 5000000 | loss: 0.0397831665 | accuracy = 0.8671200000 | time: 0.884ms/board |  12m 56s 
epoch: 10100 | board_count: 5050000 | loss: 0.0401430104 | accuracy = 0.8652520000 | time: 0.896ms/board |  13m 03s 
epoch: 10200 | board_count: 5100000 | loss: 0.0395429168 | accuracy = 0.8670000000 | time: 0.582ms/board |  13m 11s 
epoch: 10300 | board_count: 5150000 | loss: 0.0392540945 | accuracy = 0.8673960000 | time: 0.558ms/board |  13m 19s 
epoch: 10400 | board_count: 5200000 | loss: 0.0379965821 | accuracy = 0.8709216000 | time: 0.838ms/board |  13m 26s 
epoch: 10500 | board_count: 5250000 | loss: 0.0383894184 | accuracy = 0.8808832000 | time: 0.859ms/board |  13m 34s 
epoch: 10600 | board_count: 5300000 | loss: 0.0381939470 | accuracy = 0.8970400000 | time: 0.732ms/board |  13m 42s 
epoch: 10700 | board_count: 5350000 | loss: 0.0380890520 | accuracy = 0.9313144000 | time: 0.961ms/board |  13m 49s 
epoch: 10800 | board_count: 5400000 | loss: 0.0381138447 | accuracy = 0.9406560000 | time: 0.604ms/board |  13m 57s 
epoch: 10900 | board_count: 5450000 | loss: 0.0386243610 | accuracy = 0.9403360000 | time: 0.895ms/board |  14m 05s 
epoch: 11000 | board_count: 5500000 | loss: 0.0376632253 | accuracy = 0.9406720000 | time: 0.632ms/board |  14m 13s 
epoch: 11100 | board_count: 5550000 | loss: 0.0377865591 | accuracy = 0.9407320000 | time: 0.626ms/board |  14m 20s 
epoch: 11200 | board_count: 5600000 | loss: 0.0378520406 | accuracy = 0.9400800000 | time: 0.818ms/board |  14m 28s 
epoch: 11300 | board_count: 5650000 | loss: 0.0383636171 | accuracy = 0.9394440000 | time: 0.623ms/board |  14m 36s 
epoch: 11400 | board_count: 5700000 | loss: 0.0377492345 | accuracy = 0.9410120000 | time: 0.871ms/board |  14m 44s 
epoch: 11500 | board_count: 5750000 | loss: 0.0376797547 | accuracy = 0.9397760000 | time: 0.628ms/board |  14m 52s 
epoch: 11600 | board_count: 5800000 | loss: 0.0369949265 | accuracy = 0.9405000000 | time: 0.873ms/board |  15m 00s 
epoch: 11700 | board_count: 5850000 | loss: 0.0377577364 | accuracy = 0.9403120000 | time: 0.573ms/board |  15m 08s 
epoch: 11800 | board_count: 5900000 | loss: 0.0369816336 | accuracy = 0.9436464000 | time: 0.588ms/board |  15m 16s 
epoch: 11900 | board_count: 5950000 | loss: 0.0361337772 | accuracy = 0.9445800000 | time: 0.909ms/board |  15m 24s 
epoch: 12000 | board_count: 6000000 | loss: 0.0367052676 | accuracy = 0.9439240000 | time: 0.834ms/board |  15m 31s 
epoch: 12100 | board_count: 6050000 | loss: 0.0364400464 | accuracy = 0.9434720000 | time: 0.581ms/board |  15m 39s 
epoch: 12200 | board_count: 6100000 | loss: 0.0360590842 | accuracy = 0.9449800000 | time: 0.830ms/board |  15m 47s 
epoch: 12300 | board_count: 6150000 | loss: 0.0367853230 | accuracy = 0.9428320000 | time: 0.830ms/board |  15m 54s 
epoch: 12400 | board_count: 6200000 | loss: 0.0362888063 | accuracy = 0.9434120000 | time: 0.690ms/board |  16m 02s 
epoch: 12500 | board_count: 6250000 | loss: 0.0353163205 | accuracy = 0.9461400000 | time: 0.851ms/board |  16m 10s 
epoch: 12600 | board_count: 6300000 | loss: 0.0359958809 | accuracy = 0.9436560000 | time: 0.885ms/board |  16m 17s 
epoch: 12700 | board_count: 6350000 | loss: 0.0356193490 | accuracy = 0.9443720000 | time: 0.651ms/board |  16m 25s 
epoch: 12800 | board_count: 6400000 | loss: 0.0354310441 | accuracy = 0.9454800000 | time: 0.610ms/board |  16m 33s 
epoch: 12900 | board_count: 6450000 | loss: 0.0357239097 | accuracy = 0.9431320000 | time: 0.852ms/board |  16m 40s 
epoch: 13000 | board_count: 6500000 | loss: 0.0356044027 | accuracy = 0.9438920000 | time: 0.881ms/board |  16m 48s 
epoch: 13100 | board_count: 6550000 | loss: 0.0355726995 | accuracy = 0.9438600000 | time: 0.853ms/board |  16m 55s 
epoch: 13200 | board_count: 6600000 | loss: 0.0353970623 | accuracy = 0.9429880000 | time: 0.581ms/board |  17m 03s 
epoch: 13300 | board_count: 6650000 | loss: 0.0349839495 | accuracy = 0.9447960000 | time: 0.591ms/board |  17m 10s 
epoch: 13400 | board_count: 6700000 | loss: 0.0353144558 | accuracy = 0.9436440000 | time: 0.635ms/board |  17m 18s 
epoch: 13500 | board_count: 6750000 | loss: 0.0356125643 | accuracy = 0.9429920000 | time: 0.840ms/board |  17m 26s 
epoch: 13600 | board_count: 6800000 | loss: 0.0355131192 | accuracy = 0.9432680000 | time: 0.739ms/board |  17m 33s 
epoch: 13700 | board_count: 6850000 | loss: 0.0342340110 | accuracy = 0.9460480000 | time: 0.898ms/board |  17m 41s 
epoch: 13800 | board_count: 6900000 | loss: 0.0349946583 | accuracy = 0.9435280000 | time: 0.837ms/board |  17m 49s 
epoch: 13900 | board_count: 6950000 | loss: 0.0353128784 | accuracy = 0.9436120000 | time: 0.887ms/board |  17m 56s 
epoch: 14000 | board_count: 7000000 | loss: 0.0356909000 | accuracy = 0.9425080000 | time: 0.579ms/board |  18m 04s 
epoch: 14100 | board_count: 7050000 | loss: 0.0345384536 | accuracy = 0.9443800000 | time: 0.940ms/board |  18m 12s 
epoch: 14200 | board_count: 7100000 | loss: 0.0351125699 | accuracy = 0.9430760000 | time: 0.855ms/board |  18m 20s 
epoch: 14300 | board_count: 7150000 | loss: 0.0342717648 | accuracy = 0.9447840000 | time: 0.616ms/board |  18m 27s 
epoch: 14400 | board_count: 7200000 | loss: 0.0346026872 | accuracy = 0.9441160000 | time: 0.541ms/board |  18m 35s 
epoch: 14500 | board_count: 7250000 | loss: 0.0348967531 | accuracy = 0.9435720000 | time: 0.883ms/board |  18m 43s 
epoch: 14600 | board_count: 7300000 | loss: 0.0353455885 | accuracy = 0.9421320000 | time: 0.547ms/board |  18m 51s 
epoch: 14700 | board_count: 7350000 | loss: 0.0348929778 | accuracy = 0.9426440000 | time: 0.865ms/board |  18m 58s 
epoch: 14800 | board_count: 7400000 | loss: 0.0347240923 | accuracy = 0.9443000000 | time: 0.875ms/board |  19m 06s 
epoch: 14900 | board_count: 7450000 | loss: 0.0342306175 | accuracy = 0.9443440000 | time: 0.648ms/board |  19m 14s 
epoch: 15000 | board_count: 7500000 | loss: 0.0346516393 | accuracy = 0.9440200000 | time: 0.757ms/board |  19m 22s 
epoch: 15100 | board_count: 7550000 | loss: 0.0336238834 | accuracy = 0.9448320000 | time: 0.554ms/board |  19m 29s 
epoch: 15200 | board_count: 7600000 | loss: 0.0341962411 | accuracy = 0.9446040000 | time: 0.872ms/board |  19m 37s 
epoch: 15300 | board_count: 7650000 | loss: 0.0344960258 | accuracy = 0.9435360000 | time: 0.894ms/board |  19m 44s 
epoch: 15400 | board_count: 7700000 | loss: 0.0343646425 | accuracy = 0.9435080000 | time: 0.539ms/board |  19m 52s 
Command exited with non-zero status 124
real 1200.19
user 1197.51
sys 3.29
