removed './neural_networks/models/GameOfLifeForward_128.pth'
GameOfLifeForward_128.load(): reinitializing weights

GameOfLifeForward_128
GameOfLifeForward_128(
  (criterion): MSELoss()
  (conv1): Conv2d(1, 128, kernel_size=(3, 3), stride=(1, 1), padding=(1, 1), padding_mode=circular)
  (conv2): Conv2d(128, 16, kernel_size=(1, 1), stride=(1, 1))
  (conv3): Conv2d(16, 8, kernel_size=(1, 1), stride=(1, 1))
  (conv4): Conv2d(9, 1, kernel_size=(1, 1), stride=(1, 1))
  (dropout): Dropout(p=0.0, inplace=False)
  (activation): PReLU(num_parameters=1)
)
activation.weight
[0.25]

conv1.weight
[[[[-0.32772604 -0.14671221 -0.17613098]
   [ 0.34857833  0.06035933 -0.40547678]
   [-0.01346791 -0.40318063  0.0443709 ]]]
 [[[-0.0637508   0.36621282 -0.9051278 ]
   [ 0.10963322  0.5185691   0.06893469]
   [-0.42996553  0.00410074 -0.35804224]]]
 [[[-0.11873274 -0.3131284  -0.39243424]
   [-0.35970736 -0.0113236  -0.20535627]
   [-0.20176183 -0.6500567   0.14581533]]]
 ...
 [[[-0.7676612  -0.24187346  0.39777458]
   [-0.81006527  0.61912584 -0.27081996]
   [-0.08629739 -0.10140603 -0.1004042 ]]]
 [[[-0.13152806 -0.51142293 -0.38772765]
   [-1.3019646   0.24095559  0.10503954]
   [-1.0165709  -0.10948032  0.93336445]]]
 [[[ 0.31058607  0.28910363 -0.6004172 ]
   [-0.5060394   0.24740478 -0.26489314]
   [-0.4112449  -0.66853845 -1.1930676 ]]]]

conv1.bias
[0.1 0.1 0.1 0.1 0.1 0.1 0.1 0.1 0.1 0.1 0.1 0.1 0.1 0.1 0.1 0.1 0.1 0.1
 0.1 0.1 0.1 0.1 0.1 0.1 0.1 0.1 0.1 0.1 0.1 0.1 0.1 0.1 0.1 0.1 0.1 0.1
 0.1 0.1 0.1 0.1 0.1 0.1 0.1 0.1 0.1 0.1 0.1 0.1 0.1 0.1 0.1 0.1 0.1 0.1
 0.1 0.1 0.1 0.1 0.1 0.1 0.1 0.1 0.1 0.1 0.1 0.1 0.1 0.1 0.1 0.1 0.1 0.1
 0.1 0.1 0.1 0.1 0.1 0.1 0.1 0.1 0.1 0.1 0.1 0.1 0.1 0.1 0.1 0.1 0.1 0.1
 0.1 0.1 0.1 0.1 0.1 0.1 0.1 0.1 0.1 0.1 0.1 0.1 0.1 0.1 0.1 0.1 0.1 0.1
 0.1 0.1 0.1 0.1 0.1 0.1 0.1 0.1 0.1 0.1 0.1 0.1 0.1 0.1 0.1 0.1 0.1 0.1
 0.1 0.1]

conv2.weight
[[[[-0.06650241]]
  [[ 0.04648732]]
  [[-0.09204908]]
  ...
  [[-0.14360219]]
  [[ 0.3093461 ]]
  [[-0.2883466 ]]]
 [[[-0.05443776]]
  [[-0.13095336]]
  [[-0.11029894]]
  ...
  [[ 0.13106675]]
  [[ 0.21840945]]
  [[ 0.2195916 ]]]
 [[[-0.20983979]]
  [[ 0.06685733]]
  [[ 0.06491701]]
  ...
  [[-0.14670004]]
  [[-0.01722234]]
  [[ 0.09290686]]]
 ...
 [[[-0.10003214]]
  [[ 0.05347415]]
  [[ 0.3307898 ]]
  ...
  [[-0.02984925]]
  [[ 0.04649666]]
  [[ 0.05714777]]]
 [[[-0.03036331]]
  [[-0.02055328]]
  [[-0.00206603]]
  ...
  [[ 0.01207656]]
  [[-0.09121934]]
  [[ 0.1483553 ]]]
 [[[-0.0039923 ]]
  [[-0.11879279]]
  [[-0.09467202]]
  ...
  [[-0.06781276]]
  [[-0.25276288]]
  [[ 0.15322624]]]]

conv2.bias
[0.1 0.1 0.1 0.1 0.1 0.1 0.1 0.1 0.1 0.1 0.1 0.1 0.1 0.1 0.1 0.1]

conv3.weight
[[[[ 0.2360042 ]]
  [[ 0.16079755]]
  [[ 0.24410453]]
  [[-0.5571374 ]]
  [[-0.28793433]]
  [[ 0.04844763]]
  [[ 0.6397592 ]]
  [[ 0.29138482]]
  [[ 0.33045924]]
  [[-0.13024272]]
  [[-0.16283317]]
  [[ 0.04989793]]
  [[-0.63327974]]
  [[-0.21563916]]
  [[ 0.03074346]]
  [[-0.4278487 ]]]
 [[[ 0.27030775]]
  [[ 0.4494839 ]]
  [[ 0.18560047]]
  [[ 0.17683738]]
  [[ 0.07374084]]
  [[ 0.13525356]]
  [[ 0.05698813]]
  [[ 0.20023286]]
  [[ 0.38812998]]
  [[-0.11057525]]
  [[-0.61174744]]
  [[-0.46069112]]
  [[-0.37355578]]
  [[-0.06520096]]
  [[-0.05924063]]
  [[-0.20349124]]]
 [[[-0.38752443]]
  [[ 0.05155306]]
  [[-0.14014657]]
  [[ 0.03532822]]
  [[-0.00552726]]
  [[ 0.9258977 ]]
  [[-0.10605119]]
  [[-0.669495  ]]
  [[-0.28625917]]
  [[ 0.2486536 ]]
  [[-0.07831594]]
  [[ 0.14795664]]
  [[ 0.4977766 ]]
  [[ 0.3365526 ]]
  [[ 0.31652984]]
  [[ 0.65698665]]]
 [[[-0.0023393 ]]
  [[-0.33464742]]
  [[ 0.22576392]]
  [[-1.0712779 ]]
  [[-0.6865911 ]]
  [[-0.27023095]]
  [[ 0.12636977]]
  [[ 0.73570246]]
  [[-0.15789084]]
  [[ 0.02006825]]
  [[ 0.6657362 ]]
  [[ 0.14787814]]
  [[ 0.18319441]]
  [[ 0.1056363 ]]
  [[ 0.34263837]]
  [[-0.5341569 ]]]
 [[[ 0.13653418]]
  [[-0.2199489 ]]
  [[ 0.1973188 ]]
  [[ 0.4862583 ]]
  [[-0.47624138]]
  [[-0.05407048]]
  [[-0.28374043]]
  [[ 0.14770313]]
  [[ 0.11385762]]
  [[ 0.08715281]]
  [[ 0.3912442 ]]
  [[ 0.20034845]]
  [[-0.41402584]]
  [[ 0.17955312]]
  [[ 0.6456553 ]]
  [[ 0.41167697]]]
 [[[ 0.12692347]]
  [[-0.35135892]]
  [[-0.06792074]]
  [[ 0.10428905]]
  [[ 0.21491182]]
  [[ 0.15960675]]
  [[-0.1720157 ]]
  [[ 0.26599386]]
  [[ 0.1848899 ]]
  [[-0.32156014]]
  [[ 0.60212827]]
  [[ 0.26616988]]
  [[-0.4304718 ]]
  [[-0.25096548]]
  [[ 0.47557488]]
  [[ 0.21347743]]]
 [[[-0.3379291 ]]
  [[-0.39065596]]
  [[ 0.17712261]]
  [[ 0.0545103 ]]
  [[-0.07462564]]
  [[ 0.03822259]]
  [[-0.18740235]]
  [[-0.44313815]]
  [[-0.2015397 ]]
  [[ 0.09732608]]
  [[-0.46408674]]
  [[-0.01356145]]
  [[-0.28482032]]
  [[ 0.34491223]]
  [[-0.0415455 ]]
  [[-0.05789728]]]
 [[[-0.42181152]]
  [[ 0.00597557]]
  [[-0.24777482]]
  [[ 0.24195687]]
  [[-0.61690557]]
  [[ 0.38774064]]
  [[-0.4486193 ]]
  [[ 0.44379923]]
  [[ 0.03914145]]
  [[ 0.4516116 ]]
  [[-0.28259844]]
  [[ 0.08059935]]
  [[-0.1768246 ]]
  [[ 0.4345525 ]]
  [[ 0.40968132]]
  [[ 0.5304218 ]]]]

conv3.bias
[0.1 0.1 0.1 0.1 0.1 0.1 0.1 0.1]

conv4.weight
[[[[ 0.10498902]]
  [[ 0.2153965 ]]
  [[ 0.16279107]]
  [[-0.14553094]]
  [[ 0.76741064]]
  [[ 0.75710565]]
  [[ 0.68577695]]
  [[ 0.7389249 ]]
  [[ 0.33215275]]]]

conv4.bias
[0.1]

--------------------
Training: GameOfLifeForward_128
GameOfLifeForward_128.load(): model file not found, reinitializing weights

GameOfLifeForward_128(
  (criterion): MSELoss()
  (conv1): Conv2d(1, 128, kernel_size=(3, 3), stride=(1, 1), padding=(1, 1), padding_mode=circular)
  (conv2): Conv2d(128, 16, kernel_size=(1, 1), stride=(1, 1))
  (conv3): Conv2d(16, 8, kernel_size=(1, 1), stride=(1, 1))
  (conv4): Conv2d(9, 1, kernel_size=(1, 1), stride=(1, 1))
  (dropout): Dropout(p=0.0, inplace=False)
  (activation): PReLU(num_parameters=1)
)
epoch:    1 | board_count:     500 | loss: 0.2137994796 | accuracy = 0.8455200000 | time: 7.493ms/board |   0m 01s 
epoch:    2 | board_count:    1000 | loss: 0.1898061216 | accuracy = 0.8485440000 | time: 1.805ms/board |   0m 01s 
epoch:    3 | board_count:    1500 | loss: 0.1773528814 | accuracy = 0.8355520000 | time: 1.507ms/board |   0m 01s 
epoch:    4 | board_count:    2000 | loss: 0.1625090212 | accuracy = 0.8457600000 | time: 1.448ms/board |   0m 01s 
epoch:    5 | board_count:    2500 | loss: 0.1528503507 | accuracy = 0.8496000000 | time: 1.734ms/board |   0m 01s 
epoch:    6 | board_count:    3000 | loss: 0.1514020860 | accuracy = 0.8402976000 | time: 1.886ms/board |   0m 02s 
epoch:    7 | board_count:    3500 | loss: 0.1503870845 | accuracy = 0.8327808000 | time: 1.485ms/board |   0m 02s 
epoch:    8 | board_count:    4000 | loss: 0.1401671648 | accuracy = 0.8528544000 | time: 1.501ms/board |   0m 02s 
epoch:    9 | board_count:    4500 | loss: 0.1371244788 | accuracy = 0.8554400000 | time: 1.648ms/board |   0m 02s 
epoch:   10 | board_count:    5000 | loss: 0.1318314046 | accuracy = 0.8619296000 | time: 1.803ms/board |   0m 02s 
epoch:   20 | board_count:   10000 | loss: 0.1198319450 | accuracy = 0.8656121600 | time: 1.526ms/board |   0m 04s 
epoch:   30 | board_count:   15000 | loss: 0.1080145341 | accuracy = 0.8693196800 | time: 1.295ms/board |   0m 05s 
epoch:   40 | board_count:   20000 | loss: 0.1006547821 | accuracy = 0.8714601600 | time: 1.429ms/board |   0m 06s 
epoch:   50 | board_count:   25000 | loss: 0.0952089895 | accuracy = 0.8828003200 | time: 1.288ms/board |   0m 08s 
epoch:   60 | board_count:   30000 | loss: 0.0909132335 | accuracy = 0.8902195200 | time: 1.913ms/board |   0m 09s 
epoch:   70 | board_count:   35000 | loss: 0.0842549939 | accuracy = 0.8980342400 | time: 1.306ms/board |   0m 10s 
epoch:   80 | board_count:   40000 | loss: 0.0826290500 | accuracy = 0.9027241600 | time: 1.143ms/board |   0m 12s 
epoch:   90 | board_count:   45000 | loss: 0.0754518427 | accuracy = 0.9109708800 | time: 1.640ms/board |   0m 13s 
epoch:  100 | board_count:   50000 | loss: 0.0692785403 | accuracy = 0.9162582400 | time: 1.533ms/board |   0m 15s 
epoch:  200 | board_count:  100000 | loss: 0.0469771595 | accuracy = 0.9502308800 | time: 1.172ms/board |   0m 29s 
epoch:  300 | board_count:  150000 | loss: 0.0133462398 | accuracy = 0.9994280960 | time: 0.952ms/board |   0m 40s 
epoch:  400 | board_count:  200000 | loss: 0.0019062597 | accuracy = 1.0000000000 | time: 0.887ms/board |   0m 49s 
Finished Training: GameOfLifeForward_128 - 441 epochs in 52.8s
GameOfLifeForward_128.savefile(): /home/jamie/code/ai-games/puzzles/game_of_life/neural_networks/models/GameOfLifeForward_128.pth = 17.2 kB
--------------------
GameOfLifeForward_128
GameOfLifeForward_128(
  (criterion): MSELoss()
  (conv1): Conv2d(1, 128, kernel_size=(3, 3), stride=(1, 1), padding=(1, 1), padding_mode=circular)
  (conv2): Conv2d(128, 16, kernel_size=(1, 1), stride=(1, 1))
  (conv3): Conv2d(16, 8, kernel_size=(1, 1), stride=(1, 1))
  (conv4): Conv2d(9, 1, kernel_size=(1, 1), stride=(1, 1))
  (dropout): Dropout(p=0.0, inplace=False)
  (activation): PReLU(num_parameters=1)
)
activation.weight
[0.13589364]

conv1.weight
[[[[ 0.86796135 -0.12259991  0.8431995 ]
   [ 0.85402733 -0.48173732  0.09488114]
   [ 0.5796105  -0.0188977   0.4656756 ]]]
 [[[-0.4587757   0.08192118  0.64938235]
   [-0.08733436 -0.5156232  -0.44477272]
   [-0.26541486  0.40537527 -0.3082743 ]]]
 [[[ 0.6234359  -0.16834146 -0.48616526]
   [ 0.18796346 -1.0606819  -0.4941147 ]
   [ 1.1522733   0.3705453  -0.40336356]]]
 ...
 [[[-0.75009227  0.24048886 -0.06343541]
   [ 0.6600839  -0.35011724 -0.22628036]
   [-0.11041419 -0.6375789  -0.31494233]]]
 [[[-0.02477157  0.12060989 -0.53006566]
   [ 0.23632315  0.62846476 -0.11332152]
   [-0.56751394 -0.3723681  -0.40932932]]]
 [[[-0.68106616 -0.3083914  -0.35977635]
   [-0.1305157   0.10344846  0.97023237]
   [ 0.21960591 -0.15991446 -0.57800907]]]]

conv1.bias
[ 0.0470125   0.2563186   0.26535198  0.27483484  0.00979557 -0.06146815
  0.25198537  0.25289398  0.17427085 -0.04309995  0.1266705   0.26271874
  0.02640323  0.2673835   0.17661078  0.2837528   0.19690104  0.18803073
  0.27046347  0.27971897  0.19141778  0.07772729 -0.05779268  0.20032582
  0.25244296  0.25896576  0.19703777  0.25999522  0.22565931  0.26617122
  0.20880625  0.22797589  0.26199856  0.2808817   0.23611544  0.26402053
 -0.04683637 -0.05967196  0.25192574  0.25265315  0.19261985  0.07147727
  0.2598955   0.26745677  0.26947287  0.24669345  0.26672742  0.247693
  0.21387683  0.12204891 -0.05821475  0.26834497  0.28000697  0.23242895
  0.27432063 -0.07079161  0.21124828 -0.03554329  0.26153824  0.24113226
  0.1804678   0.27113333  0.0111629  -0.00806813  0.03268403 -0.04297978
  0.27373877  0.22105823  0.2450567   0.25438723  0.268181    0.21859159
  0.05715768  0.19223377 -0.03538037  0.07439516  0.25739917  0.07600753
  0.26429802  0.18536884  0.27684823  0.24499524  0.22971971 -0.01711362
 -0.04840656  0.23597722  0.25420147  0.04341355  0.23749064 -0.05724429
  0.24494617  0.2611929   0.12262231  0.2152424  -0.06065489  0.16558218
  0.27411368  0.1901504   0.253163    0.20206168  0.26312447  0.00879733
  0.28144908 -0.06150164  0.12135373 -0.05249742  0.26661244 -0.01307857
  0.26108858  0.17447785 -0.01240237  0.27626565  0.2556564   0.20849435
 -0.06473733  0.24898441  0.25577888  0.27044967  0.19356376  0.11533626
  0.08815406 -0.0570774   0.18877228  0.27360675  0.2673998   0.27399716
  0.26079708  0.27567127]

conv2.weight
[[[[-0.01116757]]
  [[ 0.27064958]]
  [[ 0.25412482]]
  ...
  [[ 0.02642995]]
  [[ 0.3108981 ]]
  [[ 0.03920175]]]
 [[[-0.12075389]]
  [[ 0.01916714]]
  [[-0.16383395]]
  ...
  [[ 0.18859375]]
  [[-0.02348716]]
  [[ 0.21916108]]]
 [[[-0.2981066 ]]
  [[ 0.18365964]]
  [[ 0.16149884]]
  ...
  [[ 0.15845166]]
  [[ 0.00548417]]
  [[-0.05019824]]]
 ...
 [[[-0.2305543 ]]
  [[ 0.04234809]]
  [[-0.0312433 ]]
  ...
  [[ 0.14740825]]
  [[ 0.08908672]]
  [[ 0.1697182 ]]]
 [[[-0.08245526]]
  [[ 0.22960998]]
  [[ 0.16175637]]
  ...
  [[ 0.31682536]]
  [[ 0.20917329]]
  [[ 0.03196956]]]
 [[[-0.03362404]]
  [[-0.19141984]]
  [[ 0.18590042]]
  ...
  [[ 0.07543223]]
  [[-0.13592465]]
  [[-0.07942826]]]]

conv2.bias
[ 0.26804623  0.08649593  0.1998072   0.25135332 -0.02630012  0.09039949
  0.23780593  0.24987909  0.27436396 -0.01929524  0.26483813  0.06197822
  0.24005984  0.22607844  0.24961545  0.15045679]

conv3.weight
[[[[ 0.05456358]]
  [[ 0.6864978 ]]
  [[ 0.31593084]]
  [[ 0.10131787]]
  [[-0.65196306]]
  [[ 0.00235188]]
  [[-0.16826195]]
  [[-0.65959173]]
  [[ 0.4761566 ]]
  [[-0.42505893]]
  [[ 0.5983732 ]]
  [[ 0.36706766]]
  [[-0.06946042]]
  [[ 0.09188254]]
  [[-0.00693917]]
  [[ 0.19039072]]]
 [[[-0.18392885]]
  [[ 0.034404  ]]
  [[ 0.76289326]]
  [[ 0.29668438]]
  [[-0.8766973 ]]
  [[ 0.21871638]]
  [[ 0.06273581]]
  [[-0.2905524 ]]
  [[ 0.37325177]]
  [[-0.47493148]]
  [[ 0.6500549 ]]
  [[-0.10304145]]
  [[ 0.38340527]]
  [[-0.24451594]]
  [[ 0.68102396]]
  [[ 0.34557834]]]
 [[[-0.353486  ]]
  [[-0.36467505]]
  [[-0.22744824]]
  [[ 0.2923155 ]]
  [[ 0.13256808]]
  [[-0.44894156]]
  [[ 0.43370914]]
  [[-0.06613648]]
  [[-0.31208828]]
  [[-0.12734951]]
  [[ 0.09376863]]
  [[ 0.64071697]]
  [[ 0.407078  ]]
  [[-0.20368633]]
  [[ 0.45876572]]
  [[-0.20939301]]]
 [[[ 0.01423314]]
  [[-0.2315136 ]]
  [[-0.17928663]]
  [[ 0.38984308]]
  [[ 0.5876897 ]]
  [[-0.15466373]]
  [[ 0.41626227]]
  [[ 1.1094081 ]]
  [[ 0.17249034]]
  [[ 0.05187948]]
  [[ 0.11585145]]
  [[-0.00589835]]
  [[ 0.26531026]]
  [[-0.04281912]]
  [[ 0.34689447]]
  [[ 0.03986784]]]
 [[[ 0.09751306]]
  [[-0.06841369]]
  [[-0.20336024]]
  [[-0.5981745 ]]
  [[-0.5755405 ]]
  [[ 0.29336983]]
  [[ 0.13896663]]
  [[-0.677619  ]]
  [[ 0.65648794]]
  [[-0.07393745]]
  [[-0.23341343]]
  [[ 0.60706824]]
  [[-0.02297888]]
  [[ 0.1258671 ]]
  [[-0.31765357]]
  [[ 0.4070552 ]]]
 [[[ 0.47116902]]
  [[-0.4862671 ]]
  [[ 0.24730897]]
  [[ 0.08267572]]
  [[-0.5228429 ]]
  [[-0.43761104]]
  [[ 0.44197625]]
  [[ 0.48881614]]
  [[ 0.33807433]]
  [[-0.05031613]]
  [[ 0.37974417]]
  [[-0.42667282]]
  [[ 0.35469607]]
  [[ 0.2928092 ]]
  [[ 0.86788505]]
  [[-0.36934814]]]
 [[[-0.4131359 ]]
  [[-0.11174455]]
  [[-0.21027201]]
  [[-0.01359642]]
  [[ 0.53275317]]
  [[-0.3566178 ]]
  [[ 0.22345963]]
  [[-0.42707568]]
  [[-0.05297732]]
  [[-0.46577173]]
  [[-0.69366664]]
  [[ 0.02552882]]
  [[ 0.25106588]]
  [[-0.30865207]]
  [[-0.47345692]]
  [[-0.60103816]]]
 [[[ 0.07919662]]
  [[ 0.7393994 ]]
  [[ 0.08765818]]
  [[-0.21570505]]
  [[-0.6053071 ]]
  [[ 0.60798466]]
  [[-0.7186993 ]]
  [[-0.17865977]]
  [[ 0.48134285]]
  [[-0.0974741 ]]
  [[ 1.1388484 ]]
  [[ 0.22029446]]
  [[-0.3805237 ]]
  [[ 0.6107875 ]]
  [[-0.62101895]]
  [[ 0.44177365]]]]

conv3.bias
[0.1600872  0.25668344 0.05122145 0.02836967 0.22254017 0.21878879
 0.20880654 0.21475944]

conv4.weight
[[[[ 0.5332336 ]]
  [[-0.40231222]]
  [[-0.54186213]]
  [[-0.60043037]]
  [[ 0.33731642]]
  [[-1.0359321 ]]
  [[-0.83268034]]
  [[ 0.59239876]]
  [[-0.75263995]]]]

conv4.bias
[0.16808009]

real 57.50
user 74.21
sys 1.33
