GameOfLifeForward_128.load(): reinitializing weights

GameOfLifeForward_128
GameOfLifeForward_128(
  (criterion): MSELoss()
  (conv1): Conv2d(1, 128, kernel_size=(3, 3), stride=(1, 1), padding=(1, 1), padding_mode=circular)
  (conv2): Conv2d(128, 16, kernel_size=(1, 1), stride=(1, 1))
  (conv3): Conv2d(16, 8, kernel_size=(1, 1), stride=(1, 1))
  (conv4): Conv2d(9, 1, kernel_size=(1, 1), stride=(1, 1))
  (dropout): Dropout(p=0.0, inplace=False)
  (activation): PReLU(num_parameters=1)
)
activation.weight
[0.25]

conv1.weight
[[[[-0.48561263  0.5048029  -0.89351803]
   [-0.21942076  0.08076745  0.23613876]
   [ 0.8212982  -0.55130035 -0.1278992 ]]]
 [[[ 0.2854172  -0.22860998 -0.8417855 ]
   [ 0.1496308  -0.03552775 -0.29218918]
   [-0.18584147  0.22977093 -0.43897563]]]
 [[[ 0.6831132  -0.22873023 -0.63153905]
   [-0.53693646 -0.46421656 -1.0872668 ]
   [-0.8552556  -0.47828436 -0.1902846 ]]]
 ...
 [[[-0.28398067  0.16400531  0.10506824]
   [-0.39638916  0.5742718  -0.29884645]
   [ 0.6545164   0.7039652   0.5120994 ]]]
 [[[ 0.5768108   0.7375993   0.18118204]
   [-0.2978398  -0.48325402  0.72370964]
   [ 0.7099176  -0.11027911  0.14520301]]]
 [[[-0.35154513  0.31425026 -0.12293498]
   [-0.33333594 -0.4030188  -0.00557432]
   [-0.20693251 -0.24385042  0.20145026]]]]

conv1.bias
[0.1 0.1 0.1 0.1 0.1 0.1 0.1 0.1 0.1 0.1 0.1 0.1 0.1 0.1 0.1 0.1 0.1 0.1
 0.1 0.1 0.1 0.1 0.1 0.1 0.1 0.1 0.1 0.1 0.1 0.1 0.1 0.1 0.1 0.1 0.1 0.1
 0.1 0.1 0.1 0.1 0.1 0.1 0.1 0.1 0.1 0.1 0.1 0.1 0.1 0.1 0.1 0.1 0.1 0.1
 0.1 0.1 0.1 0.1 0.1 0.1 0.1 0.1 0.1 0.1 0.1 0.1 0.1 0.1 0.1 0.1 0.1 0.1
 0.1 0.1 0.1 0.1 0.1 0.1 0.1 0.1 0.1 0.1 0.1 0.1 0.1 0.1 0.1 0.1 0.1 0.1
 0.1 0.1 0.1 0.1 0.1 0.1 0.1 0.1 0.1 0.1 0.1 0.1 0.1 0.1 0.1 0.1 0.1 0.1
 0.1 0.1 0.1 0.1 0.1 0.1 0.1 0.1 0.1 0.1 0.1 0.1 0.1 0.1 0.1 0.1 0.1 0.1
 0.1 0.1]

conv2.weight
[[[[-0.01021323]]
  [[-0.1544235 ]]
  [[ 0.01759661]]
  ...
  [[ 0.04722741]]
  [[ 0.29344735]]
  [[ 0.08365825]]]
 [[[-0.10340194]]
  [[-0.01976695]]
  [[ 0.04254477]]
  ...
  [[-0.04471106]]
  [[-0.24871443]]
  [[-0.22031078]]]
 [[[-0.17213437]]
  [[ 0.07113375]]
  [[-0.07037555]]
  ...
  [[ 0.00169033]]
  [[-0.01219714]]
  [[ 0.03964639]]]
 ...
 [[[-0.11958849]]
  [[-0.05748079]]
  [[-0.10437356]]
  ...
  [[-0.0080294 ]]
  [[-0.15756169]]
  [[-0.02351346]]]
 [[[-0.01638526]]
  [[-0.06219906]]
  [[-0.05124163]]
  ...
  [[-0.02613329]]
  [[ 0.02423494]]
  [[ 0.00655037]]]
 [[[-0.05158712]]
  [[ 0.09310184]]
  [[ 0.02195239]]
  ...
  [[ 0.12762892]]
  [[-0.02870687]]
  [[-0.2528564 ]]]]

conv2.bias
[0.1 0.1 0.1 0.1 0.1 0.1 0.1 0.1 0.1 0.1 0.1 0.1 0.1 0.1 0.1 0.1]

conv3.weight
[[[[-0.30089182]]
  [[-0.19922379]]
  [[ 0.6236161 ]]
  [[-0.3952307 ]]
  [[-0.36374226]]
  [[-0.5643105 ]]
  [[ 0.3506553 ]]
  [[-0.16963355]]
  [[-0.0436747 ]]
  [[ 0.03835616]]
  [[ 0.6233159 ]]
  [[ 0.32843   ]]
  [[-0.38853452]]
  [[ 0.5373513 ]]
  [[ 0.10738899]]
  [[ 0.22884679]]]
 [[[-0.15596324]]
  [[-0.2101724 ]]
  [[-0.593019  ]]
  [[-0.38385192]]
  [[-0.22649543]]
  [[-0.2743153 ]]
  [[ 0.1514922 ]]
  [[-0.36460316]]
  [[ 0.06092603]]
  [[ 0.17290533]]
  [[ 0.18973276]]
  [[ 0.59493077]]
  [[-0.33877343]]
  [[-0.06256297]]
  [[-0.6991133 ]]
  [[-0.96247244]]]
 [[[-0.60913384]]
  [[-0.31700468]]
  [[ 0.08079029]]
  [[ 0.4346478 ]]
  [[-0.28094804]]
  [[-0.60038424]]
  [[ 0.65782917]]
  [[ 0.2967749 ]]
  [[-0.6840245 ]]
  [[ 0.14262754]]
  [[-0.07620402]]
  [[ 0.29132575]]
  [[-0.42023525]]
  [[-0.1178862 ]]
  [[-0.24533084]]
  [[ 0.06324032]]]
 [[[-0.27129832]]
  [[-0.12941003]]
  [[-0.21003006]]
  [[ 0.00142492]]
  [[-0.3594254 ]]
  [[ 0.05402007]]
  [[ 0.17148858]]
  [[-0.28618023]]
  [[ 0.42143184]]
  [[ 0.89534193]]
  [[-0.33089638]]
  [[-0.20347385]]
  [[ 0.5360534 ]]
  [[-0.28343487]]
  [[ 0.29679137]]
  [[-0.2684827 ]]]
 [[[-0.1804721 ]]
  [[ 0.2879637 ]]
  [[ 0.7738941 ]]
  [[-0.25749516]]
  [[-0.3278716 ]]
  [[ 0.00894983]]
  [[-0.14614543]]
  [[-0.3895429 ]]
  [[ 0.1864988 ]]
  [[ 0.17324632]]
  [[ 0.13236655]]
  [[-0.38993704]]
  [[-0.32402644]]
  [[-0.6433985 ]]
  [[-0.00395934]]
  [[ 0.41861778]]]
 [[[ 0.1580648 ]]
  [[ 0.477255  ]]
  [[-0.405531  ]]
  [[ 0.18417783]]
  [[ 0.15866593]]
  [[ 0.28516516]]
  [[-0.72285277]]
  [[ 0.34307167]]
  [[-0.00209775]]
  [[ 0.01617548]]
  [[-0.08924191]]
  [[ 0.28929445]]
  [[ 0.43888342]]
  [[-0.6699178 ]]
  [[-0.4293848 ]]
  [[ 0.35207283]]]
 [[[ 0.09196631]]
  [[ 0.2528941 ]]
  [[-0.10291711]]
  [[ 0.2593796 ]]
  [[ 0.36083043]]
  [[ 0.08938403]]
  [[-0.10854792]]
  [[-0.09576016]]
  [[-0.07054774]]
  [[-0.17542975]]
  [[-0.8889357 ]]
  [[-0.8112277 ]]
  [[-0.95180345]]
  [[ 0.8580803 ]]
  [[-0.1960968 ]]
  [[ 0.48815385]]]
 [[[-0.2984253 ]]
  [[ 0.04775667]]
  [[ 0.61460626]]
  [[-0.27379045]]
  [[-0.03606158]]
  [[ 0.10598161]]
  [[-0.20655629]]
  [[-0.01494909]]
  [[ 0.01092113]]
  [[-0.3580143 ]]
  [[ 0.12875786]]
  [[ 0.8652846 ]]
  [[ 0.09244704]]
  [[-0.36354956]]
  [[ 0.1321092 ]]
  [[-0.06834836]]]]

conv3.bias
[0.1 0.1 0.1 0.1 0.1 0.1 0.1 0.1]

conv4.weight
[[[[ 0.34600195]]
  [[ 0.69387364]]
  [[ 0.02211348]]
  [[-0.48624718]]
  [[ 0.5727972 ]]
  [[ 0.48119673]]
  [[ 0.07859933]]
  [[ 0.10082525]]
  [[ 0.19434494]]]]

conv4.bias
[0.1]

--------------------
Training: GameOfLifeForward_128
GameOfLifeForward_128.load(): model file not found, reinitializing weights

GameOfLifeForward_128(
  (criterion): MSELoss()
  (conv1): Conv2d(1, 128, kernel_size=(3, 3), stride=(1, 1), padding=(1, 1), padding_mode=circular)
  (conv2): Conv2d(128, 16, kernel_size=(1, 1), stride=(1, 1))
  (conv3): Conv2d(16, 8, kernel_size=(1, 1), stride=(1, 1))
  (conv4): Conv2d(9, 1, kernel_size=(1, 1), stride=(1, 1))
  (dropout): Dropout(p=0.0, inplace=False)
  (activation): PReLU(num_parameters=1)
)
epoch:    1 | board_count:     500 | loss: 0.2833837986 | accuracy = 0.2401504000 | time: 7.802ms/board |   0m 01s 
epoch:    2 | board_count:    1000 | loss: 0.2344730675 | accuracy = 0.7951680000 | time: 1.421ms/board |   0m 01s 
epoch:    3 | board_count:    1500 | loss: 0.2013345450 | accuracy = 0.8240064000 | time: 2.011ms/board |   0m 01s 
epoch:    4 | board_count:    2000 | loss: 0.1923301220 | accuracy = 0.8232000000 | time: 1.633ms/board |   0m 01s 
epoch:    5 | board_count:    2500 | loss: 0.1682245344 | accuracy = 0.8682656000 | time: 1.910ms/board |   0m 01s 
epoch:    6 | board_count:    3000 | loss: 0.1643736660 | accuracy = 0.8630464000 | time: 2.230ms/board |   0m 02s 
epoch:    7 | board_count:    3500 | loss: 0.1625656575 | accuracy = 0.8579712000 | time: 1.823ms/board |   0m 02s 
epoch:    8 | board_count:    4000 | loss: 0.1581268132 | accuracy = 0.8570400000 | time: 1.588ms/board |   0m 02s 
epoch:    9 | board_count:    4500 | loss: 0.1631046474 | accuracy = 0.8400448000 | time: 1.592ms/board |   0m 02s 
epoch:   10 | board_count:    5000 | loss: 0.1504105926 | accuracy = 0.8578208000 | time: 1.522ms/board |   0m 02s 
epoch:   20 | board_count:   10000 | loss: 0.1392631623 | accuracy = 0.8503052800 | time: 1.568ms/board |   0m 04s 
epoch:   30 | board_count:   15000 | loss: 0.1203205082 | accuracy = 0.8550707200 | time: 1.372ms/board |   0m 06s 
epoch:   40 | board_count:   20000 | loss: 0.1152717409 | accuracy = 0.8440099200 | time: 1.537ms/board |   0m 07s 
epoch:   50 | board_count:   25000 | loss: 0.1023650073 | accuracy = 0.8585958400 | time: 1.277ms/board |   0m 09s 
epoch:   60 | board_count:   30000 | loss: 0.1002928655 | accuracy = 0.8575084800 | time: 1.430ms/board |   0m 10s 
epoch:   70 | board_count:   35000 | loss: 0.0989344022 | accuracy = 0.8616547200 | time: 1.822ms/board |   0m 12s 
epoch:   80 | board_count:   40000 | loss: 0.0894568002 | accuracy = 0.8800652800 | time: 1.680ms/board |   0m 14s 
epoch:   90 | board_count:   45000 | loss: 0.0876022474 | accuracy = 0.8808464000 | time: 1.721ms/board |   0m 15s 
epoch:  100 | board_count:   50000 | loss: 0.0843631183 | accuracy = 0.8822118400 | time: 1.226ms/board |   0m 17s 
epoch:  200 | board_count:  100000 | loss: 0.0630968863 | accuracy = 0.9107847680 | time: 1.920ms/board |   0m 33s 
epoch:  300 | board_count:  150000 | loss: 0.0342925160 | accuracy = 0.9786000000 | time: 1.511ms/board |   0m 49s 
epoch:  400 | board_count:  200000 | loss: 0.0123427766 | accuracy = 0.9998905600 | time: 1.096ms/board |   1m 06s 
epoch:  500 | board_count:  250000 | loss: 0.0025149024 | accuracy = 1.0000000000 | time: 1.290ms/board |   1m 23s 
Finished Training: GameOfLifeForward_128 - 523 epochs in 87.4s
GameOfLifeForward_128.savefile(): /home/jamie/code/ai-games/puzzles/game_of_life/neural_networks/models/GameOfLifeForward_128.pth = 17.2 kB
--------------------
GameOfLifeForward_128
GameOfLifeForward_128(
  (criterion): MSELoss()
  (conv1): Conv2d(1, 128, kernel_size=(3, 3), stride=(1, 1), padding=(1, 1), padding_mode=circular)
  (conv2): Conv2d(128, 16, kernel_size=(1, 1), stride=(1, 1))
  (conv3): Conv2d(16, 8, kernel_size=(1, 1), stride=(1, 1))
  (conv4): Conv2d(9, 1, kernel_size=(1, 1), stride=(1, 1))
  (dropout): Dropout(p=0.0, inplace=False)
  (activation): PReLU(num_parameters=1)
)
activation.weight
[0.20356905]

conv1.weight
[[[[-0.8479567  -0.06897373  0.28814352]
   [-0.33088762  0.63124675  0.2558926 ]
   [-0.09502331 -0.7005614  -0.05599435]]]
 [[[ 0.07091431  0.94291115  0.5883318 ]
   [ 1.0041639  -0.95650005 -0.11693971]
   [-0.32430807 -0.5421991   0.04490418]]]
 [[[ 0.28160515  0.7952667   0.88152313]
   [ 0.340194    0.6710286   0.06508807]
   [ 0.75442886 -0.1755186   0.04036169]]]
 ...
 [[[ 0.5613082  -0.16829486  0.9416483 ]
   [ 0.1324947   0.37295696  0.15895587]
   [-0.5785771  -0.63124645  0.45712012]]]
 [[[-0.04061453 -0.37467915 -0.9491342 ]
   [-0.42433015 -0.29108015 -0.37395018]
   [ 0.4343246  -0.29097754 -0.8791006 ]]]
 [[[ 0.23736326  0.33575028 -0.1930439 ]
   [ 0.33009017 -0.36541647  0.30120325]
   [-0.48112357 -1.009495    0.25861558]]]]

conv1.bias
[ 0.29819733  0.27938128 -0.03361699  0.2643642   0.15263444  0.12161467
  0.31046155  0.31192157  0.07556545  0.29841462  0.2725041   0.15491426
  0.28763327  0.26424506  0.19437847  0.26981446  0.12512411  0.2938459
  0.2798565   0.30351248 -0.08117697 -0.04257275 -0.04627142 -0.01562506
  0.23617296  0.2982404   0.20035279  0.30438906  0.2896985   0.20586276
  0.29480052  0.2197291  -0.10892381 -0.08389326 -0.06888819  0.30234724
  0.2896876   0.2965087   0.29500964  0.3152086   0.22794193  0.2040091
  0.15965396  0.24257901  0.14522743  0.08719165  0.3080076   0.28776905
 -0.06129558 -0.08584855 -0.08934915  0.3040447   0.20307194  0.32338378
  0.3132116   0.27846906  0.2912458   0.2117796   0.30749202 -0.08632926
  0.30377406  0.07152517 -0.09181628  0.26711857  0.2980277   0.29105517
  0.3068424   0.2315571   0.17590553  0.28836125  0.19417597  0.28261292
  0.31980783  0.3067116   0.26587704  0.29499072  0.21290775  0.26062232
  0.2743451   0.30142114  0.27749413  0.29242936  0.32447648  0.29445207
  0.1929282   0.29322296  0.30171534 -0.10112882  0.27520788  0.2904859
  0.30108413 -0.10218237  0.21233004 -0.04315196  0.31454208  0.25500572
  0.29623166  0.30229276  0.2134047   0.3019209   0.3090207   0.29673776
 -0.0804828   0.16788408  0.2832066   0.31582177 -0.08659722  0.2013248
  0.29982767  0.3054755   0.29342452  0.2697379  -0.05407803 -0.00958627
  0.01563486  0.29026243  0.29946917  0.13932487  0.2985201  -0.09850804
  0.24260058  0.21088576  0.24434772  0.3208734   0.11669678  0.289517
  0.23051561  0.11485959]

conv2.weight
[[[[ 0.3985362 ]]
  [[ 0.18457422]]
  [[-0.02032539]]
  ...
  [[ 0.22575139]]
  [[-0.19264407]]
  [[ 0.11456404]]]
 [[[-0.35204536]]
  [[ 0.07813746]]
  [[ 0.12523659]]
  ...
  [[ 0.07365287]]
  [[ 0.04855184]]
  [[-0.36825448]]]
 [[[ 0.231628  ]]
  [[ 0.13604315]]
  [[ 0.03828121]]
  ...
  [[ 0.15405133]]
  [[-0.0007141 ]]
  [[ 0.03652111]]]
 ...
 [[[ 0.24212612]]
  [[ 0.2638938 ]]
  [[-0.18294428]]
  ...
  [[ 0.12364181]]
  [[ 0.16947694]]
  [[ 0.03712742]]]
 [[[ 0.07880145]]
  [[-0.2560289 ]]
  [[ 0.00960906]]
  ...
  [[ 0.2261056 ]]
  [[-0.13420697]]
  [[-0.09790973]]]
 [[[-0.03343553]]
  [[ 0.00649849]]
  [[ 0.02400966]]
  ...
  [[-0.01548505]]
  [[-0.086636  ]]
  [[ 0.04861401]]]]

conv2.bias
[ 0.24665858 -0.01232175  0.26779053  0.26983252  0.22872718  0.2863769
  0.3004076   0.2351651   0.23089239  0.29847017  0.15237722  0.28699768
 -0.05075028  0.27692658  0.26923347  0.1958116 ]

conv3.weight
[[[[-0.29064983]]
  [[ 0.29447654]]
  [[ 0.5692377 ]]
  [[ 1.0533615 ]]
  [[-0.06166552]]
  [[ 0.45636886]]
  [[ 0.4333435 ]]
  [[ 0.18138534]]
  [[ 0.16986798]]
  [[ 0.7260545 ]]
  [[-0.8688959 ]]
  [[ 0.48676354]]
  [[-0.5040649 ]]
  [[ 1.4010862 ]]
  [[ 0.2822584 ]]
  [[ 0.665565  ]]]
 [[[-0.13298379]]
  [[-0.31545958]]
  [[-0.38640636]]
  [[ 0.26590642]]
  [[-0.58315754]]
  [[-0.31930694]]
  [[-0.14033121]]
  [[-0.39767328]]
  [[ 0.41671026]]
  [[-0.1420047 ]]
  [[-0.82090646]]
  [[-0.4977022 ]]
  [[ 0.7482486 ]]
  [[-0.04553368]]
  [[-0.33889   ]]
  [[ 0.3005205 ]]]
 [[[-0.00371834]]
  [[-0.60281044]]
  [[-0.38359818]]
  [[-0.22033267]]
  [[ 0.07257165]]
  [[-0.13425581]]
  [[-0.0871449 ]]
  [[ 0.64143   ]]
  [[ 0.05071369]]
  [[ 0.14242   ]]
  [[-0.28602734]]
  [[ 0.04187104]]
  [[-0.6545149 ]]
  [[ 0.13016263]]
  [[-0.1641403 ]]
  [[ 0.9412747 ]]]
 [[[-0.00883771]]
  [[-0.34090772]]
  [[ 0.5369193 ]]
  [[-0.5152513 ]]
  [[ 0.5546922 ]]
  [[ 0.07924743]]
  [[-0.04941076]]
  [[-0.01406416]]
  [[-0.65866464]]
  [[-0.28530154]]
  [[-0.28509504]]
  [[-0.6503903 ]]
  [[-0.6953759 ]]
  [[-0.09434529]]
  [[ 0.0598893 ]]
  [[-0.12824248]]]
 [[[ 0.59151196]]
  [[-0.2830609 ]]
  [[ 0.42658147]]
  [[-0.5540615 ]]
  [[-0.01342458]]
  [[ 0.12539405]]
  [[-0.01494328]]
  [[-0.12402385]]
  [[-0.6386388 ]]
  [[ 0.27449667]]
  [[-0.19221191]]
  [[-0.6030672 ]]
  [[-0.8416387 ]]
  [[-0.5516944 ]]
  [[-0.36505586]]
  [[ 0.40017232]]]
 [[[ 0.20443523]]
  [[-0.52383494]]
  [[ 0.0191539 ]]
  [[-0.06505239]]
  [[ 0.05228262]]
  [[ 0.51624614]]
  [[ 0.07105605]]
  [[ 0.05167632]]
  [[ 0.24757358]]
  [[ 0.61615187]]
  [[ 0.70134014]]
  [[ 0.3482551 ]]
  [[-0.52850443]]
  [[ 0.22902581]]
  [[-0.06418749]]
  [[ 0.2185494 ]]]
 [[[ 0.6199736 ]]
  [[-0.19644989]]
  [[ 0.2284028 ]]
  [[-0.2407529 ]]
  [[ 0.5024053 ]]
  [[-0.25324014]]
  [[ 0.57543355]]
  [[ 0.49622995]]
  [[-0.5314331 ]]
  [[ 0.37028718]]
  [[ 0.4001623 ]]
  [[-0.3583886 ]]
  [[-0.20557223]]
  [[-0.07065777]]
  [[ 0.86150175]]
  [[ 0.34483886]]]
 [[[-0.13957253]]
  [[ 0.00762431]]
  [[-0.14681338]]
  [[ 0.3498358 ]]
  [[-0.53001755]]
  [[ 0.154524  ]]
  [[-0.5163274 ]]
  [[-0.4632647 ]]
  [[ 0.39790478]]
  [[-0.31655315]]
  [[-0.08711592]]
  [[ 0.17137372]]
  [[ 0.01680406]]
  [[ 0.06207174]]
  [[-0.69699055]]
  [[-0.6255139 ]]]]

conv3.bias
[0.174238   0.05313004 0.006528   0.2084471  0.1937536  0.23326582
 0.2399047  0.07782424]

conv4.weight
[[[[-0.9667168 ]]
  [[-0.29008618]]
  [[ 1.2877014 ]]
  [[ 0.46961904]]
  [[ 0.35733283]]
  [[-0.17437862]]
  [[ 0.71643436]]
  [[-0.7172749 ]]
  [[-0.3133085 ]]]]

conv4.bias
[0.18243785]

real 91.62
user 115.22
sys 1.36
