GameOfLifeForward_128.load(): reinitializing weights

GameOfLifeForward_128
GameOfLifeForward_128(
  (criterion): MSELoss()
  (conv1): Conv2d(1, 128, kernel_size=(3, 3), stride=(1, 1), padding=(1, 1), padding_mode=circular)
  (conv2): Conv2d(128, 16, kernel_size=(1, 1), stride=(1, 1))
  (conv3): Conv2d(16, 8, kernel_size=(1, 1), stride=(1, 1))
  (conv4): Conv2d(9, 1, kernel_size=(1, 1), stride=(1, 1))
  (dropout): Dropout(p=0.0, inplace=False)
  (activation): PReLU(num_parameters=1)
)
activation.weight
[0.25]

conv1.weight
[[[[-0.14423567  1.278025    0.47129074]
   [-0.01403727  0.28003323  0.363548  ]
   [-0.64515465 -0.73249197  0.09595921]]]
 [[[ 0.30269107  0.16712627  0.59475464]
   [-0.36857718  0.03477477  0.5158972 ]
   [ 0.26496813 -0.38384208  0.6969468 ]]]
 [[[-0.7526435   0.31980196  0.38613555]
   [-0.34245363 -0.59050685  0.16434497]
   [-0.913516   -0.42641333 -0.53134984]]]
 ...
 [[[ 0.0341826  -0.17143312  0.18954624]
   [-0.1271492   0.4264083  -0.9685067 ]
   [ 0.06773537  0.52281123  0.22330904]]]
 [[[ 0.3252312  -0.12466718 -0.13654679]
   [ 0.5731942  -0.29305792  0.2389311 ]
   [ 0.18349975  0.32153752  0.55765665]]]
 [[[ 0.7358069   0.2268315   0.6518606 ]
   [-0.4695035  -0.8437486   0.76137745]
   [-0.25580695  0.21915513  0.89151716]]]]

conv1.bias
[0.1 0.1 0.1 0.1 0.1 0.1 0.1 0.1 0.1 0.1 0.1 0.1 0.1 0.1 0.1 0.1 0.1 0.1
 0.1 0.1 0.1 0.1 0.1 0.1 0.1 0.1 0.1 0.1 0.1 0.1 0.1 0.1 0.1 0.1 0.1 0.1
 0.1 0.1 0.1 0.1 0.1 0.1 0.1 0.1 0.1 0.1 0.1 0.1 0.1 0.1 0.1 0.1 0.1 0.1
 0.1 0.1 0.1 0.1 0.1 0.1 0.1 0.1 0.1 0.1 0.1 0.1 0.1 0.1 0.1 0.1 0.1 0.1
 0.1 0.1 0.1 0.1 0.1 0.1 0.1 0.1 0.1 0.1 0.1 0.1 0.1 0.1 0.1 0.1 0.1 0.1
 0.1 0.1 0.1 0.1 0.1 0.1 0.1 0.1 0.1 0.1 0.1 0.1 0.1 0.1 0.1 0.1 0.1 0.1
 0.1 0.1 0.1 0.1 0.1 0.1 0.1 0.1 0.1 0.1 0.1 0.1 0.1 0.1 0.1 0.1 0.1 0.1
 0.1 0.1]

conv2.weight
[[[[-0.03142372]]
  [[-0.19537857]]
  [[-0.09173346]]
  ...
  [[ 0.13863178]]
  [[-0.08205545]]
  [[ 0.08173347]]]
 [[[ 0.03605751]]
  [[ 0.02307735]]
  [[-0.10641234]]
  ...
  [[ 0.09710607]]
  [[-0.15072906]]
  [[ 0.07853221]]]
 [[[-0.02824223]]
  [[-0.05010148]]
  [[-0.09399159]]
  ...
  [[-0.4261327 ]]
  [[-0.00097842]]
  [[ 0.08206989]]]
 ...
 [[[ 0.12704208]]
  [[-0.17493773]]
  [[ 0.05587845]]
  ...
  [[ 0.02624423]]
  [[-0.18037164]]
  [[-0.11493936]]]
 [[[ 0.20110004]]
  [[-0.10659007]]
  [[ 0.02126734]]
  ...
  [[-0.02006437]]
  [[ 0.15192415]]
  [[ 0.07959992]]]
 [[[ 0.05647917]]
  [[-0.21943441]]
  [[ 0.14980206]]
  ...
  [[ 0.07208888]]
  [[-0.02242388]]
  [[ 0.10573617]]]]

conv2.bias
[0.1 0.1 0.1 0.1 0.1 0.1 0.1 0.1 0.1 0.1 0.1 0.1 0.1 0.1 0.1 0.1]

conv3.weight
[[[[ 0.26167783]]
  [[ 0.11646757]]
  [[ 0.35095462]]
  [[-0.52909905]]
  [[-0.37778673]]
  [[ 0.42179933]]
  [[ 0.07456463]]
  [[-0.5078331 ]]
  [[-0.10688695]]
  [[ 0.01693078]]
  [[-0.1492191 ]]
  [[-0.4403593 ]]
  [[ 0.11441261]]
  [[ 0.19250005]]
  [[-0.5507639 ]]
  [[ 0.43996626]]]
 [[[ 0.28749767]]
  [[-0.51076806]]
  [[ 0.42541036]]
  [[-0.00331518]]
  [[-0.3590201 ]]
  [[ 0.16391325]]
  [[ 0.43258446]]
  [[ 0.0526377 ]]
  [[ 0.56043947]]
  [[ 0.3489925 ]]
  [[ 0.27340218]]
  [[ 0.08721486]]
  [[ 0.07645628]]
  [[ 0.4237576 ]]
  [[ 0.21005584]]
  [[-0.56993645]]]
 [[[-0.3645808 ]]
  [[-0.42252648]]
  [[ 0.37533736]]
  [[ 0.53801155]]
  [[-0.24163966]]
  [[-0.1319922 ]]
  [[ 0.433921  ]]
  [[ 0.16339798]]
  [[ 0.20961525]]
  [[-0.18810081]]
  [[ 0.5681265 ]]
  [[ 0.22727749]]
  [[-0.12947236]]
  [[-0.41856015]]
  [[ 0.19079576]]
  [[ 0.36291587]]]
 [[[-0.09783352]]
  [[-0.4544574 ]]
  [[-0.01372597]]
  [[-0.06056811]]
  [[-0.22852144]]
  [[-0.09350684]]
  [[ 0.7042372 ]]
  [[ 0.14637786]]
  [[ 0.4277248 ]]
  [[-0.19660532]]
  [[ 0.47740877]]
  [[ 0.20078263]]
  [[-0.15246417]]
  [[ 0.7850344 ]]
  [[-0.10919746]]
  [[ 0.1096105 ]]]
 [[[ 0.30817783]]
  [[-0.18120854]]
  [[-0.38004094]]
  [[-0.8363767 ]]
  [[ 0.02669181]]
  [[ 0.1088175 ]]
  [[-0.35396382]]
  [[ 0.01588312]]
  [[ 0.01242374]]
  [[ 0.05612507]]
  [[ 0.09483597]]
  [[-0.1889941 ]]
  [[ 0.839495  ]]
  [[ 0.30858073]]
  [[-0.24525915]]
  [[-0.25320426]]]
 [[[-0.54536086]]
  [[-0.4126987 ]]
  [[-0.21147095]]
  [[-0.4400522 ]]
  [[ 0.77050257]]
  [[ 0.19971943]]
  [[ 0.05279136]]
  [[ 0.14164641]]
  [[-0.03823527]]
  [[-0.34008902]]
  [[-0.00920015]]
  [[-0.33598372]]
  [[-0.45441425]]
  [[-0.10548459]]
  [[ 0.06202746]]
  [[-0.2717555 ]]]
 [[[-0.10603251]]
  [[-0.6397848 ]]
  [[-0.7099505 ]]
  [[ 0.50280726]]
  [[ 0.26879048]]
  [[ 0.42882487]]
  [[-0.4347811 ]]
  [[ 0.42530522]]
  [[-0.05764543]]
  [[ 0.56864756]]
  [[ 0.14899549]]
  [[ 0.07049348]]
  [[ 0.2836409 ]]
  [[-0.2177878 ]]
  [[ 0.14997071]]
  [[-0.16899227]]]
 [[[ 0.19516346]]
  [[-0.10552253]]
  [[ 0.21090892]]
  [[ 0.2339589 ]]
  [[-0.31460935]]
  [[-0.00927719]]
  [[ 0.26192176]]
  [[ 0.27616754]]
  [[-0.2532228 ]]
  [[ 0.33145756]]
  [[ 0.1114463 ]]
  [[ 0.2410805 ]]
  [[-0.03443019]]
  [[ 0.4024122 ]]
  [[ 0.16717984]]
  [[ 0.794981  ]]]]

conv3.bias
[0.1 0.1 0.1 0.1 0.1 0.1 0.1 0.1]

conv4.weight
[[[[ 0.04255249]]
  [[-0.16066647]]
  [[ 0.01694008]]
  [[ 0.00894709]]
  [[ 0.46636796]]
  [[-0.23574057]]
  [[-0.3508088 ]]
  [[-0.5834482 ]]
  [[ 0.13640459]]]]

conv4.bias
[0.1]

--------------------
Training: GameOfLifeForward_128
GameOfLifeForward_128.load(): model file not found, reinitializing weights

GameOfLifeForward_128(
  (criterion): MSELoss()
  (conv1): Conv2d(1, 128, kernel_size=(3, 3), stride=(1, 1), padding=(1, 1), padding_mode=circular)
  (conv2): Conv2d(128, 16, kernel_size=(1, 1), stride=(1, 1))
  (conv3): Conv2d(16, 8, kernel_size=(1, 1), stride=(1, 1))
  (conv4): Conv2d(9, 1, kernel_size=(1, 1), stride=(1, 1))
  (dropout): Dropout(p=0.0, inplace=False)
  (activation): PReLU(num_parameters=1)
)
epoch:    1 | board_count:     500 | loss: 0.3163466454 | accuracy = 0.1648896000 | time: 7.003ms/board |   0m 01s 
epoch:    2 | board_count:    1000 | loss: 0.2711364746 | accuracy = 0.3173728000 | time: 2.086ms/board |   0m 01s 
epoch:    3 | board_count:    1500 | loss: 0.2366016120 | accuracy = 0.7698624000 | time: 1.671ms/board |   0m 01s 
epoch:    4 | board_count:    2000 | loss: 0.2197397321 | accuracy = 0.8459232000 | time: 1.643ms/board |   0m 01s 
epoch:    5 | board_count:    2500 | loss: 0.2115423411 | accuracy = 0.8622432000 | time: 1.604ms/board |   0m 01s 
epoch:    6 | board_count:    3000 | loss: 0.2103488892 | accuracy = 0.8241056000 | time: 1.938ms/board |   0m 02s 
epoch:    7 | board_count:    3500 | loss: 0.2036960304 | accuracy = 0.8562880000 | time: 1.565ms/board |   0m 02s 
epoch:    8 | board_count:    4000 | loss: 0.2009719074 | accuracy = 0.8457024000 | time: 1.616ms/board |   0m 02s 
epoch:    9 | board_count:    4500 | loss: 0.1983164787 | accuracy = 0.8444512000 | time: 1.140ms/board |   0m 02s 
epoch:   10 | board_count:    5000 | loss: 0.1950772822 | accuracy = 0.8526368000 | time: 1.060ms/board |   0m 02s 
epoch:   20 | board_count:   10000 | loss: 0.1836496538 | accuracy = 0.8526784000 | time: 1.471ms/board |   0m 03s 
epoch:   30 | board_count:   15000 | loss: 0.1680586961 | accuracy = 0.8481913600 | time: 1.365ms/board |   0m 05s 
epoch:   40 | board_count:   20000 | loss: 0.1548495272 | accuracy = 0.8487500800 | time: 1.282ms/board |   0m 07s 
epoch:   50 | board_count:   25000 | loss: 0.1414701858 | accuracy = 0.8536960000 | time: 1.286ms/board |   0m 08s 
epoch:   60 | board_count:   30000 | loss: 0.1325110152 | accuracy = 0.8459948800 | time: 1.141ms/board |   0m 09s 
epoch:   70 | board_count:   35000 | loss: 0.1200028050 | accuracy = 0.8579635200 | time: 1.896ms/board |   0m 11s 
epoch:   80 | board_count:   40000 | loss: 0.1116719238 | accuracy = 0.8603702400 | time: 1.282ms/board |   0m 12s 
epoch:   90 | board_count:   45000 | loss: 0.1104483911 | accuracy = 0.8581865600 | time: 1.104ms/board |   0m 13s 
epoch:  100 | board_count:   50000 | loss: 0.1010442512 | accuracy = 0.8701769600 | time: 1.528ms/board |   0m 15s 
epoch:  200 | board_count:  100000 | loss: 0.0815250669 | accuracy = 0.8974720640 | time: 1.378ms/board |   0m 29s 
epoch:  300 | board_count:  150000 | loss: 0.0484102444 | accuracy = 0.9497691520 | time: 1.312ms/board |   0m 43s 
epoch:  400 | board_count:  200000 | loss: 0.0201092598 | accuracy = 0.9959981440 | time: 1.997ms/board |   0m 58s 
epoch:  500 | board_count:  250000 | loss: 0.0050290740 | accuracy = 1.0000000000 | time: 1.750ms/board |   1m 14s 
Finished Training: GameOfLifeForward_128 - 570 epochs in 84.8s
GameOfLifeForward_128.savefile(): /home/jamie/code/ai-games/puzzles/game_of_life/neural_networks/models/GameOfLifeForward_128.pth = 17.2 kB
--------------------
GameOfLifeForward_128
GameOfLifeForward_128(
  (criterion): MSELoss()
  (conv1): Conv2d(1, 128, kernel_size=(3, 3), stride=(1, 1), padding=(1, 1), padding_mode=circular)
  (conv2): Conv2d(128, 16, kernel_size=(1, 1), stride=(1, 1))
  (conv3): Conv2d(16, 8, kernel_size=(1, 1), stride=(1, 1))
  (conv4): Conv2d(9, 1, kernel_size=(1, 1), stride=(1, 1))
  (dropout): Dropout(p=0.0, inplace=False)
  (activation): PReLU(num_parameters=1)
)
activation.weight
[0.15198635]

conv1.weight
[[[[ 0.7523818   1.3278244   0.21971875]
   [-0.47065684  0.0550767   0.10438322]
   [ 0.7215414   0.5572559   0.78789055]]]
 [[[ 0.9671994  -0.60412294  0.5149583 ]
   [ 0.2187287   0.01703834 -0.473426  ]
   [-1.0285429  -0.5001029   0.2225777 ]]]
 [[[ 0.32493192  0.20788993 -1.0426263 ]
   [ 0.3821164  -1.1398274  -0.20648973]
   [-1.0424376  -0.2900629   0.38230395]]]
 ...
 [[[ 0.12567917 -0.30345902 -0.3408999 ]
   [-0.1580774   0.2721843  -0.7409044 ]
   [-0.30413437  0.24773465 -0.7944401 ]]]
 [[[ 0.16943441 -0.07629884 -0.1090115 ]
   [ 0.20039411  0.6234273  -0.0516425 ]
   [ 0.3809381  -0.08615183 -0.43737113]]]
 [[[-0.87097013  0.08334365 -1.0039196 ]
   [ 0.28845185 -1.1905072   0.4052053 ]
   [-1.029068    0.43599698  0.12936941]]]]

conv1.bias
[-0.10613077  0.34280306  0.33535868 -0.11402665  0.28422898  0.16372083
  0.30629167  0.32027087  0.3074891  -0.03518017  0.27148518  0.05646663
  0.1626916   0.17614609  0.01573187  0.31965798  0.22074002  0.34263247
  0.31853727  0.31626925  0.22577097  0.3321801  -0.08921123  0.33050257
  0.33086717  0.263867    0.28750882  0.3386376   0.09311998  0.32943982
  0.01316476  0.33384115  0.33106726  0.32929507 -0.00935265  0.3306657
  0.24400973  0.328686    0.16063696  0.3191395   0.3369992   0.1188324
 -0.08979198  0.2537984   0.0531786  -0.07147177  0.31379086  0.29744288
  0.33636457  0.33772522  0.24204747  0.28596798 -0.08969509  0.23422845
  0.12858967  0.20734799  0.21247856 -0.11878499  0.13190511  0.2760224
  0.26675     0.3371519  -0.13051175  0.24177885  0.16298267  0.3324461
  0.3230507   0.19886003 -0.09678259  0.31843302  0.34007025  0.32275876
  0.3277894   0.09509126 -0.11984153  0.337921    0.33034045  0.25447705
  0.33009365  0.23908965  0.31865692  0.32768497  0.33463544 -0.02325537
  0.2898236   0.31362575  0.07882998  0.3178119   0.30840513 -0.02277356
  0.20641805 -0.01594293  0.00179957  0.32451552  0.21267971 -0.12415425
  0.18085995  0.33296317  0.21930309 -0.07209595  0.26706302  0.10819909
  0.33357692  0.26762038  0.30891556  0.34075883  0.326257    0.23018834
 -0.09524882  0.32072952  0.19313368  0.32140964  0.06788398  0.33565876
  0.30626807  0.18276533 -0.0563675   0.13224863  0.1380968   0.33084157
  0.33218142 -0.11308157  0.30575     0.319343    0.33713478  0.3358221
  0.28895923  0.3048004 ]

conv2.weight
[[[[-0.00347963]]
  [[-0.05684526]]
  [[ 0.02330499]]
  ...
  [[ 0.08217252]]
  [[ 0.4021839 ]]
  [[-0.12050184]]]
 [[[-0.04686185]]
  [[ 0.2180413 ]]
  [[ 0.04486361]]
  ...
  [[ 0.26319826]]
  [[ 0.20423137]]
  [[ 0.05289835]]]
 [[[-0.21578401]]
  [[ 0.321611  ]]
  [[-0.09452851]]
  ...
  [[ 0.1336464 ]]
  [[ 0.38106886]]
  [[ 0.16538969]]]
 ...
 [[[ 0.11194373]]
  [[-0.2708723 ]]
  [[-0.19293875]]
  ...
  [[-0.28177512]]
  [[-0.07758296]]
  [[-0.04685829]]]
 [[[ 0.10739698]]
  [[-0.11667349]]
  [[-0.03468592]]
  ...
  [[ 0.04949632]]
  [[-0.1013642 ]]
  [[-0.2976362 ]]]
 [[[ 0.04546743]]
  [[ 0.00797289]]
  [[ 0.10666017]]
  ...
  [[-0.16679572]]
  [[ 0.05956341]]
  [[-0.20488197]]]]

conv2.bias
[ 0.10918563  0.3219057   0.15249579 -0.03251895  0.23058164  0.00108093
  0.07304454  0.13227218  0.12305634  0.3209034   0.3205824   0.00921557
  0.16505805 -0.10784457  0.00545332  0.05635994]

conv3.weight
[[[[-0.07427741]]
  [[-0.28769454]]
  [[ 0.16295539]]
  [[ 0.7222219 ]]
  [[-0.20715204]]
  [[-0.17028797]]
  [[-0.3901056 ]]
  [[-0.3831253 ]]
  [[-0.6340955 ]]
  [[ 0.22564895]]
  [[ 0.28036392]]
  [[-1.022467  ]]
  [[-0.4821341 ]]
  [[-0.23049808]]
  [[-0.23714143]]
  [[ 0.2642235 ]]]
 [[[-0.08560157]]
  [[ 0.4538771 ]]
  [[ 0.36284807]]
  [[-0.19302706]]
  [[ 0.37180927]]
  [[-0.4884094 ]]
  [[-0.21314959]]
  [[-0.23497081]]
  [[ 0.18866846]]
  [[ 0.77091753]]
  [[ 0.47919127]]
  [[-0.7027556 ]]
  [[ 0.25999492]]
  [[-0.42398828]]
  [[-0.20835158]]
  [[ 0.11541264]]]
 [[[ 0.3704913 ]]
  [[ 0.55587816]]
  [[ 0.01159737]]
  [[-0.00697419]]
  [[ 0.29215553]]
  [[ 0.46522138]]
  [[-0.08238668]]
  [[-0.01719159]]
  [[ 0.11327149]]
  [[-0.22329757]]
  [[-0.8145328 ]]
  [[ 0.55700386]]
  [[ 0.43238857]]
  [[-0.3933211 ]]
  [[ 0.22653115]]
  [[ 0.1987895 ]]]
 [[[-0.75691944]]
  [[ 0.31893396]]
  [[ 0.25477934]]
  [[-0.267109  ]]
  [[-0.3191377 ]]
  [[-0.8622088 ]]
  [[-0.56892693]]
  [[ 0.60117745]]
  [[ 0.7580534 ]]
  [[-0.26925704]]
  [[-0.6639692 ]]
  [[ 0.31063384]]
  [[ 0.8751551 ]]
  [[ 0.3666169 ]]
  [[ 0.27393925]]
  [[ 0.7668551 ]]]
 [[[-0.39453733]]
  [[ 0.09423785]]
  [[ 1.2250973 ]]
  [[-0.6012028 ]]
  [[-0.04344356]]
  [[ 0.04605648]]
  [[ 0.18588139]]
  [[ 1.1639256 ]]
  [[ 0.7806383 ]]
  [[ 0.07567815]]
  [[-0.70636284]]
  [[ 0.4267321 ]]
  [[ 0.34316155]]
  [[-0.0549281 ]]
  [[ 0.1595905 ]]
  [[ 0.5327808 ]]]
 [[[ 0.8534595 ]]
  [[ 0.31454316]]
  [[-0.24240607]]
  [[ 0.5246715 ]]
  [[-0.5807616 ]]
  [[ 0.14008576]]
  [[-0.25132015]]
  [[ 0.2934998 ]]
  [[ 0.29324186]]
  [[ 0.6731592 ]]
  [[ 0.25101596]]
  [[-0.7678632 ]]
  [[-0.5730682 ]]
  [[ 0.4663864 ]]
  [[-0.05581711]]
  [[ 0.14232837]]]
 [[[ 0.78080416]]
  [[-0.12316683]]
  [[-0.51032114]]
  [[ 0.20603466]]
  [[-0.26299796]]
  [[-0.6955161 ]]
  [[-0.54453355]]
  [[ 0.11373951]]
  [[-0.5902371 ]]
  [[ 0.18790275]]
  [[ 0.26335993]]
  [[-0.41314158]]
  [[-0.3341159 ]]
  [[ 0.2558498 ]]
  [[-0.23030771]]
  [[-0.55051816]]]
 [[[ 0.20392947]]
  [[-0.09630538]]
  [[ 0.26965716]]
  [[-0.75885904]]
  [[ 0.37172323]]
  [[ 0.12288836]]
  [[ 0.4778021 ]]
  [[ 0.10034136]]
  [[ 0.6788378 ]]
  [[-0.679688  ]]
  [[-0.33171916]]
  [[-0.12791769]]
  [[ 1.0527313 ]]
  [[-0.1747073 ]]
  [[ 0.6732863 ]]
  [[ 0.93378013]]]]

conv3.bias
[0.04120494 0.3055506  0.12214639 0.18994446 0.16419838 0.12708713
 0.13015014 0.17846318]

conv4.weight
[[[[-0.16632392]]
  [[-0.6635456 ]]
  [[ 0.6301811 ]]
  [[ 0.33842045]]
  [[ 0.45273593]]
  [[-0.34794328]]
  [[-0.5775765 ]]
  [[ 0.73853683]]
  [[ 0.24109344]]]]

conv4.bias
[0.07530073]

real 88.77
user 114.14
sys 1.34
