GameOfLifeForward_128.load(): reinitializing weights

GameOfLifeForward_128
GameOfLifeForward_128(
  (criterion): MSELoss()
  (conv1): Conv2d(1, 128, kernel_size=(3, 3), stride=(1, 1), padding=(1, 1), padding_mode=circular)
  (conv2): Conv2d(128, 16, kernel_size=(1, 1), stride=(1, 1))
  (conv3): Conv2d(16, 8, kernel_size=(1, 1), stride=(1, 1))
  (conv4): Conv2d(9, 1, kernel_size=(1, 1), stride=(1, 1))
  (dropout): Dropout(p=0.0, inplace=False)
  (activation): PReLU(num_parameters=1)
)
activation.weight
[0.25]

conv1.weight
[[[[-2.2058344e-01  1.2992732e-01 -5.6926256e-01]
   [ 2.1602595e-01  4.5169573e-02  3.2950220e-01]
   [-5.9255201e-01  8.1314921e-01 -3.5290942e-01]]]
 [[[-1.9999011e-01 -5.2187335e-02 -4.5104349e-01]
   [-3.5865954e-01 -4.1948324e-01  7.3704146e-02]
   [ 1.9252102e-01 -2.0653430e-01  2.0734441e-01]]]
 [[[ 3.1839716e-01 -4.9117753e-01  6.2033236e-02]
   [ 1.7724603e-01  3.1659320e-01  7.3557109e-01]
   [-6.1122447e-01 -7.4131995e-01  3.7149814e-01]]]
 ...
 [[[-2.9891503e-01  8.5919641e-02  1.5196416e-01]
   [-3.6116131e-04  1.6743945e-01 -2.5395758e-02]
   [-6.5487958e-02  3.0761334e-01  1.7090560e-01]]]
 [[[-4.7724900e-01  2.1823671e-01 -4.1031852e-01]
   [-3.2840925e-01 -1.2313473e+00  2.9397318e-01]
   [-4.4858712e-01  1.3822946e-01 -5.7359290e-01]]]
 [[[-8.0506331e-01 -1.9658357e-01 -3.3559155e-01]
   [-2.8844530e-02 -1.8332666e-01 -3.0689320e-01]
   [ 5.9743918e-02 -6.5702099e-01  5.8476281e-01]]]]

conv1.bias
[0.1 0.1 0.1 0.1 0.1 0.1 0.1 0.1 0.1 0.1 0.1 0.1 0.1 0.1 0.1 0.1 0.1 0.1
 0.1 0.1 0.1 0.1 0.1 0.1 0.1 0.1 0.1 0.1 0.1 0.1 0.1 0.1 0.1 0.1 0.1 0.1
 0.1 0.1 0.1 0.1 0.1 0.1 0.1 0.1 0.1 0.1 0.1 0.1 0.1 0.1 0.1 0.1 0.1 0.1
 0.1 0.1 0.1 0.1 0.1 0.1 0.1 0.1 0.1 0.1 0.1 0.1 0.1 0.1 0.1 0.1 0.1 0.1
 0.1 0.1 0.1 0.1 0.1 0.1 0.1 0.1 0.1 0.1 0.1 0.1 0.1 0.1 0.1 0.1 0.1 0.1
 0.1 0.1 0.1 0.1 0.1 0.1 0.1 0.1 0.1 0.1 0.1 0.1 0.1 0.1 0.1 0.1 0.1 0.1
 0.1 0.1 0.1 0.1 0.1 0.1 0.1 0.1 0.1 0.1 0.1 0.1 0.1 0.1 0.1 0.1 0.1 0.1
 0.1 0.1]

conv2.weight
[[[[ 0.002885  ]]
  [[-0.04065322]]
  [[-0.08594665]]
  ...
  [[-0.15384197]]
  [[-0.02154444]]
  [[ 0.03555529]]]
 [[[-0.16974784]]
  [[-0.12647344]]
  [[ 0.09426427]]
  ...
  [[-0.07892946]]
  [[-0.15125035]]
  [[-0.06333973]]]
 [[[-0.08573985]]
  [[ 0.07357547]]
  [[ 0.08837727]]
  ...
  [[-0.1023417 ]]
  [[-0.04107052]]
  [[-0.13097213]]]
 ...
 [[[-0.0317024 ]]
  [[ 0.12334214]]
  [[ 0.03574602]]
  ...
  [[ 0.006567  ]]
  [[ 0.09640175]]
  [[ 0.02119105]]]
 [[[ 0.29208073]]
  [[ 0.22412619]]
  [[ 0.10258015]]
  ...
  [[-0.21117721]]
  [[-0.05531904]]
  [[-0.04039323]]]
 [[[ 0.11054753]]
  [[-0.27678335]]
  [[-0.00628551]]
  ...
  [[ 0.0995908 ]]
  [[-0.08146689]]
  [[-0.0736604 ]]]]

conv2.bias
[0.1 0.1 0.1 0.1 0.1 0.1 0.1 0.1 0.1 0.1 0.1 0.1 0.1 0.1 0.1 0.1]

conv3.weight
[[[[ 0.16717304]]
  [[-0.01092569]]
  [[ 0.18666822]]
  [[ 0.18535589]]
  [[-0.08267025]]
  [[-0.75768197]]
  [[ 0.29907387]]
  [[-0.03030785]]
  [[ 0.17500281]]
  [[-0.5265717 ]]
  [[ 0.599972  ]]
  [[ 0.13912186]]
  [[ 0.5517044 ]]
  [[-0.14059417]]
  [[-0.25263017]]
  [[-0.15052994]]]
 [[[ 0.06827923]]
  [[-0.362006  ]]
  [[-0.13565795]]
  [[-0.46628085]]
  [[-0.45134646]]
  [[ 0.5338861 ]]
  [[-0.0969746 ]]
  [[ 0.6586324 ]]
  [[-0.10205467]]
  [[ 0.336874  ]]
  [[ 0.19040985]]
  [[ 0.04005444]]
  [[ 0.49270907]]
  [[-0.08483322]]
  [[ 0.6524967 ]]
  [[ 0.2727596 ]]]
 [[[-0.12322886]]
  [[ 0.41156864]]
  [[ 0.3309375 ]]
  [[-0.21621719]]
  [[-0.45378953]]
  [[ 0.26041332]]
  [[-0.105574  ]]
  [[-0.29201588]]
  [[ 0.1616276 ]]
  [[-0.00312725]]
  [[ 0.5556514 ]]
  [[-0.12958759]]
  [[ 0.36197904]]
  [[-0.26088446]]
  [[ 0.5613325 ]]
  [[-0.6683208 ]]]
 [[[ 0.47013304]]
  [[ 0.00940223]]
  [[-0.0406697 ]]
  [[ 0.12900707]]
  [[ 0.8466683 ]]
  [[-0.2540183 ]]
  [[-0.00227588]]
  [[ 0.26168427]]
  [[ 0.09334067]]
  [[-0.07744078]]
  [[ 0.65267545]]
  [[-0.24573825]]
  [[-0.14888194]]
  [[ 0.25712922]]
  [[-0.02904478]]
  [[-0.555524  ]]]
 [[[ 0.7358882 ]]
  [[-0.36631402]]
  [[-0.03559308]]
  [[ 0.8477049 ]]
  [[ 0.43777505]]
  [[ 0.44170597]]
  [[ 0.3802851 ]]
  [[-0.08670843]]
  [[-0.30604273]]
  [[ 0.3877317 ]]
  [[ 0.12151843]]
  [[ 0.35654855]]
  [[-0.31993407]]
  [[ 0.14130841]]
  [[-0.57177585]]
  [[-0.5142948 ]]]
 [[[-0.025581  ]]
  [[ 0.08724193]]
  [[-0.12940224]]
  [[ 0.9034    ]]
  [[-0.2581002 ]]
  [[ 0.00473667]]
  [[-0.04333365]]
  [[-0.08524441]]
  [[ 0.05984881]]
  [[-0.12196518]]
  [[-0.194305  ]]
  [[ 0.45103323]]
  [[ 0.23380283]]
  [[ 0.617315  ]]
  [[-0.3168988 ]]
  [[-0.10570063]]]
 [[[ 0.05313392]]
  [[-0.02886597]]
  [[ 0.07911956]]
  [[ 0.08392445]]
  [[ 0.33871347]]
  [[ 0.10582718]]
  [[-0.00926954]]
  [[ 0.3172896 ]]
  [[-0.14974709]]
  [[ 0.9574141 ]]
  [[ 0.09056991]]
  [[-0.45097116]]
  [[ 0.31211075]]
  [[-0.37098482]]
  [[-0.02592198]]
  [[-0.23870036]]]
 [[[ 0.10458508]]
  [[ 0.03343435]]
  [[-0.36796132]]
  [[ 0.30454916]]
  [[ 0.3700166 ]]
  [[-0.20221446]]
  [[ 0.22363126]]
  [[ 0.55270356]]
  [[-0.00595495]]
  [[-0.01979205]]
  [[-0.43521872]]
  [[-0.08721984]]
  [[ 0.7632237 ]]
  [[-0.00808721]]
  [[ 0.00996011]]
  [[ 0.04758181]]]]

conv3.bias
[0.1 0.1 0.1 0.1 0.1 0.1 0.1 0.1]

conv4.weight
[[[[ 0.94399005]]
  [[-0.10538703]]
  [[ 0.05397139]]
  [[-0.46562007]]
  [[ 0.47292498]]
  [[-0.6512659 ]]
  [[-0.10697865]]
  [[-0.16739064]]
  [[-0.9659914 ]]]]

conv4.bias
[0.1]

--------------------
Training: GameOfLifeForward_128
GameOfLifeForward_128.load(): model file not found, reinitializing weights

GameOfLifeForward_128(
  (criterion): MSELoss()
  (conv1): Conv2d(1, 128, kernel_size=(3, 3), stride=(1, 1), padding=(1, 1), padding_mode=circular)
  (conv2): Conv2d(128, 16, kernel_size=(1, 1), stride=(1, 1))
  (conv3): Conv2d(16, 8, kernel_size=(1, 1), stride=(1, 1))
  (conv4): Conv2d(9, 1, kernel_size=(1, 1), stride=(1, 1))
  (dropout): Dropout(p=0.0, inplace=False)
  (activation): PReLU(num_parameters=1)
)
epoch:    1 | board_count:     500 | loss: 0.2659139276 | accuracy = 0.3865056000 | time: 8.443ms/board |   0m 01s 
epoch:    2 | board_count:    1000 | loss: 0.2217543155 | accuracy = 0.8108544000 | time: 1.958ms/board |   0m 01s 
epoch:    3 | board_count:    1500 | loss: 0.1960659802 | accuracy = 0.8199904000 | time: 2.082ms/board |   0m 01s 
epoch:    4 | board_count:    2000 | loss: 0.1838386059 | accuracy = 0.8335968000 | time: 2.331ms/board |   0m 01s 
epoch:    5 | board_count:    2500 | loss: 0.1779957741 | accuracy = 0.8257568000 | time: 1.614ms/board |   0m 02s 
epoch:    6 | board_count:    3000 | loss: 0.1672230393 | accuracy = 0.8614400000 | time: 2.706ms/board |   0m 02s 
epoch:    7 | board_count:    3500 | loss: 0.1697130620 | accuracy = 0.8395424000 | time: 2.452ms/board |   0m 02s 
epoch:    8 | board_count:    4000 | loss: 0.1622890085 | accuracy = 0.8521856000 | time: 2.385ms/board |   0m 02s 
epoch:    9 | board_count:    4500 | loss: 0.1615273327 | accuracy = 0.8464928000 | time: 2.368ms/board |   0m 03s 
epoch:   10 | board_count:    5000 | loss: 0.1531415045 | accuracy = 0.8635104000 | time: 2.023ms/board |   0m 03s 
epoch:   20 | board_count:   10000 | loss: 0.1438800287 | accuracy = 0.8563113600 | time: 1.190ms/board |   0m 05s 
epoch:   30 | board_count:   15000 | loss: 0.1263216646 | accuracy = 0.8616284800 | time: 1.574ms/board |   0m 06s 
epoch:   40 | board_count:   20000 | loss: 0.1168674369 | accuracy = 0.8544246400 | time: 1.934ms/board |   0m 08s 
epoch:   50 | board_count:   25000 | loss: 0.1124077465 | accuracy = 0.8527974400 | time: 1.775ms/board |   0m 10s 
epoch:   60 | board_count:   30000 | loss: 0.1058867973 | accuracy = 0.8551366400 | time: 1.657ms/board |   0m 12s 
epoch:   70 | board_count:   35000 | loss: 0.0993864548 | accuracy = 0.8695072000 | time: 2.098ms/board |   0m 14s 
epoch:   80 | board_count:   40000 | loss: 0.0996388973 | accuracy = 0.8656966400 | time: 1.759ms/board |   0m 15s 
epoch:   90 | board_count:   45000 | loss: 0.0956893133 | accuracy = 0.8710883200 | time: 1.741ms/board |   0m 17s 
epoch:  100 | board_count:   50000 | loss: 0.0888270064 | accuracy = 0.8824793600 | time: 1.767ms/board |   0m 19s 
epoch:  200 | board_count:  100000 | loss: 0.0719561870 | accuracy = 0.9073463680 | time: 1.478ms/board |   0m 36s 
epoch:  300 | board_count:  150000 | loss: 0.0295223061 | accuracy = 0.9875585920 | time: 1.936ms/board |   0m 54s 
epoch:  400 | board_count:  200000 | loss: 0.0066369439 | accuracy = 1.0000000000 | time: 1.852ms/board |   1m 11s 
Finished Training: GameOfLifeForward_128 - 499 epochs in 88.6s
GameOfLifeForward_128.savefile(): /home/jamie/code/ai-games/puzzles/game_of_life/neural_networks/models/GameOfLifeForward_128.pth = 17.2 kB
--------------------
GameOfLifeForward_128
GameOfLifeForward_128(
  (criterion): MSELoss()
  (conv1): Conv2d(1, 128, kernel_size=(3, 3), stride=(1, 1), padding=(1, 1), padding_mode=circular)
  (conv2): Conv2d(128, 16, kernel_size=(1, 1), stride=(1, 1))
  (conv3): Conv2d(16, 8, kernel_size=(1, 1), stride=(1, 1))
  (conv4): Conv2d(9, 1, kernel_size=(1, 1), stride=(1, 1))
  (dropout): Dropout(p=0.0, inplace=False)
  (activation): PReLU(num_parameters=1)
)
activation.weight
[0.13704899]

conv1.weight
[[[[ 8.97328734e-01 -1.58940330e-01  3.46595973e-01]
   [ 1.52043374e-02  2.87559539e-01  4.19589311e-01]
   [ 1.88533306e-01  4.40357119e-01 -8.86569738e-01]]]
 [[[ 7.95689449e-02 -9.05764624e-02 -5.50356627e-01]
   [-4.93257403e-01 -2.58881539e-01 -4.98072319e-02]
   [ 4.25426453e-01  2.14865267e-01  8.74988586e-02]]]
 [[[ 4.42181855e-01  2.48057619e-01  2.22380981e-01]
   [-7.90320516e-01  3.27209204e-01  4.83681738e-01]
   [-4.66646880e-01 -7.92748034e-01 -5.36367834e-01]]]
 ...
 [[[ 7.23797381e-01  5.88848472e-01  7.25621581e-01]
   [ 1.24359265e-01  1.06262195e+00  6.14336193e-01]
   [ 3.36124808e-01  4.36727554e-01 -2.63899863e-01]]]
 [[[ 7.80858696e-02  1.52520642e-01  9.82849151e-02]
   [ 8.32904577e-01  3.22870284e-01 -1.86805606e-01]
   [-9.81407426e-03  2.88036555e-01  4.25372049e-02]]]
 [[[-5.06186068e-01 -1.25049621e-01 -8.71904492e-01]
   [ 2.58834571e-01 -8.32662510e-04 -4.98773038e-01]
   [ 6.23529732e-01 -6.00816190e-01  5.98564327e-01]]]]

conv1.bias
[ 0.27215344  0.30582756  0.29603285  0.2844772   0.2918335   0.30133012
  0.2808923   0.29455698  0.28505448  0.04442776  0.28434217  0.04586453
  0.2938928   0.29018357 -0.08689222  0.29070598 -0.02628539  0.19561887
  0.2259723   0.2518255   0.15280408  0.28197724  0.18556212  0.29231906
  0.31378543  0.22379783  0.2845986   0.30261132  0.29222184  0.31089464
 -0.02005757  0.30863655  0.24279863  0.29061523  0.25579077  0.22887942
  0.22858675  0.28265867  0.00222398  0.28523827  0.26682976 -0.01144388
  0.29159206  0.01954423 -0.0689576   0.29295745  0.29577234  0.23658921
  0.01377493  0.31450558  0.3054053   0.18444008  0.29492956  0.2407903
  0.29283118  0.26083335  0.27952844  0.05484425 -0.07775947  0.04545017
  0.30967438  0.3007288   0.29934573  0.1858535  -0.06162802  0.02886482
  0.20038053  0.3050762   0.2618611   0.2369252   0.28976768  0.30187085
  0.30286524  0.2778385   0.2869731   0.2781117   0.25320953 -0.09143042
  0.29372913 -0.08163331  0.05136825  0.20606725  0.29186344  0.28839496
  0.13326162  0.20158494  0.28876832  0.19383202  0.2714244   0.10664224
  0.30040607  0.21949342  0.28345838  0.27155656  0.30785975  0.2961587
  0.12560049  0.27949148 -0.07606759  0.2661813   0.260161    0.20222272
 -0.06472524  0.26892012  0.30027184  0.29647303  0.2910926  -0.0920049
  0.2852597   0.22374675  0.29380497  0.21126176 -0.06889856  0.09540902
  0.13189846  0.28320664  0.00922178  0.30526543  0.00150756 -0.07696795
  0.27921107 -0.04006775  0.28397706  0.27959803 -0.08928415 -0.10457356
 -0.07831294  0.14877185]

conv2.weight
[[[[-0.00946398]]
  [[ 0.21154983]]
  [[ 0.16404903]]
  ...
  [[-0.13695268]]
  [[-0.3188349 ]]
  [[ 0.02312998]]]
 [[[-0.0639328 ]]
  [[-0.14869012]]
  [[-0.03108215]]
  ...
  [[-0.31333032]]
  [[-0.08293398]]
  [[ 0.02297257]]]
 [[[ 0.0080429 ]]
  [[ 0.16419652]]
  [[ 0.02473838]]
  ...
  [[-0.26805523]]
  [[-0.18334585]]
  [[-0.05493357]]]
 ...
 [[[ 0.13900171]]
  [[ 0.1431004 ]]
  [[ 0.12844004]]
  ...
  [[ 0.01956286]]
  [[ 0.10523257]]
  [[ 0.40687013]]]
 [[[ 0.08455056]]
  [[ 0.32028776]]
  [[ 0.31144825]]
  ...
  [[-0.37477216]]
  [[-0.16909349]]
  [[ 0.19935912]]]
 [[[-0.06304944]]
  [[ 0.02690795]]
  [[ 0.09235627]]
  ...
  [[-0.12454566]]
  [[-0.00865809]]
  [[ 0.08919645]]]]

conv2.bias
[ 0.27277508 -0.02441624  0.27569664  0.03659483  0.24941103  0.01339559
  0.27108264 -0.08300231  0.18294527  0.27508113  0.01668978  0.03478697
 -0.0693212   0.24210013  0.28384405  0.11803611]

conv3.weight
[[[[ 0.17880517]]
  [[ 0.1608376 ]]
  [[ 0.7198544 ]]
  [[ 0.0274696 ]]
  [[ 0.24447358]]
  [[ 0.15664147]]
  [[-0.01085704]]
  [[ 0.0055391 ]]
  [[-0.14251871]]
  [[ 0.9044629 ]]
  [[-0.18214035]]
  [[ 0.7275654 ]]
  [[-0.42337772]]
  [[ 0.09190522]]
  [[-0.11735077]]
  [[-0.09450021]]]
 [[[-0.07845729]]
  [[ 0.26753747]]
  [[-0.49790192]]
  [[-0.28604463]]
  [[ 0.07519483]]
  [[ 0.55007374]]
  [[-0.22694597]]
  [[-0.12916417]]
  [[ 0.5940953 ]]
  [[-0.27756953]]
  [[-1.46429   ]]
  [[-0.07715677]]
  [[-0.49353635]]
  [[ 0.00813208]]
  [[-0.18368673]]
  [[-0.17682764]]]
 [[[-0.11369544]]
  [[-0.5312976 ]]
  [[ 0.7804214 ]]
  [[-0.257862  ]]
  [[ 0.42766494]]
  [[ 0.13691063]]
  [[ 0.3061905 ]]
  [[ 0.8231152 ]]
  [[-0.17411187]]
  [[ 0.570741  ]]
  [[ 0.8404116 ]]
  [[-0.1112184 ]]
  [[ 0.53019905]]
  [[ 0.2148833 ]]
  [[ 0.47244394]]
  [[-0.6098603 ]]]
 [[[ 0.32956585]]
  [[-0.3913188 ]]
  [[-0.09693289]]
  [[-0.47354305]]
  [[ 0.19677919]]
  [[-0.344396  ]]
  [[-0.3124382 ]]
  [[-0.65289277]]
  [[ 0.34517145]]
  [[-0.7631747 ]]
  [[-0.3650889 ]]
  [[-0.41457036]]
  [[-0.24593091]]
  [[ 0.48122013]]
  [[-0.71960944]]
  [[ 0.203754  ]]]
 [[[-0.4721734 ]]
  [[ 0.5075916 ]]
  [[-0.8541694 ]]
  [[ 0.04524834]]
  [[-0.7362431 ]]
  [[-0.03883777]]
  [[-0.61691755]]
  [[-0.05297554]]
  [[-0.0493318 ]]
  [[-0.37934282]]
  [[-0.31606004]]
  [[-0.57860523]]
  [[-0.06486004]]
  [[-0.22807111]]
  [[ 0.00346441]]
  [[ 0.08868657]]]
 [[[ 0.6039188 ]]
  [[-0.14972286]]
  [[ 0.03101995]]
  [[ 0.03531554]]
  [[ 0.480078  ]]
  [[ 0.02603497]]
  [[ 0.08969579]]
  [[-0.788471  ]]
  [[-0.25044897]]
  [[ 0.6467827 ]]
  [[ 0.00186757]]
  [[ 0.3700905 ]]
  [[-0.25577208]]
  [[-0.24079877]]
  [[ 0.14667544]]
  [[ 0.11531369]]]
 [[[ 0.14293574]]
  [[ 0.1579021 ]]
  [[ 0.04537051]]
  [[ 0.35631132]]
  [[ 0.7814811 ]]
  [[-0.46703333]]
  [[ 0.02396563]]
  [[-0.39800292]]
  [[-0.15157294]]
  [[ 0.537567  ]]
  [[ 0.28839314]]
  [[-0.11096091]]
  [[-0.220686  ]]
  [[ 0.03466902]]
  [[ 0.8226501 ]]
  [[-0.11875802]]]
 [[[-0.14092535]]
  [[-0.10112489]]
  [[ 0.07896544]]
  [[-0.11284201]]
  [[ 0.34054244]]
  [[ 0.3256549 ]]
  [[-0.46123785]]
  [[-0.48468173]]
  [[ 0.03479439]]
  [[-0.24426952]]
  [[-0.29738843]]
  [[-0.326793  ]]
  [[ 0.40548295]]
  [[-0.6289547 ]]
  [[ 0.32678837]]
  [[-0.19173454]]]]

conv3.bias
[0.24974379 0.18809576 0.09321074 0.2181364  0.09182873 0.21658628
 0.16909353 0.22964357]

conv4.weight
[[[[-0.45607805]]
  [[ 0.3969011 ]]
  [[-0.5328382 ]]
  [[ 1.1605104 ]]
  [[ 1.1002446 ]]
  [[-0.42210966]]
  [[-0.47793385]]
  [[ 0.55651903]]
  [[ 0.43527356]]]]

conv4.bias
[0.10567228]

real 93.34
user 113.79
sys 1.30
