removed './neural_networks/models/GameOfLifeForward_128.pth'
GameOfLifeForward_128.load(): reinitializing weights

GameOfLifeForward_128
GameOfLifeForward_128(
  (criterion): MSELoss()
  (conv1): Conv2d(1, 128, kernel_size=(3, 3), stride=(1, 1), padding=(1, 1), padding_mode=circular)
  (conv2): Conv2d(128, 16, kernel_size=(1, 1), stride=(1, 1))
  (conv3): Conv2d(16, 8, kernel_size=(1, 1), stride=(1, 1))
  (conv4): Conv2d(9, 1, kernel_size=(1, 1), stride=(1, 1))
  (dropout): Dropout(p=0.0, inplace=False)
  (activation): PReLU(num_parameters=1)
)
activation.weight
[0.25]

conv1.weight
[[[[ 0.29378077 -0.5231615   0.05107149]
   [-0.41986212  0.3317894  -1.1207157 ]
   [ 0.39809367 -0.67741317  0.4073744 ]]]
 [[[ 0.34236565  0.05520744 -0.10705043]
   [ 0.10454053  0.15653433 -1.2972778 ]
   [-0.6288071   0.12758978  0.21620068]]]
 [[[-0.43130654  1.204482    0.19584236]
   [-0.413041    0.13955821  0.68719673]
   [ 0.6342931   0.08654449 -0.70094377]]]
 ...
 [[[-0.39449373 -0.20647275  0.5867917 ]
   [ 1.2848729   0.00800529 -0.64252096]
   [ 0.5246135   0.33068633 -0.7467606 ]]]
 [[[-0.4121294   0.16446438 -0.82265055]
   [-0.46817443 -0.09399515  1.022827  ]
   [ 0.40469313 -0.28561032  0.04133147]]]
 [[[ 0.17043744  0.03422819 -0.4018312 ]
   [-0.58332056  0.36960062 -0.61148226]
   [ 0.6706589  -0.25118655 -0.36122182]]]]

conv1.bias
[0.1 0.1 0.1 0.1 0.1 0.1 0.1 0.1 0.1 0.1 0.1 0.1 0.1 0.1 0.1 0.1 0.1 0.1
 0.1 0.1 0.1 0.1 0.1 0.1 0.1 0.1 0.1 0.1 0.1 0.1 0.1 0.1 0.1 0.1 0.1 0.1
 0.1 0.1 0.1 0.1 0.1 0.1 0.1 0.1 0.1 0.1 0.1 0.1 0.1 0.1 0.1 0.1 0.1 0.1
 0.1 0.1 0.1 0.1 0.1 0.1 0.1 0.1 0.1 0.1 0.1 0.1 0.1 0.1 0.1 0.1 0.1 0.1
 0.1 0.1 0.1 0.1 0.1 0.1 0.1 0.1 0.1 0.1 0.1 0.1 0.1 0.1 0.1 0.1 0.1 0.1
 0.1 0.1 0.1 0.1 0.1 0.1 0.1 0.1 0.1 0.1 0.1 0.1 0.1 0.1 0.1 0.1 0.1 0.1
 0.1 0.1 0.1 0.1 0.1 0.1 0.1 0.1 0.1 0.1 0.1 0.1 0.1 0.1 0.1 0.1 0.1 0.1
 0.1 0.1]

conv2.weight
[[[[ 0.03362957]]
  [[ 0.10839874]]
  [[-0.19978635]]
  ...
  [[ 0.0280288 ]]
  [[-0.02879827]]
  [[-0.03470654]]]
 [[[ 0.03456386]]
  [[ 0.00369982]]
  [[-0.0437088 ]]
  ...
  [[ 0.03345307]]
  [[ 0.08343588]]
  [[ 0.01760995]]]
 [[[-0.17624146]]
  [[-0.01979408]]
  [[-0.05268148]]
  ...
  [[ 0.11116447]]
  [[-0.09238128]]
  [[ 0.03060898]]]
 ...
 [[[-0.01744065]]
  [[ 0.18876183]]
  [[-0.16518676]]
  ...
  [[-0.25094098]]
  [[-0.22634764]]
  [[ 0.07233625]]]
 [[[ 0.04026404]]
  [[ 0.05001747]]
  [[ 0.03350739]]
  ...
  [[ 0.03744419]]
  [[ 0.20084101]]
  [[-0.05006094]]]
 [[[-0.01691395]]
  [[ 0.1964658 ]]
  [[-0.06358133]]
  ...
  [[-0.00352968]]
  [[ 0.08195953]]
  [[ 0.10831413]]]]

conv2.bias
[0.1 0.1 0.1 0.1 0.1 0.1 0.1 0.1 0.1 0.1 0.1 0.1 0.1 0.1 0.1 0.1]

conv3.weight
[[[[-0.19157241]]
  [[-0.09557784]]
  [[-0.02405909]]
  [[-0.52261233]]
  [[-0.06884988]]
  [[ 0.21170706]]
  [[-0.3166521 ]]
  [[-0.01957177]]
  [[-0.11630263]]
  [[ 0.6085774 ]]
  [[ 0.02089755]]
  [[-0.07380775]]
  [[ 0.1958322 ]]
  [[ 0.2945079 ]]
  [[ 0.4455396 ]]
  [[-0.25052464]]]
 [[[ 0.40665594]]
  [[-0.4969981 ]]
  [[-0.7327378 ]]
  [[ 0.33085915]]
  [[ 0.3179747 ]]
  [[ 0.3767905 ]]
  [[ 0.22297752]]
  [[ 0.449259  ]]
  [[ 0.10635632]]
  [[ 0.28817317]]
  [[-0.2323498 ]]
  [[ 0.07702427]]
  [[-0.5521838 ]]
  [[ 0.6270266 ]]
  [[ 0.18960975]]
  [[ 0.28112322]]]
 [[[-0.5259584 ]]
  [[ 0.156625  ]]
  [[ 0.44781595]]
  [[-0.11108878]]
  [[ 0.48722333]]
  [[ 0.07309222]]
  [[-0.39517206]]
  [[-0.25479448]]
  [[ 1.058012  ]]
  [[-0.08141718]]
  [[-0.2885346 ]]
  [[-0.05749076]]
  [[ 0.12637272]]
  [[-0.21803696]]
  [[-0.26449552]]
  [[-0.21442278]]]
 [[[-0.32605407]]
  [[ 0.20411472]]
  [[-0.25185993]]
  [[ 0.39419037]]
  [[ 0.3012561 ]]
  [[ 0.26093492]]
  [[-0.36006263]]
  [[-0.01976289]]
  [[ 0.4929206 ]]
  [[ 0.8165087 ]]
  [[-0.59108174]]
  [[ 0.4582003 ]]
  [[-0.44337288]]
  [[-0.06702082]]
  [[-0.01770982]]
  [[ 0.97566783]]]
 [[[-0.21533267]]
  [[ 0.36816955]]
  [[-0.39663273]]
  [[-0.14507058]]
  [[-0.0761411 ]]
  [[-0.35895622]]
  [[-0.28721634]]
  [[ 0.19604619]]
  [[-0.11776716]]
  [[ 0.01864558]]
  [[-0.3386673 ]]
  [[-0.5194366 ]]
  [[ 0.1809595 ]]
  [[-0.6351242 ]]
  [[ 0.13966438]]
  [[-0.22909482]]]
 [[[ 0.18775892]]
  [[-0.04235438]]
  [[-0.5048442 ]]
  [[-0.03595637]]
  [[ 0.7128926 ]]
  [[-0.08672728]]
  [[-0.4818972 ]]
  [[ 0.18964507]]
  [[-0.39666933]]
  [[ 0.23080547]]
  [[ 0.09716281]]
  [[ 0.42995024]]
  [[ 0.02206066]]
  [[-0.39271358]]
  [[-0.02899564]]
  [[ 0.392103  ]]]
 [[[ 0.15887967]]
  [[-0.41601658]]
  [[-0.21179059]]
  [[ 0.2591518 ]]
  [[ 0.07754122]]
  [[-0.439082  ]]
  [[ 0.34267703]]
  [[-0.2738572 ]]
  [[ 0.18337923]]
  [[ 0.4448967 ]]
  [[ 0.2987118 ]]
  [[-0.4072987 ]]
  [[-0.42386258]]
  [[-0.24869281]]
  [[ 0.71610886]]
  [[-0.04776698]]]
 [[[-0.5743753 ]]
  [[-0.48952585]]
  [[-0.02015064]]
  [[ 0.11932956]]
  [[-0.23163371]]
  [[ 0.28785548]]
  [[-0.58471537]]
  [[-0.3322982 ]]
  [[-0.36339325]]
  [[ 0.00205013]]
  [[ 0.21965213]]
  [[ 0.3800801 ]]
  [[-0.11484715]]
  [[ 0.45674092]]
  [[ 0.40703875]]
  [[-0.1893103 ]]]]

conv3.bias
[0.1 0.1 0.1 0.1 0.1 0.1 0.1 0.1]

conv4.weight
[[[[ 0.9446527 ]]
  [[-0.10431154]]
  [[-0.56413263]]
  [[-0.00146181]]
  [[-0.22707017]]
  [[-0.22791213]]
  [[-0.14650789]]
  [[ 0.16920607]]
  [[-0.18259294]]]]

conv4.bias
[0.1]

--------------------
Training: GameOfLifeForward_128
GameOfLifeForward_128.load(): model file not found, reinitializing weights

GameOfLifeForward_128(
  (criterion): MSELoss()
  (conv1): Conv2d(1, 128, kernel_size=(3, 3), stride=(1, 1), padding=(1, 1), padding_mode=circular)
  (conv2): Conv2d(128, 16, kernel_size=(1, 1), stride=(1, 1))
  (conv3): Conv2d(16, 8, kernel_size=(1, 1), stride=(1, 1))
  (conv4): Conv2d(9, 1, kernel_size=(1, 1), stride=(1, 1))
  (dropout): Dropout(p=0.0, inplace=False)
  (activation): PReLU(num_parameters=1)
)
epoch:    1 | board_count:     500 | loss: 0.3831524909 | accuracy = 0.1613760000 | time: 7.769ms/board |   0m 01s 
epoch:    2 | board_count:    1000 | loss: 0.3187437952 | accuracy = 0.2759200000 | time: 1.550ms/board |   0m 01s 
epoch:    3 | board_count:    1500 | loss: 0.2625343978 | accuracy = 0.6875968000 | time: 1.244ms/board |   0m 01s 
epoch:    4 | board_count:    2000 | loss: 0.2245797932 | accuracy = 0.7629248000 | time: 1.912ms/board |   0m 01s 
epoch:    5 | board_count:    2500 | loss: 0.2065710336 | accuracy = 0.7940992000 | time: 1.880ms/board |   0m 01s 
epoch:    6 | board_count:    3000 | loss: 0.1933423758 | accuracy = 0.7907008000 | time: 1.785ms/board |   0m 02s 
epoch:    7 | board_count:    3500 | loss: 0.1804106355 | accuracy = 0.8162880000 | time: 1.370ms/board |   0m 02s 
epoch:    8 | board_count:    4000 | loss: 0.1720617563 | accuracy = 0.8337248000 | time: 1.656ms/board |   0m 02s 
epoch:    9 | board_count:    4500 | loss: 0.1685257584 | accuracy = 0.8474432000 | time: 1.737ms/board |   0m 02s 
epoch:   10 | board_count:    5000 | loss: 0.1664729983 | accuracy = 0.8476192000 | time: 2.953ms/board |   0m 02s 
epoch:   20 | board_count:   10000 | loss: 0.1487293693 | accuracy = 0.8586969600 | time: 1.873ms/board |   0m 04s 
epoch:   30 | board_count:   15000 | loss: 0.1357979409 | accuracy = 0.8519657600 | time: 1.612ms/board |   0m 06s 
epoch:   40 | board_count:   20000 | loss: 0.1216351098 | accuracy = 0.8578025600 | time: 1.981ms/board |   0m 08s 
epoch:   50 | board_count:   25000 | loss: 0.1138102141 | accuracy = 0.8596345600 | time: 1.763ms/board |   0m 09s 
epoch:   60 | board_count:   30000 | loss: 0.1104655121 | accuracy = 0.8590140800 | time: 1.675ms/board |   0m 11s 
epoch:   70 | board_count:   35000 | loss: 0.0986488856 | accuracy = 0.8776838400 | time: 1.727ms/board |   0m 13s 
epoch:   80 | board_count:   40000 | loss: 0.0949939826 | accuracy = 0.8824633600 | time: 1.939ms/board |   0m 15s 
epoch:   90 | board_count:   45000 | loss: 0.0908982971 | accuracy = 0.8821824000 | time: 1.431ms/board |   0m 17s 
epoch:  100 | board_count:   50000 | loss: 0.0832379846 | accuracy = 0.8895353600 | time: 1.540ms/board |   0m 18s 
epoch:  200 | board_count:  100000 | loss: 0.0669117513 | accuracy = 0.9053933760 | time: 1.467ms/board |   0m 36s 
epoch:  300 | board_count:  150000 | loss: 0.0273662485 | accuracy = 0.9900954560 | time: 1.548ms/board |   0m 53s 
epoch:  400 | board_count:  200000 | loss: 0.0060168886 | accuracy = 1.0000000000 | time: 2.317ms/board |   1m 11s 
Finished Training: GameOfLifeForward_128 - 452 epochs in 79.7s
GameOfLifeForward_128.savefile(): /home/jamie/code/ai-games/puzzles/game_of_life/neural_networks/models/GameOfLifeForward_128.pth = 17.2 kB
--------------------
GameOfLifeForward_128
GameOfLifeForward_128(
  (criterion): MSELoss()
  (conv1): Conv2d(1, 128, kernel_size=(3, 3), stride=(1, 1), padding=(1, 1), padding_mode=circular)
  (conv2): Conv2d(128, 16, kernel_size=(1, 1), stride=(1, 1))
  (conv3): Conv2d(16, 8, kernel_size=(1, 1), stride=(1, 1))
  (conv4): Conv2d(9, 1, kernel_size=(1, 1), stride=(1, 1))
  (dropout): Dropout(p=0.0, inplace=False)
  (activation): PReLU(num_parameters=1)
)
activation.weight
[0.14058033]

conv1.weight
[[[[-1.9561331e-01  2.0254087e-01  1.3426484e-01]
   [-4.7055945e-01  9.4861543e-01 -4.5696814e-02]
   [ 2.6600876e-01  7.9831088e-01 -5.1227719e-01]]]
 [[[-1.5579601e-01  8.8065214e-02 -7.0761412e-01]
   [ 5.9874499e-01  5.1259029e-01 -6.4992660e-01]
   [ 1.7723192e-01  9.4293278e-01 -2.9242033e-01]]]
 [[[ 1.6013753e-02 -2.1220431e-02 -9.9508487e-02]
   [-1.0295851e+00  2.5153508e-02  4.4261888e-01]
   [ 1.4700544e-01  2.3775440e-01  5.2982968e-01]]]
 ...
 [[[-1.5801935e-01 -4.7117752e-01  6.1459333e-01]
   [-2.1889423e-01  3.2224256e-01 -5.0015742e-01]
   [-7.9647160e-01 -1.4396721e-01 -5.7297671e-01]]]
 [[[ 3.5918377e-02  7.9764150e-02  1.1571399e-01]
   [ 3.0886331e-01 -5.0868428e-01 -2.7562624e-01]
   [ 5.0986594e-01  1.8066382e-01 -7.4155748e-01]]]
 [[[ 8.1403500e-01  6.9192111e-01 -5.3261632e-01]
   [-1.1213427e-04 -1.8557876e-01  4.0907896e-01]
   [ 3.1461740e-01 -8.8802278e-02  3.8254464e-01]]]]

conv1.bias
[ 0.2188141   0.15536714  0.24898507  0.27160078  0.2388503   0.26775184
  0.2727922   0.26885659  0.2693224  -0.07111458  0.2386075   0.27560836
  0.2967287   0.05932149  0.23331237 -0.08125483  0.06720756  0.08882069
  0.28869915  0.27185285  0.26941794  0.25482804 -0.07572912 -0.04143689
  0.28490853  0.2770294   0.199389    0.19943105  0.12860571  0.2611483
  0.2653572  -0.06037145  0.28256917  0.27791536  0.19843477  0.11841475
 -0.01384797  0.17034705  0.28041437  0.25873792  0.2661286   0.26472703
  0.21218412  0.2714127   0.25999323  0.20033614  0.27567092  0.30011708
  0.26397723  0.15589698  0.13598529  0.27788067  0.28376096  0.22407426
  0.2873832  -0.06722274  0.1521365   0.0888379   0.13379842 -0.06034233
  0.21783559  0.21900311  0.2795382   0.26541957  0.2899193   0.27440727
  0.23302779  0.24568087  0.09073048  0.20211194  0.28506467  0.01290776
  0.19857344  0.24752134  0.28356534  0.2858349   0.01850056 -0.0779999
  0.2554706   0.24776658 -0.06648174  0.2529931   0.2304578   0.28185096
 -0.06487094  0.2485577   0.02385643  0.17920737 -0.05564239  0.2503592
  0.13611738  0.29646122  0.28169128  0.24051131  0.06384026  0.21177801
  0.27202177  0.23011905  0.00981948  0.20621136  0.28386787  0.26049542
  0.22816882  0.13902116  0.2885717   0.28078482  0.18418565  0.27934915
  0.20784837  0.27441075  0.25240386  0.24285415  0.05784703  0.29860938
  0.28498936  0.27275982  0.23384382 -0.05265772  0.2600652   0.268609
  0.12479278  0.2795916   0.01320384 -0.08124316  0.27682182  0.2830858
  0.12002787  0.05369662]

conv2.weight
[[[[ 0.2551289 ]]
  [[ 0.05698856]]
  [[ 0.10585925]]
  ...
  [[ 0.4224574 ]]
  [[ 0.15992546]]
  [[-0.01855453]]]
 [[[-0.00661572]]
  [[-0.05113191]]
  [[ 0.25374937]]
  ...
  [[-0.09551808]]
  [[-0.19918661]]
  [[ 0.08610256]]]
 [[[-0.00120942]]
  [[-0.2032098 ]]
  [[-0.04844425]]
  ...
  [[-0.43699333]]
  [[ 0.04881377]]
  [[-0.09457162]]]
 ...
 [[[ 0.08075372]]
  [[ 0.18098272]]
  [[ 0.35960424]]
  ...
  [[ 0.12717447]]
  [[ 0.1015484 ]]
  [[-0.1014532 ]]]
 [[[ 0.06507313]]
  [[ 0.07540798]]
  [[-0.06415808]]
  ...
  [[-0.20819423]]
  [[-0.13022998]]
  [[-0.03393606]]]
 [[[ 0.13286161]]
  [[-0.15317924]]
  [[ 0.20774645]]
  ...
  [[ 0.17770612]]
  [[ 0.2271878 ]]
  [[-0.01841168]]]]

conv2.bias
[ 0.22597842  0.07188167 -0.03395056 -0.05817782  0.01363794  0.19779219
 -0.03738549  0.00955151 -0.07593384 -0.04991986 -0.0688438   0.08940226
  0.25582018  0.24895282  0.05441629  0.26261452]

conv3.weight
[[[[ 0.67785543]]
  [[-0.44478157]]
  [[-0.3215349 ]]
  [[-0.5065589 ]]
  [[-0.08712155]]
  [[-0.26358557]]
  [[-0.21218206]]
  [[-0.54628736]]
  [[-0.25763628]]
  [[-0.32217613]]
  [[-0.5980875 ]]
  [[ 0.16331363]]
  [[ 0.07832151]]
  [[ 0.27956665]]
  [[-0.658671  ]]
  [[ 1.3690298 ]]]
 [[[ 0.27927592]]
  [[ 0.6600371 ]]
  [[ 0.01155838]]
  [[-0.06293264]]
  [[-0.07474283]]
  [[-0.17110871]]
  [[ 0.27948308]]
  [[-0.01253122]]
  [[-0.5334736 ]]
  [[-0.42324334]]
  [[-0.40309596]]
  [[ 0.13084944]]
  [[-0.4068198 ]]
  [[ 0.47348922]]
  [[-0.12345105]]
  [[-0.14823124]]]
 [[[ 0.08274448]]
  [[-0.11596683]]
  [[-0.4111154 ]]
  [[-0.6313064 ]]
  [[-0.82902133]]
  [[ 0.17341246]]
  [[-0.22035407]]
  [[-0.0926854 ]]
  [[-0.29210097]]
  [[ 0.08692762]]
  [[ 0.20103723]]
  [[ 0.395936  ]]
  [[-0.11532321]]
  [[ 0.6007355 ]]
  [[ 0.15322015]]
  [[-0.43707284]]]
 [[[ 0.36888796]]
  [[ 0.04323667]]
  [[-0.55081546]]
  [[ 0.17824055]]
  [[-0.75031805]]
  [[ 0.03478533]]
  [[-0.17994975]]
  [[ 0.3758989 ]]
  [[ 0.08923241]]
  [[-0.14272203]]
  [[-0.27416533]]
  [[-0.2786325 ]]
  [[-0.6457053 ]]
  [[-0.00552617]]
  [[ 0.18314263]]
  [[-0.21277852]]]
 [[[ 0.17762731]]
  [[-0.09644705]]
  [[ 0.04097795]]
  [[-0.33826664]]
  [[ 0.01875846]]
  [[ 0.4145003 ]]
  [[-0.14836419]]
  [[-0.27065963]]
  [[-0.05718176]]
  [[ 0.2542897 ]]
  [[-0.39010394]]
  [[ 0.07940941]]
  [[ 0.7367597 ]]
  [[ 0.3102505 ]]
  [[-0.22445272]]
  [[ 0.32800695]]]
 [[[ 0.10352711]]
  [[ 0.20217077]]
  [[ 0.14888963]]
  [[ 0.09231141]]
  [[ 0.58200806]]
  [[-0.31998363]]
  [[ 0.09352574]]
  [[ 0.15059374]]
  [[ 0.4838069 ]]
  [[ 0.2899468 ]]
  [[ 0.37817287]]
  [[-0.45437953]]
  [[-0.13226126]]
  [[-0.61545026]]
  [[-0.19837691]]
  [[-0.15718253]]]
 [[[ 0.43090695]]
  [[-0.20222627]]
  [[ 0.74993145]]
  [[ 0.13971065]]
  [[-0.26148355]]
  [[ 0.24554724]]
  [[-0.02174203]]
  [[ 0.05639577]]
  [[-0.00763567]]
  [[ 0.54415065]]
  [[-0.0050898 ]]
  [[ 0.5635841 ]]
  [[-0.30629808]]
  [[-0.04752025]]
  [[ 0.27959245]]
  [[ 0.1643983 ]]]
 [[[ 0.24692848]]
  [[-0.2824701 ]]
  [[-0.13555963]]
  [[ 0.22965702]]
  [[ 0.06317938]]
  [[-0.16911578]]
  [[-0.5378246 ]]
  [[-0.0832139 ]]
  [[-0.98282546]]
  [[-0.5779713 ]]
  [[-0.12004141]]
  [[-0.5487987 ]]
  [[-0.34848472]]
  [[ 0.3560058 ]]
  [[-0.15337473]]
  [[ 0.44625887]]]]

conv3.bias
[0.23794864 0.1855013  0.14921826 0.1908852  0.20532805 0.02926685
 0.02997192 0.2417777 ]

conv4.weight
[[[[-0.5428505 ]]
  [[ 0.6573636 ]]
  [[ 0.28326863]]
  [[ 0.5226718 ]]
  [[-0.98400164]]
  [[-0.9886044 ]]
  [[ 0.9005833 ]]
  [[-0.9017354 ]]
  [[ 1.1398104 ]]]]

conv4.bias
[0.15204678]

real 84.59
user 102.23
sys 1.28
