{'score': -0.121, 'time': 121, 'booster': 'dart', 'eval_metric': 'auc', 'max_delta_step': 3, 'max_depth': 19, 'min_child_weight': 3, 'min_split_loss': 15.051, 'n_estimators': 31, 'num_parallel_tree': 36, 'objective': 'reg:tweedie', 'tree_method': 'approx'}
{'score': -0.12, 'time': 120, 'booster': 'gbtree', 'eval_metric': 'logloss', 'max_delta_step': 1, 'max_depth': 14, 'min_child_weight': 4, 'min_split_loss': 756260178.914, 'n_estimators': 34, 'num_parallel_tree': 39, 'objective': 'survival:cox', 'tree_method': 'exact'}
{'score': 2.88, 'time': 120, 'booster': 'gbtree', 'eval_metric': 'mae', 'max_delta_step': 3, 'max_depth': 20, 'min_child_weight': 1, 'min_split_loss': 0.0, 'n_estimators': 30, 'num_parallel_tree': 21, 'objective': 'reg:squarederror', 'tree_method': 'hist'}
{'score': -0.12, 'time': 120, 'booster': 'dart', 'eval_metric': 'mlogloss', 'max_delta_step': 1, 'max_depth': 18, 'min_child_weight': 1, 'min_split_loss': 0.012, 'n_estimators': 38, 'num_parallel_tree': 12, 'objective': 'survival:cox', 'tree_method': 'exact'}
{'score': -0.121, 'time': 121, 'booster': 'gbtree', 'eval_metric': 'gamma-deviance', 'max_delta_step': 8, 'max_depth': 10, 'min_child_weight': 2, 'min_split_loss': 3507220.675, 'n_estimators': 31, 'num_parallel_tree': 40, 'objective': 'reg:squarederror', 'tree_method': 'approx'}
{'score': -0.12, 'time': 120, 'booster': 'gbtree', 'eval_metric': 'auc', 'max_delta_step': 9, 'max_depth': 14, 'min_child_weight': 1, 'min_split_loss': 0.3, 'n_estimators': 25, 'num_parallel_tree': 18, 'objective': 'rank:pairwise', 'tree_method': 'approx'}
{'score': 0.0, 'time': 0, 'booster': 'dart', 'eval_metric': 'mphe', 'max_delta_step': 9, 'max_depth': 9, 'min_child_weight': 3, 'min_split_loss': 122826.43, 'n_estimators': 34, 'num_parallel_tree': 12, 'objective': 'count:poisson', 'tree_method': 'exact'}
{'score': -0.12, 'time': 120, 'booster': 'gbtree', 'eval_metric': 'map', 'max_delta_step': 4, 'max_depth': 11, 'min_child_weight': 3, 'min_split_loss': 0.004, 'n_estimators': 16, 'num_parallel_tree': 33, 'objective': 'count:poisson', 'tree_method': 'approx'}
{'score': -0.103, 'time': 103, 'booster': 'dart', 'eval_metric': 'map', 'max_delta_step': 9, 'max_depth': 8, 'min_child_weight': 1, 'min_split_loss': 221641.28, 'n_estimators': 22, 'num_parallel_tree': 2, 'objective': 'reg:squarederror', 'tree_method': 'hist'}
{'score': -0.021, 'time': 21, 'booster': 'dart', 'eval_metric': 'error', 'max_delta_step': 6, 'max_depth': 12, 'min_child_weight': 2, 'min_split_loss': 453639.234, 'n_estimators': 23, 'num_parallel_tree': 3, 'objective': 'survival:aft', 'tree_method': 'exact'}
{'score': -0.12, 'time': 120, 'booster': 'dart', 'eval_metric': 'rmse', 'max_delta_step': 9, 'max_depth': 15, 'min_child_weight': 3, 'min_split_loss': 0.0, 'n_estimators': 23, 'num_parallel_tree': 30, 'objective': 'reg:squaredlogerror', 'tree_method': 'exact'}
{'score': -0.084, 'time': 84, 'booster': 'dart', 'eval_metric': 'ndcg', 'max_delta_step': 7, 'max_depth': 8, 'min_child_weight': 3, 'min_split_loss': 40.834, 'n_estimators': 23, 'num_parallel_tree': 12, 'objective': 'survival:aft', 'tree_method': 'exact'}
{'score': 0.88, 'time': 120, 'booster': 'gbtree', 'eval_metric': 'mlogloss', 'max_delta_step': 1, 'max_depth': 16, 'min_child_weight': 3, 'min_split_loss': 0.0, 'n_estimators': 33, 'num_parallel_tree': 39, 'objective': 'reg:gamma', 'tree_method': 'hist'}
{'score': 2.88, 'time': 120, 'booster': 'dart', 'eval_metric': 'map', 'max_delta_step': 0, 'max_depth': 17, 'min_child_weight': 2, 'min_split_loss': 0.0, 'n_estimators': 30, 'num_parallel_tree': 13, 'objective': 'reg:logistic', 'tree_method': 'hist'}
{'score': -0.088, 'time': 88, 'booster': 'gbtree', 'eval_metric': 'aucpr', 'max_delta_step': 3, 'max_depth': 9, 'min_child_weight': 3, 'min_split_loss': 2928874986.911, 'n_estimators': 20, 'num_parallel_tree': 15, 'objective': 'rank:pairwise', 'tree_method': 'hist'}
{'score': -0.12, 'time': 120, 'booster': 'dart', 'eval_metric': 'cox-nloglik', 'max_delta_step': 8, 'max_depth': 18, 'min_child_weight': 4, 'min_split_loss': 0.0, 'n_estimators': 36, 'num_parallel_tree': 32, 'objective': 'reg:tweedie', 'tree_method': 'hist'}
{'score': -0.12, 'time': 120, 'booster': 'gbtree', 'eval_metric': 'auc', 'max_delta_step': 4, 'max_depth': 22, 'min_child_weight': 1, 'min_split_loss': 0.0, 'n_estimators': 19, 'num_parallel_tree': 22, 'objective': 'survival:aft', 'tree_method': 'approx'}
{'score': -0.12, 'time': 120, 'booster': 'gbtree', 'eval_metric': 'logloss', 'max_delta_step': 3, 'max_depth': 20, 'min_child_weight': 0, 'min_split_loss': 448.593, 'n_estimators': 18, 'num_parallel_tree': 26, 'objective': 'reg:squaredlogerror', 'tree_method': 'hist'}
{'score': -0.076, 'time': 76, 'booster': 'gbtree', 'eval_metric': 'mlogloss', 'max_delta_step': 5, 'max_depth': 22, 'min_child_weight': 2, 'min_split_loss': 3823760.096, 'n_estimators': 21, 'num_parallel_tree': 8, 'objective': 'reg:tweedie', 'tree_method': 'hist'}
{'score': 0.0, 'time': 0, 'booster': 'dart', 'eval_metric': 'mphe', 'max_delta_step': 0, 'max_depth': 13, 'min_child_weight': 2, 'min_split_loss': 0.0, 'n_estimators': 18, 'num_parallel_tree': 40, 'objective': 'reg:squarederror', 'tree_method': 'hist'}
{'score': 5.88, 'time': 120, 'booster': 'dart', 'eval_metric': 'rmse', 'max_delta_step': 2, 'max_depth': 16, 'min_child_weight': 3, 'min_split_loss': 0.0, 'n_estimators': 26, 'num_parallel_tree': 2, 'objective': 'reg:squarederror', 'tree_method': 'approx'}
{'score': 0.0, 'time': 0, 'booster': 'dart', 'eval_metric': 'tweedie-nlogli', 'max_delta_step': 9, 'max_depth': 13, 'min_child_weight': 0, 'min_split_loss': 75379.332, 'n_estimators': 16, 'num_parallel_tree': 39, 'objective': 'reg:logistic', 'tree_method': 'approx'}
{'score': -0.12, 'time': 120, 'booster': 'dart', 'eval_metric': 'gamma-nloglik', 'max_delta_step': 4, 'max_depth': 21, 'min_child_weight': 3, 'min_split_loss': 192188.41, 'n_estimators': 36, 'num_parallel_tree': 9, 'objective': 'reg:gamma', 'tree_method': 'exact'}
{'score': -0.12, 'time': 120, 'booster': 'gbtree', 'eval_metric': 'error', 'max_delta_step': 9, 'max_depth': 8, 'min_child_weight': 0, 'min_split_loss': 2384171.302, 'n_estimators': 21, 'num_parallel_tree': 21, 'objective': 'reg:tweedie', 'tree_method': 'approx'}
{'score': -0.12, 'time': 120, 'booster': 'gbtree', 'eval_metric': 'mae', 'max_delta_step': 2, 'max_depth': 24, 'min_child_weight': 4, 'min_split_loss': 0.0, 'n_estimators': 27, 'num_parallel_tree': 26, 'objective': 'reg:squarederror', 'tree_method': 'approx'}
--------------------------------------------------
##### Results
Time elapsed:  2427.056615829468
Parameter combinations evaluated:  25
Score best parameters:  5.88
--------------------
Best parameters: 
booster = gbtree str
eval_metric = 0 int
learning_rate = 0.0 float
max_delta_step = 2.0 float
max_depth = 16.0 float
min_child_weight = 3.0 float
n_estimators = 26.0 float
num_parallel_tree = 2.0 float
objective = 0 int
tree_method = exact str
--------------------
<Dataset:/home/jamie/code/kaggle-arc.hyperopt/./input/evaluation>
